[0.013s] Invoking command in '/home/kong/my_ws/build/my_docking_cpp': CMAKE_PREFIX_PATH=${CMAKE_PREFIX_PATH}:/home/kong/my_ws/install/ros2_aruco:/home/kong/my_ws/install/nav2_simple_commander:/home/kong/my_ws/install/my_tf2_package:/home/kong/my_ws/install/my_docking:/home/kong/my_ws/install/my_aruco_to_goal_pose_pkg:/opt/ros/humble /usr/bin/cmake --build /home/kong/my_ws/build/my_docking_cpp -- -j8 -l8
[0.077s] [ 50%] [32mBuilding CXX object CMakeFiles/docking.dir/src/docking.cpp.o[0m
[3.389s] [01m[K/home/kong/my_ws/src/my_docking_cpp/src/docking.cpp:[m[K In member function ‘[01m[Kvoid DockingAction::pose_callback(geometry_msgs::msg::PoseArray_<std::allocator<void> >::SharedPtr)[m[K’:
[3.389s] [01m[K/home/kong/my_ws/src/my_docking_cpp/src/docking.cpp:159:21:[m[K [01;35m[Kwarning: [m[K‘[01m[Ka[m[K’ may be used uninitialized [[01;35m[K]8;;https://gcc.gnu.org/onlinedocs/gcc/Warning-Options.html#index-Wmaybe-uninitialized-Wmaybe-uninitialized]8;;[m[K]
[3.389s]   159 |                     [01;35m[Kif[m[K (angle_degrees < a) {
[3.389s]       |                     [01;35m[K^~[m[K
[5.809s] [100%] [32m[1mLinking CXX executable docking[0m
[6.109s] [100%] Built target docking
[6.120s] Invoked command in '/home/kong/my_ws/build/my_docking_cpp' returned '0': CMAKE_PREFIX_PATH=${CMAKE_PREFIX_PATH}:/home/kong/my_ws/install/ros2_aruco:/home/kong/my_ws/install/nav2_simple_commander:/home/kong/my_ws/install/my_tf2_package:/home/kong/my_ws/install/my_docking:/home/kong/my_ws/install/my_aruco_to_goal_pose_pkg:/opt/ros/humble /usr/bin/cmake --build /home/kong/my_ws/build/my_docking_cpp -- -j8 -l8
[6.187s] Invoking command in '/home/kong/my_ws/build/my_docking_cpp': CMAKE_PREFIX_PATH=${CMAKE_PREFIX_PATH}:/home/kong/my_ws/install/ros2_aruco:/home/kong/my_ws/install/nav2_simple_commander:/home/kong/my_ws/install/my_tf2_package:/home/kong/my_ws/install/my_docking:/home/kong/my_ws/install/my_aruco_to_goal_pose_pkg:/opt/ros/humble /usr/bin/cmake --install /home/kong/my_ws/build/my_docking_cpp
[6.198s] -- Install configuration: ""
[6.199s] -- Installing: /home/kong/my_ws/install/my_docking_cpp/lib/my_docking_cpp/docking
[6.202s] -- Set runtime path of "/home/kong/my_ws/install/my_docking_cpp/lib/my_docking_cpp/docking" to ""
[6.202s] -- Up-to-date: /home/kong/my_ws/install/my_docking_cpp/share/ament_index/resource_index/package_run_dependencies/my_docking_cpp
[6.202s] -- Up-to-date: /home/kong/my_ws/install/my_docking_cpp/share/ament_index/resource_index/parent_prefix_path/my_docking_cpp
[6.202s] -- Up-to-date: /home/kong/my_ws/install/my_docking_cpp/share/my_docking_cpp/environment/ament_prefix_path.sh
[6.202s] -- Up-to-date: /home/kong/my_ws/install/my_docking_cpp/share/my_docking_cpp/environment/ament_prefix_path.dsv
[6.202s] -- Up-to-date: /home/kong/my_ws/install/my_docking_cpp/share/my_docking_cpp/environment/path.sh
[6.202s] -- Up-to-date: /home/kong/my_ws/install/my_docking_cpp/share/my_docking_cpp/environment/path.dsv
[6.202s] -- Up-to-date: /home/kong/my_ws/install/my_docking_cpp/share/my_docking_cpp/local_setup.bash
[6.202s] -- Up-to-date: /home/kong/my_ws/install/my_docking_cpp/share/my_docking_cpp/local_setup.sh
[6.202s] -- Up-to-date: /home/kong/my_ws/install/my_docking_cpp/share/my_docking_cpp/local_setup.zsh
[6.202s] -- Up-to-date: /home/kong/my_ws/install/my_docking_cpp/share/my_docking_cpp/local_setup.dsv
[6.202s] -- Installing: /home/kong/my_ws/install/my_docking_cpp/share/my_docking_cpp/package.dsv
[6.202s] -- Up-to-date: /home/kong/my_ws/install/my_docking_cpp/share/ament_index/resource_index/packages/my_docking_cpp
[6.202s] -- Up-to-date: /home/kong/my_ws/install/my_docking_cpp/share/my_docking_cpp/cmake/my_docking_cppConfig.cmake
[6.202s] -- Up-to-date: /home/kong/my_ws/install/my_docking_cpp/share/my_docking_cpp/cmake/my_docking_cppConfig-version.cmake
[6.202s] -- Up-to-date: /home/kong/my_ws/install/my_docking_cpp/share/my_docking_cpp/package.xml
[6.203s] Invoked command in '/home/kong/my_ws/build/my_docking_cpp' returned '0': CMAKE_PREFIX_PATH=${CMAKE_PREFIX_PATH}:/home/kong/my_ws/install/ros2_aruco:/home/kong/my_ws/install/nav2_simple_commander:/home/kong/my_ws/install/my_tf2_package:/home/kong/my_ws/install/my_docking:/home/kong/my_ws/install/my_aruco_to_goal_pose_pkg:/opt/ros/humble /usr/bin/cmake --install /home/kong/my_ws/build/my_docking_cpp
