[0.734s] Invoking command in '/home/kong/my_ws/src/navigation2/nav2_simple_commander': CMAKE_PREFIX_PATH=/home/kong/my_ws/install/nav2_msgs:/home/kong/install/ydlidar_ros2_driver:/home/kong/install/usb_cam:/home/kong/install/teleop_twist_joy:/home/kong/install/ros2_aruco_interfaces:/home/kong/install/realsense2_description:/home/kong/install/realsense2_camera_msgs:/home/kong/install/odrive_ros2_control:/home/kong/install/odrive_hardware_interface:/home/kong/install/odrive_demo_bringup:/home/kong/install/odrive_demo_description:/home/kong/install/dwb_msgs:/home/kong/install/nav_2d_msgs:/home/kong/install/nav2_voxel_grid:/home/kong/install/nav2_common:/home/kong/install/my_slam_package:/home/kong/install/my_bot_description:/home/kong/my_ws/install/ydlidar_ros2_driver:/home/kong/my_ws/install/usb_cam:/home/kong/my_ws/install/teleop_twist_joy:/home/kong/my_ws/install/nav2_system_tests:/home/kong/my_ws/install/nav2_bringup:/home/kong/my_ws/install/slam_toolbox:/home/kong/my_ws/install/ros2_aruco_interfaces:/home/kong/my_ws/install/realsense2_description:/home/kong/my_ws/install/realsense2_camera:/home/kong/my_ws/install/realsense2_camera_msgs:/home/kong/my_ws/install/odrive_ros2_control:/home/kong/my_ws/install/odrive_hardware_interface:/home/kong/my_ws/install/odrive_demo_bringup:/home/kong/my_ws/install/odrive_demo_description:/home/kong/my_ws/install/navigation2:/home/kong/my_ws/install/nav2_smoother:/home/kong/my_ws/install/nav2_graceful_controller:/home/kong/my_ws/install/nav2_dwb_controller:/home/kong/my_ws/install/nav2_controller:/home/kong/my_ws/install/dwb_plugins:/home/kong/my_ws/install/dwb_critics:/home/kong/my_ws/install/dwb_core:/home/kong/my_ws/install/nav_2d_utils:/home/kong/my_ws/install/dwb_msgs:/home/kong/my_ws/install/nav_2d_msgs:/home/kong/my_ws/install/nav2_waypoint_follower:/home/kong/my_ws/install/nav2_theta_star_planner:/home/kong/my_ws/install/nav2_smac_planner:/home/kong/my_ws/install/nav2_rotation_shim_controller:/home/kong/my_ws/install/nav2_regulated_pure_pursuit_controller:/home/kong/my_ws/install/nav2_planner:/home/kong/my_ws/install/nav2_navfn_planner:/home/kong/my_ws/install/nav2_mppi_controller:/home/kong/my_ws/install/nav2_constrained_smoother:/home/kong/my_ws/install/nav2_bt_navigator:/home/kong/my_ws/install/nav2_behaviors:/home/kong/my_ws/install/nav2_core:/home/kong/my_ws/install/nav2_collision_monitor:/home/kong/my_ws/install/costmap_queue:/home/kong/my_ws/install/nav2_costmap_2d:/home/kong/my_ws/install/nav2_voxel_grid:/home/kong/my_ws/install/nav2_velocity_smoother:/home/kong/my_ws/install/nav2_rviz_plugins:/home/kong/my_ws/install/nav2_map_server:/home/kong/my_ws/install/nav2_lifecycle_manager:/home/kong/my_ws/install/nav2_behavior_tree:/home/kong/my_ws/install/nav2_amcl:/home/kong/my_ws/install/nav2_util:/home/kong/my_ws/install/nav2_common:/home/kong/my_ws/install/my_slam_package:/home/kong/my_ws/install/my_bot_description LD_LIBRARY_PATH=/home/kong/my_ws/install/nav2_msgs/lib:/home/kong/install/usb_cam/lib:/home/kong/install/teleop_twist_joy/lib:/home/kong/install/ros2_aruco_interfaces/lib:/home/kong/install/realsense2_camera_msgs/lib:/home/kong/install/odrive_hardware_interface/lib:/home/kong/install/dwb_msgs/lib:/home/kong/install/nav_2d_msgs/lib:/home/kong/install/nav2_voxel_grid/lib:/home/kong/my_ws/install/usb_cam/lib:/home/kong/my_ws/install/teleop_twist_joy/lib:/home/kong/my_ws/install/slam_toolbox/lib:/home/kong/my_ws/install/ros2_aruco_interfaces/lib:/home/kong/my_ws/install/realsense2_camera/lib:/home/kong/my_ws/install/realsense2_camera_msgs/lib:/home/kong/my_ws/install/odrive_hardware_interface/lib:/home/kong/my_ws/install/nav2_smoother/lib:/home/kong/my_ws/install/nav2_graceful_controller/lib:/home/kong/my_ws/install/nav2_controller/lib:/home/kong/my_ws/install/dwb_plugins/lib:/home/kong/my_ws/install/dwb_critics/lib:/home/kong/my_ws/install/dwb_core/lib:/home/kong/my_ws/install/nav_2d_utils/lib:/home/kong/my_ws/install/dwb_msgs/lib:/home/kong/my_ws/install/nav_2d_msgs/lib:/home/kong/my_ws/install/nav2_waypoint_follower/lib:/home/kong/my_ws/install/nav2_theta_star_planner/lib:/home/kong/my_ws/install/nav2_smac_planner/lib:/home/kong/my_ws/install/nav2_rotation_shim_controller/lib:/home/kong/my_ws/install/nav2_regulated_pure_pursuit_controller/lib:/home/kong/my_ws/install/nav2_planner/lib:/home/kong/my_ws/install/nav2_navfn_planner/lib:/home/kong/my_ws/install/nav2_mppi_controller/lib:/home/kong/my_ws/install/nav2_constrained_smoother/lib:/home/kong/my_ws/install/nav2_bt_navigator/lib:/home/kong/my_ws/install/nav2_behaviors/lib:/home/kong/my_ws/install/nav2_collision_monitor/lib:/home/kong/my_ws/install/costmap_queue/lib:/home/kong/my_ws/install/nav2_costmap_2d/lib:/home/kong/my_ws/install/nav2_voxel_grid/lib:/home/kong/my_ws/install/nav2_velocity_smoother/lib:/home/kong/my_ws/install/nav2_rviz_plugins/lib:/home/kong/my_ws/install/nav2_map_server/lib:/home/kong/my_ws/install/nav2_lifecycle_manager/lib:/home/kong/my_ws/install/nav2_behavior_tree/lib:/home/kong/my_ws/install/nav2_amcl/lib:/home/kong/my_ws/install/nav2_util/lib:/usr/lib/x86_64-linux-gnu/gazebo-11/plugins:/opt/ros/humble/opt/rviz_ogre_vendor/lib:/opt/ros/humble/lib/x86_64-linux-gnu:/opt/ros/humble/lib PYTHONPATH=/home/kong/my_ws/build/nav2_simple_commander/prefix_override:/home/kong/my_ws/install/nav2_simple_commander/lib/python3.10/site-packages:${PYTHONPATH} /usr/bin/python3 -W ignore:setup.py install is deprecated setup.py egg_info --egg-base ../../../build/nav2_simple_commander build --build-base /home/kong/my_ws/build/nav2_simple_commander/build install --record /home/kong/my_ws/build/nav2_simple_commander/install.log --single-version-externally-managed install_data
[0.944s] running egg_info
[0.944s] creating ../../../build/nav2_simple_commander/nav2_simple_commander.egg-info
[0.944s] writing ../../../build/nav2_simple_commander/nav2_simple_commander.egg-info/PKG-INFO
[0.945s] writing dependency_links to ../../../build/nav2_simple_commander/nav2_simple_commander.egg-info/dependency_links.txt
[0.945s] writing entry points to ../../../build/nav2_simple_commander/nav2_simple_commander.egg-info/entry_points.txt
[0.945s] writing requirements to ../../../build/nav2_simple_commander/nav2_simple_commander.egg-info/requires.txt
[0.945s] writing top-level names to ../../../build/nav2_simple_commander/nav2_simple_commander.egg-info/top_level.txt
[0.945s] writing manifest file '../../../build/nav2_simple_commander/nav2_simple_commander.egg-info/SOURCES.txt'
[0.947s] reading manifest file '../../../build/nav2_simple_commander/nav2_simple_commander.egg-info/SOURCES.txt'
[0.947s] writing manifest file '../../../build/nav2_simple_commander/nav2_simple_commander.egg-info/SOURCES.txt'
[0.947s] running build
[0.947s] running build_py
[0.947s] creating /home/kong/my_ws/build/nav2_simple_commander/build
[0.948s] creating /home/kong/my_ws/build/nav2_simple_commander/build/lib
[0.948s] creating /home/kong/my_ws/build/nav2_simple_commander/build/lib/nav2_simple_commander
[0.948s] copying nav2_simple_commander/example_nav_to_pose.py -> /home/kong/my_ws/build/nav2_simple_commander/build/lib/nav2_simple_commander
[0.948s] copying nav2_simple_commander/example_nav_through_poses.py -> /home/kong/my_ws/build/nav2_simple_commander/build/lib/nav2_simple_commander
[0.948s] copying nav2_simple_commander/costmap_2d.py -> /home/kong/my_ws/build/nav2_simple_commander/build/lib/nav2_simple_commander
[0.948s] copying nav2_simple_commander/demo_security.py -> /home/kong/my_ws/build/nav2_simple_commander/build/lib/nav2_simple_commander
[0.948s] copying nav2_simple_commander/example_waypoint_follower.py -> /home/kong/my_ws/build/nav2_simple_commander/build/lib/nav2_simple_commander
[0.948s] copying nav2_simple_commander/robot_navigator.py -> /home/kong/my_ws/build/nav2_simple_commander/build/lib/nav2_simple_commander
[0.948s] copying nav2_simple_commander/demo_inspection.py -> /home/kong/my_ws/build/nav2_simple_commander/build/lib/nav2_simple_commander
[0.948s] copying nav2_simple_commander/demo_picking.py -> /home/kong/my_ws/build/nav2_simple_commander/build/lib/nav2_simple_commander
[0.949s] copying nav2_simple_commander/example_follow_path.py -> /home/kong/my_ws/build/nav2_simple_commander/build/lib/nav2_simple_commander
[0.949s] copying nav2_simple_commander/example_assisted_teleop.py -> /home/kong/my_ws/build/nav2_simple_commander/build/lib/nav2_simple_commander
[0.949s] copying nav2_simple_commander/__init__.py -> /home/kong/my_ws/build/nav2_simple_commander/build/lib/nav2_simple_commander
[0.949s] copying nav2_simple_commander/line_iterator.py -> /home/kong/my_ws/build/nav2_simple_commander/build/lib/nav2_simple_commander
[0.949s] copying nav2_simple_commander/demo_recoveries.py -> /home/kong/my_ws/build/nav2_simple_commander/build/lib/nav2_simple_commander
[0.949s] running install
[0.949s] running install_lib
[0.950s] creating /home/kong/my_ws/install/nav2_simple_commander/lib/python3.10/site-packages/nav2_simple_commander
[0.950s] copying /home/kong/my_ws/build/nav2_simple_commander/build/lib/nav2_simple_commander/example_nav_to_pose.py -> /home/kong/my_ws/install/nav2_simple_commander/lib/python3.10/site-packages/nav2_simple_commander
[0.950s] copying /home/kong/my_ws/build/nav2_simple_commander/build/lib/nav2_simple_commander/example_nav_through_poses.py -> /home/kong/my_ws/install/nav2_simple_commander/lib/python3.10/site-packages/nav2_simple_commander
[0.950s] copying /home/kong/my_ws/build/nav2_simple_commander/build/lib/nav2_simple_commander/costmap_2d.py -> /home/kong/my_ws/install/nav2_simple_commander/lib/python3.10/site-packages/nav2_simple_commander
[0.950s] copying /home/kong/my_ws/build/nav2_simple_commander/build/lib/nav2_simple_commander/demo_security.py -> /home/kong/my_ws/install/nav2_simple_commander/lib/python3.10/site-packages/nav2_simple_commander
[0.950s] copying /home/kong/my_ws/build/nav2_simple_commander/build/lib/nav2_simple_commander/example_waypoint_follower.py -> /home/kong/my_ws/install/nav2_simple_commander/lib/python3.10/site-packages/nav2_simple_commander
[0.950s] copying /home/kong/my_ws/build/nav2_simple_commander/build/lib/nav2_simple_commander/robot_navigator.py -> /home/kong/my_ws/install/nav2_simple_commander/lib/python3.10/site-packages/nav2_simple_commander
[0.950s] copying /home/kong/my_ws/build/nav2_simple_commander/build/lib/nav2_simple_commander/demo_inspection.py -> /home/kong/my_ws/install/nav2_simple_commander/lib/python3.10/site-packages/nav2_simple_commander
[0.950s] copying /home/kong/my_ws/build/nav2_simple_commander/build/lib/nav2_simple_commander/demo_picking.py -> /home/kong/my_ws/install/nav2_simple_commander/lib/python3.10/site-packages/nav2_simple_commander
[0.951s] copying /home/kong/my_ws/build/nav2_simple_commander/build/lib/nav2_simple_commander/example_follow_path.py -> /home/kong/my_ws/install/nav2_simple_commander/lib/python3.10/site-packages/nav2_simple_commander
[0.951s] copying /home/kong/my_ws/build/nav2_simple_commander/build/lib/nav2_simple_commander/example_assisted_teleop.py -> /home/kong/my_ws/install/nav2_simple_commander/lib/python3.10/site-packages/nav2_simple_commander
[0.951s] copying /home/kong/my_ws/build/nav2_simple_commander/build/lib/nav2_simple_commander/__init__.py -> /home/kong/my_ws/install/nav2_simple_commander/lib/python3.10/site-packages/nav2_simple_commander
[0.951s] copying /home/kong/my_ws/build/nav2_simple_commander/build/lib/nav2_simple_commander/line_iterator.py -> /home/kong/my_ws/install/nav2_simple_commander/lib/python3.10/site-packages/nav2_simple_commander
[0.951s] copying /home/kong/my_ws/build/nav2_simple_commander/build/lib/nav2_simple_commander/demo_recoveries.py -> /home/kong/my_ws/install/nav2_simple_commander/lib/python3.10/site-packages/nav2_simple_commander
[0.951s] byte-compiling /home/kong/my_ws/install/nav2_simple_commander/lib/python3.10/site-packages/nav2_simple_commander/example_nav_to_pose.py to example_nav_to_pose.cpython-310.pyc
[0.952s] byte-compiling /home/kong/my_ws/install/nav2_simple_commander/lib/python3.10/site-packages/nav2_simple_commander/example_nav_through_poses.py to example_nav_through_poses.cpython-310.pyc
[0.953s] byte-compiling /home/kong/my_ws/install/nav2_simple_commander/lib/python3.10/site-packages/nav2_simple_commander/costmap_2d.py to costmap_2d.cpython-310.pyc
[0.953s] byte-compiling /home/kong/my_ws/install/nav2_simple_commander/lib/python3.10/site-packages/nav2_simple_commander/demo_security.py to demo_security.cpython-310.pyc
[0.954s] byte-compiling /home/kong/my_ws/install/nav2_simple_commander/lib/python3.10/site-packages/nav2_simple_commander/example_waypoint_follower.py to example_waypoint_follower.cpython-310.pyc
[0.954s] byte-compiling /home/kong/my_ws/install/nav2_simple_commander/lib/python3.10/site-packages/nav2_simple_commander/robot_navigator.py to robot_navigator.cpython-310.pyc
[0.957s] byte-compiling /home/kong/my_ws/install/nav2_simple_commander/lib/python3.10/site-packages/nav2_simple_commander/demo_inspection.py to demo_inspection.cpython-310.pyc
[0.958s] byte-compiling /home/kong/my_ws/install/nav2_simple_commander/lib/python3.10/site-packages/nav2_simple_commander/demo_picking.py to demo_picking.cpython-310.pyc
[0.958s] byte-compiling /home/kong/my_ws/install/nav2_simple_commander/lib/python3.10/site-packages/nav2_simple_commander/example_follow_path.py to example_follow_path.cpython-310.pyc
[0.959s] byte-compiling /home/kong/my_ws/install/nav2_simple_commander/lib/python3.10/site-packages/nav2_simple_commander/example_assisted_teleop.py to example_assisted_teleop.cpython-310.pyc
[0.959s] byte-compiling /home/kong/my_ws/install/nav2_simple_commander/lib/python3.10/site-packages/nav2_simple_commander/__init__.py to __init__.cpython-310.pyc
[0.959s] byte-compiling /home/kong/my_ws/install/nav2_simple_commander/lib/python3.10/site-packages/nav2_simple_commander/line_iterator.py to line_iterator.cpython-310.pyc
[0.960s] byte-compiling /home/kong/my_ws/install/nav2_simple_commander/lib/python3.10/site-packages/nav2_simple_commander/demo_recoveries.py to demo_recoveries.cpython-310.pyc
[0.960s] running install_data
[0.960s] creating /home/kong/my_ws/install/nav2_simple_commander/share/ament_index
[0.961s] creating /home/kong/my_ws/install/nav2_simple_commander/share/ament_index/resource_index
[0.961s] creating /home/kong/my_ws/install/nav2_simple_commander/share/ament_index/resource_index/packages
[0.961s] copying resource/nav2_simple_commander -> /home/kong/my_ws/install/nav2_simple_commander/share/ament_index/resource_index/packages
[0.961s] copying package.xml -> /home/kong/my_ws/install/nav2_simple_commander/share/nav2_simple_commander
[0.961s] copying launch/follow_path_example_launch.py -> /home/kong/my_ws/install/nav2_simple_commander/share/nav2_simple_commander
[0.961s] copying launch/warehouse.world -> /home/kong/my_ws/install/nav2_simple_commander/share/nav2_simple_commander
[0.961s] copying launch/nav_through_poses_example_launch.py -> /home/kong/my_ws/install/nav2_simple_commander/share/nav2_simple_commander
[0.961s] copying launch/waypoint_follower_example_launch.py -> /home/kong/my_ws/install/nav2_simple_commander/share/nav2_simple_commander
[0.961s] copying launch/security_demo_launch.py -> /home/kong/my_ws/install/nav2_simple_commander/share/nav2_simple_commander
[0.961s] copying launch/nav_to_pose_example_launch.py -> /home/kong/my_ws/install/nav2_simple_commander/share/nav2_simple_commander
[0.961s] copying launch/inspection_demo_launch.py -> /home/kong/my_ws/install/nav2_simple_commander/share/nav2_simple_commander
[0.962s] copying launch/picking_demo_launch.py -> /home/kong/my_ws/install/nav2_simple_commander/share/nav2_simple_commander
[0.962s] copying launch/recoveries_example_launch.py -> /home/kong/my_ws/install/nav2_simple_commander/share/nav2_simple_commander
[0.962s] copying launch/assisted_teleop_example_launch.py -> /home/kong/my_ws/install/nav2_simple_commander/share/nav2_simple_commander
[0.962s] running install_egg_info
[0.963s] Copying ../../../build/nav2_simple_commander/nav2_simple_commander.egg-info to /home/kong/my_ws/install/nav2_simple_commander/lib/python3.10/site-packages/nav2_simple_commander-1.0.0-py3.10.egg-info
[0.963s] running install_scripts
[0.983s] Installing demo_inspection script to /home/kong/my_ws/install/nav2_simple_commander/lib/nav2_simple_commander
[0.983s] Installing demo_picking script to /home/kong/my_ws/install/nav2_simple_commander/lib/nav2_simple_commander
[0.983s] Installing demo_recoveries script to /home/kong/my_ws/install/nav2_simple_commander/lib/nav2_simple_commander
[0.983s] Installing demo_security script to /home/kong/my_ws/install/nav2_simple_commander/lib/nav2_simple_commander
[0.983s] Installing example_assisted_teleop script to /home/kong/my_ws/install/nav2_simple_commander/lib/nav2_simple_commander
[0.983s] Installing example_follow_path script to /home/kong/my_ws/install/nav2_simple_commander/lib/nav2_simple_commander
[0.983s] Installing example_nav_through_poses script to /home/kong/my_ws/install/nav2_simple_commander/lib/nav2_simple_commander
[0.983s] Installing example_nav_to_pose script to /home/kong/my_ws/install/nav2_simple_commander/lib/nav2_simple_commander
[0.983s] Installing example_waypoint_follower script to /home/kong/my_ws/install/nav2_simple_commander/lib/nav2_simple_commander
[0.983s] writing list of installed files to '/home/kong/my_ws/build/nav2_simple_commander/install.log'
[1.007s] Invoked command in '/home/kong/my_ws/src/navigation2/nav2_simple_commander' returned '0': CMAKE_PREFIX_PATH=/home/kong/my_ws/install/nav2_msgs:/home/kong/install/ydlidar_ros2_driver:/home/kong/install/usb_cam:/home/kong/install/teleop_twist_joy:/home/kong/install/ros2_aruco_interfaces:/home/kong/install/realsense2_description:/home/kong/install/realsense2_camera_msgs:/home/kong/install/odrive_ros2_control:/home/kong/install/odrive_hardware_interface:/home/kong/install/odrive_demo_bringup:/home/kong/install/odrive_demo_description:/home/kong/install/dwb_msgs:/home/kong/install/nav_2d_msgs:/home/kong/install/nav2_voxel_grid:/home/kong/install/nav2_common:/home/kong/install/my_slam_package:/home/kong/install/my_bot_description:/home/kong/my_ws/install/ydlidar_ros2_driver:/home/kong/my_ws/install/usb_cam:/home/kong/my_ws/install/teleop_twist_joy:/home/kong/my_ws/install/nav2_system_tests:/home/kong/my_ws/install/nav2_bringup:/home/kong/my_ws/install/slam_toolbox:/home/kong/my_ws/install/ros2_aruco_interfaces:/home/kong/my_ws/install/realsense2_description:/home/kong/my_ws/install/realsense2_camera:/home/kong/my_ws/install/realsense2_camera_msgs:/home/kong/my_ws/install/odrive_ros2_control:/home/kong/my_ws/install/odrive_hardware_interface:/home/kong/my_ws/install/odrive_demo_bringup:/home/kong/my_ws/install/odrive_demo_description:/home/kong/my_ws/install/navigation2:/home/kong/my_ws/install/nav2_smoother:/home/kong/my_ws/install/nav2_graceful_controller:/home/kong/my_ws/install/nav2_dwb_controller:/home/kong/my_ws/install/nav2_controller:/home/kong/my_ws/install/dwb_plugins:/home/kong/my_ws/install/dwb_critics:/home/kong/my_ws/install/dwb_core:/home/kong/my_ws/install/nav_2d_utils:/home/kong/my_ws/install/dwb_msgs:/home/kong/my_ws/install/nav_2d_msgs:/home/kong/my_ws/install/nav2_waypoint_follower:/home/kong/my_ws/install/nav2_theta_star_planner:/home/kong/my_ws/install/nav2_smac_planner:/home/kong/my_ws/install/nav2_rotation_shim_controller:/home/kong/my_ws/install/nav2_regulated_pure_pursuit_controller:/home/kong/my_ws/install/nav2_planner:/home/kong/my_ws/install/nav2_navfn_planner:/home/kong/my_ws/install/nav2_mppi_controller:/home/kong/my_ws/install/nav2_constrained_smoother:/home/kong/my_ws/install/nav2_bt_navigator:/home/kong/my_ws/install/nav2_behaviors:/home/kong/my_ws/install/nav2_core:/home/kong/my_ws/install/nav2_collision_monitor:/home/kong/my_ws/install/costmap_queue:/home/kong/my_ws/install/nav2_costmap_2d:/home/kong/my_ws/install/nav2_voxel_grid:/home/kong/my_ws/install/nav2_velocity_smoother:/home/kong/my_ws/install/nav2_rviz_plugins:/home/kong/my_ws/install/nav2_map_server:/home/kong/my_ws/install/nav2_lifecycle_manager:/home/kong/my_ws/install/nav2_behavior_tree:/home/kong/my_ws/install/nav2_amcl:/home/kong/my_ws/install/nav2_util:/home/kong/my_ws/install/nav2_common:/home/kong/my_ws/install/my_slam_package:/home/kong/my_ws/install/my_bot_description LD_LIBRARY_PATH=/home/kong/my_ws/install/nav2_msgs/lib:/home/kong/install/usb_cam/lib:/home/kong/install/teleop_twist_joy/lib:/home/kong/install/ros2_aruco_interfaces/lib:/home/kong/install/realsense2_camera_msgs/lib:/home/kong/install/odrive_hardware_interface/lib:/home/kong/install/dwb_msgs/lib:/home/kong/install/nav_2d_msgs/lib:/home/kong/install/nav2_voxel_grid/lib:/home/kong/my_ws/install/usb_cam/lib:/home/kong/my_ws/install/teleop_twist_joy/lib:/home/kong/my_ws/install/slam_toolbox/lib:/home/kong/my_ws/install/ros2_aruco_interfaces/lib:/home/kong/my_ws/install/realsense2_camera/lib:/home/kong/my_ws/install/realsense2_camera_msgs/lib:/home/kong/my_ws/install/odrive_hardware_interface/lib:/home/kong/my_ws/install/nav2_smoother/lib:/home/kong/my_ws/install/nav2_graceful_controller/lib:/home/kong/my_ws/install/nav2_controller/lib:/home/kong/my_ws/install/dwb_plugins/lib:/home/kong/my_ws/install/dwb_critics/lib:/home/kong/my_ws/install/dwb_core/lib:/home/kong/my_ws/install/nav_2d_utils/lib:/home/kong/my_ws/install/dwb_msgs/lib:/home/kong/my_ws/install/nav_2d_msgs/lib:/home/kong/my_ws/install/nav2_waypoint_follower/lib:/home/kong/my_ws/install/nav2_theta_star_planner/lib:/home/kong/my_ws/install/nav2_smac_planner/lib:/home/kong/my_ws/install/nav2_rotation_shim_controller/lib:/home/kong/my_ws/install/nav2_regulated_pure_pursuit_controller/lib:/home/kong/my_ws/install/nav2_planner/lib:/home/kong/my_ws/install/nav2_navfn_planner/lib:/home/kong/my_ws/install/nav2_mppi_controller/lib:/home/kong/my_ws/install/nav2_constrained_smoother/lib:/home/kong/my_ws/install/nav2_bt_navigator/lib:/home/kong/my_ws/install/nav2_behaviors/lib:/home/kong/my_ws/install/nav2_collision_monitor/lib:/home/kong/my_ws/install/costmap_queue/lib:/home/kong/my_ws/install/nav2_costmap_2d/lib:/home/kong/my_ws/install/nav2_voxel_grid/lib:/home/kong/my_ws/install/nav2_velocity_smoother/lib:/home/kong/my_ws/install/nav2_rviz_plugins/lib:/home/kong/my_ws/install/nav2_map_server/lib:/home/kong/my_ws/install/nav2_lifecycle_manager/lib:/home/kong/my_ws/install/nav2_behavior_tree/lib:/home/kong/my_ws/install/nav2_amcl/lib:/home/kong/my_ws/install/nav2_util/lib:/usr/lib/x86_64-linux-gnu/gazebo-11/plugins:/opt/ros/humble/opt/rviz_ogre_vendor/lib:/opt/ros/humble/lib/x86_64-linux-gnu:/opt/ros/humble/lib PYTHONPATH=/home/kong/my_ws/build/nav2_simple_commander/prefix_override:/home/kong/my_ws/install/nav2_simple_commander/lib/python3.10/site-packages:${PYTHONPATH} /usr/bin/python3 -W ignore:setup.py install is deprecated setup.py egg_info --egg-base ../../../build/nav2_simple_commander build --build-base /home/kong/my_ws/build/nav2_simple_commander/build install --record /home/kong/my_ws/build/nav2_simple_commander/install.log --single-version-externally-managed install_data
