[1.069s] Invoking command in '/home/kong/my_ws/src/my_tf2_package': PYTHONPATH=/home/kong/my_ws/build/my_tf2_package/prefix_override:/home/kong/my_ws/install/my_tf2_package/lib/python3.10/site-packages:${PYTHONPATH} /usr/bin/python3 -W ignore:setup.py install is deprecated setup.py egg_info --egg-base ../../build/my_tf2_package build --build-base /home/kong/my_ws/build/my_tf2_package/build install --record /home/kong/my_ws/build/my_tf2_package/install.log --single-version-externally-managed install_data
[1.387s] running egg_info
[1.389s] writing ../../build/my_tf2_package/my_tf2_package.egg-info/PKG-INFO
[1.389s] writing dependency_links to ../../build/my_tf2_package/my_tf2_package.egg-info/dependency_links.txt
[1.390s] writing entry points to ../../build/my_tf2_package/my_tf2_package.egg-info/entry_points.txt
[1.390s] writing requirements to ../../build/my_tf2_package/my_tf2_package.egg-info/requires.txt
[1.390s] writing top-level names to ../../build/my_tf2_package/my_tf2_package.egg-info/top_level.txt
[1.393s] reading manifest file '../../build/my_tf2_package/my_tf2_package.egg-info/SOURCES.txt'
[1.394s] adding license file 'LICENSE'
[1.395s] writing manifest file '../../build/my_tf2_package/my_tf2_package.egg-info/SOURCES.txt'
[1.395s] running build
[1.395s] running build_py
[1.396s] running install
[1.396s] running install_lib
[1.398s] running install_data
[1.399s] running install_egg_info
[1.401s] removing '/home/kong/my_ws/install/my_tf2_package/lib/python3.10/site-packages/my_tf2_package-0.0.0-py3.10.egg-info' (and everything under it)
[1.407s] Copying ../../build/my_tf2_package/my_tf2_package.egg-info to /home/kong/my_ws/install/my_tf2_package/lib/python3.10/site-packages/my_tf2_package-0.0.0-py3.10.egg-info
[1.411s] running install_scripts
[1.439s] Installing my_static_cart_tf2_broadcaster script to /home/kong/my_ws/install/my_tf2_package/lib/my_tf2_package
[1.440s] writing list of installed files to '/home/kong/my_ws/build/my_tf2_package/install.log'
[1.497s] Invoked command in '/home/kong/my_ws/src/my_tf2_package' returned '0': PYTHONPATH=/home/kong/my_ws/build/my_tf2_package/prefix_override:/home/kong/my_ws/install/my_tf2_package/lib/python3.10/site-packages:${PYTHONPATH} /usr/bin/python3 -W ignore:setup.py install is deprecated setup.py egg_info --egg-base ../../build/my_tf2_package build --build-base /home/kong/my_ws/build/my_tf2_package/build install --record /home/kong/my_ws/build/my_tf2_package/install.log --single-version-externally-managed install_data
