[0.067s] Invoking command in '/home/kong/my_ws/build/slam_toolbox': CMAKE_PREFIX_PATH=/home/kong/my_ws/install/nav2_map_server:/home/kong/my_ws/install/nav2_util:/home/kong/my_ws/install/nav2_msgs:/home/kong/my_ws/install/nav2_common:/home/kong/my_ws/install/tb3_autonomy:/home/kong/my_ws/install/ydlidar_ros2_driver:/home/kong/my_ws/install/usb_cam:/home/kong/my_ws/install/teleop_twist_joy:/home/kong/my_ws/install/nav2_system_tests:/home/kong/my_ws/install/nav2_bringup:/home/kong/my_ws/install/slam_toolbox:/home/kong/my_ws/install/ros2_aruco_interfaces:/home/kong/my_ws/install/realsense2_description:/home/kong/my_ws/install/realsense2_camera:/home/kong/my_ws/install/realsense2_camera_msgs:/home/kong/my_ws/install/odrive_ros2_control:/home/kong/my_ws/install/odrive_hardware_interface:/home/kong/my_ws/install/odrive_demo_bringup:/home/kong/my_ws/install/odrive_demo_description:/home/kong/my_ws/install/navigation2:/home/kong/my_ws/install/nav2_smoother:/home/kong/my_ws/install/nav2_graceful_controller:/home/kong/my_ws/install/nav2_dwb_controller:/home/kong/my_ws/install/nav2_controller:/home/kong/my_ws/install/dwb_plugins:/home/kong/my_ws/install/dwb_critics:/home/kong/my_ws/install/dwb_core:/home/kong/my_ws/install/nav_2d_utils:/home/kong/my_ws/install/dwb_msgs:/home/kong/my_ws/install/nav_2d_msgs:/home/kong/my_ws/install/nav2_waypoint_follower:/home/kong/my_ws/install/nav2_theta_star_planner:/home/kong/my_ws/install/nav2_smac_planner:/home/kong/my_ws/install/nav2_rotation_shim_controller:/home/kong/my_ws/install/nav2_regulated_pure_pursuit_controller:/home/kong/my_ws/install/nav2_planner:/home/kong/my_ws/install/nav2_navfn_planner:/home/kong/my_ws/install/nav2_mppi_controller:/home/kong/my_ws/install/nav2_constrained_smoother:/home/kong/my_ws/install/nav2_bt_navigator:/home/kong/my_ws/install/nav2_behaviors:/home/kong/my_ws/install/nav2_core:/home/kong/my_ws/install/nav2_collision_monitor:/home/kong/my_ws/install/costmap_queue:/home/kong/my_ws/install/nav2_costmap_2d:/home/kong/my_ws/install/nav2_voxel_grid:/home/kong/my_ws/install/nav2_velocity_smoother:/home/kong/my_ws/install/nav2_rviz_plugins:/home/kong/my_ws/install/nav2_lifecycle_manager:/home/kong/my_ws/install/nav2_behavior_tree:/home/kong/my_ws/install/nav2_amcl:/home/kong/my_ws/install/my_slam_package:/home/kong/my_ws/install/my_bot_description:/home/kong/my_ws/install/ros2_aruco:/home/kong/my_ws/install/nav2_simple_commander:/home/kong/my_ws/install/my_tf2_package:/home/kong/my_ws/install/my_docking:/home/kong/my_ws/install/my_aruco_to_goal_pose_pkg:/opt/ros/humble LD_LIBRARY_PATH=/home/kong/my_ws/install/nav2_map_server/lib:/home/kong/my_ws/install/nav2_util/lib:/home/kong/my_ws/install/nav2_msgs/lib:/home/kong/my_ws/install/usb_cam/lib:/home/kong/my_ws/install/teleop_twist_joy/lib:/home/kong/my_ws/install/slam_toolbox/lib:/home/kong/my_ws/install/ros2_aruco_interfaces/lib:/home/kong/my_ws/install/realsense2_camera/lib:/home/kong/my_ws/install/realsense2_camera_msgs/lib:/home/kong/my_ws/install/odrive_hardware_interface/lib:/home/kong/my_ws/install/nav2_smoother/lib:/home/kong/my_ws/install/nav2_graceful_controller/lib:/home/kong/my_ws/install/nav2_controller/lib:/home/kong/my_ws/install/dwb_plugins/lib:/home/kong/my_ws/install/dwb_critics/lib:/home/kong/my_ws/install/dwb_core/lib:/home/kong/my_ws/install/nav_2d_utils/lib:/home/kong/my_ws/install/dwb_msgs/lib:/home/kong/my_ws/install/nav_2d_msgs/lib:/home/kong/my_ws/install/nav2_waypoint_follower/lib:/home/kong/my_ws/install/nav2_theta_star_planner/lib:/home/kong/my_ws/install/nav2_smac_planner/lib:/home/kong/my_ws/install/nav2_rotation_shim_controller/lib:/home/kong/my_ws/install/nav2_regulated_pure_pursuit_controller/lib:/home/kong/my_ws/install/nav2_planner/lib:/home/kong/my_ws/install/nav2_navfn_planner/lib:/home/kong/my_ws/install/nav2_mppi_controller/lib:/home/kong/my_ws/install/nav2_constrained_smoother/lib:/home/kong/my_ws/install/nav2_bt_navigator/lib:/home/kong/my_ws/install/nav2_behaviors/lib:/home/kong/my_ws/install/nav2_collision_monitor/lib:/home/kong/my_ws/install/costmap_queue/lib:/home/kong/my_ws/install/nav2_costmap_2d/lib:/home/kong/my_ws/install/nav2_voxel_grid/lib:/home/kong/my_ws/install/nav2_velocity_smoother/lib:/home/kong/my_ws/install/nav2_rviz_plugins/lib:/home/kong/my_ws/install/nav2_lifecycle_manager/lib:/home/kong/my_ws/install/nav2_behavior_tree/lib:/home/kong/my_ws/install/nav2_amcl/lib:/usr/lib/x86_64-linux-gnu/gazebo-11/plugins:/opt/ros/humble/opt/rviz_ogre_vendor/lib:/opt/ros/humble/lib/x86_64-linux-gnu:/opt/ros/humble/lib /usr/bin/cmake --build /home/kong/my_ws/build/slam_toolbox -- -j8 -l8
[0.195s] [  1%] Built target slam_toolbox__cpp
[0.222s] [ 10%] Built target slam_toolbox__rosidl_generator_c
[0.245s] [ 12%] Built target kartoSlamToolbox
[0.286s] [ 20%] Built target slam_toolbox__rosidl_typesupport_cpp
[0.291s] [ 20%] Built target ament_cmake_python_copy_slam_toolbox
[0.307s] [ 28%] Built target slam_toolbox__rosidl_typesupport_introspection_cpp
[0.310s] [ 37%] Built target slam_toolbox__rosidl_typesupport_fastrtps_cpp
[0.328s] [ 45%] Built target slam_toolbox__rosidl_typesupport_introspection_c
[0.349s] [ 54%] Built target slam_toolbox__rosidl_typesupport_fastrtps_c
[0.365s] [ 62%] Built target slam_toolbox__rosidl_typesupport_c
[0.443s] [ 64%] Built target SlamToolboxPlugin
[0.444s] [ 66%] Built target ceres_solver_plugin
[0.479s] [ 71%] Built target toolbox_common
[0.495s] [ 71%] Built target slam_toolbox
[0.580s] [ 73%] Built target sync_slam_toolbox
[0.583s] [ 75%] Built target localization_slam_toolbox
[0.585s] [ 76%] Built target lifelong_slam_toolbox
[0.588s] [ 77%] Built target async_slam_toolbox
[0.599s] [ 79%] Built target merge_maps_kinematic
[0.636s] [ 79%] Built target slam_toolbox__py
[0.653s] running egg_info
[0.654s] writing slam_toolbox.egg-info/PKG-INFO
[0.655s] writing dependency_links to slam_toolbox.egg-info/dependency_links.txt
[0.655s] writing top-level names to slam_toolbox.egg-info/top_level.txt
[0.658s] reading manifest file 'slam_toolbox.egg-info/SOURCES.txt'
[0.659s] writing manifest file 'slam_toolbox.egg-info/SOURCES.txt'
[0.664s] [ 80%] Built target sync_slam_toolbox_node
[0.667s] [ 82%] Built target localization_slam_toolbox_node
[0.669s] [ 83%] Built target map_and_localization_slam_toolbox
[0.681s] [ 89%] Built target lifelong_slam_toolbox_node
[0.682s] [ 93%] Built target slam_toolbox__rosidl_generator_py
[0.682s] [ 94%] Built target async_slam_toolbox_node
[0.699s] [ 94%] Built target ament_cmake_python_build_slam_toolbox_egg
[0.719s] [ 96%] Built target slam_toolbox__rosidl_typesupport_c__pyext
[0.720s] [ 98%] Built target slam_toolbox__rosidl_typesupport_introspection_c__pyext
[0.721s] [ 99%] Built target slam_toolbox__rosidl_typesupport_fastrtps_c__pyext
[0.726s] [100%] Built target map_and_localization_slam_toolbox_node
[0.739s] Invoked command in '/home/kong/my_ws/build/slam_toolbox' returned '0': CMAKE_PREFIX_PATH=/home/kong/my_ws/install/nav2_map_server:/home/kong/my_ws/install/nav2_util:/home/kong/my_ws/install/nav2_msgs:/home/kong/my_ws/install/nav2_common:/home/kong/my_ws/install/tb3_autonomy:/home/kong/my_ws/install/ydlidar_ros2_driver:/home/kong/my_ws/install/usb_cam:/home/kong/my_ws/install/teleop_twist_joy:/home/kong/my_ws/install/nav2_system_tests:/home/kong/my_ws/install/nav2_bringup:/home/kong/my_ws/install/slam_toolbox:/home/kong/my_ws/install/ros2_aruco_interfaces:/home/kong/my_ws/install/realsense2_description:/home/kong/my_ws/install/realsense2_camera:/home/kong/my_ws/install/realsense2_camera_msgs:/home/kong/my_ws/install/odrive_ros2_control:/home/kong/my_ws/install/odrive_hardware_interface:/home/kong/my_ws/install/odrive_demo_bringup:/home/kong/my_ws/install/odrive_demo_description:/home/kong/my_ws/install/navigation2:/home/kong/my_ws/install/nav2_smoother:/home/kong/my_ws/install/nav2_graceful_controller:/home/kong/my_ws/install/nav2_dwb_controller:/home/kong/my_ws/install/nav2_controller:/home/kong/my_ws/install/dwb_plugins:/home/kong/my_ws/install/dwb_critics:/home/kong/my_ws/install/dwb_core:/home/kong/my_ws/install/nav_2d_utils:/home/kong/my_ws/install/dwb_msgs:/home/kong/my_ws/install/nav_2d_msgs:/home/kong/my_ws/install/nav2_waypoint_follower:/home/kong/my_ws/install/nav2_theta_star_planner:/home/kong/my_ws/install/nav2_smac_planner:/home/kong/my_ws/install/nav2_rotation_shim_controller:/home/kong/my_ws/install/nav2_regulated_pure_pursuit_controller:/home/kong/my_ws/install/nav2_planner:/home/kong/my_ws/install/nav2_navfn_planner:/home/kong/my_ws/install/nav2_mppi_controller:/home/kong/my_ws/install/nav2_constrained_smoother:/home/kong/my_ws/install/nav2_bt_navigator:/home/kong/my_ws/install/nav2_behaviors:/home/kong/my_ws/install/nav2_core:/home/kong/my_ws/install/nav2_collision_monitor:/home/kong/my_ws/install/costmap_queue:/home/kong/my_ws/install/nav2_costmap_2d:/home/kong/my_ws/install/nav2_voxel_grid:/home/kong/my_ws/install/nav2_velocity_smoother:/home/kong/my_ws/install/nav2_rviz_plugins:/home/kong/my_ws/install/nav2_lifecycle_manager:/home/kong/my_ws/install/nav2_behavior_tree:/home/kong/my_ws/install/nav2_amcl:/home/kong/my_ws/install/my_slam_package:/home/kong/my_ws/install/my_bot_description:/home/kong/my_ws/install/ros2_aruco:/home/kong/my_ws/install/nav2_simple_commander:/home/kong/my_ws/install/my_tf2_package:/home/kong/my_ws/install/my_docking:/home/kong/my_ws/install/my_aruco_to_goal_pose_pkg:/opt/ros/humble LD_LIBRARY_PATH=/home/kong/my_ws/install/nav2_map_server/lib:/home/kong/my_ws/install/nav2_util/lib:/home/kong/my_ws/install/nav2_msgs/lib:/home/kong/my_ws/install/usb_cam/lib:/home/kong/my_ws/install/teleop_twist_joy/lib:/home/kong/my_ws/install/slam_toolbox/lib:/home/kong/my_ws/install/ros2_aruco_interfaces/lib:/home/kong/my_ws/install/realsense2_camera/lib:/home/kong/my_ws/install/realsense2_camera_msgs/lib:/home/kong/my_ws/install/odrive_hardware_interface/lib:/home/kong/my_ws/install/nav2_smoother/lib:/home/kong/my_ws/install/nav2_graceful_controller/lib:/home/kong/my_ws/install/nav2_controller/lib:/home/kong/my_ws/install/dwb_plugins/lib:/home/kong/my_ws/install/dwb_critics/lib:/home/kong/my_ws/install/dwb_core/lib:/home/kong/my_ws/install/nav_2d_utils/lib:/home/kong/my_ws/install/dwb_msgs/lib:/home/kong/my_ws/install/nav_2d_msgs/lib:/home/kong/my_ws/install/nav2_waypoint_follower/lib:/home/kong/my_ws/install/nav2_theta_star_planner/lib:/home/kong/my_ws/install/nav2_smac_planner/lib:/home/kong/my_ws/install/nav2_rotation_shim_controller/lib:/home/kong/my_ws/install/nav2_regulated_pure_pursuit_controller/lib:/home/kong/my_ws/install/nav2_planner/lib:/home/kong/my_ws/install/nav2_navfn_planner/lib:/home/kong/my_ws/install/nav2_mppi_controller/lib:/home/kong/my_ws/install/nav2_constrained_smoother/lib:/home/kong/my_ws/install/nav2_bt_navigator/lib:/home/kong/my_ws/install/nav2_behaviors/lib:/home/kong/my_ws/install/nav2_collision_monitor/lib:/home/kong/my_ws/install/costmap_queue/lib:/home/kong/my_ws/install/nav2_costmap_2d/lib:/home/kong/my_ws/install/nav2_voxel_grid/lib:/home/kong/my_ws/install/nav2_velocity_smoother/lib:/home/kong/my_ws/install/nav2_rviz_plugins/lib:/home/kong/my_ws/install/nav2_lifecycle_manager/lib:/home/kong/my_ws/install/nav2_behavior_tree/lib:/home/kong/my_ws/install/nav2_amcl/lib:/usr/lib/x86_64-linux-gnu/gazebo-11/plugins:/opt/ros/humble/opt/rviz_ogre_vendor/lib:/opt/ros/humble/lib/x86_64-linux-gnu:/opt/ros/humble/lib /usr/bin/cmake --build /home/kong/my_ws/build/slam_toolbox -- -j8 -l8
[1.403s] Invoking command in '/home/kong/my_ws/build/slam_toolbox': CMAKE_PREFIX_PATH=/home/kong/my_ws/install/nav2_map_server:/home/kong/my_ws/install/nav2_util:/home/kong/my_ws/install/nav2_msgs:/home/kong/my_ws/install/nav2_common:/home/kong/my_ws/install/tb3_autonomy:/home/kong/my_ws/install/ydlidar_ros2_driver:/home/kong/my_ws/install/usb_cam:/home/kong/my_ws/install/teleop_twist_joy:/home/kong/my_ws/install/nav2_system_tests:/home/kong/my_ws/install/nav2_bringup:/home/kong/my_ws/install/slam_toolbox:/home/kong/my_ws/install/ros2_aruco_interfaces:/home/kong/my_ws/install/realsense2_description:/home/kong/my_ws/install/realsense2_camera:/home/kong/my_ws/install/realsense2_camera_msgs:/home/kong/my_ws/install/odrive_ros2_control:/home/kong/my_ws/install/odrive_hardware_interface:/home/kong/my_ws/install/odrive_demo_bringup:/home/kong/my_ws/install/odrive_demo_description:/home/kong/my_ws/install/navigation2:/home/kong/my_ws/install/nav2_smoother:/home/kong/my_ws/install/nav2_graceful_controller:/home/kong/my_ws/install/nav2_dwb_controller:/home/kong/my_ws/install/nav2_controller:/home/kong/my_ws/install/dwb_plugins:/home/kong/my_ws/install/dwb_critics:/home/kong/my_ws/install/dwb_core:/home/kong/my_ws/install/nav_2d_utils:/home/kong/my_ws/install/dwb_msgs:/home/kong/my_ws/install/nav_2d_msgs:/home/kong/my_ws/install/nav2_waypoint_follower:/home/kong/my_ws/install/nav2_theta_star_planner:/home/kong/my_ws/install/nav2_smac_planner:/home/kong/my_ws/install/nav2_rotation_shim_controller:/home/kong/my_ws/install/nav2_regulated_pure_pursuit_controller:/home/kong/my_ws/install/nav2_planner:/home/kong/my_ws/install/nav2_navfn_planner:/home/kong/my_ws/install/nav2_mppi_controller:/home/kong/my_ws/install/nav2_constrained_smoother:/home/kong/my_ws/install/nav2_bt_navigator:/home/kong/my_ws/install/nav2_behaviors:/home/kong/my_ws/install/nav2_core:/home/kong/my_ws/install/nav2_collision_monitor:/home/kong/my_ws/install/costmap_queue:/home/kong/my_ws/install/nav2_costmap_2d:/home/kong/my_ws/install/nav2_voxel_grid:/home/kong/my_ws/install/nav2_velocity_smoother:/home/kong/my_ws/install/nav2_rviz_plugins:/home/kong/my_ws/install/nav2_lifecycle_manager:/home/kong/my_ws/install/nav2_behavior_tree:/home/kong/my_ws/install/nav2_amcl:/home/kong/my_ws/install/my_slam_package:/home/kong/my_ws/install/my_bot_description:/home/kong/my_ws/install/ros2_aruco:/home/kong/my_ws/install/nav2_simple_commander:/home/kong/my_ws/install/my_tf2_package:/home/kong/my_ws/install/my_docking:/home/kong/my_ws/install/my_aruco_to_goal_pose_pkg:/opt/ros/humble LD_LIBRARY_PATH=/home/kong/my_ws/install/nav2_map_server/lib:/home/kong/my_ws/install/nav2_util/lib:/home/kong/my_ws/install/nav2_msgs/lib:/home/kong/my_ws/install/usb_cam/lib:/home/kong/my_ws/install/teleop_twist_joy/lib:/home/kong/my_ws/install/slam_toolbox/lib:/home/kong/my_ws/install/ros2_aruco_interfaces/lib:/home/kong/my_ws/install/realsense2_camera/lib:/home/kong/my_ws/install/realsense2_camera_msgs/lib:/home/kong/my_ws/install/odrive_hardware_interface/lib:/home/kong/my_ws/install/nav2_smoother/lib:/home/kong/my_ws/install/nav2_graceful_controller/lib:/home/kong/my_ws/install/nav2_controller/lib:/home/kong/my_ws/install/dwb_plugins/lib:/home/kong/my_ws/install/dwb_critics/lib:/home/kong/my_ws/install/dwb_core/lib:/home/kong/my_ws/install/nav_2d_utils/lib:/home/kong/my_ws/install/dwb_msgs/lib:/home/kong/my_ws/install/nav_2d_msgs/lib:/home/kong/my_ws/install/nav2_waypoint_follower/lib:/home/kong/my_ws/install/nav2_theta_star_planner/lib:/home/kong/my_ws/install/nav2_smac_planner/lib:/home/kong/my_ws/install/nav2_rotation_shim_controller/lib:/home/kong/my_ws/install/nav2_regulated_pure_pursuit_controller/lib:/home/kong/my_ws/install/nav2_planner/lib:/home/kong/my_ws/install/nav2_navfn_planner/lib:/home/kong/my_ws/install/nav2_mppi_controller/lib:/home/kong/my_ws/install/nav2_constrained_smoother/lib:/home/kong/my_ws/install/nav2_bt_navigator/lib:/home/kong/my_ws/install/nav2_behaviors/lib:/home/kong/my_ws/install/nav2_collision_monitor/lib:/home/kong/my_ws/install/costmap_queue/lib:/home/kong/my_ws/install/nav2_costmap_2d/lib:/home/kong/my_ws/install/nav2_voxel_grid/lib:/home/kong/my_ws/install/nav2_velocity_smoother/lib:/home/kong/my_ws/install/nav2_rviz_plugins/lib:/home/kong/my_ws/install/nav2_lifecycle_manager/lib:/home/kong/my_ws/install/nav2_behavior_tree/lib:/home/kong/my_ws/install/nav2_amcl/lib:/usr/lib/x86_64-linux-gnu/gazebo-11/plugins:/opt/ros/humble/opt/rviz_ogre_vendor/lib:/opt/ros/humble/lib/x86_64-linux-gnu:/opt/ros/humble/lib /usr/bin/cmake --install /home/kong/my_ws/build/slam_toolbox
[1.416s] -- Install configuration: "Release"
[1.417s] -- Up-to-date: /home/kong/my_ws/install/slam_toolbox/share/ament_index/resource_index/rosidl_interfaces/slam_toolbox
[1.417s] -- Up-to-date: /home/kong/my_ws/install/slam_toolbox/include/slam_toolbox/slam_toolbox
[1.417s] -- Up-to-date: /home/kong/my_ws/install/slam_toolbox/include/slam_toolbox/slam_toolbox/msg
[1.417s] -- Up-to-date: /home/kong/my_ws/install/slam_toolbox/include/slam_toolbox/slam_toolbox/msg/rosidl_generator_c__visibility_control.h
[1.417s] -- Up-to-date: /home/kong/my_ws/install/slam_toolbox/include/slam_toolbox/slam_toolbox/srv
[1.417s] -- Up-to-date: /home/kong/my_ws/install/slam_toolbox/include/slam_toolbox/slam_toolbox/srv/pause.h
[1.417s] -- Up-to-date: /home/kong/my_ws/install/slam_toolbox/include/slam_toolbox/slam_toolbox/srv/loop_closure.h
[1.418s] -- Up-to-date: /home/kong/my_ws/install/slam_toolbox/include/slam_toolbox/slam_toolbox/srv/add_submap.h
[1.418s] -- Up-to-date: /home/kong/my_ws/install/slam_toolbox/include/slam_toolbox/slam_toolbox/srv/detail
[1.418s] -- Up-to-date: /home/kong/my_ws/install/slam_toolbox/include/slam_toolbox/slam_toolbox/srv/detail/add_submap__functions.h
[1.418s] -- Up-to-date: /home/kong/my_ws/install/slam_toolbox/include/slam_toolbox/slam_toolbox/srv/detail/pause__functions.c
[1.418s] -- Up-to-date: /home/kong/my_ws/install/slam_toolbox/include/slam_toolbox/slam_toolbox/srv/detail/toggle_interactive__functions.h
[1.418s] -- Up-to-date: /home/kong/my_ws/install/slam_toolbox/include/slam_toolbox/slam_toolbox/srv/detail/toggle_interactive__struct.h
[1.419s] -- Up-to-date: /home/kong/my_ws/install/slam_toolbox/include/slam_toolbox/slam_toolbox/srv/detail/clear_queue__struct.h
[1.419s] -- Up-to-date: /home/kong/my_ws/install/slam_toolbox/include/slam_toolbox/slam_toolbox/srv/detail/pause__type_support.h
[1.419s] -- Up-to-date: /home/kong/my_ws/install/slam_toolbox/include/slam_toolbox/slam_toolbox/srv/detail/loop_closure__functions.h
[1.419s] -- Up-to-date: /home/kong/my_ws/install/slam_toolbox/include/slam_toolbox/slam_toolbox/srv/detail/deserialize_pose_graph__functions.h
[1.419s] -- Up-to-date: /home/kong/my_ws/install/slam_toolbox/include/slam_toolbox/slam_toolbox/srv/detail/add_submap__struct.h
[1.419s] -- Up-to-date: /home/kong/my_ws/install/slam_toolbox/include/slam_toolbox/slam_toolbox/srv/detail/pause__struct.h
[1.419s] -- Up-to-date: /home/kong/my_ws/install/slam_toolbox/include/slam_toolbox/slam_toolbox/srv/detail/serialize_pose_graph__struct.h
[1.419s] -- Up-to-date: /home/kong/my_ws/install/slam_toolbox/include/slam_toolbox/slam_toolbox/srv/detail/loop_closure__functions.c
[1.419s] -- Up-to-date: /home/kong/my_ws/install/slam_toolbox/include/slam_toolbox/slam_toolbox/srv/detail/loop_closure__struct.h
[1.419s] -- Up-to-date: /home/kong/my_ws/install/slam_toolbox/include/slam_toolbox/slam_toolbox/srv/detail/serialize_pose_graph__functions.c
[1.419s] -- Up-to-date: /home/kong/my_ws/install/slam_toolbox/include/slam_toolbox/slam_toolbox/srv/detail/clear__struct.h
[1.420s] -- Up-to-date: /home/kong/my_ws/install/slam_toolbox/include/slam_toolbox/slam_toolbox/srv/detail/clear_queue__functions.h
[1.420s] -- Up-to-date: /home/kong/my_ws/install/slam_toolbox/include/slam_toolbox/slam_toolbox/srv/detail/clear_queue__type_support.h
[1.420s] -- Up-to-date: /home/kong/my_ws/install/slam_toolbox/include/slam_toolbox/slam_toolbox/srv/detail/serialize_pose_graph__type_support.h
[1.420s] -- Up-to-date: /home/kong/my_ws/install/slam_toolbox/include/slam_toolbox/slam_toolbox/srv/detail/pause__functions.h
[1.420s] -- Up-to-date: /home/kong/my_ws/install/slam_toolbox/include/slam_toolbox/slam_toolbox/srv/detail/deserialize_pose_graph__struct.h
[1.420s] -- Up-to-date: /home/kong/my_ws/install/slam_toolbox/include/slam_toolbox/slam_toolbox/srv/detail/merge_maps__type_support.h
[1.420s] -- Up-to-date: /home/kong/my_ws/install/slam_toolbox/include/slam_toolbox/slam_toolbox/srv/detail/save_map__functions.c
[1.420s] -- Up-to-date: /home/kong/my_ws/install/slam_toolbox/include/slam_toolbox/slam_toolbox/srv/detail/loop_closure__type_support.h
[1.420s] -- Up-to-date: /home/kong/my_ws/install/slam_toolbox/include/slam_toolbox/slam_toolbox/srv/detail/toggle_interactive__type_support.h
[1.420s] -- Up-to-date: /home/kong/my_ws/install/slam_toolbox/include/slam_toolbox/slam_toolbox/srv/detail/deserialize_pose_graph__functions.c
[1.420s] -- Up-to-date: /home/kong/my_ws/install/slam_toolbox/include/slam_toolbox/slam_toolbox/srv/detail/merge_maps__struct.h
[1.421s] -- Up-to-date: /home/kong/my_ws/install/slam_toolbox/include/slam_toolbox/slam_toolbox/srv/detail/merge_maps__functions.c
[1.421s] -- Up-to-date: /home/kong/my_ws/install/slam_toolbox/include/slam_toolbox/slam_toolbox/srv/detail/add_submap__type_support.h
[1.421s] -- Up-to-date: /home/kong/my_ws/install/slam_toolbox/include/slam_toolbox/slam_toolbox/srv/detail/save_map__struct.h
[1.421s] -- Up-to-date: /home/kong/my_ws/install/slam_toolbox/include/slam_toolbox/slam_toolbox/srv/detail/clear_queue__functions.c
[1.421s] -- Up-to-date: /home/kong/my_ws/install/slam_toolbox/include/slam_toolbox/slam_toolbox/srv/detail/add_submap__functions.c
[1.421s] -- Up-to-date: /home/kong/my_ws/install/slam_toolbox/include/slam_toolbox/slam_toolbox/srv/detail/clear__type_support.h
[1.421s] -- Up-to-date: /home/kong/my_ws/install/slam_toolbox/include/slam_toolbox/slam_toolbox/srv/detail/clear__functions.h
[1.421s] -- Up-to-date: /home/kong/my_ws/install/slam_toolbox/include/slam_toolbox/slam_toolbox/srv/detail/save_map__type_support.h
[1.422s] -- Up-to-date: /home/kong/my_ws/install/slam_toolbox/include/slam_toolbox/slam_toolbox/srv/detail/deserialize_pose_graph__type_support.h
[1.423s] -- Up-to-date: /home/kong/my_ws/install/slam_toolbox/include/slam_toolbox/slam_toolbox/srv/detail/save_map__functions.h
[1.423s] -- Up-to-date: /home/kong/my_ws/install/slam_toolbox/include/slam_toolbox/slam_toolbox/srv/detail/serialize_pose_graph__functions.h
[1.423s] -- Up-to-date: /home/kong/my_ws/install/slam_toolbox/include/slam_toolbox/slam_toolbox/srv/detail/clear__functions.c
[1.423s] -- Up-to-date: /home/kong/my_ws/install/slam_toolbox/include/slam_toolbox/slam_toolbox/srv/detail/merge_maps__functions.h
[1.423s] -- Up-to-date: /home/kong/my_ws/install/slam_toolbox/include/slam_toolbox/slam_toolbox/srv/detail/toggle_interactive__functions.c
[1.423s] -- Up-to-date: /home/kong/my_ws/install/slam_toolbox/include/slam_toolbox/slam_toolbox/srv/toggle_interactive.h
[1.423s] -- Up-to-date: /home/kong/my_ws/install/slam_toolbox/include/slam_toolbox/slam_toolbox/srv/serialize_pose_graph.h
[1.423s] -- Up-to-date: /home/kong/my_ws/install/slam_toolbox/include/slam_toolbox/slam_toolbox/srv/deserialize_pose_graph.h
[1.423s] -- Up-to-date: /home/kong/my_ws/install/slam_toolbox/include/slam_toolbox/slam_toolbox/srv/save_map.h
[1.423s] -- Up-to-date: /home/kong/my_ws/install/slam_toolbox/include/slam_toolbox/slam_toolbox/srv/merge_maps.h
[1.423s] -- Up-to-date: /home/kong/my_ws/install/slam_toolbox/include/slam_toolbox/slam_toolbox/srv/clear.h
[1.423s] -- Up-to-date: /home/kong/my_ws/install/slam_toolbox/include/slam_toolbox/slam_toolbox/srv/clear_queue.h
[1.423s] -- Up-to-date: /home/kong/my_ws/install/slam_toolbox/share/slam_toolbox/environment/library_path.sh
[1.423s] -- Up-to-date: /home/kong/my_ws/install/slam_toolbox/share/slam_toolbox/environment/library_path.dsv
[1.423s] -- Up-to-date: /home/kong/my_ws/install/slam_toolbox/lib/libslam_toolbox__rosidl_generator_c.so
[1.423s] -- Up-to-date: /home/kong/my_ws/install/slam_toolbox/include/slam_toolbox/slam_toolbox
[1.424s] -- Up-to-date: /home/kong/my_ws/install/slam_toolbox/include/slam_toolbox/slam_toolbox/msg
[1.424s] -- Up-to-date: /home/kong/my_ws/install/slam_toolbox/include/slam_toolbox/slam_toolbox/msg/rosidl_typesupport_fastrtps_c__visibility_control.h
[1.424s] -- Up-to-date: /home/kong/my_ws/install/slam_toolbox/include/slam_toolbox/slam_toolbox/srv
[1.424s] -- Up-to-date: /home/kong/my_ws/install/slam_toolbox/include/slam_toolbox/slam_toolbox/srv/detail
[1.424s] -- Up-to-date: /home/kong/my_ws/install/slam_toolbox/include/slam_toolbox/slam_toolbox/srv/detail/toggle_interactive__rosidl_typesupport_fastrtps_c.h
[1.424s] -- Up-to-date: /home/kong/my_ws/install/slam_toolbox/include/slam_toolbox/slam_toolbox/srv/detail/pause__rosidl_typesupport_fastrtps_c.h
[1.424s] -- Up-to-date: /home/kong/my_ws/install/slam_toolbox/include/slam_toolbox/slam_toolbox/srv/detail/add_submap__rosidl_typesupport_fastrtps_c.h
[1.424s] -- Up-to-date: /home/kong/my_ws/install/slam_toolbox/include/slam_toolbox/slam_toolbox/srv/detail/clear_queue__rosidl_typesupport_fastrtps_c.h
[1.424s] -- Up-to-date: /home/kong/my_ws/install/slam_toolbox/include/slam_toolbox/slam_toolbox/srv/detail/clear__rosidl_typesupport_fastrtps_c.h
[1.424s] -- Up-to-date: /home/kong/my_ws/install/slam_toolbox/include/slam_toolbox/slam_toolbox/srv/detail/loop_closure__rosidl_typesupport_fastrtps_c.h
[1.424s] -- Up-to-date: /home/kong/my_ws/install/slam_toolbox/include/slam_toolbox/slam_toolbox/srv/detail/serialize_pose_graph__rosidl_typesupport_fastrtps_c.h
[1.424s] -- Up-to-date: /home/kong/my_ws/install/slam_toolbox/include/slam_toolbox/slam_toolbox/srv/detail/save_map__rosidl_typesupport_fastrtps_c.h
[1.424s] -- Up-to-date: /home/kong/my_ws/install/slam_toolbox/include/slam_toolbox/slam_toolbox/srv/detail/deserialize_pose_graph__rosidl_typesupport_fastrtps_c.h
[1.424s] -- Up-to-date: /home/kong/my_ws/install/slam_toolbox/include/slam_toolbox/slam_toolbox/srv/detail/merge_maps__rosidl_typesupport_fastrtps_c.h
[1.424s] -- Up-to-date: /home/kong/my_ws/install/slam_toolbox/lib/libslam_toolbox__rosidl_typesupport_fastrtps_c.so
[1.424s] -- Up-to-date: /home/kong/my_ws/install/slam_toolbox/include/slam_toolbox/slam_toolbox
[1.425s] -- Up-to-date: /home/kong/my_ws/install/slam_toolbox/include/slam_toolbox/slam_toolbox/srv
[1.425s] -- Up-to-date: /home/kong/my_ws/install/slam_toolbox/include/slam_toolbox/slam_toolbox/srv/detail
[1.425s] -- Up-to-date: /home/kong/my_ws/install/slam_toolbox/include/slam_toolbox/slam_toolbox/srv/detail/loop_closure__traits.hpp
[1.425s] -- Up-to-date: /home/kong/my_ws/install/slam_toolbox/include/slam_toolbox/slam_toolbox/srv/detail/add_submap__traits.hpp
[1.425s] -- Up-to-date: /home/kong/my_ws/install/slam_toolbox/include/slam_toolbox/slam_toolbox/srv/detail/save_map__traits.hpp
[1.425s] -- Up-to-date: /home/kong/my_ws/install/slam_toolbox/include/slam_toolbox/slam_toolbox/srv/detail/merge_maps__traits.hpp
[1.426s] -- Up-to-date: /home/kong/my_ws/install/slam_toolbox/include/slam_toolbox/slam_toolbox/srv/detail/toggle_interactive__traits.hpp
[1.426s] -- Up-to-date: /home/kong/my_ws/install/slam_toolbox/include/slam_toolbox/slam_toolbox/srv/detail/deserialize_pose_graph__struct.hpp
[1.426s] -- Up-to-date: /home/kong/my_ws/install/slam_toolbox/include/slam_toolbox/slam_toolbox/srv/detail/clear_queue__struct.hpp
[1.426s] -- Up-to-date: /home/kong/my_ws/install/slam_toolbox/include/slam_toolbox/slam_toolbox/srv/detail/serialize_pose_graph__struct.hpp
[1.426s] -- Up-to-date: /home/kong/my_ws/install/slam_toolbox/include/slam_toolbox/slam_toolbox/srv/detail/merge_maps__struct.hpp
[1.426s] -- Up-to-date: /home/kong/my_ws/install/slam_toolbox/include/slam_toolbox/slam_toolbox/srv/detail/save_map__builder.hpp
[1.426s] -- Up-to-date: /home/kong/my_ws/install/slam_toolbox/include/slam_toolbox/slam_toolbox/srv/detail/clear__builder.hpp
[1.426s] -- Up-to-date: /home/kong/my_ws/install/slam_toolbox/include/slam_toolbox/slam_toolbox/srv/detail/toggle_interactive__builder.hpp
[1.426s] -- Up-to-date: /home/kong/my_ws/install/slam_toolbox/include/slam_toolbox/slam_toolbox/srv/detail/add_submap__struct.hpp
[1.427s] -- Up-to-date: /home/kong/my_ws/install/slam_toolbox/include/slam_toolbox/slam_toolbox/srv/detail/clear_queue__traits.hpp
[1.427s] -- Up-to-date: /home/kong/my_ws/install/slam_toolbox/include/slam_toolbox/slam_toolbox/srv/detail/loop_closure__builder.hpp
[1.427s] -- Up-to-date: /home/kong/my_ws/install/slam_toolbox/include/slam_toolbox/slam_toolbox/srv/detail/toggle_interactive__struct.hpp
[1.427s] -- Up-to-date: /home/kong/my_ws/install/slam_toolbox/include/slam_toolbox/slam_toolbox/srv/detail/add_submap__builder.hpp
[1.427s] -- Up-to-date: /home/kong/my_ws/install/slam_toolbox/include/slam_toolbox/slam_toolbox/srv/detail/pause__traits.hpp
[1.427s] -- Up-to-date: /home/kong/my_ws/install/slam_toolbox/include/slam_toolbox/slam_toolbox/srv/detail/clear__struct.hpp
[1.427s] -- Up-to-date: /home/kong/my_ws/install/slam_toolbox/include/slam_toolbox/slam_toolbox/srv/detail/clear__traits.hpp
[1.427s] -- Up-to-date: /home/kong/my_ws/install/slam_toolbox/include/slam_toolbox/slam_toolbox/srv/detail/serialize_pose_graph__builder.hpp
[1.427s] -- Up-to-date: /home/kong/my_ws/install/slam_toolbox/include/slam_toolbox/slam_toolbox/srv/detail/pause__struct.hpp
[1.427s] -- Up-to-date: /home/kong/my_ws/install/slam_toolbox/include/slam_toolbox/slam_toolbox/srv/detail/loop_closure__struct.hpp
[1.436s] -- Up-to-date: /home/kong/my_ws/install/slam_toolbox/include/slam_toolbox/slam_toolbox/srv/detail/merge_maps__builder.hpp
[1.436s] -- Up-to-date: /home/kong/my_ws/install/slam_toolbox/include/slam_toolbox/slam_toolbox/srv/detail/serialize_pose_graph__traits.hpp
[1.436s] -- Up-to-date: /home/kong/my_ws/install/slam_toolbox/include/slam_toolbox/slam_toolbox/srv/detail/deserialize_pose_graph__builder.hpp
[1.436s] -- Up-to-date: /home/kong/my_ws/install/slam_toolbox/include/slam_toolbox/slam_toolbox/srv/detail/pause__builder.hpp
[1.436s] -- Up-to-date: /home/kong/my_ws/install/slam_toolbox/include/slam_toolbox/slam_toolbox/srv/detail/deserialize_pose_graph__traits.hpp
[1.436s] -- Up-to-date: /home/kong/my_ws/install/slam_toolbox/include/slam_toolbox/slam_toolbox/srv/detail/clear_queue__builder.hpp
[1.436s] -- Up-to-date: /home/kong/my_ws/install/slam_toolbox/include/slam_toolbox/slam_toolbox/srv/detail/save_map__struct.hpp
[1.437s] -- Up-to-date: /home/kong/my_ws/install/slam_toolbox/include/slam_toolbox/slam_toolbox/srv/add_submap.hpp
[1.437s] -- Up-to-date: /home/kong/my_ws/install/slam_toolbox/include/slam_toolbox/slam_toolbox/srv/merge_maps.hpp
[1.437s] -- Up-to-date: /home/kong/my_ws/install/slam_toolbox/include/slam_toolbox/slam_toolbox/srv/toggle_interactive.hpp
[1.437s] -- Up-to-date: /home/kong/my_ws/install/slam_toolbox/include/slam_toolbox/slam_toolbox/srv/pause.hpp
[1.437s] -- Up-to-date: /home/kong/my_ws/install/slam_toolbox/include/slam_toolbox/slam_toolbox/srv/save_map.hpp
[1.437s] -- Up-to-date: /home/kong/my_ws/install/slam_toolbox/include/slam_toolbox/slam_toolbox/srv/loop_closure.hpp
[1.437s] -- Up-to-date: /home/kong/my_ws/install/slam_toolbox/include/slam_toolbox/slam_toolbox/srv/serialize_pose_graph.hpp
[1.437s] -- Up-to-date: /home/kong/my_ws/install/slam_toolbox/include/slam_toolbox/slam_toolbox/srv/clear_queue.hpp
[1.437s] -- Up-to-date: /home/kong/my_ws/install/slam_toolbox/include/slam_toolbox/slam_toolbox/srv/deserialize_pose_graph.hpp
[1.437s] -- Up-to-date: /home/kong/my_ws/install/slam_toolbox/include/slam_toolbox/slam_toolbox/srv/clear.hpp
[1.437s] -- Up-to-date: /home/kong/my_ws/install/slam_toolbox/include/slam_toolbox/slam_toolbox
[1.437s] -- Up-to-date: /home/kong/my_ws/install/slam_toolbox/include/slam_toolbox/slam_toolbox/msg
[1.437s] -- Up-to-date: /home/kong/my_ws/install/slam_toolbox/include/slam_toolbox/slam_toolbox/msg/rosidl_typesupport_fastrtps_cpp__visibility_control.h
[1.437s] -- Up-to-date: /home/kong/my_ws/install/slam_toolbox/include/slam_toolbox/slam_toolbox/srv
[1.437s] -- Up-to-date: /home/kong/my_ws/install/slam_toolbox/include/slam_toolbox/slam_toolbox/srv/detail
[1.437s] -- Up-to-date: /home/kong/my_ws/install/slam_toolbox/include/slam_toolbox/slam_toolbox/srv/detail/deserialize_pose_graph__rosidl_typesupport_fastrtps_cpp.hpp
[1.438s] -- Up-to-date: /home/kong/my_ws/install/slam_toolbox/include/slam_toolbox/slam_toolbox/srv/detail/add_submap__rosidl_typesupport_fastrtps_cpp.hpp
[1.438s] -- Up-to-date: /home/kong/my_ws/install/slam_toolbox/include/slam_toolbox/slam_toolbox/srv/detail/clear__rosidl_typesupport_fastrtps_cpp.hpp
[1.438s] -- Up-to-date: /home/kong/my_ws/install/slam_toolbox/include/slam_toolbox/slam_toolbox/srv/detail/serialize_pose_graph__rosidl_typesupport_fastrtps_cpp.hpp
[1.438s] -- Up-to-date: /home/kong/my_ws/install/slam_toolbox/include/slam_toolbox/slam_toolbox/srv/detail/toggle_interactive__rosidl_typesupport_fastrtps_cpp.hpp
[1.438s] -- Up-to-date: /home/kong/my_ws/install/slam_toolbox/include/slam_toolbox/slam_toolbox/srv/detail/pause__rosidl_typesupport_fastrtps_cpp.hpp
[1.438s] -- Up-to-date: /home/kong/my_ws/install/slam_toolbox/include/slam_toolbox/slam_toolbox/srv/detail/clear_queue__rosidl_typesupport_fastrtps_cpp.hpp
[1.438s] -- Up-to-date: /home/kong/my_ws/install/slam_toolbox/include/slam_toolbox/slam_toolbox/srv/detail/save_map__rosidl_typesupport_fastrtps_cpp.hpp
[1.438s] -- Up-to-date: /home/kong/my_ws/install/slam_toolbox/include/slam_toolbox/slam_toolbox/srv/detail/dds_fastrtps
[1.438s] -- Up-to-date: /home/kong/my_ws/install/slam_toolbox/include/slam_toolbox/slam_toolbox/srv/detail/merge_maps__rosidl_typesupport_fastrtps_cpp.hpp
[1.438s] -- Up-to-date: /home/kong/my_ws/install/slam_toolbox/include/slam_toolbox/slam_toolbox/srv/detail/loop_closure__rosidl_typesupport_fastrtps_cpp.hpp
[1.438s] -- Up-to-date: /home/kong/my_ws/install/slam_toolbox/lib/libslam_toolbox__rosidl_typesupport_fastrtps_cpp.so
[1.439s] -- Up-to-date: /home/kong/my_ws/install/slam_toolbox/include/slam_toolbox/slam_toolbox
[1.439s] -- Up-to-date: /home/kong/my_ws/install/slam_toolbox/include/slam_toolbox/slam_toolbox/msg
[1.439s] -- Up-to-date: /home/kong/my_ws/install/slam_toolbox/include/slam_toolbox/slam_toolbox/msg/rosidl_typesupport_introspection_c__visibility_control.h
[1.439s] -- Up-to-date: /home/kong/my_ws/install/slam_toolbox/include/slam_toolbox/slam_toolbox/srv
[1.439s] -- Up-to-date: /home/kong/my_ws/install/slam_toolbox/include/slam_toolbox/slam_toolbox/srv/detail
[1.439s] -- Up-to-date: /home/kong/my_ws/install/slam_toolbox/include/slam_toolbox/slam_toolbox/srv/detail/pause__type_support.c
[1.439s] -- Up-to-date: /home/kong/my_ws/install/slam_toolbox/include/slam_toolbox/slam_toolbox/srv/detail/add_submap__type_support.c
[1.439s] -- Up-to-date: /home/kong/my_ws/install/slam_toolbox/include/slam_toolbox/slam_toolbox/srv/detail/add_submap__rosidl_typesupport_introspection_c.h
[1.439s] -- Up-to-date: /home/kong/my_ws/install/slam_toolbox/include/slam_toolbox/slam_toolbox/srv/detail/save_map__type_support.c
[1.439s] -- Up-to-date: /home/kong/my_ws/install/slam_toolbox/include/slam_toolbox/slam_toolbox/srv/detail/toggle_interactive__rosidl_typesupport_introspection_c.h
[1.440s] -- Up-to-date: /home/kong/my_ws/install/slam_toolbox/include/slam_toolbox/slam_toolbox/srv/detail/clear__rosidl_typesupport_introspection_c.h
[1.440s] -- Up-to-date: /home/kong/my_ws/install/slam_toolbox/include/slam_toolbox/slam_toolbox/srv/detail/deserialize_pose_graph__rosidl_typesupport_introspection_c.h
[1.440s] -- Up-to-date: /home/kong/my_ws/install/slam_toolbox/include/slam_toolbox/slam_toolbox/srv/detail/merge_maps__type_support.c
[1.440s] -- Up-to-date: /home/kong/my_ws/install/slam_toolbox/include/slam_toolbox/slam_toolbox/srv/detail/clear_queue__type_support.c
[1.440s] -- Up-to-date: /home/kong/my_ws/install/slam_toolbox/include/slam_toolbox/slam_toolbox/srv/detail/clear_queue__rosidl_typesupport_introspection_c.h
[1.440s] -- Up-to-date: /home/kong/my_ws/install/slam_toolbox/include/slam_toolbox/slam_toolbox/srv/detail/save_map__rosidl_typesupport_introspection_c.h
[1.440s] -- Up-to-date: /home/kong/my_ws/install/slam_toolbox/include/slam_toolbox/slam_toolbox/srv/detail/loop_closure__rosidl_typesupport_introspection_c.h
[1.440s] -- Up-to-date: /home/kong/my_ws/install/slam_toolbox/include/slam_toolbox/slam_toolbox/srv/detail/deserialize_pose_graph__type_support.c
[1.440s] -- Up-to-date: /home/kong/my_ws/install/slam_toolbox/include/slam_toolbox/slam_toolbox/srv/detail/clear__type_support.c
[1.440s] -- Up-to-date: /home/kong/my_ws/install/slam_toolbox/include/slam_toolbox/slam_toolbox/srv/detail/merge_maps__rosidl_typesupport_introspection_c.h
[1.440s] -- Up-to-date: /home/kong/my_ws/install/slam_toolbox/include/slam_toolbox/slam_toolbox/srv/detail/pause__rosidl_typesupport_introspection_c.h
[1.440s] -- Up-to-date: /home/kong/my_ws/install/slam_toolbox/include/slam_toolbox/slam_toolbox/srv/detail/loop_closure__type_support.c
[1.441s] -- Up-to-date: /home/kong/my_ws/install/slam_toolbox/include/slam_toolbox/slam_toolbox/srv/detail/toggle_interactive__type_support.c
[1.441s] -- Up-to-date: /home/kong/my_ws/install/slam_toolbox/include/slam_toolbox/slam_toolbox/srv/detail/serialize_pose_graph__type_support.c
[1.441s] -- Up-to-date: /home/kong/my_ws/install/slam_toolbox/include/slam_toolbox/slam_toolbox/srv/detail/serialize_pose_graph__rosidl_typesupport_introspection_c.h
[1.441s] -- Up-to-date: /home/kong/my_ws/install/slam_toolbox/lib/libslam_toolbox__rosidl_typesupport_introspection_c.so
[1.441s] -- Up-to-date: /home/kong/my_ws/install/slam_toolbox/lib/libslam_toolbox__rosidl_typesupport_c.so
[1.441s] -- Up-to-date: /home/kong/my_ws/install/slam_toolbox/include/slam_toolbox/slam_toolbox
[1.441s] -- Up-to-date: /home/kong/my_ws/install/slam_toolbox/include/slam_toolbox/slam_toolbox/srv
[1.441s] -- Up-to-date: /home/kong/my_ws/install/slam_toolbox/include/slam_toolbox/slam_toolbox/srv/detail
[1.442s] -- Up-to-date: /home/kong/my_ws/install/slam_toolbox/include/slam_toolbox/slam_toolbox/srv/detail/toggle_interactive__type_support.cpp
[1.442s] -- Up-to-date: /home/kong/my_ws/install/slam_toolbox/include/slam_toolbox/slam_toolbox/srv/detail/serialize_pose_graph__type_support.cpp
[1.442s] -- Up-to-date: /home/kong/my_ws/install/slam_toolbox/include/slam_toolbox/slam_toolbox/srv/detail/clear_queue__rosidl_typesupport_introspection_cpp.hpp
[1.442s] -- Up-to-date: /home/kong/my_ws/install/slam_toolbox/include/slam_toolbox/slam_toolbox/srv/detail/clear__rosidl_typesupport_introspection_cpp.hpp
[1.442s] -- Up-to-date: /home/kong/my_ws/install/slam_toolbox/include/slam_toolbox/slam_toolbox/srv/detail/save_map__type_support.cpp
[1.442s] -- Up-to-date: /home/kong/my_ws/install/slam_toolbox/include/slam_toolbox/slam_toolbox/srv/detail/add_submap__type_support.cpp
[1.442s] -- Up-to-date: /home/kong/my_ws/install/slam_toolbox/include/slam_toolbox/slam_toolbox/srv/detail/merge_maps__rosidl_typesupport_introspection_cpp.hpp
[1.442s] -- Up-to-date: /home/kong/my_ws/install/slam_toolbox/include/slam_toolbox/slam_toolbox/srv/detail/pause__rosidl_typesupport_introspection_cpp.hpp
[1.442s] -- Up-to-date: /home/kong/my_ws/install/slam_toolbox/include/slam_toolbox/slam_toolbox/srv/detail/deserialize_pose_graph__type_support.cpp
[1.442s] -- Up-to-date: /home/kong/my_ws/install/slam_toolbox/include/slam_toolbox/slam_toolbox/srv/detail/clear_queue__type_support.cpp
[1.442s] -- Up-to-date: /home/kong/my_ws/install/slam_toolbox/include/slam_toolbox/slam_toolbox/srv/detail/save_map__rosidl_typesupport_introspection_cpp.hpp
[1.442s] -- Up-to-date: /home/kong/my_ws/install/slam_toolbox/include/slam_toolbox/slam_toolbox/srv/detail/toggle_interactive__rosidl_typesupport_introspection_cpp.hpp
[1.442s] -- Up-to-date: /home/kong/my_ws/install/slam_toolbox/include/slam_toolbox/slam_toolbox/srv/detail/loop_closure__type_support.cpp
[1.442s] -- Up-to-date: /home/kong/my_ws/install/slam_toolbox/include/slam_toolbox/slam_toolbox/srv/detail/serialize_pose_graph__rosidl_typesupport_introspection_cpp.hpp
[1.442s] -- Up-to-date: /home/kong/my_ws/install/slam_toolbox/include/slam_toolbox/slam_toolbox/srv/detail/deserialize_pose_graph__rosidl_typesupport_introspection_cpp.hpp
[1.443s] -- Up-to-date: /home/kong/my_ws/install/slam_toolbox/include/slam_toolbox/slam_toolbox/srv/detail/merge_maps__type_support.cpp
[1.443s] -- Up-to-date: /home/kong/my_ws/install/slam_toolbox/include/slam_toolbox/slam_toolbox/srv/detail/clear__type_support.cpp
[1.443s] -- Up-to-date: /home/kong/my_ws/install/slam_toolbox/include/slam_toolbox/slam_toolbox/srv/detail/loop_closure__rosidl_typesupport_introspection_cpp.hpp
[1.443s] -- Up-to-date: /home/kong/my_ws/install/slam_toolbox/include/slam_toolbox/slam_toolbox/srv/detail/pause__type_support.cpp
[1.443s] -- Up-to-date: /home/kong/my_ws/install/slam_toolbox/include/slam_toolbox/slam_toolbox/srv/detail/add_submap__rosidl_typesupport_introspection_cpp.hpp
[1.443s] -- Up-to-date: /home/kong/my_ws/install/slam_toolbox/lib/libslam_toolbox__rosidl_typesupport_introspection_cpp.so
[1.443s] -- Up-to-date: /home/kong/my_ws/install/slam_toolbox/lib/libslam_toolbox__rosidl_typesupport_cpp.so
[1.443s] -- Up-to-date: /home/kong/my_ws/install/slam_toolbox/share/slam_toolbox/environment/pythonpath.sh
[1.443s] -- Up-to-date: /home/kong/my_ws/install/slam_toolbox/share/slam_toolbox/environment/pythonpath.dsv
[1.443s] -- Up-to-date: /home/kong/my_ws/install/slam_toolbox/local/lib/python3.10/dist-packages/slam_toolbox-2.6.8-py3.10.egg-info
[1.443s] -- Installing: /home/kong/my_ws/install/slam_toolbox/local/lib/python3.10/dist-packages/slam_toolbox-2.6.8-py3.10.egg-info/dependency_links.txt
[1.444s] -- Installing: /home/kong/my_ws/install/slam_toolbox/local/lib/python3.10/dist-packages/slam_toolbox-2.6.8-py3.10.egg-info/PKG-INFO
[1.444s] -- Installing: /home/kong/my_ws/install/slam_toolbox/local/lib/python3.10/dist-packages/slam_toolbox-2.6.8-py3.10.egg-info/top_level.txt
[1.444s] -- Installing: /home/kong/my_ws/install/slam_toolbox/local/lib/python3.10/dist-packages/slam_toolbox-2.6.8-py3.10.egg-info/SOURCES.txt
[1.444s] -- Up-to-date: /home/kong/my_ws/install/slam_toolbox/local/lib/python3.10/dist-packages/slam_toolbox
[1.444s] -- Up-to-date: /home/kong/my_ws/install/slam_toolbox/local/lib/python3.10/dist-packages/slam_toolbox/slam_toolbox_s__rosidl_typesupport_introspection_c.cpython-310-x86_64-linux-gnu.so
[1.444s] -- Up-to-date: /home/kong/my_ws/install/slam_toolbox/local/lib/python3.10/dist-packages/slam_toolbox/_slam_toolbox_s.ep.rosidl_typesupport_introspection_c.c
[1.444s] -- Up-to-date: /home/kong/my_ws/install/slam_toolbox/local/lib/python3.10/dist-packages/slam_toolbox/slam_toolbox_s__rosidl_typesupport_fastrtps_c.cpython-310-x86_64-linux-gnu.so
[1.444s] -- Up-to-date: /home/kong/my_ws/install/slam_toolbox/local/lib/python3.10/dist-packages/slam_toolbox/libslam_toolbox__rosidl_generator_py.so
[1.444s] -- Up-to-date: /home/kong/my_ws/install/slam_toolbox/local/lib/python3.10/dist-packages/slam_toolbox/slam_toolbox_s__rosidl_typesupport_c.cpython-310-x86_64-linux-gnu.so
[1.444s] -- Up-to-date: /home/kong/my_ws/install/slam_toolbox/local/lib/python3.10/dist-packages/slam_toolbox/__init__.py
[1.444s] -- Up-to-date: /home/kong/my_ws/install/slam_toolbox/local/lib/python3.10/dist-packages/slam_toolbox/srv
[1.444s] -- Up-to-date: /home/kong/my_ws/install/slam_toolbox/local/lib/python3.10/dist-packages/slam_toolbox/srv/_add_submap_s.c
[1.444s] -- Up-to-date: /home/kong/my_ws/install/slam_toolbox/local/lib/python3.10/dist-packages/slam_toolbox/srv/_serialize_pose_graph.py
[1.444s] -- Up-to-date: /home/kong/my_ws/install/slam_toolbox/local/lib/python3.10/dist-packages/slam_toolbox/srv/_pause.py
[1.445s] -- Up-to-date: /home/kong/my_ws/install/slam_toolbox/local/lib/python3.10/dist-packages/slam_toolbox/srv/_clear_queue_s.c
[1.445s] -- Up-to-date: /home/kong/my_ws/install/slam_toolbox/local/lib/python3.10/dist-packages/slam_toolbox/srv/_deserialize_pose_graph_s.c
[1.445s] -- Up-to-date: /home/kong/my_ws/install/slam_toolbox/local/lib/python3.10/dist-packages/slam_toolbox/srv/_add_submap.py
[1.445s] -- Up-to-date: /home/kong/my_ws/install/slam_toolbox/local/lib/python3.10/dist-packages/slam_toolbox/srv/_loop_closure_s.c
[1.445s] -- Up-to-date: /home/kong/my_ws/install/slam_toolbox/local/lib/python3.10/dist-packages/slam_toolbox/srv/_deserialize_pose_graph.py
[1.445s] -- Up-to-date: /home/kong/my_ws/install/slam_toolbox/local/lib/python3.10/dist-packages/slam_toolbox/srv/_loop_closure.py
[1.445s] -- Up-to-date: /home/kong/my_ws/install/slam_toolbox/local/lib/python3.10/dist-packages/slam_toolbox/srv/_merge_maps_s.c
[1.445s] -- Up-to-date: /home/kong/my_ws/install/slam_toolbox/local/lib/python3.10/dist-packages/slam_toolbox/srv/_save_map.py
[1.445s] -- Up-to-date: /home/kong/my_ws/install/slam_toolbox/local/lib/python3.10/dist-packages/slam_toolbox/srv/_pause_s.c
[1.445s] -- Up-to-date: /home/kong/my_ws/install/slam_toolbox/local/lib/python3.10/dist-packages/slam_toolbox/srv/_toggle_interactive_s.c
[1.445s] -- Up-to-date: /home/kong/my_ws/install/slam_toolbox/local/lib/python3.10/dist-packages/slam_toolbox/srv/_clear.py
[1.445s] -- Up-to-date: /home/kong/my_ws/install/slam_toolbox/local/lib/python3.10/dist-packages/slam_toolbox/srv/_merge_maps.py
[1.445s] -- Up-to-date: /home/kong/my_ws/install/slam_toolbox/local/lib/python3.10/dist-packages/slam_toolbox/srv/__init__.py
[1.445s] -- Up-to-date: /home/kong/my_ws/install/slam_toolbox/local/lib/python3.10/dist-packages/slam_toolbox/srv/_clear_queue.py
[1.445s] -- Up-to-date: /home/kong/my_ws/install/slam_toolbox/local/lib/python3.10/dist-packages/slam_toolbox/srv/_serialize_pose_graph_s.c
[1.445s] -- Up-to-date: /home/kong/my_ws/install/slam_toolbox/local/lib/python3.10/dist-packages/slam_toolbox/srv/_clear_s.c
[1.445s] -- Up-to-date: /home/kong/my_ws/install/slam_toolbox/local/lib/python3.10/dist-packages/slam_toolbox/srv/_toggle_interactive.py
[1.446s] -- Up-to-date: /home/kong/my_ws/install/slam_toolbox/local/lib/python3.10/dist-packages/slam_toolbox/srv/_save_map_s.c
[1.446s] -- Up-to-date: /home/kong/my_ws/install/slam_toolbox/local/lib/python3.10/dist-packages/slam_toolbox/_slam_toolbox_s.ep.rosidl_typesupport_fastrtps_c.c
[1.446s] -- Up-to-date: /home/kong/my_ws/install/slam_toolbox/local/lib/python3.10/dist-packages/slam_toolbox/_slam_toolbox_s.ep.rosidl_typesupport_c.c
[1.476s] Listing '/home/kong/my_ws/install/slam_toolbox/local/lib/python3.10/dist-packages/slam_toolbox'...
[1.476s] Listing '/home/kong/my_ws/install/slam_toolbox/local/lib/python3.10/dist-packages/slam_toolbox/srv'...
[1.494s] -- Up-to-date: /home/kong/my_ws/install/slam_toolbox/local/lib/python3.10/dist-packages/slam_toolbox/slam_toolbox_s__rosidl_typesupport_fastrtps_c.cpython-310-x86_64-linux-gnu.so
[1.494s] -- Up-to-date: /home/kong/my_ws/install/slam_toolbox/local/lib/python3.10/dist-packages/slam_toolbox/slam_toolbox_s__rosidl_typesupport_introspection_c.cpython-310-x86_64-linux-gnu.so
[1.495s] -- Up-to-date: /home/kong/my_ws/install/slam_toolbox/local/lib/python3.10/dist-packages/slam_toolbox/slam_toolbox_s__rosidl_typesupport_c.cpython-310-x86_64-linux-gnu.so
[1.495s] -- Up-to-date: /home/kong/my_ws/install/slam_toolbox/lib/libslam_toolbox__rosidl_generator_py.so
[1.495s] -- Up-to-date: /home/kong/my_ws/install/slam_toolbox/share/slam_toolbox/srv/Pause.idl
[1.495s] -- Up-to-date: /home/kong/my_ws/install/slam_toolbox/share/slam_toolbox/srv/ClearQueue.idl
[1.495s] -- Up-to-date: /home/kong/my_ws/install/slam_toolbox/share/slam_toolbox/srv/ToggleInteractive.idl
[1.495s] -- Up-to-date: /home/kong/my_ws/install/slam_toolbox/share/slam_toolbox/srv/Clear.idl
[1.495s] -- Up-to-date: /home/kong/my_ws/install/slam_toolbox/share/slam_toolbox/srv/SaveMap.idl
[1.495s] -- Up-to-date: /home/kong/my_ws/install/slam_toolbox/share/slam_toolbox/srv/LoopClosure.idl
[1.495s] -- Up-to-date: /home/kong/my_ws/install/slam_toolbox/share/slam_toolbox/srv/MergeMaps.idl
[1.496s] -- Up-to-date: /home/kong/my_ws/install/slam_toolbox/share/slam_toolbox/srv/AddSubmap.idl
[1.496s] -- Up-to-date: /home/kong/my_ws/install/slam_toolbox/share/slam_toolbox/srv/DeserializePoseGraph.idl
[1.496s] -- Up-to-date: /home/kong/my_ws/install/slam_toolbox/share/slam_toolbox/srv/SerializePoseGraph.idl
[1.496s] -- Up-to-date: /home/kong/my_ws/install/slam_toolbox/share/slam_toolbox/srvs/Pause.srv
[1.496s] -- Up-to-date: /home/kong/my_ws/install/slam_toolbox/share/slam_toolbox/srvs/Pause_Request.msg
[1.496s] -- Up-to-date: /home/kong/my_ws/install/slam_toolbox/share/slam_toolbox/srvs/Pause_Response.msg
[1.496s] -- Up-to-date: /home/kong/my_ws/install/slam_toolbox/share/slam_toolbox/srvs/ClearQueue.srv
[1.496s] -- Up-to-date: /home/kong/my_ws/install/slam_toolbox/share/slam_toolbox/srvs/ClearQueue_Request.msg
[1.497s] -- Up-to-date: /home/kong/my_ws/install/slam_toolbox/share/slam_toolbox/srvs/ClearQueue_Response.msg
[1.497s] -- Up-to-date: /home/kong/my_ws/install/slam_toolbox/share/slam_toolbox/srvs/ToggleInteractive.srv
[1.497s] -- Up-to-date: /home/kong/my_ws/install/slam_toolbox/share/slam_toolbox/srvs/ToggleInteractive_Request.msg
[1.497s] -- Up-to-date: /home/kong/my_ws/install/slam_toolbox/share/slam_toolbox/srvs/ToggleInteractive_Response.msg
[1.497s] -- Up-to-date: /home/kong/my_ws/install/slam_toolbox/share/slam_toolbox/srvs/Clear.srv
[1.497s] -- Up-to-date: /home/kong/my_ws/install/slam_toolbox/share/slam_toolbox/srvs/Clear_Request.msg
[1.497s] -- Up-to-date: /home/kong/my_ws/install/slam_toolbox/share/slam_toolbox/srvs/Clear_Response.msg
[1.497s] -- Up-to-date: /home/kong/my_ws/install/slam_toolbox/share/slam_toolbox/srvs/SaveMap.srv
[1.497s] -- Up-to-date: /home/kong/my_ws/install/slam_toolbox/share/slam_toolbox/srvs/SaveMap_Request.msg
[1.497s] -- Up-to-date: /home/kong/my_ws/install/slam_toolbox/share/slam_toolbox/srvs/SaveMap_Response.msg
[1.497s] -- Up-to-date: /home/kong/my_ws/install/slam_toolbox/share/slam_toolbox/srvs/LoopClosure.srv
[1.497s] -- Up-to-date: /home/kong/my_ws/install/slam_toolbox/share/slam_toolbox/srvs/LoopClosure_Request.msg
[1.497s] -- Up-to-date: /home/kong/my_ws/install/slam_toolbox/share/slam_toolbox/srvs/LoopClosure_Response.msg
[1.497s] -- Up-to-date: /home/kong/my_ws/install/slam_toolbox/share/slam_toolbox/srvs/MergeMaps.srv
[1.497s] -- Up-to-date: /home/kong/my_ws/install/slam_toolbox/share/slam_toolbox/srvs/MergeMaps_Request.msg
[1.497s] -- Up-to-date: /home/kong/my_ws/install/slam_toolbox/share/slam_toolbox/srvs/MergeMaps_Response.msg
[1.498s] -- Up-to-date: /home/kong/my_ws/install/slam_toolbox/share/slam_toolbox/srvs/AddSubmap.srv
[1.498s] -- Up-to-date: /home/kong/my_ws/install/slam_toolbox/share/slam_toolbox/srvs/AddSubmap_Request.msg
[1.498s] -- Up-to-date: /home/kong/my_ws/install/slam_toolbox/share/slam_toolbox/srvs/AddSubmap_Response.msg
[1.498s] -- Up-to-date: /home/kong/my_ws/install/slam_toolbox/share/slam_toolbox/srvs/DeserializePoseGraph.srv
[1.498s] -- Up-to-date: /home/kong/my_ws/install/slam_toolbox/share/slam_toolbox/srvs/DeserializePoseGraph_Request.msg
[1.498s] -- Up-to-date: /home/kong/my_ws/install/slam_toolbox/share/slam_toolbox/srvs/DeserializePoseGraph_Response.msg
[1.498s] -- Up-to-date: /home/kong/my_ws/install/slam_toolbox/share/slam_toolbox/srvs/SerializePoseGraph.srv
[1.498s] -- Up-to-date: /home/kong/my_ws/install/slam_toolbox/share/slam_toolbox/srvs/SerializePoseGraph_Request.msg
[1.498s] -- Up-to-date: /home/kong/my_ws/install/slam_toolbox/share/slam_toolbox/srvs/SerializePoseGraph_Response.msg
[1.498s] -- Up-to-date: /home/kong/my_ws/install/slam_toolbox/share/slam_toolbox/rviz_plugins.xml
[1.498s] -- Up-to-date: /home/kong/my_ws/install/slam_toolbox/share/slam_toolbox/solver_plugins.xml
[1.498s] -- Up-to-date: /home/kong/my_ws/install/slam_toolbox/lib/slam_toolbox/async_slam_toolbox_node
[1.498s] -- Up-to-date: /home/kong/my_ws/install/slam_toolbox/lib/slam_toolbox/sync_slam_toolbox_node
[1.498s] -- Up-to-date: /home/kong/my_ws/install/slam_toolbox/lib/slam_toolbox/localization_slam_toolbox_node
[1.498s] -- Up-to-date: /home/kong/my_ws/install/slam_toolbox/lib/slam_toolbox/map_and_localization_slam_toolbox_node
[1.499s] -- Up-to-date: /home/kong/my_ws/install/slam_toolbox/lib/slam_toolbox/merge_maps_kinematic
[1.499s] -- Up-to-date: /home/kong/my_ws/install/slam_toolbox/lib/libtoolbox_common.so
[1.499s] -- Up-to-date: /home/kong/my_ws/install/slam_toolbox/lib/libSlamToolboxPlugin.so
[1.499s] -- Up-to-date: /home/kong/my_ws/install/slam_toolbox/lib/libceres_solver_plugin.so
[1.500s] -- Up-to-date: /home/kong/my_ws/install/slam_toolbox/lib/libasync_slam_toolbox.so
[1.500s] -- Up-to-date: /home/kong/my_ws/install/slam_toolbox/lib/libsync_slam_toolbox.so
[1.500s] -- Up-to-date: /home/kong/my_ws/install/slam_toolbox/lib/liblocalization_slam_toolbox.so
[1.500s] -- Up-to-date: /home/kong/my_ws/install/slam_toolbox/lib/liblifelong_slam_toolbox.so
[1.501s] -- Up-to-date: /home/kong/my_ws/install/slam_toolbox/lib/libmap_and_localization_slam_toolbox.so
[1.501s] -- Up-to-date: /home/kong/my_ws/install/slam_toolbox/lib/libkartoSlamToolbox.so
[1.501s] -- Up-to-date: /home/kong/my_ws/install/slam_toolbox/lib/libSlamToolboxPlugin.so
[1.501s] -- Up-to-date: /home/kong/my_ws/install/slam_toolbox/include
[1.501s] -- Up-to-date: /home/kong/my_ws/install/slam_toolbox/include/slam_toolbox
[1.501s] -- Up-to-date: /home/kong/my_ws/install/slam_toolbox/include/slam_toolbox/slam_toolbox_common.hpp
[1.501s] -- Up-to-date: /home/kong/my_ws/install/slam_toolbox/include/slam_toolbox/slam_mapper.hpp
[1.502s] -- Up-to-date: /home/kong/my_ws/install/slam_toolbox/include/slam_toolbox/visualization_utils.hpp
[1.502s] -- Up-to-date: /home/kong/my_ws/install/slam_toolbox/include/slam_toolbox/loop_closure_assistant.hpp
[1.502s] -- Up-to-date: /home/kong/my_ws/install/slam_toolbox/include/slam_toolbox/slam_toolbox_sync.hpp
[1.502s] -- Up-to-date: /home/kong/my_ws/install/slam_toolbox/include/slam_toolbox/slam_toolbox_localization.hpp
[1.502s] -- Up-to-date: /home/kong/my_ws/install/slam_toolbox/include/slam_toolbox/merge_maps_kinematic.hpp
[1.502s] -- Up-to-date: /home/kong/my_ws/install/slam_toolbox/include/slam_toolbox/experimental
[1.502s] -- Up-to-date: /home/kong/my_ws/install/slam_toolbox/include/slam_toolbox/experimental/slam_toolbox_map_and_localization.hpp
[1.502s] -- Up-to-date: /home/kong/my_ws/install/slam_toolbox/include/slam_toolbox/experimental/slam_toolbox_lifelong.hpp
[1.502s] -- Up-to-date: /home/kong/my_ws/install/slam_toolbox/include/slam_toolbox/laser_utils.hpp
[1.502s] -- Up-to-date: /home/kong/my_ws/install/slam_toolbox/include/slam_toolbox/get_pose_helper.hpp
[1.502s] -- Up-to-date: /home/kong/my_ws/install/slam_toolbox/include/slam_toolbox/map_saver.hpp
[1.502s] -- Up-to-date: /home/kong/my_ws/install/slam_toolbox/include/slam_toolbox/slam_toolbox_async.hpp
[1.502s] -- Up-to-date: /home/kong/my_ws/install/slam_toolbox/include/slam_toolbox/toolbox_msgs.hpp
[1.502s] -- Up-to-date: /home/kong/my_ws/install/slam_toolbox/include/slam_toolbox/toolbox_types.hpp
[1.502s] -- Up-to-date: /home/kong/my_ws/install/slam_toolbox/include/slam_toolbox/serialization.hpp
[1.503s] -- Up-to-date: /home/kong/my_ws/install/slam_toolbox/include/slam_toolbox/snap_utils.hpp
[1.503s] -- Up-to-date: /home/kong/my_ws/install/slam_toolbox/share/slam_toolbox/launch
[1.503s] -- Up-to-date: /home/kong/my_ws/install/slam_toolbox/share/slam_toolbox/launch/online_async_launch.py
[1.503s] -- Up-to-date: /home/kong/my_ws/install/slam_toolbox/share/slam_toolbox/launch/localization_launch.py
[1.503s] -- Up-to-date: /home/kong/my_ws/install/slam_toolbox/share/slam_toolbox/launch/offline_launch.py
[1.503s] -- Up-to-date: /home/kong/my_ws/install/slam_toolbox/share/slam_toolbox/launch/merge_maps_kinematic_launch.py
[1.503s] -- Up-to-date: /home/kong/my_ws/install/slam_toolbox/share/slam_toolbox/launch/online_sync_launch.py
[1.503s] -- Up-to-date: /home/kong/my_ws/install/slam_toolbox/share/slam_toolbox/config
[1.503s] -- Up-to-date: /home/kong/my_ws/install/slam_toolbox/share/slam_toolbox/config/mapper_params_lifelong.yaml
[1.503s] -- Up-to-date: /home/kong/my_ws/install/slam_toolbox/share/slam_toolbox/config/mapper_params_offline.yaml
[1.503s] -- Up-to-date: /home/kong/my_ws/install/slam_toolbox/share/slam_toolbox/config/slam_toolbox_default.rviz
[1.503s] -- Up-to-date: /home/kong/my_ws/install/slam_toolbox/share/slam_toolbox/config/mapper_params_localization.yaml
[1.503s] -- Up-to-date: /home/kong/my_ws/install/slam_toolbox/share/slam_toolbox/config/mapper_params_online_async.yaml
[1.503s] -- Up-to-date: /home/kong/my_ws/install/slam_toolbox/share/slam_toolbox/config/mapper_params_online_sync.yaml
[1.504s] -- Up-to-date: /home/kong/my_ws/install/slam_toolbox/share/solver_plugins.xml
[1.504s] -- Up-to-date: /home/kong/my_ws/install/slam_toolbox/share/rviz_plugins.xml
[1.504s] -- Up-to-date: /home/kong/my_ws/install/slam_toolbox/share/ament_index/resource_index/package_run_dependencies/slam_toolbox
[1.504s] -- Up-to-date: /home/kong/my_ws/install/slam_toolbox/share/ament_index/resource_index/parent_prefix_path/slam_toolbox
[1.504s] -- Up-to-date: /home/kong/my_ws/install/slam_toolbox/share/slam_toolbox/environment/ament_prefix_path.sh
[1.504s] -- Up-to-date: /home/kong/my_ws/install/slam_toolbox/share/slam_toolbox/environment/ament_prefix_path.dsv
[1.504s] -- Up-to-date: /home/kong/my_ws/install/slam_toolbox/share/slam_toolbox/environment/path.sh
[1.504s] -- Up-to-date: /home/kong/my_ws/install/slam_toolbox/share/slam_toolbox/environment/path.dsv
[1.504s] -- Up-to-date: /home/kong/my_ws/install/slam_toolbox/share/slam_toolbox/local_setup.bash
[1.504s] -- Up-to-date: /home/kong/my_ws/install/slam_toolbox/share/slam_toolbox/local_setup.sh
[1.504s] -- Up-to-date: /home/kong/my_ws/install/slam_toolbox/share/slam_toolbox/local_setup.zsh
[1.504s] -- Up-to-date: /home/kong/my_ws/install/slam_toolbox/share/slam_toolbox/local_setup.dsv
[1.504s] -- Installing: /home/kong/my_ws/install/slam_toolbox/share/slam_toolbox/package.dsv
[1.504s] -- Up-to-date: /home/kong/my_ws/install/slam_toolbox/share/ament_index/resource_index/packages/slam_toolbox
[1.504s] -- Up-to-date: /home/kong/my_ws/install/slam_toolbox/share/ament_index/resource_index/rviz_common__pluginlib__plugin/slam_toolbox
[1.504s] -- Up-to-date: /home/kong/my_ws/install/slam_toolbox/share/ament_index/resource_index/slam_toolbox__pluginlib__plugin/slam_toolbox
[1.505s] -- Up-to-date: /home/kong/my_ws/install/slam_toolbox/share/slam_toolbox/cmake/export_slam_toolbox__rosidl_generator_cExport.cmake
[1.505s] -- Up-to-date: /home/kong/my_ws/install/slam_toolbox/share/slam_toolbox/cmake/export_slam_toolbox__rosidl_generator_cExport-release.cmake
[1.505s] -- Up-to-date: /home/kong/my_ws/install/slam_toolbox/share/slam_toolbox/cmake/export_slam_toolbox__rosidl_typesupport_fastrtps_cExport.cmake
[1.505s] -- Up-to-date: /home/kong/my_ws/install/slam_toolbox/share/slam_toolbox/cmake/export_slam_toolbox__rosidl_typesupport_fastrtps_cExport-release.cmake
[1.505s] -- Up-to-date: /home/kong/my_ws/install/slam_toolbox/share/slam_toolbox/cmake/export_slam_toolbox__rosidl_generator_cppExport.cmake
[1.505s] -- Up-to-date: /home/kong/my_ws/install/slam_toolbox/share/slam_toolbox/cmake/export_slam_toolbox__rosidl_typesupport_fastrtps_cppExport.cmake
[1.505s] -- Up-to-date: /home/kong/my_ws/install/slam_toolbox/share/slam_toolbox/cmake/export_slam_toolbox__rosidl_typesupport_fastrtps_cppExport-release.cmake
[1.505s] -- Up-to-date: /home/kong/my_ws/install/slam_toolbox/share/slam_toolbox/cmake/slam_toolbox__rosidl_typesupport_introspection_cExport.cmake
[1.505s] -- Up-to-date: /home/kong/my_ws/install/slam_toolbox/share/slam_toolbox/cmake/slam_toolbox__rosidl_typesupport_introspection_cExport-release.cmake
[1.506s] -- Up-to-date: /home/kong/my_ws/install/slam_toolbox/share/slam_toolbox/cmake/slam_toolbox__rosidl_typesupport_cExport.cmake
[1.506s] -- Up-to-date: /home/kong/my_ws/install/slam_toolbox/share/slam_toolbox/cmake/slam_toolbox__rosidl_typesupport_cExport-release.cmake
[1.506s] -- Up-to-date: /home/kong/my_ws/install/slam_toolbox/share/slam_toolbox/cmake/slam_toolbox__rosidl_typesupport_introspection_cppExport.cmake
[1.506s] -- Up-to-date: /home/kong/my_ws/install/slam_toolbox/share/slam_toolbox/cmake/slam_toolbox__rosidl_typesupport_introspection_cppExport-release.cmake
[1.506s] -- Up-to-date: /home/kong/my_ws/install/slam_toolbox/share/slam_toolbox/cmake/slam_toolbox__rosidl_typesupport_cppExport.cmake
[1.506s] -- Up-to-date: /home/kong/my_ws/install/slam_toolbox/share/slam_toolbox/cmake/slam_toolbox__rosidl_typesupport_cppExport-release.cmake
[1.506s] -- Up-to-date: /home/kong/my_ws/install/slam_toolbox/share/slam_toolbox/cmake/export_slam_toolbox__rosidl_generator_pyExport.cmake
[1.506s] -- Up-to-date: /home/kong/my_ws/install/slam_toolbox/share/slam_toolbox/cmake/export_slam_toolbox__rosidl_generator_pyExport-release.cmake
[1.506s] -- Up-to-date: /home/kong/my_ws/install/slam_toolbox/share/slam_toolbox/cmake/SlamToolboxPluginExport.cmake
[1.506s] -- Up-to-date: /home/kong/my_ws/install/slam_toolbox/share/slam_toolbox/cmake/SlamToolboxPluginExport-release.cmake
[1.506s] -- Up-to-date: /home/kong/my_ws/install/slam_toolbox/share/ament_index/resource_index/rclcpp_components/slam_toolbox
[1.506s] -- Up-to-date: /home/kong/my_ws/install/slam_toolbox/share/slam_toolbox/cmake/rosidl_cmake-extras.cmake
[1.506s] -- Up-to-date: /home/kong/my_ws/install/slam_toolbox/share/slam_toolbox/cmake/ament_cmake_export_dependencies-extras.cmake
[1.506s] -- Up-to-date: /home/kong/my_ws/install/slam_toolbox/share/slam_toolbox/cmake/ament_cmake_export_include_directories-extras.cmake
[1.506s] -- Up-to-date: /home/kong/my_ws/install/slam_toolbox/share/slam_toolbox/cmake/ament_cmake_export_libraries-extras.cmake
[1.506s] -- Up-to-date: /home/kong/my_ws/install/slam_toolbox/share/slam_toolbox/cmake/ament_cmake_export_targets-extras.cmake
[1.506s] -- Up-to-date: /home/kong/my_ws/install/slam_toolbox/share/slam_toolbox/cmake/rosidl_cmake_export_typesupport_targets-extras.cmake
[1.507s] -- Up-to-date: /home/kong/my_ws/install/slam_toolbox/share/slam_toolbox/cmake/rosidl_cmake_export_typesupport_libraries-extras.cmake
[1.507s] -- Up-to-date: /home/kong/my_ws/install/slam_toolbox/share/slam_toolbox/cmake/slam_toolboxConfig.cmake
[1.507s] -- Up-to-date: /home/kong/my_ws/install/slam_toolbox/share/slam_toolbox/cmake/slam_toolboxConfig-version.cmake
[1.507s] -- Up-to-date: /home/kong/my_ws/install/slam_toolbox/share/slam_toolbox/package.xml
[1.507s] -- Up-to-date: /home/kong/my_ws/install/slam_toolbox/include/
[1.507s] -- Up-to-date: /home/kong/my_ws/install/slam_toolbox/include//karto_sdk
[1.507s] -- Up-to-date: /home/kong/my_ws/install/slam_toolbox/include//karto_sdk/Mapper.h
[1.507s] -- Up-to-date: /home/kong/my_ws/install/slam_toolbox/include//karto_sdk/Macros.h
[1.507s] -- Up-to-date: /home/kong/my_ws/install/slam_toolbox/include//karto_sdk/nanoflann_adaptors.h
[1.507s] -- Up-to-date: /home/kong/my_ws/install/slam_toolbox/include//karto_sdk/Types.h
[1.507s] -- Up-to-date: /home/kong/my_ws/install/slam_toolbox/include//karto_sdk/nanoflann.hpp
[1.507s] -- Up-to-date: /home/kong/my_ws/install/slam_toolbox/include//karto_sdk/Karto.h
[1.507s] -- Up-to-date: /home/kong/my_ws/install/slam_toolbox/include//karto_sdk/Math.h
[1.518s] Invoked command in '/home/kong/my_ws/build/slam_toolbox' returned '0': CMAKE_PREFIX_PATH=/home/kong/my_ws/install/nav2_map_server:/home/kong/my_ws/install/nav2_util:/home/kong/my_ws/install/nav2_msgs:/home/kong/my_ws/install/nav2_common:/home/kong/my_ws/install/tb3_autonomy:/home/kong/my_ws/install/ydlidar_ros2_driver:/home/kong/my_ws/install/usb_cam:/home/kong/my_ws/install/teleop_twist_joy:/home/kong/my_ws/install/nav2_system_tests:/home/kong/my_ws/install/nav2_bringup:/home/kong/my_ws/install/slam_toolbox:/home/kong/my_ws/install/ros2_aruco_interfaces:/home/kong/my_ws/install/realsense2_description:/home/kong/my_ws/install/realsense2_camera:/home/kong/my_ws/install/realsense2_camera_msgs:/home/kong/my_ws/install/odrive_ros2_control:/home/kong/my_ws/install/odrive_hardware_interface:/home/kong/my_ws/install/odrive_demo_bringup:/home/kong/my_ws/install/odrive_demo_description:/home/kong/my_ws/install/navigation2:/home/kong/my_ws/install/nav2_smoother:/home/kong/my_ws/install/nav2_graceful_controller:/home/kong/my_ws/install/nav2_dwb_controller:/home/kong/my_ws/install/nav2_controller:/home/kong/my_ws/install/dwb_plugins:/home/kong/my_ws/install/dwb_critics:/home/kong/my_ws/install/dwb_core:/home/kong/my_ws/install/nav_2d_utils:/home/kong/my_ws/install/dwb_msgs:/home/kong/my_ws/install/nav_2d_msgs:/home/kong/my_ws/install/nav2_waypoint_follower:/home/kong/my_ws/install/nav2_theta_star_planner:/home/kong/my_ws/install/nav2_smac_planner:/home/kong/my_ws/install/nav2_rotation_shim_controller:/home/kong/my_ws/install/nav2_regulated_pure_pursuit_controller:/home/kong/my_ws/install/nav2_planner:/home/kong/my_ws/install/nav2_navfn_planner:/home/kong/my_ws/install/nav2_mppi_controller:/home/kong/my_ws/install/nav2_constrained_smoother:/home/kong/my_ws/install/nav2_bt_navigator:/home/kong/my_ws/install/nav2_behaviors:/home/kong/my_ws/install/nav2_core:/home/kong/my_ws/install/nav2_collision_monitor:/home/kong/my_ws/install/costmap_queue:/home/kong/my_ws/install/nav2_costmap_2d:/home/kong/my_ws/install/nav2_voxel_grid:/home/kong/my_ws/install/nav2_velocity_smoother:/home/kong/my_ws/install/nav2_rviz_plugins:/home/kong/my_ws/install/nav2_lifecycle_manager:/home/kong/my_ws/install/nav2_behavior_tree:/home/kong/my_ws/install/nav2_amcl:/home/kong/my_ws/install/my_slam_package:/home/kong/my_ws/install/my_bot_description:/home/kong/my_ws/install/ros2_aruco:/home/kong/my_ws/install/nav2_simple_commander:/home/kong/my_ws/install/my_tf2_package:/home/kong/my_ws/install/my_docking:/home/kong/my_ws/install/my_aruco_to_goal_pose_pkg:/opt/ros/humble LD_LIBRARY_PATH=/home/kong/my_ws/install/nav2_map_server/lib:/home/kong/my_ws/install/nav2_util/lib:/home/kong/my_ws/install/nav2_msgs/lib:/home/kong/my_ws/install/usb_cam/lib:/home/kong/my_ws/install/teleop_twist_joy/lib:/home/kong/my_ws/install/slam_toolbox/lib:/home/kong/my_ws/install/ros2_aruco_interfaces/lib:/home/kong/my_ws/install/realsense2_camera/lib:/home/kong/my_ws/install/realsense2_camera_msgs/lib:/home/kong/my_ws/install/odrive_hardware_interface/lib:/home/kong/my_ws/install/nav2_smoother/lib:/home/kong/my_ws/install/nav2_graceful_controller/lib:/home/kong/my_ws/install/nav2_controller/lib:/home/kong/my_ws/install/dwb_plugins/lib:/home/kong/my_ws/install/dwb_critics/lib:/home/kong/my_ws/install/dwb_core/lib:/home/kong/my_ws/install/nav_2d_utils/lib:/home/kong/my_ws/install/dwb_msgs/lib:/home/kong/my_ws/install/nav_2d_msgs/lib:/home/kong/my_ws/install/nav2_waypoint_follower/lib:/home/kong/my_ws/install/nav2_theta_star_planner/lib:/home/kong/my_ws/install/nav2_smac_planner/lib:/home/kong/my_ws/install/nav2_rotation_shim_controller/lib:/home/kong/my_ws/install/nav2_regulated_pure_pursuit_controller/lib:/home/kong/my_ws/install/nav2_planner/lib:/home/kong/my_ws/install/nav2_navfn_planner/lib:/home/kong/my_ws/install/nav2_mppi_controller/lib:/home/kong/my_ws/install/nav2_constrained_smoother/lib:/home/kong/my_ws/install/nav2_bt_navigator/lib:/home/kong/my_ws/install/nav2_behaviors/lib:/home/kong/my_ws/install/nav2_collision_monitor/lib:/home/kong/my_ws/install/costmap_queue/lib:/home/kong/my_ws/install/nav2_costmap_2d/lib:/home/kong/my_ws/install/nav2_voxel_grid/lib:/home/kong/my_ws/install/nav2_velocity_smoother/lib:/home/kong/my_ws/install/nav2_rviz_plugins/lib:/home/kong/my_ws/install/nav2_lifecycle_manager/lib:/home/kong/my_ws/install/nav2_behavior_tree/lib:/home/kong/my_ws/install/nav2_amcl/lib:/usr/lib/x86_64-linux-gnu/gazebo-11/plugins:/opt/ros/humble/opt/rviz_ogre_vendor/lib:/opt/ros/humble/lib/x86_64-linux-gnu:/opt/ros/humble/lib /usr/bin/cmake --install /home/kong/my_ws/build/slam_toolbox
