[1.347s] Invoking command in '/home/kong/my_ws/src/my_docking': PYTHONPATH=/home/kong/my_ws/build/my_docking/prefix_override:/home/kong/my_ws/install/my_docking/lib/python3.10/site-packages:${PYTHONPATH} /usr/bin/python3 -W ignore:setup.py install is deprecated setup.py egg_info --egg-base ../../build/my_docking build --build-base /home/kong/my_ws/build/my_docking/build install --record /home/kong/my_ws/build/my_docking/install.log --single-version-externally-managed install_data
[1.554s] running egg_info
[1.555s] writing ../../build/my_docking/my_docking.egg-info/PKG-INFO
[1.557s] writing dependency_links to ../../build/my_docking/my_docking.egg-info/dependency_links.txt
[1.559s] writing entry points to ../../build/my_docking/my_docking.egg-info/entry_points.txt
[1.559s] writing requirements to ../../build/my_docking/my_docking.egg-info/requires.txt
[1.560s] writing top-level names to ../../build/my_docking/my_docking.egg-info/top_level.txt
[1.560s] reading manifest file '../../build/my_docking/my_docking.egg-info/SOURCES.txt'
[1.560s] writing manifest file '../../build/my_docking/my_docking.egg-info/SOURCES.txt'
[1.560s] running build
[1.560s] running build_py
[1.560s] copying my_docking/docking.py -> /home/kong/my_ws/build/my_docking/build/lib/my_docking
[1.560s] running install
[1.560s] running install_lib
[1.560s] copying /home/kong/my_ws/build/my_docking/build/lib/my_docking/docking.py -> /home/kong/my_ws/install/my_docking/lib/python3.10/site-packages/my_docking
[1.561s] byte-compiling /home/kong/my_ws/install/my_docking/lib/python3.10/site-packages/my_docking/docking.py to docking.cpython-310.pyc
[1.561s] running install_data
[1.561s] running install_egg_info
[1.562s] removing '/home/kong/my_ws/install/my_docking/lib/python3.10/site-packages/my_docking-0.0.0-py3.10.egg-info' (and everything under it)
[1.562s] Copying ../../build/my_docking/my_docking.egg-info to /home/kong/my_ws/install/my_docking/lib/python3.10/site-packages/my_docking-0.0.0-py3.10.egg-info
[1.562s] running install_scripts
[1.564s] Installing docking script to /home/kong/my_ws/install/my_docking/lib/my_docking
[1.564s] writing list of installed files to '/home/kong/my_ws/build/my_docking/install.log'
[1.597s] Invoked command in '/home/kong/my_ws/src/my_docking' returned '0': PYTHONPATH=/home/kong/my_ws/build/my_docking/prefix_override:/home/kong/my_ws/install/my_docking/lib/python3.10/site-packages:${PYTHONPATH} /usr/bin/python3 -W ignore:setup.py install is deprecated setup.py egg_info --egg-base ../../build/my_docking build --build-base /home/kong/my_ws/build/my_docking/build install --record /home/kong/my_ws/build/my_docking/install.log --single-version-externally-managed install_data
