[0.011s] Invoking command in '/home/kong/my_ws/build/my_docking_cpp': CMAKE_PREFIX_PATH=${CMAKE_PREFIX_PATH}:/home/kong/my_ws/install/ros2_aruco:/home/kong/my_ws/install/nav2_simple_commander:/home/kong/my_ws/install/my_tf2_package:/home/kong/my_ws/install/my_docking:/home/kong/my_ws/install/my_aruco_to_goal_pose_pkg:/opt/ros/humble /usr/bin/cmake /home/kong/my_ws/src/my_docking_cpp -DCMAKE_INSTALL_PREFIX=/home/kong/my_ws/install/my_docking_cpp
[0.089s] -- The C compiler identification is GNU 11.4.0
[0.161s] -- The CXX compiler identification is GNU 11.4.0
[0.169s] -- Detecting C compiler ABI info
[0.246s] -- Detecting C compiler ABI info - done
[0.250s] -- Check for working C compiler: /usr/bin/cc - skipped
[0.251s] -- Detecting C compile features
[0.251s] -- Detecting C compile features - done
[0.254s] -- Detecting CXX compiler ABI info
[0.343s] -- Detecting CXX compiler ABI info - done
[0.348s] -- Check for working CXX compiler: /usr/bin/c++ - skipped
[0.348s] -- Detecting CXX compile features
[0.348s] -- Detecting CXX compile features - done
[0.354s] -- Found ament_cmake: 1.3.8 (/opt/ros/humble/share/ament_cmake/cmake)
[0.490s] -- Found Python3: /usr/bin/python3 (found version "3.10.12") found components: Interpreter 
[0.604s] -- Found rclcpp: 16.0.8 (/opt/ros/humble/share/rclcpp/cmake)
[0.673s] -- Found rosidl_generator_c: 3.1.5 (/opt/ros/humble/share/rosidl_generator_c/cmake)
[0.683s] -- Found rosidl_adapter: 3.1.5 (/opt/ros/humble/share/rosidl_adapter/cmake)
[0.696s] -- Found rosidl_generator_cpp: 3.1.5 (/opt/ros/humble/share/rosidl_generator_cpp/cmake)
[0.715s] -- Using all available rosidl_typesupport_c: rosidl_typesupport_fastrtps_c;rosidl_typesupport_introspection_c
[0.740s] -- Using all available rosidl_typesupport_cpp: rosidl_typesupport_fastrtps_cpp;rosidl_typesupport_introspection_cpp
[0.824s] -- Found rmw_implementation_cmake: 6.1.1 (/opt/ros/humble/share/rmw_implementation_cmake/cmake)
[0.831s] -- Found rmw_fastrtps_cpp: 6.2.6 (/opt/ros/humble/share/rmw_fastrtps_cpp/cmake)
[0.966s] -- Found OpenSSL: /usr/lib/x86_64-linux-gnu/libcrypto.so (found version "3.0.2")  
[0.993s] -- Found FastRTPS: /opt/ros/humble/include  
[1.036s] -- Using RMW implementation 'rmw_fastrtps_cpp' as default
[1.052s] -- Looking for pthread.h
[1.121s] -- Looking for pthread.h - found
[1.121s] -- Performing Test CMAKE_HAVE_LIBC_PTHREAD
[1.196s] -- Performing Test CMAKE_HAVE_LIBC_PTHREAD - Success
[1.197s] -- Found Threads: TRUE  
[1.325s] [31mCMake Error at CMakeLists.txt:11 (find_package):
[1.326s]   find_package called with incorrect number of arguments
[1.326s] 
[1.326s] [0m
[1.330s] -- Found geometry_msgs: 4.2.3 (/opt/ros/humble/share/geometry_msgs/cmake)
[1.367s] -- Found ament_lint_auto: 0.12.10 (/opt/ros/humble/share/ament_lint_auto/cmake)
[1.449s] -- Added test 'cppcheck' to perform static code analysis on C / C++ code
[1.449s] -- Configured cppcheck include dirs: 
[1.449s] -- Configured cppcheck exclude dirs and/or files: 
[1.450s] -- Added test 'lint_cmake' to check CMake code style
[1.451s] -- Added test 'uncrustify' to check C / C++ code style
[1.451s] -- Configured uncrustify additional arguments: 
[1.452s] -- Added test 'xmllint' to check XML markup files
[1.454s] -- Configuring incomplete, errors occurred!
[1.454s] See also "/home/kong/my_ws/build/my_docking_cpp/CMakeFiles/CMakeOutput.log".
[1.461s] Invoked command in '/home/kong/my_ws/build/my_docking_cpp' returned '1': CMAKE_PREFIX_PATH=${CMAKE_PREFIX_PATH}:/home/kong/my_ws/install/ros2_aruco:/home/kong/my_ws/install/nav2_simple_commander:/home/kong/my_ws/install/my_tf2_package:/home/kong/my_ws/install/my_docking:/home/kong/my_ws/install/my_aruco_to_goal_pose_pkg:/opt/ros/humble /usr/bin/cmake /home/kong/my_ws/src/my_docking_cpp -DCMAKE_INSTALL_PREFIX=/home/kong/my_ws/install/my_docking_cpp
