Determining if the function sgemm_ exists failed with the following output:
Change Dir: /home/kong/my_ws/build/slam_toolbox/CMakeFiles/CMakeTmp

Run Build Command(s):/usr/bin/gmake -f Makefile cmTC_f01fd/fast && /usr/bin/gmake  -f CMakeFiles/cmTC_f01fd.dir/build.make CMakeFiles/cmTC_f01fd.dir/build
gmake[1]: Entering directory '/home/kong/my_ws/build/slam_toolbox/CMakeFiles/CMakeTmp'
Building C object CMakeFiles/cmTC_f01fd.dir/CheckFunctionExists.c.o
/usr/bin/cc   -DCHECK_FUNCTION_EXISTS=sgemm_ -o CMakeFiles/cmTC_f01fd.dir/CheckFunctionExists.c.o -c /usr/share/cmake-3.22/Modules/CheckFunctionExists.c
Linking C executable cmTC_f01fd
/usr/bin/cmake -E cmake_link_script CMakeFiles/cmTC_f01fd.dir/link.txt --verbose=1
/usr/bin/cc  -DCHECK_FUNCTION_EXISTS=sgemm_ CMakeFiles/cmTC_f01fd.dir/CheckFunctionExists.c.o -o cmTC_f01fd 
/usr/bin/ld: CMakeFiles/cmTC_f01fd.dir/CheckFunctionExists.c.o: in function `main':
CheckFunctionExists.c:(.text+0x14): undefined reference to `sgemm_'
collect2: error: ld returned 1 exit status
gmake[1]: *** [CMakeFiles/cmTC_f01fd.dir/build.make:99: cmTC_f01fd] Error 1
gmake[1]: Leaving directory '/home/kong/my_ws/build/slam_toolbox/CMakeFiles/CMakeTmp'
gmake: *** [Makefile:127: cmTC_f01fd/fast] Error 2



Determining if the function cheev_ exists failed with the following output:
Change Dir: /home/kong/my_ws/build/slam_toolbox/CMakeFiles/CMakeTmp

Run Build Command(s):/usr/bin/gmake -f Makefile cmTC_7bb5d/fast && /usr/bin/gmake  -f CMakeFiles/cmTC_7bb5d.dir/build.make CMakeFiles/cmTC_7bb5d.dir/build
gmake[1]: Entering directory '/home/kong/my_ws/build/slam_toolbox/CMakeFiles/CMakeTmp'
Building C object CMakeFiles/cmTC_7bb5d.dir/CheckFunctionExists.c.o
/usr/bin/cc   -DCHECK_FUNCTION_EXISTS=cheev_ -o CMakeFiles/cmTC_7bb5d.dir/CheckFunctionExists.c.o -c /usr/share/cmake-3.22/Modules/CheckFunctionExists.c
Linking C executable cmTC_7bb5d
/usr/bin/cmake -E cmake_link_script CMakeFiles/cmTC_7bb5d.dir/link.txt --verbose=1
/usr/bin/cc  -DCHECK_FUNCTION_EXISTS=cheev_ CMakeFiles/cmTC_7bb5d.dir/CheckFunctionExists.c.o -o cmTC_7bb5d  /usr/lib/x86_64-linux-gnu/libblas.so -lm -ldl 
/usr/bin/ld: CMakeFiles/cmTC_7bb5d.dir/CheckFunctionExists.c.o: in function `main':
CheckFunctionExists.c:(.text+0x14): undefined reference to `cheev_'
collect2: error: ld returned 1 exit status
gmake[1]: *** [CMakeFiles/cmTC_7bb5d.dir/build.make:100: cmTC_7bb5d] Error 1
gmake[1]: Leaving directory '/home/kong/my_ws/build/slam_toolbox/CMakeFiles/CMakeTmp'
gmake: *** [Makefile:127: cmTC_7bb5d/fast] Error 2



Determining if the function cheev_ exists failed with the following output:
Change Dir: /home/kong/my_ws/build/slam_toolbox/CMakeFiles/CMakeTmp

Run Build Command(s):/usr/bin/gmake -f Makefile cmTC_4bcee/fast && /usr/bin/gmake  -f CMakeFiles/cmTC_4bcee.dir/build.make CMakeFiles/cmTC_4bcee.dir/build
gmake[1]: Entering directory '/home/kong/my_ws/build/slam_toolbox/CMakeFiles/CMakeTmp'
Building C object CMakeFiles/cmTC_4bcee.dir/CheckFunctionExists.c.o
/usr/bin/cc   -DCHECK_FUNCTION_EXISTS=cheev_ -o CMakeFiles/cmTC_4bcee.dir/CheckFunctionExists.c.o -c /usr/share/cmake-3.22/Modules/CheckFunctionExists.c
Linking C executable cmTC_4bcee
/usr/bin/cmake -E cmake_link_script CMakeFiles/cmTC_4bcee.dir/link.txt --verbose=1
/usr/bin/cc  -DCHECK_FUNCTION_EXISTS=cheev_ CMakeFiles/cmTC_4bcee.dir/CheckFunctionExists.c.o -o cmTC_4bcee  /usr/lib/x86_64-linux-gnu/liblapack.so /usr/lib/x86_64-linux-gnu/libblas.so -fortranlibs 
cc: error: unrecognized command-line option ‘-fortranlibs’
gmake[1]: *** [CMakeFiles/cmTC_4bcee.dir/build.make:101: cmTC_4bcee] Error 1
gmake[1]: Leaving directory '/home/kong/my_ws/build/slam_toolbox/CMakeFiles/CMakeTmp'
gmake: *** [Makefile:127: cmTC_4bcee/fast] Error 2



