[0.553s] Invoking command in '/home/kong/my_ws/src/my_docking': PYTHONPATH=/home/kong/my_ws/build/my_docking/prefix_override:/home/kong/my_ws/install/my_docking/lib/python3.10/site-packages:${PYTHONPATH} /usr/bin/python3 -W ignore:setup.py install is deprecated setup.py egg_info --egg-base ../../build/my_docking build --build-base /home/kong/my_ws/build/my_docking/build install --record /home/kong/my_ws/build/my_docking/install.log --single-version-externally-managed install_data
[0.714s] running egg_info
[0.714s] writing ../../build/my_docking/my_docking.egg-info/PKG-INFO
[0.715s] writing dependency_links to ../../build/my_docking/my_docking.egg-info/dependency_links.txt
[0.715s] writing entry points to ../../build/my_docking/my_docking.egg-info/entry_points.txt
[0.715s] writing requirements to ../../build/my_docking/my_docking.egg-info/requires.txt
[0.715s] writing top-level names to ../../build/my_docking/my_docking.egg-info/top_level.txt
[0.716s] reading manifest file '../../build/my_docking/my_docking.egg-info/SOURCES.txt'
[0.717s] writing manifest file '../../build/my_docking/my_docking.egg-info/SOURCES.txt'
[0.717s] running build
[0.717s] running build_py
[0.717s] copying my_docking/docking.py -> /home/kong/my_ws/build/my_docking/build/lib/my_docking
[0.717s] running install
[0.717s] running install_lib
[0.718s] copying /home/kong/my_ws/build/my_docking/build/lib/my_docking/docking.py -> /home/kong/my_ws/install/my_docking/lib/python3.10/site-packages/my_docking
[0.718s] byte-compiling /home/kong/my_ws/install/my_docking/lib/python3.10/site-packages/my_docking/docking.py to docking.cpython-310.pyc
[0.719s] /home/kong/my_ws/install/my_docking/lib/python3.10/site-packages/my_docking/docking.py:129: SyntaxWarning: "is not" with a literal. Did you mean "!="?
[0.719s]   elif(angle_degrees >= 9.0 and self.prev_angle_degrees is not 0):
[0.719s] running install_data
[0.719s] running install_egg_info
[0.720s] removing '/home/kong/my_ws/install/my_docking/lib/python3.10/site-packages/my_docking-0.0.0-py3.10.egg-info' (and everything under it)
[0.721s] Copying ../../build/my_docking/my_docking.egg-info to /home/kong/my_ws/install/my_docking/lib/python3.10/site-packages/my_docking-0.0.0-py3.10.egg-info
[0.721s] running install_scripts
[0.736s] Installing docking script to /home/kong/my_ws/install/my_docking/lib/my_docking
[0.737s] writing list of installed files to '/home/kong/my_ws/build/my_docking/install.log'
[0.755s] Invoked command in '/home/kong/my_ws/src/my_docking' returned '0': PYTHONPATH=/home/kong/my_ws/build/my_docking/prefix_override:/home/kong/my_ws/install/my_docking/lib/python3.10/site-packages:${PYTHONPATH} /usr/bin/python3 -W ignore:setup.py install is deprecated setup.py egg_info --egg-base ../../build/my_docking build --build-base /home/kong/my_ws/build/my_docking/build install --record /home/kong/my_ws/build/my_docking/install.log --single-version-externally-managed install_data
