[0.012s] Invoking command in '/home/kong/my_ws/build/my_docking_cpp': CMAKE_PREFIX_PATH=${CMAKE_PREFIX_PATH}:/home/kong/my_ws/install/ros2_aruco:/home/kong/my_ws/install/nav2_simple_commander:/home/kong/my_ws/install/my_tf2_package:/home/kong/my_ws/install/my_docking:/home/kong/my_ws/install/my_aruco_to_goal_pose_pkg:/opt/ros/humble /usr/bin/cmake --build /home/kong/my_ws/build/my_docking_cpp -- -j8 -l8
[0.060s] [35m[1mConsolidate compiler generated dependencies of target docking[0m
[0.076s] [100%] Built target docking
[0.087s] Invoked command in '/home/kong/my_ws/build/my_docking_cpp' returned '0': CMAKE_PREFIX_PATH=${CMAKE_PREFIX_PATH}:/home/kong/my_ws/install/ros2_aruco:/home/kong/my_ws/install/nav2_simple_commander:/home/kong/my_ws/install/my_tf2_package:/home/kong/my_ws/install/my_docking:/home/kong/my_ws/install/my_aruco_to_goal_pose_pkg:/opt/ros/humble /usr/bin/cmake --build /home/kong/my_ws/build/my_docking_cpp -- -j8 -l8
[0.141s] Invoking command in '/home/kong/my_ws/build/my_docking_cpp': CMAKE_PREFIX_PATH=${CMAKE_PREFIX_PATH}:/home/kong/my_ws/install/ros2_aruco:/home/kong/my_ws/install/nav2_simple_commander:/home/kong/my_ws/install/my_tf2_package:/home/kong/my_ws/install/my_docking:/home/kong/my_ws/install/my_aruco_to_goal_pose_pkg:/opt/ros/humble /usr/bin/cmake --install /home/kong/my_ws/build/my_docking_cpp
[0.150s] -- Install configuration: ""
[0.150s] -- Up-to-date: /home/kong/my_ws/install/my_docking_cpp/lib/my_docking_cpp/docking
[0.150s] -- Up-to-date: /home/kong/my_ws/install/my_docking_cpp/share/ament_index/resource_index/package_run_dependencies/my_docking_cpp
[0.150s] -- Up-to-date: /home/kong/my_ws/install/my_docking_cpp/share/ament_index/resource_index/parent_prefix_path/my_docking_cpp
[0.151s] -- Up-to-date: /home/kong/my_ws/install/my_docking_cpp/share/my_docking_cpp/environment/ament_prefix_path.sh
[0.151s] -- Up-to-date: /home/kong/my_ws/install/my_docking_cpp/share/my_docking_cpp/environment/ament_prefix_path.dsv
[0.151s] -- Up-to-date: /home/kong/my_ws/install/my_docking_cpp/share/my_docking_cpp/environment/path.sh
[0.151s] -- Up-to-date: /home/kong/my_ws/install/my_docking_cpp/share/my_docking_cpp/environment/path.dsv
[0.151s] -- Up-to-date: /home/kong/my_ws/install/my_docking_cpp/share/my_docking_cpp/local_setup.bash
[0.151s] -- Up-to-date: /home/kong/my_ws/install/my_docking_cpp/share/my_docking_cpp/local_setup.sh
[0.151s] -- Up-to-date: /home/kong/my_ws/install/my_docking_cpp/share/my_docking_cpp/local_setup.zsh
[0.151s] -- Up-to-date: /home/kong/my_ws/install/my_docking_cpp/share/my_docking_cpp/local_setup.dsv
[0.151s] -- Installing: /home/kong/my_ws/install/my_docking_cpp/share/my_docking_cpp/package.dsv
[0.151s] -- Up-to-date: /home/kong/my_ws/install/my_docking_cpp/share/ament_index/resource_index/packages/my_docking_cpp
[0.151s] -- Up-to-date: /home/kong/my_ws/install/my_docking_cpp/share/my_docking_cpp/cmake/my_docking_cppConfig.cmake
[0.151s] -- Up-to-date: /home/kong/my_ws/install/my_docking_cpp/share/my_docking_cpp/cmake/my_docking_cppConfig-version.cmake
[0.151s] -- Up-to-date: /home/kong/my_ws/install/my_docking_cpp/share/my_docking_cpp/package.xml
[0.152s] Invoked command in '/home/kong/my_ws/build/my_docking_cpp' returned '0': CMAKE_PREFIX_PATH=${CMAKE_PREFIX_PATH}:/home/kong/my_ws/install/ros2_aruco:/home/kong/my_ws/install/nav2_simple_commander:/home/kong/my_ws/install/my_tf2_package:/home/kong/my_ws/install/my_docking:/home/kong/my_ws/install/my_aruco_to_goal_pose_pkg:/opt/ros/humble /usr/bin/cmake --install /home/kong/my_ws/build/my_docking_cpp
