[0.369s] Invoking command in '/home/kong/my_ws/build/my_bot_description': CMAKE_PREFIX_PATH=${CMAKE_PREFIX_PATH}:/home/kong/my_ws/install/ros2_aruco:/home/kong/my_ws/install/nav2_simple_commander:/home/kong/my_ws/install/my_tf2_package:/home/kong/my_ws/install/my_docking:/home/kong/my_ws/install/my_aruco_to_goal_pose_pkg:/opt/ros/humble /usr/bin/cmake --build /home/kong/my_ws/build/my_bot_description -- -j8 -l8
[0.628s] Invoked command in '/home/kong/my_ws/build/my_bot_description' returned '0': CMAKE_PREFIX_PATH=${CMAKE_PREFIX_PATH}:/home/kong/my_ws/install/ros2_aruco:/home/kong/my_ws/install/nav2_simple_commander:/home/kong/my_ws/install/my_tf2_package:/home/kong/my_ws/install/my_docking:/home/kong/my_ws/install/my_aruco_to_goal_pose_pkg:/opt/ros/humble /usr/bin/cmake --build /home/kong/my_ws/build/my_bot_description -- -j8 -l8
[0.689s] Invoking command in '/home/kong/my_ws/build/my_bot_description': CMAKE_PREFIX_PATH=${CMAKE_PREFIX_PATH}:/home/kong/my_ws/install/ros2_aruco:/home/kong/my_ws/install/nav2_simple_commander:/home/kong/my_ws/install/my_tf2_package:/home/kong/my_ws/install/my_docking:/home/kong/my_ws/install/my_aruco_to_goal_pose_pkg:/opt/ros/humble /usr/bin/cmake --install /home/kong/my_ws/build/my_bot_description
[0.702s] -- Install configuration: ""
[0.703s] -- Up-to-date: /home/kong/my_ws/install/my_bot_description/share/my_bot_description/urdf
[0.703s] -- Up-to-date: /home/kong/my_ws/install/my_bot_description/share/my_bot_description/urdf/diffbot.materials.xacro
[0.703s] -- Up-to-date: /home/kong/my_ws/install/my_bot_description/share/my_bot_description/urdf/diffbot_description.urdf.xacro
[0.703s] -- Up-to-date: /home/kong/my_ws/install/my_bot_description/share/my_bot_description/urdf/.vscode
[0.703s] -- Up-to-date: /home/kong/my_ws/install/my_bot_description/share/my_bot_description/urdf/.vscode/c_cpp_properties.json
[0.703s] -- Up-to-date: /home/kong/my_ws/install/my_bot_description/share/my_bot_description/urdf/.vscode/settings.json
[0.703s] -- Up-to-date: /home/kong/my_ws/install/my_bot_description/share/my_bot_description/rviz
[0.704s] -- Up-to-date: /home/kong/my_ws/install/my_bot_description/share/my_bot_description/rviz/diffbot.rviz
[0.704s] -- Up-to-date: /home/kong/my_ws/install/my_bot_description/share/my_bot_description/rviz/diffbot_view.rviz
[0.704s] -- Up-to-date: /home/kong/my_ws/install/my_bot_description/share/ament_index/resource_index/package_run_dependencies/my_bot_description
[0.704s] -- Up-to-date: /home/kong/my_ws/install/my_bot_description/share/ament_index/resource_index/parent_prefix_path/my_bot_description
[0.704s] -- Up-to-date: /home/kong/my_ws/install/my_bot_description/share/my_bot_description/environment/ament_prefix_path.sh
[0.704s] -- Up-to-date: /home/kong/my_ws/install/my_bot_description/share/my_bot_description/environment/ament_prefix_path.dsv
[0.704s] -- Up-to-date: /home/kong/my_ws/install/my_bot_description/share/my_bot_description/environment/path.sh
[0.705s] -- Up-to-date: /home/kong/my_ws/install/my_bot_description/share/my_bot_description/environment/path.dsv
[0.705s] -- Up-to-date: /home/kong/my_ws/install/my_bot_description/share/my_bot_description/local_setup.bash
[0.705s] -- Up-to-date: /home/kong/my_ws/install/my_bot_description/share/my_bot_description/local_setup.sh
[0.705s] -- Up-to-date: /home/kong/my_ws/install/my_bot_description/share/my_bot_description/local_setup.zsh
[0.706s] -- Up-to-date: /home/kong/my_ws/install/my_bot_description/share/my_bot_description/local_setup.dsv
[0.706s] -- Up-to-date: /home/kong/my_ws/install/my_bot_description/share/my_bot_description/package.dsv
[0.706s] -- Up-to-date: /home/kong/my_ws/install/my_bot_description/share/ament_index/resource_index/packages/my_bot_description
[0.707s] -- Up-to-date: /home/kong/my_ws/install/my_bot_description/share/my_bot_description/cmake/my_bot_descriptionConfig.cmake
[0.707s] -- Up-to-date: /home/kong/my_ws/install/my_bot_description/share/my_bot_description/cmake/my_bot_descriptionConfig-version.cmake
[0.710s] -- Up-to-date: /home/kong/my_ws/install/my_bot_description/share/my_bot_description/package.xml
[0.726s] Invoked command in '/home/kong/my_ws/build/my_bot_description' returned '0': CMAKE_PREFIX_PATH=${CMAKE_PREFIX_PATH}:/home/kong/my_ws/install/ros2_aruco:/home/kong/my_ws/install/nav2_simple_commander:/home/kong/my_ws/install/my_tf2_package:/home/kong/my_ws/install/my_docking:/home/kong/my_ws/install/my_aruco_to_goal_pose_pkg:/opt/ros/humble /usr/bin/cmake --install /home/kong/my_ws/build/my_bot_description
