[1.255s] Invoking command in '/home/kong/my_ws/src/my_docking': PYTHONPATH=/home/kong/my_ws/build/my_docking/prefix_override:/home/kong/my_ws/install/my_docking/lib/python3.10/site-packages:${PYTHONPATH} /usr/bin/python3 -W ignore:setup.py install is deprecated setup.py egg_info --egg-base ../../build/my_docking build --build-base /home/kong/my_ws/build/my_docking/build install --record /home/kong/my_ws/build/my_docking/install.log --single-version-externally-managed install_data
[1.556s] running egg_info
[1.557s] creating ../../build/my_docking/my_docking.egg-info
[1.557s] writing ../../build/my_docking/my_docking.egg-info/PKG-INFO
[1.557s] writing dependency_links to ../../build/my_docking/my_docking.egg-info/dependency_links.txt
[1.558s] writing entry points to ../../build/my_docking/my_docking.egg-info/entry_points.txt
[1.558s] writing requirements to ../../build/my_docking/my_docking.egg-info/requires.txt
[1.558s] writing top-level names to ../../build/my_docking/my_docking.egg-info/top_level.txt
[1.559s] writing manifest file '../../build/my_docking/my_docking.egg-info/SOURCES.txt'
[1.560s] reading manifest file '../../build/my_docking/my_docking.egg-info/SOURCES.txt'
[1.561s] writing manifest file '../../build/my_docking/my_docking.egg-info/SOURCES.txt'
[1.561s] running build
[1.561s] running build_py
[1.561s] creating /home/kong/my_ws/build/my_docking/build
[1.561s] creating /home/kong/my_ws/build/my_docking/build/lib
[1.562s] creating /home/kong/my_ws/build/my_docking/build/lib/my_docking
[1.562s] copying my_docking/docking.py -> /home/kong/my_ws/build/my_docking/build/lib/my_docking
[1.562s] copying my_docking/__init__.py -> /home/kong/my_ws/build/my_docking/build/lib/my_docking
[1.562s] running install
[1.562s] running install_lib
[1.563s] creating /home/kong/my_ws/install/my_docking/lib/python3.10/site-packages/my_docking
[1.563s] copying /home/kong/my_ws/build/my_docking/build/lib/my_docking/docking.py -> /home/kong/my_ws/install/my_docking/lib/python3.10/site-packages/my_docking
[1.563s] copying /home/kong/my_ws/build/my_docking/build/lib/my_docking/__init__.py -> /home/kong/my_ws/install/my_docking/lib/python3.10/site-packages/my_docking
[1.564s] byte-compiling /home/kong/my_ws/install/my_docking/lib/python3.10/site-packages/my_docking/docking.py to docking.cpython-310.pyc
[1.565s] byte-compiling /home/kong/my_ws/install/my_docking/lib/python3.10/site-packages/my_docking/__init__.py to __init__.cpython-310.pyc
[1.565s] running install_data
[1.565s] creating /home/kong/my_ws/install/my_docking/share/ament_index
[1.565s] creating /home/kong/my_ws/install/my_docking/share/ament_index/resource_index
[1.565s] creating /home/kong/my_ws/install/my_docking/share/ament_index/resource_index/packages
[1.565s] copying resource/my_docking -> /home/kong/my_ws/install/my_docking/share/ament_index/resource_index/packages
[1.565s] copying package.xml -> /home/kong/my_ws/install/my_docking/share/my_docking
[1.565s] running install_egg_info
[1.567s] Copying ../../build/my_docking/my_docking.egg-info to /home/kong/my_ws/install/my_docking/lib/python3.10/site-packages/my_docking-0.0.0-py3.10.egg-info
[1.568s] running install_scripts
[1.586s] Installing docking script to /home/kong/my_ws/install/my_docking/lib/my_docking
[1.586s] writing list of installed files to '/home/kong/my_ws/build/my_docking/install.log'
[1.640s] Invoked command in '/home/kong/my_ws/src/my_docking' returned '0': PYTHONPATH=/home/kong/my_ws/build/my_docking/prefix_override:/home/kong/my_ws/install/my_docking/lib/python3.10/site-packages:${PYTHONPATH} /usr/bin/python3 -W ignore:setup.py install is deprecated setup.py egg_info --egg-base ../../build/my_docking build --build-base /home/kong/my_ws/build/my_docking/build install --record /home/kong/my_ws/build/my_docking/install.log --single-version-externally-managed install_data
