[0.029s] Invoking command in '/home/kong/my_ws/build/odrive_hardware_interface': CMAKE_PREFIX_PATH=${CMAKE_PREFIX_PATH}:/home/kong/install/ros2_aruco:/home/kong/install/my_tf2_package:/home/kong/install/my_docking:/home/kong/install/my_aruco_to_goal_pose_pkg:/home/kong/my_ws/install/ros2_aruco:/home/kong/my_ws/install/nav2_simple_commander:/home/kong/my_ws/install/my_tf2_package:/home/kong/my_ws/install/my_docking:/home/kong/my_ws/install/my_aruco_to_goal_pose_pkg:/opt/ros/humble /usr/bin/cmake /home/kong/my_ws/src/odrive_ros2_control/odrive_hardware_interface -DCMAKE_INSTALL_PREFIX=/home/kong/my_ws/install/odrive_hardware_interface
[0.318s] -- The C compiler identification is GNU 11.4.0
[0.318s] -- The CXX compiler identification is GNU 11.4.0
[0.318s] -- Detecting C compiler ABI info
[0.318s] -- Detecting C compiler ABI info - done
[0.318s] -- Check for working C compiler: /usr/bin/cc - skipped
[0.318s] -- Detecting C compile features
[0.319s] -- Detecting C compile features - done
[0.319s] -- Detecting CXX compiler ABI info
[0.385s] -- Detecting CXX compiler ABI info - done
[0.396s] -- Check for working CXX compiler: /usr/bin/c++ - skipped
[0.397s] -- Detecting CXX compile features
[0.397s] -- Detecting CXX compile features - done
[0.401s] -- Found ament_cmake_auto: 1.3.8 (/opt/ros/humble/share/ament_cmake_auto/cmake)
[0.626s] -- Found Python3: /usr/bin/python3 (found version "3.10.12") found components: Interpreter 
[0.966s] -- Found rosidl_generator_c: 3.1.5 (/opt/ros/humble/share/rosidl_generator_c/cmake)
[0.976s] -- Found rosidl_adapter: 3.1.5 (/opt/ros/humble/share/rosidl_adapter/cmake)
[0.990s] -- Found rosidl_generator_cpp: 3.1.5 (/opt/ros/humble/share/rosidl_generator_cpp/cmake)
[1.019s] -- Using all available rosidl_typesupport_c: rosidl_typesupport_fastrtps_c;rosidl_typesupport_introspection_c
[1.055s] -- Using all available rosidl_typesupport_cpp: rosidl_typesupport_fastrtps_cpp;rosidl_typesupport_introspection_cpp
[1.983s] -- Found rmw_implementation_cmake: 6.1.1 (/opt/ros/humble/share/rmw_implementation_cmake/cmake)
[1.993s] -- Found rmw_fastrtps_cpp: 6.2.6 (/opt/ros/humble/share/rmw_fastrtps_cpp/cmake)
[2.057s] -- Found TinyXML2 via Config file: TinyXML2_DIR-NOTFOUND
[2.192s] -- Found OpenSSL: /usr/lib/x86_64-linux-gnu/libcrypto.so (found version "3.0.2")  
[2.194s] -- Found TinyXML2 via Config file: TinyXML2_DIR-NOTFOUND
[2.223s] -- Found FastRTPS: /opt/ros/humble/include  
[2.235s] -- Found TinyXML2 via Config file: TinyXML2_DIR-NOTFOUND
[2.249s] -- Found TinyXML2 via Config file: TinyXML2_DIR-NOTFOUND
[2.263s] -- Using RMW implementation 'rmw_fastrtps_cpp' as default
[2.280s] -- Looking for pthread.h
[2.386s] -- Looking for pthread.h - found
[2.386s] -- Performing Test CMAKE_HAVE_LIBC_PTHREAD
[2.492s] -- Performing Test CMAKE_HAVE_LIBC_PTHREAD - Success
[2.493s] -- Found Threads: TRUE  
[2.676s] -- Found PkgConfig: /usr/bin/pkg-config (found version "0.29.2") 
[2.676s] -- Checking for one of the modules 'libusb-1.0'
[3.025s] -- Found ament_lint_auto: 0.12.10 (/opt/ros/humble/share/ament_lint_auto/cmake)
[3.074s] -- Added test 'copyright' to check source files copyright and LICENSE
[3.076s] -- Added test 'cppcheck' to perform static code analysis on C / C++ code
[3.077s] -- Configured cppcheck include dirs: /home/kong/my_ws/src/odrive_ros2_control/odrive_hardware_interface/include
[3.077s] -- Configured cppcheck exclude dirs and/or files: 
[3.079s] -- Added test 'cpplint' to check C / C++ code against the Google style
[3.079s] -- Configured cpplint exclude dirs and/or files: 
[3.081s] -- Added test 'lint_cmake' to check CMake code style
[3.085s] -- Added test 'uncrustify' to check C / C++ code style
[3.085s] -- Configured uncrustify additional arguments: 
[3.086s] -- Added test 'xmllint' to check XML markup files
[3.091s] -- Configuring done
[3.138s] -- Generating done
[3.140s] -- Build files have been written to: /home/kong/my_ws/build/odrive_hardware_interface
[3.271s] Invoked command in '/home/kong/my_ws/build/odrive_hardware_interface' returned '0': CMAKE_PREFIX_PATH=${CMAKE_PREFIX_PATH}:/home/kong/install/ros2_aruco:/home/kong/install/my_tf2_package:/home/kong/install/my_docking:/home/kong/install/my_aruco_to_goal_pose_pkg:/home/kong/my_ws/install/ros2_aruco:/home/kong/my_ws/install/nav2_simple_commander:/home/kong/my_ws/install/my_tf2_package:/home/kong/my_ws/install/my_docking:/home/kong/my_ws/install/my_aruco_to_goal_pose_pkg:/opt/ros/humble /usr/bin/cmake /home/kong/my_ws/src/odrive_ros2_control/odrive_hardware_interface -DCMAKE_INSTALL_PREFIX=/home/kong/my_ws/install/odrive_hardware_interface
[3.272s] Invoking command in '/home/kong/my_ws/build/odrive_hardware_interface': CMAKE_PREFIX_PATH=${CMAKE_PREFIX_PATH}:/home/kong/install/ros2_aruco:/home/kong/install/my_tf2_package:/home/kong/install/my_docking:/home/kong/install/my_aruco_to_goal_pose_pkg:/home/kong/my_ws/install/ros2_aruco:/home/kong/my_ws/install/nav2_simple_commander:/home/kong/my_ws/install/my_tf2_package:/home/kong/my_ws/install/my_docking:/home/kong/my_ws/install/my_aruco_to_goal_pose_pkg:/opt/ros/humble /usr/bin/cmake --build /home/kong/my_ws/build/odrive_hardware_interface -- -j8 -l8
[3.415s] [ 25%] [32mBuilding CXX object CMakeFiles/odrive_usb.dir/src/odrive_usb.cpp.o[0m
[5.256s] [ 50%] [32m[1mLinking CXX shared library libodrive_usb.so[0m
[5.987s] [ 50%] Built target odrive_usb
[6.199s] [ 75%] [32mBuilding CXX object CMakeFiles/odrive_hardware_interface.dir/src/odrive_hardware_interface.cpp.o[0m
[15.101s] [100%] [32m[1mLinking CXX shared library libodrive_hardware_interface.so[0m
[15.369s] [100%] Built target odrive_hardware_interface
[15.385s] Invoked command in '/home/kong/my_ws/build/odrive_hardware_interface' returned '0': CMAKE_PREFIX_PATH=${CMAKE_PREFIX_PATH}:/home/kong/install/ros2_aruco:/home/kong/install/my_tf2_package:/home/kong/install/my_docking:/home/kong/install/my_aruco_to_goal_pose_pkg:/home/kong/my_ws/install/ros2_aruco:/home/kong/my_ws/install/nav2_simple_commander:/home/kong/my_ws/install/my_tf2_package:/home/kong/my_ws/install/my_docking:/home/kong/my_ws/install/my_aruco_to_goal_pose_pkg:/opt/ros/humble /usr/bin/cmake --build /home/kong/my_ws/build/odrive_hardware_interface -- -j8 -l8
[15.510s] Invoking command in '/home/kong/my_ws/build/odrive_hardware_interface': CMAKE_PREFIX_PATH=${CMAKE_PREFIX_PATH}:/home/kong/install/ros2_aruco:/home/kong/install/my_tf2_package:/home/kong/install/my_docking:/home/kong/install/my_aruco_to_goal_pose_pkg:/home/kong/my_ws/install/ros2_aruco:/home/kong/my_ws/install/nav2_simple_commander:/home/kong/my_ws/install/my_tf2_package:/home/kong/my_ws/install/my_docking:/home/kong/my_ws/install/my_aruco_to_goal_pose_pkg:/opt/ros/humble /usr/bin/cmake --install /home/kong/my_ws/build/odrive_hardware_interface
[15.596s] -- Install configuration: ""
[15.596s] -- Installing: /home/kong/my_ws/install/odrive_hardware_interface/share/odrive_hardware_interface/odrive_hardware_interface.xml
[15.596s] -- Installing: /home/kong/my_ws/install/odrive_hardware_interface/include
[15.596s] -- Installing: /home/kong/my_ws/install/odrive_hardware_interface/include/odrive_hardware_interface
[15.596s] -- Installing: /home/kong/my_ws/install/odrive_hardware_interface/include/odrive_hardware_interface/odrive_endpoints.hpp
[15.596s] -- Installing: /home/kong/my_ws/install/odrive_hardware_interface/include/odrive_hardware_interface/odrive_hardware_interface.hpp
[15.596s] -- Installing: /home/kong/my_ws/install/odrive_hardware_interface/include/odrive_hardware_interface/odrive_usb.hpp
[15.596s] -- Installing: /home/kong/my_ws/install/odrive_hardware_interface/include/odrive_hardware_interface/visibility_control.hpp
[15.596s] -- Installing: /home/kong/my_ws/install/odrive_hardware_interface/share/odrive_hardware_interface/environment/library_path.sh
[15.596s] -- Installing: /home/kong/my_ws/install/odrive_hardware_interface/share/odrive_hardware_interface/environment/library_path.dsv
[15.597s] -- Installing: /home/kong/my_ws/install/odrive_hardware_interface/lib/libodrive_usb.so
[15.597s] -- Set runtime path of "/home/kong/my_ws/install/odrive_hardware_interface/lib/libodrive_usb.so" to ""
[15.597s] -- Installing: /home/kong/my_ws/install/odrive_hardware_interface/lib/libodrive_hardware_interface.so
[15.597s] -- Set runtime path of "/home/kong/my_ws/install/odrive_hardware_interface/lib/libodrive_hardware_interface.so" to ""
[15.597s] -- Installing: /home/kong/my_ws/install/odrive_hardware_interface/share/ament_index/resource_index/package_run_dependencies/odrive_hardware_interface
[15.597s] -- Installing: /home/kong/my_ws/install/odrive_hardware_interface/share/ament_index/resource_index/parent_prefix_path/odrive_hardware_interface
[15.597s] -- Installing: /home/kong/my_ws/install/odrive_hardware_interface/share/odrive_hardware_interface/environment/ament_prefix_path.sh
[15.597s] -- Installing: /home/kong/my_ws/install/odrive_hardware_interface/share/odrive_hardware_interface/environment/ament_prefix_path.dsv
[15.597s] -- Installing: /home/kong/my_ws/install/odrive_hardware_interface/share/odrive_hardware_interface/environment/path.sh
[15.597s] -- Installing: /home/kong/my_ws/install/odrive_hardware_interface/share/odrive_hardware_interface/environment/path.dsv
[15.597s] -- Installing: /home/kong/my_ws/install/odrive_hardware_interface/share/odrive_hardware_interface/local_setup.bash
[15.597s] -- Installing: /home/kong/my_ws/install/odrive_hardware_interface/share/odrive_hardware_interface/local_setup.sh
[15.597s] -- Installing: /home/kong/my_ws/install/odrive_hardware_interface/share/odrive_hardware_interface/local_setup.zsh
[15.597s] -- Installing: /home/kong/my_ws/install/odrive_hardware_interface/share/odrive_hardware_interface/local_setup.dsv
[15.597s] -- Installing: /home/kong/my_ws/install/odrive_hardware_interface/share/odrive_hardware_interface/package.dsv
[15.598s] -- Installing: /home/kong/my_ws/install/odrive_hardware_interface/share/ament_index/resource_index/packages/odrive_hardware_interface
[15.598s] -- Installing: /home/kong/my_ws/install/odrive_hardware_interface/share/ament_index/resource_index/hardware_interface__pluginlib__plugin/odrive_hardware_interface
[15.598s] -- Installing: /home/kong/my_ws/install/odrive_hardware_interface/share/odrive_hardware_interface/cmake/ament_cmake_export_dependencies-extras.cmake
[15.598s] -- Installing: /home/kong/my_ws/install/odrive_hardware_interface/share/odrive_hardware_interface/cmake/ament_cmake_export_include_directories-extras.cmake
[15.598s] -- Installing: /home/kong/my_ws/install/odrive_hardware_interface/share/odrive_hardware_interface/cmake/ament_cmake_export_libraries-extras.cmake
[15.598s] -- Installing: /home/kong/my_ws/install/odrive_hardware_interface/share/odrive_hardware_interface/cmake/odrive_hardware_interfaceConfig.cmake
[15.598s] -- Installing: /home/kong/my_ws/install/odrive_hardware_interface/share/odrive_hardware_interface/cmake/odrive_hardware_interfaceConfig-version.cmake
[15.598s] -- Installing: /home/kong/my_ws/install/odrive_hardware_interface/share/odrive_hardware_interface/package.xml
[15.598s] Invoked command in '/home/kong/my_ws/build/odrive_hardware_interface' returned '0': CMAKE_PREFIX_PATH=${CMAKE_PREFIX_PATH}:/home/kong/install/ros2_aruco:/home/kong/install/my_tf2_package:/home/kong/install/my_docking:/home/kong/install/my_aruco_to_goal_pose_pkg:/home/kong/my_ws/install/ros2_aruco:/home/kong/my_ws/install/nav2_simple_commander:/home/kong/my_ws/install/my_tf2_package:/home/kong/my_ws/install/my_docking:/home/kong/my_ws/install/my_aruco_to_goal_pose_pkg:/opt/ros/humble /usr/bin/cmake --install /home/kong/my_ws/build/odrive_hardware_interface
