[0.036s] Invoking command in '/home/kong/my_ws/build/nav2_behavior_tree': CMAKE_PREFIX_PATH=/home/kong/my_ws/install/nav2_util:/home/kong/my_ws/install/nav2_msgs:/home/kong/my_ws/install/nav2_common:/home/kong/install/ydlidar_ros2_driver:/home/kong/install/usb_cam:/home/kong/install/teleop_twist_joy:/home/kong/install/ros2_aruco_interfaces:/home/kong/install/realsense2_description:/home/kong/install/realsense2_camera_msgs:/home/kong/install/odrive_ros2_control:/home/kong/install/odrive_hardware_interface:/home/kong/install/odrive_demo_bringup:/home/kong/install/odrive_demo_description:/home/kong/install/dwb_msgs:/home/kong/install/nav_2d_msgs:/home/kong/install/nav2_voxel_grid:/home/kong/install/nav2_common:/home/kong/install/my_slam_package:/home/kong/install/my_bot_description:/home/kong/my_ws/install/ydlidar_ros2_driver:/home/kong/my_ws/install/usb_cam:/home/kong/my_ws/install/teleop_twist_joy:/home/kong/my_ws/install/nav2_system_tests:/home/kong/my_ws/install/nav2_bringup:/home/kong/my_ws/install/slam_toolbox:/home/kong/my_ws/install/ros2_aruco_interfaces:/home/kong/my_ws/install/realsense2_description:/home/kong/my_ws/install/realsense2_camera:/home/kong/my_ws/install/realsense2_camera_msgs:/home/kong/my_ws/install/odrive_ros2_control:/home/kong/my_ws/install/odrive_hardware_interface:/home/kong/my_ws/install/odrive_demo_bringup:/home/kong/my_ws/install/odrive_demo_description:/home/kong/my_ws/install/navigation2:/home/kong/my_ws/install/nav2_smoother:/home/kong/my_ws/install/nav2_graceful_controller:/home/kong/my_ws/install/nav2_dwb_controller:/home/kong/my_ws/install/nav2_controller:/home/kong/my_ws/install/dwb_plugins:/home/kong/my_ws/install/dwb_critics:/home/kong/my_ws/install/dwb_core:/home/kong/my_ws/install/nav_2d_utils:/home/kong/my_ws/install/dwb_msgs:/home/kong/my_ws/install/nav_2d_msgs:/home/kong/my_ws/install/nav2_waypoint_follower:/home/kong/my_ws/install/nav2_theta_star_planner:/home/kong/my_ws/install/nav2_smac_planner:/home/kong/my_ws/install/nav2_rotation_shim_controller:/home/kong/my_ws/install/nav2_regulated_pure_pursuit_controller:/home/kong/my_ws/install/nav2_planner:/home/kong/my_ws/install/nav2_navfn_planner:/home/kong/my_ws/install/nav2_mppi_controller:/home/kong/my_ws/install/nav2_constrained_smoother:/home/kong/my_ws/install/nav2_bt_navigator:/home/kong/my_ws/install/nav2_behaviors:/home/kong/my_ws/install/nav2_core:/home/kong/my_ws/install/nav2_collision_monitor:/home/kong/my_ws/install/costmap_queue:/home/kong/my_ws/install/nav2_costmap_2d:/home/kong/my_ws/install/nav2_voxel_grid:/home/kong/my_ws/install/nav2_velocity_smoother:/home/kong/my_ws/install/nav2_rviz_plugins:/home/kong/my_ws/install/nav2_map_server:/home/kong/my_ws/install/nav2_lifecycle_manager:/home/kong/my_ws/install/nav2_behavior_tree:/home/kong/my_ws/install/nav2_amcl:/home/kong/my_ws/install/my_slam_package:/home/kong/my_ws/install/my_bot_description:/home/kong/install/ros2_aruco:/home/kong/install/my_tf2_package:/home/kong/install/my_docking:/home/kong/install/my_aruco_to_goal_pose_pkg:/home/kong/my_ws/install/ros2_aruco:/home/kong/my_ws/install/nav2_simple_commander:/home/kong/my_ws/install/my_tf2_package:/home/kong/my_ws/install/my_docking:/home/kong/my_ws/install/my_aruco_to_goal_pose_pkg:/opt/ros/humble LD_LIBRARY_PATH=/home/kong/my_ws/install/nav2_util/lib:/home/kong/my_ws/install/nav2_msgs/lib:/home/kong/install/usb_cam/lib:/home/kong/install/teleop_twist_joy/lib:/home/kong/install/ros2_aruco_interfaces/lib:/home/kong/install/realsense2_camera_msgs/lib:/home/kong/install/odrive_hardware_interface/lib:/home/kong/install/dwb_msgs/lib:/home/kong/install/nav_2d_msgs/lib:/home/kong/install/nav2_voxel_grid/lib:/home/kong/my_ws/install/usb_cam/lib:/home/kong/my_ws/install/teleop_twist_joy/lib:/home/kong/my_ws/install/slam_toolbox/lib:/home/kong/my_ws/install/ros2_aruco_interfaces/lib:/home/kong/my_ws/install/realsense2_camera/lib:/home/kong/my_ws/install/realsense2_camera_msgs/lib:/home/kong/my_ws/install/odrive_hardware_interface/lib:/home/kong/my_ws/install/nav2_smoother/lib:/home/kong/my_ws/install/nav2_graceful_controller/lib:/home/kong/my_ws/install/nav2_controller/lib:/home/kong/my_ws/install/dwb_plugins/lib:/home/kong/my_ws/install/dwb_critics/lib:/home/kong/my_ws/install/dwb_core/lib:/home/kong/my_ws/install/nav_2d_utils/lib:/home/kong/my_ws/install/dwb_msgs/lib:/home/kong/my_ws/install/nav_2d_msgs/lib:/home/kong/my_ws/install/nav2_waypoint_follower/lib:/home/kong/my_ws/install/nav2_theta_star_planner/lib:/home/kong/my_ws/install/nav2_smac_planner/lib:/home/kong/my_ws/install/nav2_rotation_shim_controller/lib:/home/kong/my_ws/install/nav2_regulated_pure_pursuit_controller/lib:/home/kong/my_ws/install/nav2_planner/lib:/home/kong/my_ws/install/nav2_navfn_planner/lib:/home/kong/my_ws/install/nav2_mppi_controller/lib:/home/kong/my_ws/install/nav2_constrained_smoother/lib:/home/kong/my_ws/install/nav2_bt_navigator/lib:/home/kong/my_ws/install/nav2_behaviors/lib:/home/kong/my_ws/install/nav2_collision_monitor/lib:/home/kong/my_ws/install/costmap_queue/lib:/home/kong/my_ws/install/nav2_costmap_2d/lib:/home/kong/my_ws/install/nav2_voxel_grid/lib:/home/kong/my_ws/install/nav2_velocity_smoother/lib:/home/kong/my_ws/install/nav2_rviz_plugins/lib:/home/kong/my_ws/install/nav2_map_server/lib:/home/kong/my_ws/install/nav2_lifecycle_manager/lib:/home/kong/my_ws/install/nav2_behavior_tree/lib:/home/kong/my_ws/install/nav2_amcl/lib:/usr/lib/x86_64-linux-gnu/gazebo-11/plugins:/opt/ros/humble/opt/rviz_ogre_vendor/lib:/opt/ros/humble/lib/x86_64-linux-gnu:/opt/ros/humble/lib /usr/bin/cmake /home/kong/my_ws/src/navigation2/nav2_behavior_tree -DCMAKE_INSTALL_PREFIX=/home/kong/my_ws/install/nav2_behavior_tree
[0.130s] -- The CXX compiler identification is GNU 11.4.0
[0.139s] -- Detecting CXX compiler ABI info
[0.264s] -- Detecting CXX compiler ABI info - done
[0.270s] -- Check for working CXX compiler: /usr/bin/c++ - skipped
[0.270s] -- Detecting CXX compile features
[0.270s] -- Detecting CXX compile features - done
[0.276s] -- Found ament_cmake: 1.3.8 (/opt/ros/humble/share/ament_cmake/cmake)
[0.536s] -- Found Python3: /usr/bin/python3 (found version "3.10.12") found components: Interpreter 
[0.728s] -- Found nav2_common: 1.1.14 (/home/kong/my_ws/install/nav2_common/share/nav2_common/cmake)
[0.735s] -- Found rclcpp: 16.0.8 (/opt/ros/humble/share/rclcpp/cmake)
[0.827s] -- Found rosidl_generator_c: 3.1.5 (/opt/ros/humble/share/rosidl_generator_c/cmake)
[0.840s] -- Found rosidl_adapter: 3.1.5 (/opt/ros/humble/share/rosidl_adapter/cmake)
[0.860s] -- Found rosidl_generator_cpp: 3.1.5 (/opt/ros/humble/share/rosidl_generator_cpp/cmake)
[0.893s] -- Using all available rosidl_typesupport_c: rosidl_typesupport_fastrtps_c;rosidl_typesupport_introspection_c
[0.934s] -- Using all available rosidl_typesupport_cpp: rosidl_typesupport_fastrtps_cpp;rosidl_typesupport_introspection_cpp
[1.035s] -- Found rmw_implementation_cmake: 6.1.1 (/opt/ros/humble/share/rmw_implementation_cmake/cmake)
[1.043s] -- Found rmw_fastrtps_cpp: 6.2.6 (/opt/ros/humble/share/rmw_fastrtps_cpp/cmake)
[1.265s] -- Found OpenSSL: /usr/lib/x86_64-linux-gnu/libcrypto.so (found version "3.0.2")  
[1.301s] -- Found FastRTPS: /opt/ros/humble/include  
[1.366s] -- Using RMW implementation 'rmw_fastrtps_cpp' as default
[1.396s] -- Looking for C++ include pthread.h
[1.507s] -- Looking for C++ include pthread.h - found
[1.507s] -- Performing Test CMAKE_HAVE_LIBC_PTHREAD
[1.627s] -- Performing Test CMAKE_HAVE_LIBC_PTHREAD - Success
[1.628s] -- Found Threads: TRUE  
[1.838s] -- Found rclcpp_action: 16.0.8 (/opt/ros/humble/share/rclcpp_action/cmake)
[1.941s] -- Found rclcpp_lifecycle: 16.0.8 (/opt/ros/humble/share/rclcpp_lifecycle/cmake)
[1.988s] -- Found geometry_msgs: 4.2.3 (/opt/ros/humble/share/geometry_msgs/cmake)
[2.031s] -- Found sensor_msgs: 4.2.3 (/opt/ros/humble/share/sensor_msgs/cmake)
[2.116s] -- Found nav2_msgs: 1.1.14 (/home/kong/my_ws/install/nav2_msgs/share/nav2_msgs/cmake)
[2.446s] -- Found tf2_ros: 0.25.6 (/opt/ros/humble/share/tf2_ros/cmake)
[2.830s] -- Found tf2_geometry_msgs: 0.25.6 (/opt/ros/humble/share/tf2_geometry_msgs/cmake)
[2.864s] -- Found eigen3_cmake_module: 0.1.1 (/opt/ros/humble/share/eigen3_cmake_module/cmake)
[2.866s] -- Found Eigen3: TRUE (found version "3.4.0") 
[2.866s] -- Ensuring Eigen3 include directory is part of orocos-kdl CMake target
[2.884s] -- Found std_srvs: 4.2.3 (/opt/ros/humble/share/std_srvs/cmake)
[2.907s] -- Found nav2_util: 1.1.14 (/home/kong/my_ws/install/nav2_util/share/nav2_util/cmake)
[3.224s] -- Setting build type to Release as none was specified.
[47.625s] -- Found ament_lint_auto: 0.12.10 (/opt/ros/humble/share/ament_lint_auto/cmake)
[47.808s] -- Found gtest sources under '/opt/ros/humble/src/gtest_vendor': C++ tests using 'Google Test' will be built
[47.849s] -- The C compiler identification is GNU 11.4.0
[47.857s] -- Detecting C compiler ABI info
[47.938s] -- Detecting C compiler ABI info - done
[47.944s] -- Check for working C compiler: /usr/bin/cc - skipped
[47.944s] -- Detecting C compile features
[47.945s] -- Detecting C compile features - done
[79.036s] -- Added test 'copyright' to check source files copyright and LICENSE
[79.056s] -- Added test 'cppcheck' to perform static code analysis on C / C++ code
[79.072s] -- Configured cppcheck include dirs: /home/kong/my_ws/src/navigation2/nav2_behavior_tree/include
[79.073s] -- Configured cppcheck exclude dirs and/or files: 
[79.083s] -- Added test 'cpplint' to check C / C++ code against the Google style
[79.083s] -- Configured cpplint exclude dirs and/or files: 
[79.088s] -- Added test 'lint_cmake' to check CMake code style
[79.100s] -- Added test 'uncrustify' to check C / C++ code style
[79.100s] -- Configured uncrustify additional arguments: 
[79.103s] -- Added test 'xmllint' to check XML markup files
[79.110s] -- Configuring done
[81.405s] -- Generating done
[81.414s] -- Build files have been written to: /home/kong/my_ws/build/nav2_behavior_tree
[81.446s] Invoked command in '/home/kong/my_ws/build/nav2_behavior_tree' returned '0': CMAKE_PREFIX_PATH=/home/kong/my_ws/install/nav2_util:/home/kong/my_ws/install/nav2_msgs:/home/kong/my_ws/install/nav2_common:/home/kong/install/ydlidar_ros2_driver:/home/kong/install/usb_cam:/home/kong/install/teleop_twist_joy:/home/kong/install/ros2_aruco_interfaces:/home/kong/install/realsense2_description:/home/kong/install/realsense2_camera_msgs:/home/kong/install/odrive_ros2_control:/home/kong/install/odrive_hardware_interface:/home/kong/install/odrive_demo_bringup:/home/kong/install/odrive_demo_description:/home/kong/install/dwb_msgs:/home/kong/install/nav_2d_msgs:/home/kong/install/nav2_voxel_grid:/home/kong/install/nav2_common:/home/kong/install/my_slam_package:/home/kong/install/my_bot_description:/home/kong/my_ws/install/ydlidar_ros2_driver:/home/kong/my_ws/install/usb_cam:/home/kong/my_ws/install/teleop_twist_joy:/home/kong/my_ws/install/nav2_system_tests:/home/kong/my_ws/install/nav2_bringup:/home/kong/my_ws/install/slam_toolbox:/home/kong/my_ws/install/ros2_aruco_interfaces:/home/kong/my_ws/install/realsense2_description:/home/kong/my_ws/install/realsense2_camera:/home/kong/my_ws/install/realsense2_camera_msgs:/home/kong/my_ws/install/odrive_ros2_control:/home/kong/my_ws/install/odrive_hardware_interface:/home/kong/my_ws/install/odrive_demo_bringup:/home/kong/my_ws/install/odrive_demo_description:/home/kong/my_ws/install/navigation2:/home/kong/my_ws/install/nav2_smoother:/home/kong/my_ws/install/nav2_graceful_controller:/home/kong/my_ws/install/nav2_dwb_controller:/home/kong/my_ws/install/nav2_controller:/home/kong/my_ws/install/dwb_plugins:/home/kong/my_ws/install/dwb_critics:/home/kong/my_ws/install/dwb_core:/home/kong/my_ws/install/nav_2d_utils:/home/kong/my_ws/install/dwb_msgs:/home/kong/my_ws/install/nav_2d_msgs:/home/kong/my_ws/install/nav2_waypoint_follower:/home/kong/my_ws/install/nav2_theta_star_planner:/home/kong/my_ws/install/nav2_smac_planner:/home/kong/my_ws/install/nav2_rotation_shim_controller:/home/kong/my_ws/install/nav2_regulated_pure_pursuit_controller:/home/kong/my_ws/install/nav2_planner:/home/kong/my_ws/install/nav2_navfn_planner:/home/kong/my_ws/install/nav2_mppi_controller:/home/kong/my_ws/install/nav2_constrained_smoother:/home/kong/my_ws/install/nav2_bt_navigator:/home/kong/my_ws/install/nav2_behaviors:/home/kong/my_ws/install/nav2_core:/home/kong/my_ws/install/nav2_collision_monitor:/home/kong/my_ws/install/costmap_queue:/home/kong/my_ws/install/nav2_costmap_2d:/home/kong/my_ws/install/nav2_voxel_grid:/home/kong/my_ws/install/nav2_velocity_smoother:/home/kong/my_ws/install/nav2_rviz_plugins:/home/kong/my_ws/install/nav2_map_server:/home/kong/my_ws/install/nav2_lifecycle_manager:/home/kong/my_ws/install/nav2_behavior_tree:/home/kong/my_ws/install/nav2_amcl:/home/kong/my_ws/install/my_slam_package:/home/kong/my_ws/install/my_bot_description:/home/kong/install/ros2_aruco:/home/kong/install/my_tf2_package:/home/kong/install/my_docking:/home/kong/install/my_aruco_to_goal_pose_pkg:/home/kong/my_ws/install/ros2_aruco:/home/kong/my_ws/install/nav2_simple_commander:/home/kong/my_ws/install/my_tf2_package:/home/kong/my_ws/install/my_docking:/home/kong/my_ws/install/my_aruco_to_goal_pose_pkg:/opt/ros/humble LD_LIBRARY_PATH=/home/kong/my_ws/install/nav2_util/lib:/home/kong/my_ws/install/nav2_msgs/lib:/home/kong/install/usb_cam/lib:/home/kong/install/teleop_twist_joy/lib:/home/kong/install/ros2_aruco_interfaces/lib:/home/kong/install/realsense2_camera_msgs/lib:/home/kong/install/odrive_hardware_interface/lib:/home/kong/install/dwb_msgs/lib:/home/kong/install/nav_2d_msgs/lib:/home/kong/install/nav2_voxel_grid/lib:/home/kong/my_ws/install/usb_cam/lib:/home/kong/my_ws/install/teleop_twist_joy/lib:/home/kong/my_ws/install/slam_toolbox/lib:/home/kong/my_ws/install/ros2_aruco_interfaces/lib:/home/kong/my_ws/install/realsense2_camera/lib:/home/kong/my_ws/install/realsense2_camera_msgs/lib:/home/kong/my_ws/install/odrive_hardware_interface/lib:/home/kong/my_ws/install/nav2_smoother/lib:/home/kong/my_ws/install/nav2_graceful_controller/lib:/home/kong/my_ws/install/nav2_controller/lib:/home/kong/my_ws/install/dwb_plugins/lib:/home/kong/my_ws/install/dwb_critics/lib:/home/kong/my_ws/install/dwb_core/lib:/home/kong/my_ws/install/nav_2d_utils/lib:/home/kong/my_ws/install/dwb_msgs/lib:/home/kong/my_ws/install/nav_2d_msgs/lib:/home/kong/my_ws/install/nav2_waypoint_follower/lib:/home/kong/my_ws/install/nav2_theta_star_planner/lib:/home/kong/my_ws/install/nav2_smac_planner/lib:/home/kong/my_ws/install/nav2_rotation_shim_controller/lib:/home/kong/my_ws/install/nav2_regulated_pure_pursuit_controller/lib:/home/kong/my_ws/install/nav2_planner/lib:/home/kong/my_ws/install/nav2_navfn_planner/lib:/home/kong/my_ws/install/nav2_mppi_controller/lib:/home/kong/my_ws/install/nav2_constrained_smoother/lib:/home/kong/my_ws/install/nav2_bt_navigator/lib:/home/kong/my_ws/install/nav2_behaviors/lib:/home/kong/my_ws/install/nav2_collision_monitor/lib:/home/kong/my_ws/install/costmap_queue/lib:/home/kong/my_ws/install/nav2_costmap_2d/lib:/home/kong/my_ws/install/nav2_voxel_grid/lib:/home/kong/my_ws/install/nav2_velocity_smoother/lib:/home/kong/my_ws/install/nav2_rviz_plugins/lib:/home/kong/my_ws/install/nav2_map_server/lib:/home/kong/my_ws/install/nav2_lifecycle_manager/lib:/home/kong/my_ws/install/nav2_behavior_tree/lib:/home/kong/my_ws/install/nav2_amcl/lib:/usr/lib/x86_64-linux-gnu/gazebo-11/plugins:/opt/ros/humble/opt/rviz_ogre_vendor/lib:/opt/ros/humble/lib/x86_64-linux-gnu:/opt/ros/humble/lib /usr/bin/cmake /home/kong/my_ws/src/navigation2/nav2_behavior_tree -DCMAKE_INSTALL_PREFIX=/home/kong/my_ws/install/nav2_behavior_tree
[81.452s] Invoking command in '/home/kong/my_ws/build/nav2_behavior_tree': CMAKE_PREFIX_PATH=/home/kong/my_ws/install/nav2_util:/home/kong/my_ws/install/nav2_msgs:/home/kong/my_ws/install/nav2_common:/home/kong/install/ydlidar_ros2_driver:/home/kong/install/usb_cam:/home/kong/install/teleop_twist_joy:/home/kong/install/ros2_aruco_interfaces:/home/kong/install/realsense2_description:/home/kong/install/realsense2_camera_msgs:/home/kong/install/odrive_ros2_control:/home/kong/install/odrive_hardware_interface:/home/kong/install/odrive_demo_bringup:/home/kong/install/odrive_demo_description:/home/kong/install/dwb_msgs:/home/kong/install/nav_2d_msgs:/home/kong/install/nav2_voxel_grid:/home/kong/install/nav2_common:/home/kong/install/my_slam_package:/home/kong/install/my_bot_description:/home/kong/my_ws/install/ydlidar_ros2_driver:/home/kong/my_ws/install/usb_cam:/home/kong/my_ws/install/teleop_twist_joy:/home/kong/my_ws/install/nav2_system_tests:/home/kong/my_ws/install/nav2_bringup:/home/kong/my_ws/install/slam_toolbox:/home/kong/my_ws/install/ros2_aruco_interfaces:/home/kong/my_ws/install/realsense2_description:/home/kong/my_ws/install/realsense2_camera:/home/kong/my_ws/install/realsense2_camera_msgs:/home/kong/my_ws/install/odrive_ros2_control:/home/kong/my_ws/install/odrive_hardware_interface:/home/kong/my_ws/install/odrive_demo_bringup:/home/kong/my_ws/install/odrive_demo_description:/home/kong/my_ws/install/navigation2:/home/kong/my_ws/install/nav2_smoother:/home/kong/my_ws/install/nav2_graceful_controller:/home/kong/my_ws/install/nav2_dwb_controller:/home/kong/my_ws/install/nav2_controller:/home/kong/my_ws/install/dwb_plugins:/home/kong/my_ws/install/dwb_critics:/home/kong/my_ws/install/dwb_core:/home/kong/my_ws/install/nav_2d_utils:/home/kong/my_ws/install/dwb_msgs:/home/kong/my_ws/install/nav_2d_msgs:/home/kong/my_ws/install/nav2_waypoint_follower:/home/kong/my_ws/install/nav2_theta_star_planner:/home/kong/my_ws/install/nav2_smac_planner:/home/kong/my_ws/install/nav2_rotation_shim_controller:/home/kong/my_ws/install/nav2_regulated_pure_pursuit_controller:/home/kong/my_ws/install/nav2_planner:/home/kong/my_ws/install/nav2_navfn_planner:/home/kong/my_ws/install/nav2_mppi_controller:/home/kong/my_ws/install/nav2_constrained_smoother:/home/kong/my_ws/install/nav2_bt_navigator:/home/kong/my_ws/install/nav2_behaviors:/home/kong/my_ws/install/nav2_core:/home/kong/my_ws/install/nav2_collision_monitor:/home/kong/my_ws/install/costmap_queue:/home/kong/my_ws/install/nav2_costmap_2d:/home/kong/my_ws/install/nav2_voxel_grid:/home/kong/my_ws/install/nav2_velocity_smoother:/home/kong/my_ws/install/nav2_rviz_plugins:/home/kong/my_ws/install/nav2_map_server:/home/kong/my_ws/install/nav2_lifecycle_manager:/home/kong/my_ws/install/nav2_behavior_tree:/home/kong/my_ws/install/nav2_amcl:/home/kong/my_ws/install/my_slam_package:/home/kong/my_ws/install/my_bot_description:/home/kong/install/ros2_aruco:/home/kong/install/my_tf2_package:/home/kong/install/my_docking:/home/kong/install/my_aruco_to_goal_pose_pkg:/home/kong/my_ws/install/ros2_aruco:/home/kong/my_ws/install/nav2_simple_commander:/home/kong/my_ws/install/my_tf2_package:/home/kong/my_ws/install/my_docking:/home/kong/my_ws/install/my_aruco_to_goal_pose_pkg:/opt/ros/humble LD_LIBRARY_PATH=/home/kong/my_ws/install/nav2_util/lib:/home/kong/my_ws/install/nav2_msgs/lib:/home/kong/install/usb_cam/lib:/home/kong/install/teleop_twist_joy/lib:/home/kong/install/ros2_aruco_interfaces/lib:/home/kong/install/realsense2_camera_msgs/lib:/home/kong/install/odrive_hardware_interface/lib:/home/kong/install/dwb_msgs/lib:/home/kong/install/nav_2d_msgs/lib:/home/kong/install/nav2_voxel_grid/lib:/home/kong/my_ws/install/usb_cam/lib:/home/kong/my_ws/install/teleop_twist_joy/lib:/home/kong/my_ws/install/slam_toolbox/lib:/home/kong/my_ws/install/ros2_aruco_interfaces/lib:/home/kong/my_ws/install/realsense2_camera/lib:/home/kong/my_ws/install/realsense2_camera_msgs/lib:/home/kong/my_ws/install/odrive_hardware_interface/lib:/home/kong/my_ws/install/nav2_smoother/lib:/home/kong/my_ws/install/nav2_graceful_controller/lib:/home/kong/my_ws/install/nav2_controller/lib:/home/kong/my_ws/install/dwb_plugins/lib:/home/kong/my_ws/install/dwb_critics/lib:/home/kong/my_ws/install/dwb_core/lib:/home/kong/my_ws/install/nav_2d_utils/lib:/home/kong/my_ws/install/dwb_msgs/lib:/home/kong/my_ws/install/nav_2d_msgs/lib:/home/kong/my_ws/install/nav2_waypoint_follower/lib:/home/kong/my_ws/install/nav2_theta_star_planner/lib:/home/kong/my_ws/install/nav2_smac_planner/lib:/home/kong/my_ws/install/nav2_rotation_shim_controller/lib:/home/kong/my_ws/install/nav2_regulated_pure_pursuit_controller/lib:/home/kong/my_ws/install/nav2_planner/lib:/home/kong/my_ws/install/nav2_navfn_planner/lib:/home/kong/my_ws/install/nav2_mppi_controller/lib:/home/kong/my_ws/install/nav2_constrained_smoother/lib:/home/kong/my_ws/install/nav2_bt_navigator/lib:/home/kong/my_ws/install/nav2_behaviors/lib:/home/kong/my_ws/install/nav2_collision_monitor/lib:/home/kong/my_ws/install/costmap_queue/lib:/home/kong/my_ws/install/nav2_costmap_2d/lib:/home/kong/my_ws/install/nav2_voxel_grid/lib:/home/kong/my_ws/install/nav2_velocity_smoother/lib:/home/kong/my_ws/install/nav2_rviz_plugins/lib:/home/kong/my_ws/install/nav2_map_server/lib:/home/kong/my_ws/install/nav2_lifecycle_manager/lib:/home/kong/my_ws/install/nav2_behavior_tree/lib:/home/kong/my_ws/install/nav2_amcl/lib:/usr/lib/x86_64-linux-gnu/gazebo-11/plugins:/opt/ros/humble/opt/rviz_ogre_vendor/lib:/opt/ros/humble/lib/x86_64-linux-gnu:/opt/ros/humble/lib /usr/bin/cmake --build /home/kong/my_ws/build/nav2_behavior_tree -- -j8 -l8
[81.532s] [  1%] [32mBuilding CXX object CMakeFiles/nav2_behavior_tree.dir/src/behavior_tree_engine.cpp.o[0m
[81.539s] [  3%] [32mBuilding CXX object CMakeFiles/nav2_compute_path_to_pose_action_bt_node.dir/plugins/action/compute_path_to_pose_action.cpp.o[0m
[81.539s] [  3%] [32mBuilding CXX object CMakeFiles/nav2_compute_path_through_poses_action_bt_node.dir/plugins/action/compute_path_through_poses_action.cpp.o[0m
[82.565s] [  4%] [32mBuilding CXX object CMakeFiles/nav2_assisted_teleop_cancel_bt_node.dir/plugins/action/assisted_teleop_cancel_node.cpp.o[0m
[82.572s] [  5%] [32mBuilding CXX object CMakeFiles/nav2_back_up_cancel_bt_node.dir/plugins/action/back_up_cancel_node.cpp.o[0m
[83.631s] [  6%] [32mBuilding CXX object CMakeFiles/nav2_wait_cancel_bt_node.dir/plugins/action/wait_cancel_node.cpp.o[0m
[83.654s] [  7%] [32mBuilding CXX object CMakeFiles/nav2_spin_cancel_bt_node.dir/plugins/action/spin_cancel_node.cpp.o[0m
[84.731s] [  8%] [32mBuilding CXX object CMakeFiles/nav2_controller_cancel_bt_node.dir/plugins/action/controller_cancel_node.cpp.o[0m
[88.887s] [  8%] [32m[1mLinking CXX shared library libnav2_behavior_tree.so[0m
[89.522s] [  8%] Built target nav2_behavior_tree
[89.615s] [  9%] [32mBuilding CXX object CMakeFiles/nav2_drive_on_heading_cancel_bt_node.dir/plugins/action/drive_on_heading_cancel_node.cpp.o[0m
[92.002s] [  9%] [32m[1mLinking CXX shared library libnav2_back_up_cancel_bt_node.so[0m
[92.415s] [  9%] Built target nav2_back_up_cancel_bt_node
[92.855s] [  9%] [32m[1mLinking CXX shared library libnav2_wait_cancel_bt_node.so[0m
[93.230s] [  9%] Built target nav2_wait_cancel_bt_node
[93.403s] [  9%] [32m[1mLinking CXX shared library libnav2_assisted_teleop_cancel_bt_node.so[0m
[93.735s] [  9%] Built target nav2_assisted_teleop_cancel_bt_node
[93.836s] [  9%] [32m[1mLinking CXX shared library libnav2_spin_cancel_bt_node.so[0m
[94.155s] [  9%] Built target nav2_spin_cancel_bt_node
[94.206s] [  9%] [32m[1mLinking CXX shared library libnav2_compute_path_to_pose_action_bt_node.so[0m
[94.497s] [  9%] Built target nav2_compute_path_to_pose_action_bt_node
[94.644s] [  9%] [32m[1mLinking CXX shared library libnav2_controller_cancel_bt_node.so[0m
[94.840s] [  9%] Built target nav2_controller_cancel_bt_node
[95.275s] [  9%] [32m[1mLinking CXX shared library libnav2_compute_path_through_poses_action_bt_node.so[0m
[95.508s] [  9%] Built target nav2_compute_path_through_poses_action_bt_node
[97.558s] [ 10%] [32mBuilding CXX object CMakeFiles/nav2_assisted_teleop_action_bt_node.dir/plugins/action/assisted_teleop_action.cpp.o[0m
[97.725s] [ 10%] [32m[1mLinking CXX shared library libnav2_drive_on_heading_cancel_bt_node.so[0m
[97.917s] [ 10%] Built target nav2_drive_on_heading_cancel_bt_node
[97.946s] [ 11%] [32mBuilding CXX object CMakeFiles/nav2_wait_action_bt_node.dir/plugins/action/wait_action.cpp.o[0m
[98.977s] [ 12%] [32mBuilding CXX object CMakeFiles/nav2_clear_costmap_service_bt_node.dir/plugins/action/clear_costmap_service.cpp.o[0m
[100.040s] [ 13%] [32mBuilding CXX object CMakeFiles/nav2_spin_action_bt_node.dir/plugins/action/spin_action.cpp.o[0m
[101.053s] [ 14%] [32mBuilding CXX object CMakeFiles/nav2_drive_on_heading_bt_node.dir/plugins/action/drive_on_heading_action.cpp.o[0m
[102.134s] [ 15%] [32mBuilding CXX object CMakeFiles/nav2_back_up_action_bt_node.dir/plugins/action/back_up_action.cpp.o[0m
[108.629s] [ 15%] [32m[1mLinking CXX shared library libnav2_assisted_teleop_action_bt_node.so[0m
[108.722s] [ 15%] [32m[1mLinking CXX shared library libnav2_wait_action_bt_node.so[0m
[109.085s] [ 15%] Built target nav2_assisted_teleop_action_bt_node
[109.195s] [ 15%] Built target nav2_wait_action_bt_node
[110.821s] [ 15%] [32m[1mLinking CXX shared library libnav2_clear_costmap_service_bt_node.so[0m
[111.156s] [ 15%] Built target nav2_clear_costmap_service_bt_node
[112.109s] [ 15%] [32m[1mLinking CXX shared library libnav2_drive_on_heading_bt_node.so[0m
[112.146s] [ 15%] [32m[1mLinking CXX shared library libnav2_spin_action_bt_node.so[0m
[112.301s] [ 15%] Built target nav2_drive_on_heading_bt_node
[112.431s] [ 15%] Built target nav2_spin_action_bt_node
[112.765s] [ 15%] [32m[1mLinking CXX shared library libnav2_back_up_action_bt_node.so[0m
[112.949s] [ 15%] Built target nav2_back_up_action_bt_node
[112.979s] [ 15%] [32mBuilding CXX object CMakeFiles/nav2_goal_updated_condition_bt_node.dir/plugins/condition/goal_updated_condition.cpp.o[0m
[114.572s] [ 16%] [32m[1mLinking CXX shared library libnav2_goal_updated_condition_bt_node.so[0m
[114.696s] [ 16%] Built target nav2_goal_updated_condition_bt_node
[114.723s] [ 16%] [32mBuilding CXX object CMakeFiles/nav2_is_path_valid_condition_bt_node.dir/plugins/condition/is_path_valid_condition.cpp.o[0m
[117.760s] [ 17%] [32mBuilding CXX object CMakeFiles/nav2_time_expired_condition_bt_node.dir/plugins/condition/time_expired_condition.cpp.o[0m
[117.761s] [ 17%] [32mBuilding CXX object CMakeFiles/nav2_globally_updated_goal_condition_bt_node.dir/plugins/condition/globally_updated_goal_condition.cpp.o[0m
[118.801s] [ 17%] [32mBuilding CXX object CMakeFiles/nav2_goal_reached_condition_bt_node.dir/plugins/condition/goal_reached_condition.cpp.o[0m
[119.939s] [ 18%] [32mBuilding CXX object CMakeFiles/nav2_transform_available_condition_bt_node.dir/plugins/condition/transform_available_condition.cpp.o[0m
[120.497s] [ 19%] [32m[1mLinking CXX shared library libnav2_is_path_valid_condition_bt_node.so[0m
[121.051s] [ 19%] [32mBuilding CXX object CMakeFiles/nav2_is_stuck_condition_bt_node.dir/plugins/condition/is_stuck_condition.cpp.o[0m
[121.262s] [ 19%] Built target nav2_is_path_valid_condition_bt_node
[121.481s] [ 20%] [32mBuilding CXX object CMakeFiles/nav2_smooth_path_action_bt_node.dir/plugins/action/smooth_path_action.cpp.o[0m
[121.492s] [ 21%] [32mBuilding CXX object CMakeFiles/nav2_follow_path_action_bt_node.dir/plugins/action/follow_path_action.cpp.o[0m
[127.696s] [ 22%] [32m[1mLinking CXX shared library libnav2_globally_updated_goal_condition_bt_node.so[0m
[128.060s] [ 22%] Built target nav2_globally_updated_goal_condition_bt_node
[128.997s] [ 22%] [32m[1mLinking CXX shared library libnav2_time_expired_condition_bt_node.so[0m
[129.483s] [ 22%] Built target nav2_time_expired_condition_bt_node
[131.090s] [ 23%] [32m[1mLinking CXX shared library libnav2_goal_reached_condition_bt_node.so[0m
[131.333s] [ 23%] Built target nav2_goal_reached_condition_bt_node
[132.596s] [ 23%] [32m[1mLinking CXX shared library libnav2_transform_available_condition_bt_node.so[0m
[132.932s] [ 23%] Built target nav2_transform_available_condition_bt_node
[134.871s] [ 23%] [32m[1mLinking CXX shared library libnav2_follow_path_action_bt_node.so[0m
[135.076s] [ 23%] Built target nav2_follow_path_action_bt_node
[136.135s] [ 23%] [32m[1mLinking CXX shared library libnav2_smooth_path_action_bt_node.so[0m
[136.336s] [ 23%] Built target nav2_smooth_path_action_bt_node
[137.402s] [ 24%] [32m[1mLinking CXX shared library libnav2_is_stuck_condition_bt_node.so[0m
[137.612s] [ 24%] Built target nav2_is_stuck_condition_bt_node
[137.641s] [ 25%] [32mBuilding CXX object CMakeFiles/nav2_rate_controller_bt_node.dir/plugins/decorator/rate_controller.cpp.o[0m
[139.403s] [ 25%] [32m[1mLinking CXX shared library libnav2_rate_controller_bt_node.so[0m
[139.538s] [ 25%] Built target nav2_rate_controller_bt_node
[139.567s] [ 26%] [32mBuilding CXX object CMakeFiles/nav2_distance_controller_bt_node.dir/plugins/decorator/distance_controller.cpp.o[0m
[142.585s] [ 27%] [32mBuilding CXX object CMakeFiles/nav2_speed_controller_bt_node.dir/plugins/decorator/speed_controller.cpp.o[0m
[144.441s] [ 27%] [32m[1mLinking CXX shared library libnav2_distance_controller_bt_node.so[0m
[144.624s] [ 28%] [32mBuilding CXX object CMakeFiles/nav2_reinitialize_global_localization_service_bt_node.dir/plugins/action/reinitialize_global_localization_service.cpp.o[0m
[144.673s] [ 28%] Built target nav2_distance_controller_bt_node
[144.706s] [ 28%] [32mBuilding CXX object CMakeFiles/nav2_is_battery_low_condition_bt_node.dir/plugins/condition/is_battery_low_condition.cpp.o[0m
[146.746s] [ 29%] [32mBuilding CXX object CMakeFiles/nav2_truncate_path_action_bt_node.dir/plugins/action/truncate_path_action.cpp.o[0m
[149.812s] [ 29%] [32m[1mLinking CXX shared library libnav2_speed_controller_bt_node.so[0m
[150.076s] [ 29%] Built target nav2_speed_controller_bt_node
[151.881s] [ 29%] [32m[1mLinking CXX shared library libnav2_reinitialize_global_localization_service_bt_node.so[0m
[152.145s] [ 29%] Built target nav2_reinitialize_global_localization_service_bt_node
[153.198s] [ 29%] [32mBuilding CXX object CMakeFiles/nav2_goal_updater_node_bt_node.dir/plugins/decorator/goal_updater_node.cpp.o[0m
[153.450s] [ 29%] [32m[1mLinking CXX shared library libnav2_truncate_path_action_bt_node.so[0m
[153.688s] [ 29%] Built target nav2_truncate_path_action_bt_node
[153.717s] [ 30%] [32mBuilding CXX object CMakeFiles/nav2_truncate_path_local_action_bt_node.dir/plugins/action/truncate_path_local_action.cpp.o[0m
[153.737s] [ 30%] [32mBuilding CXX object CMakeFiles/nav2_is_battery_charging_condition_bt_node.dir/plugins/condition/is_battery_charging_condition.cpp.o[0m
[154.772s] [ 30%] [32mBuilding CXX object CMakeFiles/nav2_path_longer_on_approach_bt_node.dir/plugins/decorator/path_longer_on_approach.cpp.o[0m
[155.918s] [ 30%] [32mBuilding CXX object CMakeFiles/nav2_initial_pose_received_condition_bt_node.dir/plugins/condition/initial_pose_received_condition.cpp.o[0m
[157.020s] [ 31%] [32mBuilding CXX object CMakeFiles/nav2_distance_traveled_condition_bt_node.dir/plugins/condition/distance_traveled_condition.cpp.o[0m
[159.338s] [ 32%] [32m[1mLinking CXX shared library libnav2_initial_pose_received_condition_bt_node.so[0m
[159.705s] [ 32%] Built target nav2_initial_pose_received_condition_bt_node
[163.128s] [ 33%] [32m[1mLinking CXX shared library libnav2_is_battery_low_condition_bt_node.so[0m
[163.582s] [ 33%] Built target nav2_is_battery_low_condition_bt_node
[164.314s] [ 34%] [32m[1mLinking CXX shared library libnav2_path_longer_on_approach_bt_node.so[0m
[164.519s] [ 34%] [32m[1mLinking CXX shared library libnav2_truncate_path_local_action_bt_node.so[0m
[164.576s] [ 34%] Built target nav2_path_longer_on_approach_bt_node
[164.696s] [ 34%] [32m[1mLinking CXX shared library libnav2_distance_traveled_condition_bt_node.so[0m
[164.852s] [ 34%] Built target nav2_truncate_path_local_action_bt_node
[164.910s] [ 34%] Built target nav2_distance_traveled_condition_bt_node
[168.429s] [ 35%] [32m[1mLinking CXX shared library libnav2_is_battery_charging_condition_bt_node.so[0m
[168.636s] [ 35%] Built target nav2_is_battery_charging_condition_bt_node
[169.239s] [ 36%] [32m[1mLinking CXX shared library libnav2_goal_updater_node_bt_node.so[0m
[169.427s] [ 36%] Built target nav2_goal_updater_node_bt_node
[169.454s] [ 37%] [32mBuilding CXX object CMakeFiles/nav2_round_robin_node_bt_node.dir/plugins/control/round_robin_node.cpp.o[0m
[170.679s] [ 37%] [32m[1mLinking CXX shared library libnav2_round_robin_node_bt_node.so[0m
[170.809s] [ 37%] Built target nav2_round_robin_node_bt_node
[170.836s] [ 38%] [32mBuilding CXX object CMakeFiles/nav2_single_trigger_bt_node.dir/plugins/decorator/single_trigger_node.cpp.o[0m
[171.993s] [ 38%] [32m[1mLinking CXX shared library libnav2_single_trigger_bt_node.so[0m
[172.122s] [ 38%] Built target nav2_single_trigger_bt_node
[172.148s] [ 38%] [32mBuilding CXX object CMakeFiles/nav2_planner_selector_bt_node.dir/plugins/action/planner_selector_node.cpp.o[0m
[178.183s] [ 39%] [32mBuilding CXX object CMakeFiles/nav2_controller_selector_bt_node.dir/plugins/action/controller_selector_node.cpp.o[0m
[179.207s] [ 39%] [32mBuilding CXX object CMakeFiles/nav2_pipeline_sequence_bt_node.dir/plugins/control/pipeline_sequence.cpp.o[0m
[180.333s] [ 40%] [32mBuilding CXX object CMakeFiles/nav2_remove_passed_goals_action_bt_node.dir/plugins/action/remove_passed_goals_action.cpp.o[0m
[180.413s] [ 40%] [32mBuilding CXX object CMakeFiles/nav2_navigate_through_poses_action_bt_node.dir/plugins/action/navigate_through_poses_action.cpp.o[0m
[181.513s] [ 40%] [32mBuilding CXX object CMakeFiles/nav2_navigate_to_pose_action_bt_node.dir/plugins/action/navigate_to_pose_action.cpp.o[0m
[181.614s] [ 41%] [32m[1mLinking CXX shared library libnav2_pipeline_sequence_bt_node.so[0m
[182.113s] [ 41%] Built target nav2_pipeline_sequence_bt_node
[182.283s] [ 42%] [32mBuilding CXX object CMakeFiles/nav2_recovery_node_bt_node.dir/plugins/control/recovery_node.cpp.o[0m
[183.897s] [ 43%] [32m[1mLinking CXX shared library libnav2_planner_selector_bt_node.so[0m
[184.252s] [ 43%] Built target nav2_planner_selector_bt_node
[186.330s] [ 43%] [32m[1mLinking CXX shared library libnav2_recovery_node_bt_node.so[0m
[186.829s] [ 43%] Built target nav2_recovery_node_bt_node
[188.820s] [ 43%] [32m[1mLinking CXX shared library libnav2_remove_passed_goals_action_bt_node.so[0m
[189.377s] [ 43%] Built target nav2_remove_passed_goals_action_bt_node
[192.842s] [ 44%] [32m[1mLinking CXX shared library libnav2_navigate_through_poses_action_bt_node.so[0m
[193.175s] [ 44%] Built target nav2_navigate_through_poses_action_bt_node
[193.475s] [ 45%] [32m[1mLinking CXX shared library libnav2_navigate_to_pose_action_bt_node.so[0m
[193.785s] [ 45%] Built target nav2_navigate_to_pose_action_bt_node
[196.866s] [ 45%] [32m[1mLinking CXX shared library libnav2_controller_selector_bt_node.so[0m
[197.315s] [ 45%] Built target nav2_controller_selector_bt_node
[197.375s] [ 45%] [32mBuilding CXX object gtest/CMakeFiles/gtest.dir/src/gtest-all.cc.o[0m
[205.891s] [ 45%] [32m[1mLinking CXX static library libgtest.a[0m
[205.945s] [ 45%] Built target gtest
[205.976s] [ 46%] [32mBuilding CXX object gtest/CMakeFiles/gtest_main.dir/src/gtest_main.cc.o[0m
[206.922s] [ 46%] [32m[1mLinking CXX static library libgtest_main.a[0m
[206.969s] [ 46%] Built target gtest_main
[207.003s] [ 46%] [32mBuilding CXX object CMakeFiles/nav2_goal_updated_controller_bt_node.dir/plugins/decorator/goal_updated_controller.cpp.o[0m
[208.020s] [ 47%] [32mBuilding CXX object test/plugins/condition/CMakeFiles/test_condition_time_expired.dir/test_time_expired.cpp.o[0m
[209.061s] [ 48%] [32mBuilding CXX object test/plugins/condition/CMakeFiles/test_condition_distance_traveled.dir/test_distance_traveled.cpp.o[0m
[210.090s] [ 49%] [32mBuilding CXX object test/CMakeFiles/test_bt_conversions.dir/test_bt_conversions.cpp.o[0m
[211.122s] [ 49%] [32mBuilding CXX object CMakeFiles/nav2_progress_checker_selector_bt_node.dir/plugins/action/progress_checker_selector_node.cpp.o[0m
[211.864s] [ 50%] [32m[1mLinking CXX shared library libnav2_goal_updated_controller_bt_node.so[0m
[212.151s] [ 50%] Built target nav2_goal_updated_controller_bt_node
[212.176s] [ 50%] [32mBuilding CXX object CMakeFiles/nav2_goal_checker_selector_bt_node.dir/plugins/action/goal_checker_selector_node.cpp.o[0m
[212.224s] [ 51%] [32mBuilding CXX object CMakeFiles/nav2_smoother_selector_bt_node.dir/plugins/action/smoother_selector_node.cpp.o[0m
[213.364s] [ 52%] [32mBuilding CXX object test/plugins/condition/CMakeFiles/test_condition_goal_reached.dir/test_goal_reached.cpp.o[0m
[213.484s] [ 52%] [32mBuilding CXX object CMakeFiles/nav2_path_expiring_timer_condition.dir/plugins/condition/path_expiring_timer_condition.cpp.o[0m
[218.407s] [ 52%] [32m[1mLinking CXX executable test_bt_conversions[0m
[219.064s] [ 52%] Built target test_bt_conversions
[221.716s] [ 52%] [32m[1mLinking CXX executable test_condition_time_expired[0m
[222.371s] [ 52%] Built target test_condition_time_expired
[222.962s] [ 53%] [32m[1mLinking CXX shared library libnav2_path_expiring_timer_condition.so[0m
[223.290s] [ 53%] Built target nav2_path_expiring_timer_condition
[223.623s] [ 53%] [32m[1mLinking CXX executable test_condition_distance_traveled[0m
[224.079s] [ 53%] Built target test_condition_distance_traveled
[227.068s] [ 53%] [32m[1mLinking CXX executable test_condition_goal_reached[0m
[227.368s] [ 53%] Built target test_condition_goal_reached
[229.153s] [ 53%] [32m[1mLinking CXX shared library libnav2_progress_checker_selector_bt_node.so[0m
[229.378s] [ 53%] Built target nav2_progress_checker_selector_bt_node
[230.381s] [ 53%] [32m[1mLinking CXX shared library libnav2_smoother_selector_bt_node.so[0m
[230.624s] [ 53%] Built target nav2_smoother_selector_bt_node
[231.009s] [ 54%] [32m[1mLinking CXX shared library libnav2_goal_checker_selector_bt_node.so[0m
[231.207s] [ 54%] Built target nav2_goal_checker_selector_bt_node
[231.236s] [ 55%] [32mBuilding CXX object test/plugins/condition/CMakeFiles/test_condition_is_battery_low.dir/test_is_battery_low.cpp.o[0m
[233.251s] [ 56%] [32mBuilding CXX object test/plugins/condition/CMakeFiles/test_condition_is_path_valid.dir/test_is_path_valid.cpp.o[0m
[234.285s] [ 57%] [32mBuilding CXX object test/plugins/condition/CMakeFiles/test_condition_is_battery_charging.dir/test_is_battery_charging.cpp.o[0m
[234.309s] [ 58%] [32mBuilding CXX object test/plugins/condition/CMakeFiles/test_condition_is_stuck.dir/test_is_stuck.cpp.o[0m
[235.428s] [ 59%] [32mBuilding CXX object test/plugins/condition/CMakeFiles/test_condition_transform_available.dir/test_transform_available.cpp.o[0m
[236.543s] [ 60%] [32mBuilding CXX object test/plugins/condition/CMakeFiles/test_condition_initial_pose_received.dir/test_initial_pose_received.cpp.o[0m
[243.774s] [ 60%] [32m[1mLinking CXX executable test_condition_is_battery_low[0m
[244.422s] [ 60%] Built target test_condition_is_battery_low
[245.414s] [ 60%] [32m[1mLinking CXX executable test_condition_is_path_valid[0m
[246.010s] [ 60%] Built target test_condition_is_path_valid
[249.943s] [ 60%] [32m[1mLinking CXX executable test_condition_is_battery_charging[0m
[250.389s] [ 60%] [32m[1mLinking CXX executable test_condition_transform_available[0m
[250.527s] [ 60%] Built target test_condition_is_battery_charging
[250.827s] [ 60%] Built target test_condition_transform_available
[251.391s] [ 60%] [32m[1mLinking CXX executable test_condition_initial_pose_received[0m
[251.666s] [ 60%] Built target test_condition_initial_pose_received
[252.175s] [ 60%] [32m[1mLinking CXX executable test_condition_is_stuck[0m
[252.600s] [ 60%] Built target test_condition_is_stuck
[252.648s] [ 60%] [32mBuilding CXX object test/plugins/decorator/CMakeFiles/test_single_trigger_node.dir/test_single_trigger_node.cpp.o[0m
[260.682s] [ 61%] [32m[1mLinking CXX executable test_single_trigger_node[0m
[261.049s] [ 61%] Built target test_single_trigger_node
[261.076s] [ 61%] [32mBuilding CXX object test/plugins/decorator/CMakeFiles/test_goal_updated_controller.dir/test_goal_updated_controller.cpp.o[0m
[267.666s] [ 62%] [32m[1mLinking CXX executable test_goal_updated_controller[0m
[267.989s] [ 62%] Built target test_goal_updated_controller
[268.030s] [ 62%] [32mBuilding CXX object test/plugins/decorator/CMakeFiles/test_goal_updater_node.dir/test_goal_updater_node.cpp.o[0m
[268.031s] [ 62%] [32mBuilding CXX object test/plugins/decorator/CMakeFiles/test_decorator_path_longer_on_approach.dir/test_path_longer_on_approach.cpp.o[0m
[269.082s] [ 62%] [32mBuilding CXX object test/plugins/control/CMakeFiles/test_control_recovery_node.dir/test_recovery_node.cpp.o[0m
[270.163s] [ 62%] [32mBuilding CXX object test/plugins/decorator/CMakeFiles/test_decorator_rate_controller.dir/test_rate_controller.cpp.o[0m
[271.296s] [ 62%] [32mBuilding CXX object test/plugins/decorator/CMakeFiles/test_decorator_speed_controller.dir/test_speed_controller.cpp.o[0m
[272.353s] [ 63%] [32mBuilding CXX object test/plugins/condition/CMakeFiles/test_condition_globally_updated_goal.dir/test_globally_updated_goal.cpp.o[0m
[272.381s] [ 63%] [32mBuilding CXX object test/plugins/decorator/CMakeFiles/test_decorator_distance_controller.dir/test_distance_controller.cpp.o[0m
[288.437s] [ 64%] [32m[1mLinking CXX executable test_decorator_path_longer_on_approach[0m
[289.560s] [ 64%] Built target test_decorator_path_longer_on_approach
[290.618s] [ 65%] [32m[1mLinking CXX executable test_goal_updater_node[0m
[291.354s] [ 65%] Built target test_goal_updater_node
[291.555s] [ 66%] [32m[1mLinking CXX executable test_decorator_rate_controller[0m
[292.580s] [ 66%] Built target test_decorator_rate_controller
[293.321s] [ 67%] [32m[1mLinking CXX executable test_control_recovery_node[0m
[294.048s] [ 67%] Built target test_control_recovery_node
[294.330s] [ 67%] [32m[1mLinking CXX executable test_condition_globally_updated_goal[0m
[295.015s] [ 67%] Built target test_condition_globally_updated_goal
[295.134s] [ 68%] [32m[1mLinking CXX executable test_decorator_distance_controller[0m
[295.715s] [ 68%] Built target test_decorator_distance_controller
[296.414s] [ 69%] [32m[1mLinking CXX executable test_decorator_speed_controller[0m
[296.895s] [ 69%] Built target test_decorator_speed_controller
[296.950s] [ 69%] [32mBuilding CXX object test/plugins/action/CMakeFiles/test_action_drive_on_heading.dir/test_drive_on_heading_action.cpp.o[0m
[305.402s] [ 70%] [32m[1mLinking CXX executable test_action_drive_on_heading[0m
[305.646s] [ 70%] Built target test_action_drive_on_heading
[305.682s] [ 71%] [32mBuilding CXX object test/plugins/action/CMakeFiles/test_action_wait_action.dir/test_wait_action.cpp.o[0m
[312.257s] [ 71%] [32m[1mLinking CXX executable test_action_wait_action[0m
[312.484s] [ 71%] Built target test_action_wait_action
[312.512s] [ 71%] [32mBuilding CXX object test/plugins/action/CMakeFiles/test_action_assisted_teleop_action.dir/test_assisted_teleop_action.cpp.o[0m
[319.585s] [ 72%] [32m[1mLinking CXX executable test_action_assisted_teleop_action[0m
[319.801s] [ 72%] Built target test_action_assisted_teleop_action
[319.829s] [ 72%] [32mBuilding CXX object test/plugins/action/CMakeFiles/test_action_controller_cancel_action.dir/test_controller_cancel_node.cpp.o[0m
[326.497s] [ 73%] [32m[1mLinking CXX executable test_action_controller_cancel_action[0m
[326.712s] [ 73%] Built target test_action_controller_cancel_action
[326.745s] [ 74%] [32mBuilding CXX object test/plugins/action/CMakeFiles/test_action_wait_cancel_action.dir/test_wait_cancel_node.cpp.o[0m
[327.773s] [ 74%] [32mBuilding CXX object test/plugins/action/CMakeFiles/test_action_back_up_action.dir/test_back_up_action.cpp.o[0m
[327.775s] [ 74%] [32mBuilding CXX object test/plugins/action/CMakeFiles/test_action_spin_cancel_action.dir/test_spin_cancel_node.cpp.o[0m
[328.818s] [ 74%] [32mBuilding CXX object test/plugins/action/CMakeFiles/test_action_spin_action.dir/test_spin_action.cpp.o[0m
[329.851s] [ 74%] [32mBuilding CXX object test/plugins/control/CMakeFiles/test_control_round_robin_node.dir/test_round_robin_node.cpp.o[0m
[329.855s] [ 75%] [32mBuilding CXX object test/plugins/action/CMakeFiles/test_bt_action_node.dir/test_bt_action_node.cpp.o[0m
[330.978s] [ 76%] [32mBuilding CXX object test/plugins/control/CMakeFiles/test_control_pipeline_sequence.dir/test_pipeline_sequence.cpp.o[0m
[332.128s] [ 77%] [32mBuilding CXX object test/plugins/condition/CMakeFiles/test_condition_goal_updated.dir/test_goal_updated.cpp.o[0m
[337.420s] [ 77%] [32m[1mLinking CXX executable test_action_wait_cancel_action[0m
[338.064s] [ 77%] Built target test_action_wait_cancel_action
[340.498s] [ 78%] [32m[1mLinking CXX executable test_action_back_up_action[0m
[340.585s] [ 78%] [32m[1mLinking CXX executable test_action_spin_cancel_action[0m
[341.271s] [ 78%] Built target test_action_spin_cancel_action
[341.282s] [ 78%] Built target test_action_back_up_action
[342.489s] [ 79%] [32m[1mLinking CXX executable test_control_round_robin_node[0m
[343.079s] [ 79%] Built target test_control_round_robin_node
[343.858s] [ 80%] [32m[1mLinking CXX executable test_action_spin_action[0m
[344.204s] [ 80%] Built target test_action_spin_action
[345.376s] [ 80%] [32m[1mLinking CXX executable test_control_pipeline_sequence[0m
[345.737s] [ 80%] Built target test_control_pipeline_sequence
[346.005s] [ 80%] [32m[1mLinking CXX executable test_condition_goal_updated[0m
[346.235s] [ 80%] [32m[1mLinking CXX executable test_bt_action_node[0m
[346.357s] [ 80%] Built target test_condition_goal_updated
[346.560s] [ 80%] Built target test_bt_action_node
[346.603s] [ 80%] [32mBuilding CXX object test/plugins/action/CMakeFiles/test_action_compute_path_through_poses_action.dir/test_compute_path_through_poses_action.cpp.o[0m
[348.655s] [ 80%] [32mBuilding CXX object test/plugins/action/CMakeFiles/test_action_smooth_path_action.dir/test_smooth_path_action.cpp.o[0m
[350.699s] [ 80%] [32mBuilding CXX object test/plugins/action/CMakeFiles/test_action_compute_path_to_pose_action.dir/test_compute_path_to_pose_action.cpp.o[0m
[352.741s] [ 80%] [32mBuilding CXX object test/plugins/action/CMakeFiles/test_action_reinitialize_global_localization_service.dir/test_reinitialize_global_localization_service.cpp.o[0m
[353.795s] [ 80%] [32mBuilding CXX object test/plugins/action/CMakeFiles/test_action_clear_costmap_service.dir/test_clear_costmap_service.cpp.o[0m
[354.965s] [ 80%] [32mBuilding CXX object test/plugins/action/CMakeFiles/test_action_drive_on_heading_cancel_action.dir/test_drive_on_heading_cancel_node.cpp.o[0m
[356.049s] [ 80%] [32mBuilding CXX object test/plugins/action/CMakeFiles/test_action_assisted_teleop_cancel_action.dir/test_assisted_teleop_cancel_node.cpp.o[0m
[357.171s] [ 80%] [32mBuilding CXX object test/plugins/action/CMakeFiles/test_action_back_up_cancel_action.dir/test_back_up_cancel_node.cpp.o[0m
[359.753s] [ 81%] [32m[1mLinking CXX executable test_action_compute_path_through_poses_action[0m
[360.719s] [ 81%] Built target test_action_compute_path_through_poses_action
[365.360s] [ 82%] [32m[1mLinking CXX executable test_action_smooth_path_action[0m
[365.879s] [ 83%] [32m[1mLinking CXX executable test_action_reinitialize_global_localization_service[0m
[365.953s] [ 84%] [32m[1mLinking CXX executable test_action_compute_path_to_pose_action[0m
[366.153s] [ 84%] Built target test_action_smooth_path_action
[366.464s] [ 84%] Built target test_action_reinitialize_global_localization_service
[366.603s] [ 84%] Built target test_action_compute_path_to_pose_action
[371.428s] [ 85%] [32m[1mLinking CXX executable test_action_drive_on_heading_cancel_action[0m
[371.464s] [ 86%] [32m[1mLinking CXX executable test_action_clear_costmap_service[0m
[371.768s] [ 86%] Built target test_action_drive_on_heading_cancel_action
[371.881s] [ 86%] Built target test_action_clear_costmap_service
[372.306s] [ 87%] [32m[1mLinking CXX executable test_action_back_up_cancel_action[0m
[372.374s] [ 88%] [32m[1mLinking CXX executable test_action_assisted_teleop_cancel_action[0m
[372.616s] [ 88%] Built target test_action_back_up_cancel_action
[372.698s] [ 88%] Built target test_action_assisted_teleop_cancel_action
[372.729s] [ 88%] [32mBuilding CXX object test/plugins/action/CMakeFiles/test_planner_selector_node.dir/test_planner_selector_node.cpp.o[0m
[377.776s] [ 88%] [32mBuilding CXX object test/plugins/action/CMakeFiles/test_controller_selector_node.dir/test_controller_selector_node.cpp.o[0m
[378.808s] [ 88%] [32mBuilding CXX object test/plugins/action/CMakeFiles/test_remove_passed_goals_action.dir/test_remove_passed_goals_action.cpp.o[0m
[379.841s] [ 88%] [32mBuilding CXX object test/plugins/action/CMakeFiles/test_truncate_path_local_action.dir/test_truncate_path_local_action.cpp.o[0m
[380.597s] [ 89%] [32m[1mLinking CXX executable test_planner_selector_node[0m
[380.873s] [ 89%] [32mBuilding CXX object test/plugins/action/CMakeFiles/test_truncate_path_action.dir/test_truncate_path_action.cpp.o[0m
[381.033s] [ 89%] Built target test_planner_selector_node
[381.094s] [ 89%] [32mBuilding CXX object test/plugins/action/CMakeFiles/test_action_navigate_through_poses_action.dir/test_navigate_through_poses_action.cpp.o[0m
[382.258s] [ 89%] [32mBuilding CXX object test/plugins/action/CMakeFiles/test_smoother_selector_node.dir/test_smoother_selector_node.cpp.o[0m
[391.749s] [ 90%] [32m[1mLinking CXX executable test_truncate_path_action[0m
[392.326s] [ 90%] Built target test_truncate_path_action
[392.503s] [ 91%] [32m[1mLinking CXX executable test_controller_selector_node[0m
[392.912s] [ 91%] Built target test_controller_selector_node
[394.743s] [ 92%] [32m[1mLinking CXX executable test_remove_passed_goals_action[0m
[395.176s] [ 92%] Built target test_remove_passed_goals_action
[395.469s] [ 93%] [32m[1mLinking CXX executable test_action_navigate_through_poses_action[0m
[395.721s] [ 93%] Built target test_action_navigate_through_poses_action
[396.192s] [ 94%] [32m[1mLinking CXX executable test_smoother_selector_node[0m
[396.273s] [ 95%] [32m[1mLinking CXX executable test_truncate_path_local_action[0m
[396.431s] [ 95%] Built target test_smoother_selector_node
[396.534s] [ 95%] Built target test_truncate_path_local_action
[396.561s] [ 96%] [32mBuilding CXX object test/plugins/condition/CMakeFiles/test_condition_path_expiring_timer.dir/test_path_expiring_timer.cpp.o[0m
[402.363s] [ 96%] [32m[1mLinking CXX executable test_condition_path_expiring_timer[0m
[402.589s] [ 96%] Built target test_condition_path_expiring_timer
[402.621s] [ 96%] [32mBuilding CXX object test/plugins/action/CMakeFiles/test_goal_checker_selector_node.dir/test_goal_checker_selector_node.cpp.o[0m
[402.621s] [ 96%] [32mBuilding CXX object test/plugins/action/CMakeFiles/test_progress_checker_selector_node.dir/test_progress_checker_selector_node.cpp.o[0m
[410.686s] [ 97%] [32m[1mLinking CXX executable test_goal_checker_selector_node[0m
[410.930s] [ 97%] Built target test_goal_checker_selector_node
[410.984s] [ 98%] [32m[1mLinking CXX executable test_progress_checker_selector_node[0m
[411.213s] [ 98%] Built target test_progress_checker_selector_node
[411.247s] [ 98%] [32mBuilding CXX object test/plugins/action/CMakeFiles/test_action_navigate_to_pose_action.dir/test_navigate_to_pose_action.cpp.o[0m
[419.954s] [ 99%] [32m[1mLinking CXX executable test_action_navigate_to_pose_action[0m
[420.552s] [ 99%] Built target test_action_navigate_to_pose_action
[420.686s] [ 99%] [32mBuilding CXX object test/plugins/action/CMakeFiles/test_action_follow_path_action.dir/test_follow_path_action.cpp.o[0m
[434.932s] [100%] [32m[1mLinking CXX executable test_action_follow_path_action[0m
[435.200s] [100%] Built target test_action_follow_path_action
[435.217s] Invoked command in '/home/kong/my_ws/build/nav2_behavior_tree' returned '0': CMAKE_PREFIX_PATH=/home/kong/my_ws/install/nav2_util:/home/kong/my_ws/install/nav2_msgs:/home/kong/my_ws/install/nav2_common:/home/kong/install/ydlidar_ros2_driver:/home/kong/install/usb_cam:/home/kong/install/teleop_twist_joy:/home/kong/install/ros2_aruco_interfaces:/home/kong/install/realsense2_description:/home/kong/install/realsense2_camera_msgs:/home/kong/install/odrive_ros2_control:/home/kong/install/odrive_hardware_interface:/home/kong/install/odrive_demo_bringup:/home/kong/install/odrive_demo_description:/home/kong/install/dwb_msgs:/home/kong/install/nav_2d_msgs:/home/kong/install/nav2_voxel_grid:/home/kong/install/nav2_common:/home/kong/install/my_slam_package:/home/kong/install/my_bot_description:/home/kong/my_ws/install/ydlidar_ros2_driver:/home/kong/my_ws/install/usb_cam:/home/kong/my_ws/install/teleop_twist_joy:/home/kong/my_ws/install/nav2_system_tests:/home/kong/my_ws/install/nav2_bringup:/home/kong/my_ws/install/slam_toolbox:/home/kong/my_ws/install/ros2_aruco_interfaces:/home/kong/my_ws/install/realsense2_description:/home/kong/my_ws/install/realsense2_camera:/home/kong/my_ws/install/realsense2_camera_msgs:/home/kong/my_ws/install/odrive_ros2_control:/home/kong/my_ws/install/odrive_hardware_interface:/home/kong/my_ws/install/odrive_demo_bringup:/home/kong/my_ws/install/odrive_demo_description:/home/kong/my_ws/install/navigation2:/home/kong/my_ws/install/nav2_smoother:/home/kong/my_ws/install/nav2_graceful_controller:/home/kong/my_ws/install/nav2_dwb_controller:/home/kong/my_ws/install/nav2_controller:/home/kong/my_ws/install/dwb_plugins:/home/kong/my_ws/install/dwb_critics:/home/kong/my_ws/install/dwb_core:/home/kong/my_ws/install/nav_2d_utils:/home/kong/my_ws/install/dwb_msgs:/home/kong/my_ws/install/nav_2d_msgs:/home/kong/my_ws/install/nav2_waypoint_follower:/home/kong/my_ws/install/nav2_theta_star_planner:/home/kong/my_ws/install/nav2_smac_planner:/home/kong/my_ws/install/nav2_rotation_shim_controller:/home/kong/my_ws/install/nav2_regulated_pure_pursuit_controller:/home/kong/my_ws/install/nav2_planner:/home/kong/my_ws/install/nav2_navfn_planner:/home/kong/my_ws/install/nav2_mppi_controller:/home/kong/my_ws/install/nav2_constrained_smoother:/home/kong/my_ws/install/nav2_bt_navigator:/home/kong/my_ws/install/nav2_behaviors:/home/kong/my_ws/install/nav2_core:/home/kong/my_ws/install/nav2_collision_monitor:/home/kong/my_ws/install/costmap_queue:/home/kong/my_ws/install/nav2_costmap_2d:/home/kong/my_ws/install/nav2_voxel_grid:/home/kong/my_ws/install/nav2_velocity_smoother:/home/kong/my_ws/install/nav2_rviz_plugins:/home/kong/my_ws/install/nav2_map_server:/home/kong/my_ws/install/nav2_lifecycle_manager:/home/kong/my_ws/install/nav2_behavior_tree:/home/kong/my_ws/install/nav2_amcl:/home/kong/my_ws/install/my_slam_package:/home/kong/my_ws/install/my_bot_description:/home/kong/install/ros2_aruco:/home/kong/install/my_tf2_package:/home/kong/install/my_docking:/home/kong/install/my_aruco_to_goal_pose_pkg:/home/kong/my_ws/install/ros2_aruco:/home/kong/my_ws/install/nav2_simple_commander:/home/kong/my_ws/install/my_tf2_package:/home/kong/my_ws/install/my_docking:/home/kong/my_ws/install/my_aruco_to_goal_pose_pkg:/opt/ros/humble LD_LIBRARY_PATH=/home/kong/my_ws/install/nav2_util/lib:/home/kong/my_ws/install/nav2_msgs/lib:/home/kong/install/usb_cam/lib:/home/kong/install/teleop_twist_joy/lib:/home/kong/install/ros2_aruco_interfaces/lib:/home/kong/install/realsense2_camera_msgs/lib:/home/kong/install/odrive_hardware_interface/lib:/home/kong/install/dwb_msgs/lib:/home/kong/install/nav_2d_msgs/lib:/home/kong/install/nav2_voxel_grid/lib:/home/kong/my_ws/install/usb_cam/lib:/home/kong/my_ws/install/teleop_twist_joy/lib:/home/kong/my_ws/install/slam_toolbox/lib:/home/kong/my_ws/install/ros2_aruco_interfaces/lib:/home/kong/my_ws/install/realsense2_camera/lib:/home/kong/my_ws/install/realsense2_camera_msgs/lib:/home/kong/my_ws/install/odrive_hardware_interface/lib:/home/kong/my_ws/install/nav2_smoother/lib:/home/kong/my_ws/install/nav2_graceful_controller/lib:/home/kong/my_ws/install/nav2_controller/lib:/home/kong/my_ws/install/dwb_plugins/lib:/home/kong/my_ws/install/dwb_critics/lib:/home/kong/my_ws/install/dwb_core/lib:/home/kong/my_ws/install/nav_2d_utils/lib:/home/kong/my_ws/install/dwb_msgs/lib:/home/kong/my_ws/install/nav_2d_msgs/lib:/home/kong/my_ws/install/nav2_waypoint_follower/lib:/home/kong/my_ws/install/nav2_theta_star_planner/lib:/home/kong/my_ws/install/nav2_smac_planner/lib:/home/kong/my_ws/install/nav2_rotation_shim_controller/lib:/home/kong/my_ws/install/nav2_regulated_pure_pursuit_controller/lib:/home/kong/my_ws/install/nav2_planner/lib:/home/kong/my_ws/install/nav2_navfn_planner/lib:/home/kong/my_ws/install/nav2_mppi_controller/lib:/home/kong/my_ws/install/nav2_constrained_smoother/lib:/home/kong/my_ws/install/nav2_bt_navigator/lib:/home/kong/my_ws/install/nav2_behaviors/lib:/home/kong/my_ws/install/nav2_collision_monitor/lib:/home/kong/my_ws/install/costmap_queue/lib:/home/kong/my_ws/install/nav2_costmap_2d/lib:/home/kong/my_ws/install/nav2_voxel_grid/lib:/home/kong/my_ws/install/nav2_velocity_smoother/lib:/home/kong/my_ws/install/nav2_rviz_plugins/lib:/home/kong/my_ws/install/nav2_map_server/lib:/home/kong/my_ws/install/nav2_lifecycle_manager/lib:/home/kong/my_ws/install/nav2_behavior_tree/lib:/home/kong/my_ws/install/nav2_amcl/lib:/usr/lib/x86_64-linux-gnu/gazebo-11/plugins:/opt/ros/humble/opt/rviz_ogre_vendor/lib:/opt/ros/humble/lib/x86_64-linux-gnu:/opt/ros/humble/lib /usr/bin/cmake --build /home/kong/my_ws/build/nav2_behavior_tree -- -j8 -l8
[435.899s] Invoking command in '/home/kong/my_ws/build/nav2_behavior_tree': CMAKE_PREFIX_PATH=/home/kong/my_ws/install/nav2_util:/home/kong/my_ws/install/nav2_msgs:/home/kong/my_ws/install/nav2_common:/home/kong/install/ydlidar_ros2_driver:/home/kong/install/usb_cam:/home/kong/install/teleop_twist_joy:/home/kong/install/ros2_aruco_interfaces:/home/kong/install/realsense2_description:/home/kong/install/realsense2_camera_msgs:/home/kong/install/odrive_ros2_control:/home/kong/install/odrive_hardware_interface:/home/kong/install/odrive_demo_bringup:/home/kong/install/odrive_demo_description:/home/kong/install/dwb_msgs:/home/kong/install/nav_2d_msgs:/home/kong/install/nav2_voxel_grid:/home/kong/install/nav2_common:/home/kong/install/my_slam_package:/home/kong/install/my_bot_description:/home/kong/my_ws/install/ydlidar_ros2_driver:/home/kong/my_ws/install/usb_cam:/home/kong/my_ws/install/teleop_twist_joy:/home/kong/my_ws/install/nav2_system_tests:/home/kong/my_ws/install/nav2_bringup:/home/kong/my_ws/install/slam_toolbox:/home/kong/my_ws/install/ros2_aruco_interfaces:/home/kong/my_ws/install/realsense2_description:/home/kong/my_ws/install/realsense2_camera:/home/kong/my_ws/install/realsense2_camera_msgs:/home/kong/my_ws/install/odrive_ros2_control:/home/kong/my_ws/install/odrive_hardware_interface:/home/kong/my_ws/install/odrive_demo_bringup:/home/kong/my_ws/install/odrive_demo_description:/home/kong/my_ws/install/navigation2:/home/kong/my_ws/install/nav2_smoother:/home/kong/my_ws/install/nav2_graceful_controller:/home/kong/my_ws/install/nav2_dwb_controller:/home/kong/my_ws/install/nav2_controller:/home/kong/my_ws/install/dwb_plugins:/home/kong/my_ws/install/dwb_critics:/home/kong/my_ws/install/dwb_core:/home/kong/my_ws/install/nav_2d_utils:/home/kong/my_ws/install/dwb_msgs:/home/kong/my_ws/install/nav_2d_msgs:/home/kong/my_ws/install/nav2_waypoint_follower:/home/kong/my_ws/install/nav2_theta_star_planner:/home/kong/my_ws/install/nav2_smac_planner:/home/kong/my_ws/install/nav2_rotation_shim_controller:/home/kong/my_ws/install/nav2_regulated_pure_pursuit_controller:/home/kong/my_ws/install/nav2_planner:/home/kong/my_ws/install/nav2_navfn_planner:/home/kong/my_ws/install/nav2_mppi_controller:/home/kong/my_ws/install/nav2_constrained_smoother:/home/kong/my_ws/install/nav2_bt_navigator:/home/kong/my_ws/install/nav2_behaviors:/home/kong/my_ws/install/nav2_core:/home/kong/my_ws/install/nav2_collision_monitor:/home/kong/my_ws/install/costmap_queue:/home/kong/my_ws/install/nav2_costmap_2d:/home/kong/my_ws/install/nav2_voxel_grid:/home/kong/my_ws/install/nav2_velocity_smoother:/home/kong/my_ws/install/nav2_rviz_plugins:/home/kong/my_ws/install/nav2_map_server:/home/kong/my_ws/install/nav2_lifecycle_manager:/home/kong/my_ws/install/nav2_behavior_tree:/home/kong/my_ws/install/nav2_amcl:/home/kong/my_ws/install/my_slam_package:/home/kong/my_ws/install/my_bot_description:/home/kong/install/ros2_aruco:/home/kong/install/my_tf2_package:/home/kong/install/my_docking:/home/kong/install/my_aruco_to_goal_pose_pkg:/home/kong/my_ws/install/ros2_aruco:/home/kong/my_ws/install/nav2_simple_commander:/home/kong/my_ws/install/my_tf2_package:/home/kong/my_ws/install/my_docking:/home/kong/my_ws/install/my_aruco_to_goal_pose_pkg:/opt/ros/humble LD_LIBRARY_PATH=/home/kong/my_ws/install/nav2_util/lib:/home/kong/my_ws/install/nav2_msgs/lib:/home/kong/install/usb_cam/lib:/home/kong/install/teleop_twist_joy/lib:/home/kong/install/ros2_aruco_interfaces/lib:/home/kong/install/realsense2_camera_msgs/lib:/home/kong/install/odrive_hardware_interface/lib:/home/kong/install/dwb_msgs/lib:/home/kong/install/nav_2d_msgs/lib:/home/kong/install/nav2_voxel_grid/lib:/home/kong/my_ws/install/usb_cam/lib:/home/kong/my_ws/install/teleop_twist_joy/lib:/home/kong/my_ws/install/slam_toolbox/lib:/home/kong/my_ws/install/ros2_aruco_interfaces/lib:/home/kong/my_ws/install/realsense2_camera/lib:/home/kong/my_ws/install/realsense2_camera_msgs/lib:/home/kong/my_ws/install/odrive_hardware_interface/lib:/home/kong/my_ws/install/nav2_smoother/lib:/home/kong/my_ws/install/nav2_graceful_controller/lib:/home/kong/my_ws/install/nav2_controller/lib:/home/kong/my_ws/install/dwb_plugins/lib:/home/kong/my_ws/install/dwb_critics/lib:/home/kong/my_ws/install/dwb_core/lib:/home/kong/my_ws/install/nav_2d_utils/lib:/home/kong/my_ws/install/dwb_msgs/lib:/home/kong/my_ws/install/nav_2d_msgs/lib:/home/kong/my_ws/install/nav2_waypoint_follower/lib:/home/kong/my_ws/install/nav2_theta_star_planner/lib:/home/kong/my_ws/install/nav2_smac_planner/lib:/home/kong/my_ws/install/nav2_rotation_shim_controller/lib:/home/kong/my_ws/install/nav2_regulated_pure_pursuit_controller/lib:/home/kong/my_ws/install/nav2_planner/lib:/home/kong/my_ws/install/nav2_navfn_planner/lib:/home/kong/my_ws/install/nav2_mppi_controller/lib:/home/kong/my_ws/install/nav2_constrained_smoother/lib:/home/kong/my_ws/install/nav2_bt_navigator/lib:/home/kong/my_ws/install/nav2_behaviors/lib:/home/kong/my_ws/install/nav2_collision_monitor/lib:/home/kong/my_ws/install/costmap_queue/lib:/home/kong/my_ws/install/nav2_costmap_2d/lib:/home/kong/my_ws/install/nav2_voxel_grid/lib:/home/kong/my_ws/install/nav2_velocity_smoother/lib:/home/kong/my_ws/install/nav2_rviz_plugins/lib:/home/kong/my_ws/install/nav2_map_server/lib:/home/kong/my_ws/install/nav2_lifecycle_manager/lib:/home/kong/my_ws/install/nav2_behavior_tree/lib:/home/kong/my_ws/install/nav2_amcl/lib:/usr/lib/x86_64-linux-gnu/gazebo-11/plugins:/opt/ros/humble/opt/rviz_ogre_vendor/lib:/opt/ros/humble/lib/x86_64-linux-gnu:/opt/ros/humble/lib /usr/bin/cmake --install /home/kong/my_ws/build/nav2_behavior_tree
[435.921s] -- Install configuration: "Release"
[435.921s] -- Installing: /home/kong/my_ws/install/nav2_behavior_tree/lib/libnav2_behavior_tree.so
[435.922s] -- Set runtime path of "/home/kong/my_ws/install/nav2_behavior_tree/lib/libnav2_behavior_tree.so" to ""
[435.922s] -- Installing: /home/kong/my_ws/install/nav2_behavior_tree/lib/libnav2_compute_path_to_pose_action_bt_node.so
[435.922s] -- Set runtime path of "/home/kong/my_ws/install/nav2_behavior_tree/lib/libnav2_compute_path_to_pose_action_bt_node.so" to ""
[435.923s] -- Installing: /home/kong/my_ws/install/nav2_behavior_tree/lib/libnav2_compute_path_through_poses_action_bt_node.so
[435.923s] -- Set runtime path of "/home/kong/my_ws/install/nav2_behavior_tree/lib/libnav2_compute_path_through_poses_action_bt_node.so" to ""
[435.923s] -- Installing: /home/kong/my_ws/install/nav2_behavior_tree/lib/libnav2_controller_cancel_bt_node.so
[435.924s] -- Set runtime path of "/home/kong/my_ws/install/nav2_behavior_tree/lib/libnav2_controller_cancel_bt_node.so" to ""
[435.924s] -- Installing: /home/kong/my_ws/install/nav2_behavior_tree/lib/libnav2_wait_cancel_bt_node.so
[435.925s] -- Set runtime path of "/home/kong/my_ws/install/nav2_behavior_tree/lib/libnav2_wait_cancel_bt_node.so" to ""
[435.925s] -- Installing: /home/kong/my_ws/install/nav2_behavior_tree/lib/libnav2_spin_cancel_bt_node.so
[435.925s] -- Set runtime path of "/home/kong/my_ws/install/nav2_behavior_tree/lib/libnav2_spin_cancel_bt_node.so" to ""
[435.925s] -- Installing: /home/kong/my_ws/install/nav2_behavior_tree/lib/libnav2_back_up_cancel_bt_node.so
[435.926s] -- Set runtime path of "/home/kong/my_ws/install/nav2_behavior_tree/lib/libnav2_back_up_cancel_bt_node.so" to ""
[435.926s] -- Installing: /home/kong/my_ws/install/nav2_behavior_tree/lib/libnav2_assisted_teleop_cancel_bt_node.so
[435.927s] -- Set runtime path of "/home/kong/my_ws/install/nav2_behavior_tree/lib/libnav2_assisted_teleop_cancel_bt_node.so" to ""
[435.927s] -- Installing: /home/kong/my_ws/install/nav2_behavior_tree/lib/libnav2_drive_on_heading_cancel_bt_node.so
[435.927s] -- Set runtime path of "/home/kong/my_ws/install/nav2_behavior_tree/lib/libnav2_drive_on_heading_cancel_bt_node.so" to ""
[435.928s] -- Installing: /home/kong/my_ws/install/nav2_behavior_tree/lib/libnav2_smooth_path_action_bt_node.so
[435.928s] -- Set runtime path of "/home/kong/my_ws/install/nav2_behavior_tree/lib/libnav2_smooth_path_action_bt_node.so" to ""
[435.928s] -- Installing: /home/kong/my_ws/install/nav2_behavior_tree/lib/libnav2_follow_path_action_bt_node.so
[435.929s] -- Set runtime path of "/home/kong/my_ws/install/nav2_behavior_tree/lib/libnav2_follow_path_action_bt_node.so" to ""
[435.929s] -- Installing: /home/kong/my_ws/install/nav2_behavior_tree/lib/libnav2_back_up_action_bt_node.so
[435.930s] -- Set runtime path of "/home/kong/my_ws/install/nav2_behavior_tree/lib/libnav2_back_up_action_bt_node.so" to ""
[435.930s] -- Installing: /home/kong/my_ws/install/nav2_behavior_tree/lib/libnav2_drive_on_heading_bt_node.so
[435.932s] -- Set runtime path of "/home/kong/my_ws/install/nav2_behavior_tree/lib/libnav2_drive_on_heading_bt_node.so" to ""
[435.932s] -- Installing: /home/kong/my_ws/install/nav2_behavior_tree/lib/libnav2_spin_action_bt_node.so
[435.933s] -- Set runtime path of "/home/kong/my_ws/install/nav2_behavior_tree/lib/libnav2_spin_action_bt_node.so" to ""
[435.933s] -- Installing: /home/kong/my_ws/install/nav2_behavior_tree/lib/libnav2_wait_action_bt_node.so
[435.933s] -- Set runtime path of "/home/kong/my_ws/install/nav2_behavior_tree/lib/libnav2_wait_action_bt_node.so" to ""
[435.934s] -- Installing: /home/kong/my_ws/install/nav2_behavior_tree/lib/libnav2_assisted_teleop_action_bt_node.so
[435.934s] -- Set runtime path of "/home/kong/my_ws/install/nav2_behavior_tree/lib/libnav2_assisted_teleop_action_bt_node.so" to ""
[435.935s] -- Installing: /home/kong/my_ws/install/nav2_behavior_tree/lib/libnav2_clear_costmap_service_bt_node.so
[435.935s] -- Set runtime path of "/home/kong/my_ws/install/nav2_behavior_tree/lib/libnav2_clear_costmap_service_bt_node.so" to ""
[435.936s] -- Installing: /home/kong/my_ws/install/nav2_behavior_tree/lib/libnav2_is_stuck_condition_bt_node.so
[435.938s] -- Set runtime path of "/home/kong/my_ws/install/nav2_behavior_tree/lib/libnav2_is_stuck_condition_bt_node.so" to ""
[435.938s] -- Installing: /home/kong/my_ws/install/nav2_behavior_tree/lib/libnav2_transform_available_condition_bt_node.so
[435.939s] -- Set runtime path of "/home/kong/my_ws/install/nav2_behavior_tree/lib/libnav2_transform_available_condition_bt_node.so" to ""
[435.939s] -- Installing: /home/kong/my_ws/install/nav2_behavior_tree/lib/libnav2_goal_reached_condition_bt_node.so
[435.939s] -- Set runtime path of "/home/kong/my_ws/install/nav2_behavior_tree/lib/libnav2_goal_reached_condition_bt_node.so" to ""
[435.939s] -- Installing: /home/kong/my_ws/install/nav2_behavior_tree/lib/libnav2_globally_updated_goal_condition_bt_node.so
[435.940s] -- Set runtime path of "/home/kong/my_ws/install/nav2_behavior_tree/lib/libnav2_globally_updated_goal_condition_bt_node.so" to ""
[435.940s] -- Installing: /home/kong/my_ws/install/nav2_behavior_tree/lib/libnav2_goal_updated_condition_bt_node.so
[435.941s] -- Set runtime path of "/home/kong/my_ws/install/nav2_behavior_tree/lib/libnav2_goal_updated_condition_bt_node.so" to ""
[435.941s] -- Installing: /home/kong/my_ws/install/nav2_behavior_tree/lib/libnav2_is_path_valid_condition_bt_node.so
[435.942s] -- Set runtime path of "/home/kong/my_ws/install/nav2_behavior_tree/lib/libnav2_is_path_valid_condition_bt_node.so" to ""
[435.942s] -- Installing: /home/kong/my_ws/install/nav2_behavior_tree/lib/libnav2_time_expired_condition_bt_node.so
[435.942s] -- Set runtime path of "/home/kong/my_ws/install/nav2_behavior_tree/lib/libnav2_time_expired_condition_bt_node.so" to ""
[435.942s] -- Installing: /home/kong/my_ws/install/nav2_behavior_tree/lib/libnav2_path_expiring_timer_condition.so
[435.943s] -- Set runtime path of "/home/kong/my_ws/install/nav2_behavior_tree/lib/libnav2_path_expiring_timer_condition.so" to ""
[435.943s] -- Installing: /home/kong/my_ws/install/nav2_behavior_tree/lib/libnav2_distance_traveled_condition_bt_node.so
[435.943s] -- Set runtime path of "/home/kong/my_ws/install/nav2_behavior_tree/lib/libnav2_distance_traveled_condition_bt_node.so" to ""
[435.943s] -- Installing: /home/kong/my_ws/install/nav2_behavior_tree/lib/libnav2_initial_pose_received_condition_bt_node.so
[435.944s] -- Set runtime path of "/home/kong/my_ws/install/nav2_behavior_tree/lib/libnav2_initial_pose_received_condition_bt_node.so" to ""
[435.944s] -- Installing: /home/kong/my_ws/install/nav2_behavior_tree/lib/libnav2_is_battery_charging_condition_bt_node.so
[435.945s] -- Set runtime path of "/home/kong/my_ws/install/nav2_behavior_tree/lib/libnav2_is_battery_charging_condition_bt_node.so" to ""
[435.946s] -- Installing: /home/kong/my_ws/install/nav2_behavior_tree/lib/libnav2_is_battery_low_condition_bt_node.so
[435.947s] -- Set runtime path of "/home/kong/my_ws/install/nav2_behavior_tree/lib/libnav2_is_battery_low_condition_bt_node.so" to ""
[435.947s] -- Installing: /home/kong/my_ws/install/nav2_behavior_tree/lib/libnav2_reinitialize_global_localization_service_bt_node.so
[435.948s] -- Set runtime path of "/home/kong/my_ws/install/nav2_behavior_tree/lib/libnav2_reinitialize_global_localization_service_bt_node.so" to ""
[435.948s] -- Installing: /home/kong/my_ws/install/nav2_behavior_tree/lib/libnav2_rate_controller_bt_node.so
[435.948s] -- Set runtime path of "/home/kong/my_ws/install/nav2_behavior_tree/lib/libnav2_rate_controller_bt_node.so" to ""
[435.948s] -- Installing: /home/kong/my_ws/install/nav2_behavior_tree/lib/libnav2_distance_controller_bt_node.so
[435.949s] -- Set runtime path of "/home/kong/my_ws/install/nav2_behavior_tree/lib/libnav2_distance_controller_bt_node.so" to ""
[435.949s] -- Installing: /home/kong/my_ws/install/nav2_behavior_tree/lib/libnav2_speed_controller_bt_node.so
[435.949s] -- Set runtime path of "/home/kong/my_ws/install/nav2_behavior_tree/lib/libnav2_speed_controller_bt_node.so" to ""
[435.949s] -- Installing: /home/kong/my_ws/install/nav2_behavior_tree/lib/libnav2_truncate_path_action_bt_node.so
[435.950s] -- Set runtime path of "/home/kong/my_ws/install/nav2_behavior_tree/lib/libnav2_truncate_path_action_bt_node.so" to ""
[435.950s] -- Installing: /home/kong/my_ws/install/nav2_behavior_tree/lib/libnav2_truncate_path_local_action_bt_node.so
[435.950s] -- Set runtime path of "/home/kong/my_ws/install/nav2_behavior_tree/lib/libnav2_truncate_path_local_action_bt_node.so" to ""
[435.950s] -- Installing: /home/kong/my_ws/install/nav2_behavior_tree/lib/libnav2_goal_updater_node_bt_node.so
[435.952s] -- Set runtime path of "/home/kong/my_ws/install/nav2_behavior_tree/lib/libnav2_goal_updater_node_bt_node.so" to ""
[435.952s] -- Installing: /home/kong/my_ws/install/nav2_behavior_tree/lib/libnav2_path_longer_on_approach_bt_node.so
[435.952s] -- Set runtime path of "/home/kong/my_ws/install/nav2_behavior_tree/lib/libnav2_path_longer_on_approach_bt_node.so" to ""
[435.952s] -- Installing: /home/kong/my_ws/install/nav2_behavior_tree/lib/libnav2_recovery_node_bt_node.so
[435.953s] -- Set runtime path of "/home/kong/my_ws/install/nav2_behavior_tree/lib/libnav2_recovery_node_bt_node.so" to ""
[435.953s] -- Installing: /home/kong/my_ws/install/nav2_behavior_tree/lib/libnav2_navigate_to_pose_action_bt_node.so
[435.954s] -- Set runtime path of "/home/kong/my_ws/install/nav2_behavior_tree/lib/libnav2_navigate_to_pose_action_bt_node.so" to ""
[435.954s] -- Installing: /home/kong/my_ws/install/nav2_behavior_tree/lib/libnav2_navigate_through_poses_action_bt_node.so
[435.954s] -- Set runtime path of "/home/kong/my_ws/install/nav2_behavior_tree/lib/libnav2_navigate_through_poses_action_bt_node.so" to ""
[435.955s] -- Installing: /home/kong/my_ws/install/nav2_behavior_tree/lib/libnav2_remove_passed_goals_action_bt_node.so
[435.955s] -- Set runtime path of "/home/kong/my_ws/install/nav2_behavior_tree/lib/libnav2_remove_passed_goals_action_bt_node.so" to ""
[435.955s] -- Installing: /home/kong/my_ws/install/nav2_behavior_tree/lib/libnav2_pipeline_sequence_bt_node.so
[435.955s] -- Set runtime path of "/home/kong/my_ws/install/nav2_behavior_tree/lib/libnav2_pipeline_sequence_bt_node.so" to ""
[435.955s] -- Installing: /home/kong/my_ws/install/nav2_behavior_tree/lib/libnav2_round_robin_node_bt_node.so
[435.956s] -- Set runtime path of "/home/kong/my_ws/install/nav2_behavior_tree/lib/libnav2_round_robin_node_bt_node.so" to ""
[435.956s] -- Installing: /home/kong/my_ws/install/nav2_behavior_tree/lib/libnav2_single_trigger_bt_node.so
[435.956s] -- Set runtime path of "/home/kong/my_ws/install/nav2_behavior_tree/lib/libnav2_single_trigger_bt_node.so" to ""
[435.956s] -- Installing: /home/kong/my_ws/install/nav2_behavior_tree/lib/libnav2_planner_selector_bt_node.so
[435.957s] -- Set runtime path of "/home/kong/my_ws/install/nav2_behavior_tree/lib/libnav2_planner_selector_bt_node.so" to ""
[435.958s] -- Installing: /home/kong/my_ws/install/nav2_behavior_tree/lib/libnav2_controller_selector_bt_node.so
[435.959s] -- Set runtime path of "/home/kong/my_ws/install/nav2_behavior_tree/lib/libnav2_controller_selector_bt_node.so" to ""
[435.959s] -- Installing: /home/kong/my_ws/install/nav2_behavior_tree/lib/libnav2_smoother_selector_bt_node.so
[435.961s] -- Set runtime path of "/home/kong/my_ws/install/nav2_behavior_tree/lib/libnav2_smoother_selector_bt_node.so" to ""
[435.961s] -- Installing: /home/kong/my_ws/install/nav2_behavior_tree/lib/libnav2_goal_checker_selector_bt_node.so
[435.962s] -- Set runtime path of "/home/kong/my_ws/install/nav2_behavior_tree/lib/libnav2_goal_checker_selector_bt_node.so" to ""
[435.962s] -- Installing: /home/kong/my_ws/install/nav2_behavior_tree/lib/libnav2_progress_checker_selector_bt_node.so
[435.963s] -- Set runtime path of "/home/kong/my_ws/install/nav2_behavior_tree/lib/libnav2_progress_checker_selector_bt_node.so" to ""
[435.963s] -- Installing: /home/kong/my_ws/install/nav2_behavior_tree/lib/libnav2_goal_updated_controller_bt_node.so
[435.964s] -- Set runtime path of "/home/kong/my_ws/install/nav2_behavior_tree/lib/libnav2_goal_updated_controller_bt_node.so" to ""
[435.964s] -- Installing: /home/kong/my_ws/install/nav2_behavior_tree/include/
[435.964s] -- Installing: /home/kong/my_ws/install/nav2_behavior_tree/include//nav2_behavior_tree
[435.964s] -- Installing: /home/kong/my_ws/install/nav2_behavior_tree/include//nav2_behavior_tree/bt_action_server.hpp
[435.964s] -- Installing: /home/kong/my_ws/install/nav2_behavior_tree/include//nav2_behavior_tree/bt_action_server_impl.hpp
[435.964s] -- Installing: /home/kong/my_ws/install/nav2_behavior_tree/include//nav2_behavior_tree/bt_action_node.hpp
[435.964s] -- Installing: /home/kong/my_ws/install/nav2_behavior_tree/include//nav2_behavior_tree/bt_cancel_action_node.hpp
[435.964s] -- Installing: /home/kong/my_ws/install/nav2_behavior_tree/include//nav2_behavior_tree/plugins
[435.964s] -- Installing: /home/kong/my_ws/install/nav2_behavior_tree/include//nav2_behavior_tree/plugins/decorator
[435.965s] -- Installing: /home/kong/my_ws/install/nav2_behavior_tree/include//nav2_behavior_tree/plugins/decorator/single_trigger_node.hpp
[435.965s] -- Installing: /home/kong/my_ws/install/nav2_behavior_tree/include//nav2_behavior_tree/plugins/decorator/distance_controller.hpp
[435.965s] -- Installing: /home/kong/my_ws/install/nav2_behavior_tree/include//nav2_behavior_tree/plugins/decorator/goal_updated_controller.hpp
[435.965s] -- Installing: /home/kong/my_ws/install/nav2_behavior_tree/include//nav2_behavior_tree/plugins/decorator/rate_controller.hpp
[435.965s] -- Installing: /home/kong/my_ws/install/nav2_behavior_tree/include//nav2_behavior_tree/plugins/decorator/path_longer_on_approach.hpp
[435.965s] -- Installing: /home/kong/my_ws/install/nav2_behavior_tree/include//nav2_behavior_tree/plugins/decorator/goal_updater_node.hpp
[435.965s] -- Installing: /home/kong/my_ws/install/nav2_behavior_tree/include//nav2_behavior_tree/plugins/decorator/speed_controller.hpp
[435.966s] -- Installing: /home/kong/my_ws/install/nav2_behavior_tree/include//nav2_behavior_tree/plugins/condition
[435.966s] -- Installing: /home/kong/my_ws/install/nav2_behavior_tree/include//nav2_behavior_tree/plugins/condition/goal_reached_condition.hpp
[435.966s] -- Installing: /home/kong/my_ws/install/nav2_behavior_tree/include//nav2_behavior_tree/plugins/condition/globally_updated_goal_condition.hpp
[435.966s] -- Installing: /home/kong/my_ws/install/nav2_behavior_tree/include//nav2_behavior_tree/plugins/condition/path_expiring_timer_condition.hpp
[435.966s] -- Installing: /home/kong/my_ws/install/nav2_behavior_tree/include//nav2_behavior_tree/plugins/condition/distance_traveled_condition.hpp
[435.966s] -- Installing: /home/kong/my_ws/install/nav2_behavior_tree/include//nav2_behavior_tree/plugins/condition/time_expired_condition.hpp
[435.967s] -- Installing: /home/kong/my_ws/install/nav2_behavior_tree/include//nav2_behavior_tree/plugins/condition/transform_available_condition.hpp
[435.967s] -- Installing: /home/kong/my_ws/install/nav2_behavior_tree/include//nav2_behavior_tree/plugins/condition/goal_updated_condition.hpp
[435.967s] -- Installing: /home/kong/my_ws/install/nav2_behavior_tree/include//nav2_behavior_tree/plugins/condition/is_path_valid_condition.hpp
[435.967s] -- Installing: /home/kong/my_ws/install/nav2_behavior_tree/include//nav2_behavior_tree/plugins/condition/initial_pose_received_condition.hpp
[435.967s] -- Installing: /home/kong/my_ws/install/nav2_behavior_tree/include//nav2_behavior_tree/plugins/condition/is_battery_charging_condition.hpp
[435.967s] -- Installing: /home/kong/my_ws/install/nav2_behavior_tree/include//nav2_behavior_tree/plugins/condition/is_battery_low_condition.hpp
[435.968s] -- Installing: /home/kong/my_ws/install/nav2_behavior_tree/include//nav2_behavior_tree/plugins/condition/is_stuck_condition.hpp
[435.968s] -- Installing: /home/kong/my_ws/install/nav2_behavior_tree/include//nav2_behavior_tree/plugins/control
[435.968s] -- Installing: /home/kong/my_ws/install/nav2_behavior_tree/include//nav2_behavior_tree/plugins/control/round_robin_node.hpp
[435.968s] -- Installing: /home/kong/my_ws/install/nav2_behavior_tree/include//nav2_behavior_tree/plugins/control/recovery_node.hpp
[435.968s] -- Installing: /home/kong/my_ws/install/nav2_behavior_tree/include//nav2_behavior_tree/plugins/control/pipeline_sequence.hpp
[435.968s] -- Installing: /home/kong/my_ws/install/nav2_behavior_tree/include//nav2_behavior_tree/plugins/action
[435.968s] -- Installing: /home/kong/my_ws/install/nav2_behavior_tree/include//nav2_behavior_tree/plugins/action/compute_path_through_poses_action.hpp
[435.968s] -- Installing: /home/kong/my_ws/install/nav2_behavior_tree/include//nav2_behavior_tree/plugins/action/follow_path_action.hpp
[435.969s] -- Installing: /home/kong/my_ws/install/nav2_behavior_tree/include//nav2_behavior_tree/plugins/action/truncate_path_local_action.hpp
[435.969s] -- Installing: /home/kong/my_ws/install/nav2_behavior_tree/include//nav2_behavior_tree/plugins/action/assisted_teleop_cancel_node.hpp
[435.969s] -- Installing: /home/kong/my_ws/install/nav2_behavior_tree/include//nav2_behavior_tree/plugins/action/navigate_to_pose_action.hpp
[435.969s] -- Installing: /home/kong/my_ws/install/nav2_behavior_tree/include//nav2_behavior_tree/plugins/action/drive_on_heading_action.hpp
[435.969s] -- Installing: /home/kong/my_ws/install/nav2_behavior_tree/include//nav2_behavior_tree/plugins/action/spin_action.hpp
[435.969s] -- Installing: /home/kong/my_ws/install/nav2_behavior_tree/include//nav2_behavior_tree/plugins/action/clear_costmap_service.hpp
[435.969s] -- Installing: /home/kong/my_ws/install/nav2_behavior_tree/include//nav2_behavior_tree/plugins/action/compute_path_to_pose_action.hpp
[435.969s] -- Installing: /home/kong/my_ws/install/nav2_behavior_tree/include//nav2_behavior_tree/plugins/action/back_up_action.hpp
[435.969s] -- Installing: /home/kong/my_ws/install/nav2_behavior_tree/include//nav2_behavior_tree/plugins/action/remove_passed_goals_action.hpp
[435.969s] -- Installing: /home/kong/my_ws/install/nav2_behavior_tree/include//nav2_behavior_tree/plugins/action/spin_cancel_node.hpp
[435.970s] -- Installing: /home/kong/my_ws/install/nav2_behavior_tree/include//nav2_behavior_tree/plugins/action/wait_action.hpp
[435.970s] -- Installing: /home/kong/my_ws/install/nav2_behavior_tree/include//nav2_behavior_tree/plugins/action/assisted_teleop_action.hpp
[435.970s] -- Installing: /home/kong/my_ws/install/nav2_behavior_tree/include//nav2_behavior_tree/plugins/action/progress_checker_selector_node.hpp
[435.970s] -- Installing: /home/kong/my_ws/install/nav2_behavior_tree/include//nav2_behavior_tree/plugins/action/wait_cancel_node.hpp
[435.970s] -- Installing: /home/kong/my_ws/install/nav2_behavior_tree/include//nav2_behavior_tree/plugins/action/smoother_selector_node.hpp
[435.970s] -- Installing: /home/kong/my_ws/install/nav2_behavior_tree/include//nav2_behavior_tree/plugins/action/controller_selector_node.hpp
[435.970s] -- Installing: /home/kong/my_ws/install/nav2_behavior_tree/include//nav2_behavior_tree/plugins/action/planner_selector_node.hpp
[435.970s] -- Installing: /home/kong/my_ws/install/nav2_behavior_tree/include//nav2_behavior_tree/plugins/action/back_up_cancel_node.hpp
[435.970s] -- Installing: /home/kong/my_ws/install/nav2_behavior_tree/include//nav2_behavior_tree/plugins/action/drive_on_heading_cancel_node.hpp
[435.971s] -- Installing: /home/kong/my_ws/install/nav2_behavior_tree/include//nav2_behavior_tree/plugins/action/reinitialize_global_localization_service.hpp
[435.971s] -- Installing: /home/kong/my_ws/install/nav2_behavior_tree/include//nav2_behavior_tree/plugins/action/navigate_through_poses_action.hpp
[435.971s] -- Installing: /home/kong/my_ws/install/nav2_behavior_tree/include//nav2_behavior_tree/plugins/action/truncate_path_action.hpp
[435.971s] -- Installing: /home/kong/my_ws/install/nav2_behavior_tree/include//nav2_behavior_tree/plugins/action/smooth_path_action.hpp
[435.971s] -- Installing: /home/kong/my_ws/install/nav2_behavior_tree/include//nav2_behavior_tree/plugins/action/goal_checker_selector_node.hpp
[435.971s] -- Installing: /home/kong/my_ws/install/nav2_behavior_tree/include//nav2_behavior_tree/plugins/action/controller_cancel_node.hpp
[435.971s] -- Installing: /home/kong/my_ws/install/nav2_behavior_tree/include//nav2_behavior_tree/bt_conversions.hpp
[435.971s] -- Installing: /home/kong/my_ws/install/nav2_behavior_tree/include//nav2_behavior_tree/bt_service_node.hpp
[435.971s] -- Installing: /home/kong/my_ws/install/nav2_behavior_tree/include//nav2_behavior_tree/ros_topic_logger.hpp
[435.972s] -- Installing: /home/kong/my_ws/install/nav2_behavior_tree/include//nav2_behavior_tree/behavior_tree_engine.hpp
[435.972s] -- Installing: /home/kong/my_ws/install/nav2_behavior_tree/share/nav2_behavior_tree/nav2_tree_nodes.xml
[435.972s] -- Installing: /home/kong/my_ws/install/nav2_behavior_tree/share/nav2_behavior_tree/environment/library_path.sh
[435.972s] -- Installing: /home/kong/my_ws/install/nav2_behavior_tree/share/nav2_behavior_tree/environment/library_path.dsv
[435.973s] -- Installing: /home/kong/my_ws/install/nav2_behavior_tree/share/ament_index/resource_index/package_run_dependencies/nav2_behavior_tree
[435.973s] -- Installing: /home/kong/my_ws/install/nav2_behavior_tree/share/ament_index/resource_index/parent_prefix_path/nav2_behavior_tree
[435.973s] -- Installing: /home/kong/my_ws/install/nav2_behavior_tree/share/nav2_behavior_tree/environment/ament_prefix_path.sh
[435.973s] -- Installing: /home/kong/my_ws/install/nav2_behavior_tree/share/nav2_behavior_tree/environment/ament_prefix_path.dsv
[435.974s] -- Installing: /home/kong/my_ws/install/nav2_behavior_tree/share/nav2_behavior_tree/environment/path.sh
[435.974s] -- Installing: /home/kong/my_ws/install/nav2_behavior_tree/share/nav2_behavior_tree/environment/path.dsv
[435.974s] -- Installing: /home/kong/my_ws/install/nav2_behavior_tree/share/nav2_behavior_tree/local_setup.bash
[435.974s] -- Installing: /home/kong/my_ws/install/nav2_behavior_tree/share/nav2_behavior_tree/local_setup.sh
[435.974s] -- Installing: /home/kong/my_ws/install/nav2_behavior_tree/share/nav2_behavior_tree/local_setup.zsh
[435.975s] -- Installing: /home/kong/my_ws/install/nav2_behavior_tree/share/nav2_behavior_tree/local_setup.dsv
[435.975s] -- Installing: /home/kong/my_ws/install/nav2_behavior_tree/share/nav2_behavior_tree/package.dsv
[435.975s] -- Installing: /home/kong/my_ws/install/nav2_behavior_tree/share/ament_index/resource_index/packages/nav2_behavior_tree
[435.975s] -- Installing: /home/kong/my_ws/install/nav2_behavior_tree/share/nav2_behavior_tree/cmake/ament_cmake_export_include_directories-extras.cmake
[435.975s] -- Installing: /home/kong/my_ws/install/nav2_behavior_tree/share/nav2_behavior_tree/cmake/ament_cmake_export_libraries-extras.cmake
[435.975s] -- Installing: /home/kong/my_ws/install/nav2_behavior_tree/share/nav2_behavior_tree/cmake/ament_cmake_export_dependencies-extras.cmake
[435.976s] -- Installing: /home/kong/my_ws/install/nav2_behavior_tree/share/nav2_behavior_tree/cmake/nav2_behavior_treeConfig.cmake
[435.976s] -- Installing: /home/kong/my_ws/install/nav2_behavior_tree/share/nav2_behavior_tree/cmake/nav2_behavior_treeConfig-version.cmake
[435.976s] -- Installing: /home/kong/my_ws/install/nav2_behavior_tree/share/nav2_behavior_tree/package.xml
[435.980s] Invoked command in '/home/kong/my_ws/build/nav2_behavior_tree' returned '0': CMAKE_PREFIX_PATH=/home/kong/my_ws/install/nav2_util:/home/kong/my_ws/install/nav2_msgs:/home/kong/my_ws/install/nav2_common:/home/kong/install/ydlidar_ros2_driver:/home/kong/install/usb_cam:/home/kong/install/teleop_twist_joy:/home/kong/install/ros2_aruco_interfaces:/home/kong/install/realsense2_description:/home/kong/install/realsense2_camera_msgs:/home/kong/install/odrive_ros2_control:/home/kong/install/odrive_hardware_interface:/home/kong/install/odrive_demo_bringup:/home/kong/install/odrive_demo_description:/home/kong/install/dwb_msgs:/home/kong/install/nav_2d_msgs:/home/kong/install/nav2_voxel_grid:/home/kong/install/nav2_common:/home/kong/install/my_slam_package:/home/kong/install/my_bot_description:/home/kong/my_ws/install/ydlidar_ros2_driver:/home/kong/my_ws/install/usb_cam:/home/kong/my_ws/install/teleop_twist_joy:/home/kong/my_ws/install/nav2_system_tests:/home/kong/my_ws/install/nav2_bringup:/home/kong/my_ws/install/slam_toolbox:/home/kong/my_ws/install/ros2_aruco_interfaces:/home/kong/my_ws/install/realsense2_description:/home/kong/my_ws/install/realsense2_camera:/home/kong/my_ws/install/realsense2_camera_msgs:/home/kong/my_ws/install/odrive_ros2_control:/home/kong/my_ws/install/odrive_hardware_interface:/home/kong/my_ws/install/odrive_demo_bringup:/home/kong/my_ws/install/odrive_demo_description:/home/kong/my_ws/install/navigation2:/home/kong/my_ws/install/nav2_smoother:/home/kong/my_ws/install/nav2_graceful_controller:/home/kong/my_ws/install/nav2_dwb_controller:/home/kong/my_ws/install/nav2_controller:/home/kong/my_ws/install/dwb_plugins:/home/kong/my_ws/install/dwb_critics:/home/kong/my_ws/install/dwb_core:/home/kong/my_ws/install/nav_2d_utils:/home/kong/my_ws/install/dwb_msgs:/home/kong/my_ws/install/nav_2d_msgs:/home/kong/my_ws/install/nav2_waypoint_follower:/home/kong/my_ws/install/nav2_theta_star_planner:/home/kong/my_ws/install/nav2_smac_planner:/home/kong/my_ws/install/nav2_rotation_shim_controller:/home/kong/my_ws/install/nav2_regulated_pure_pursuit_controller:/home/kong/my_ws/install/nav2_planner:/home/kong/my_ws/install/nav2_navfn_planner:/home/kong/my_ws/install/nav2_mppi_controller:/home/kong/my_ws/install/nav2_constrained_smoother:/home/kong/my_ws/install/nav2_bt_navigator:/home/kong/my_ws/install/nav2_behaviors:/home/kong/my_ws/install/nav2_core:/home/kong/my_ws/install/nav2_collision_monitor:/home/kong/my_ws/install/costmap_queue:/home/kong/my_ws/install/nav2_costmap_2d:/home/kong/my_ws/install/nav2_voxel_grid:/home/kong/my_ws/install/nav2_velocity_smoother:/home/kong/my_ws/install/nav2_rviz_plugins:/home/kong/my_ws/install/nav2_map_server:/home/kong/my_ws/install/nav2_lifecycle_manager:/home/kong/my_ws/install/nav2_behavior_tree:/home/kong/my_ws/install/nav2_amcl:/home/kong/my_ws/install/my_slam_package:/home/kong/my_ws/install/my_bot_description:/home/kong/install/ros2_aruco:/home/kong/install/my_tf2_package:/home/kong/install/my_docking:/home/kong/install/my_aruco_to_goal_pose_pkg:/home/kong/my_ws/install/ros2_aruco:/home/kong/my_ws/install/nav2_simple_commander:/home/kong/my_ws/install/my_tf2_package:/home/kong/my_ws/install/my_docking:/home/kong/my_ws/install/my_aruco_to_goal_pose_pkg:/opt/ros/humble LD_LIBRARY_PATH=/home/kong/my_ws/install/nav2_util/lib:/home/kong/my_ws/install/nav2_msgs/lib:/home/kong/install/usb_cam/lib:/home/kong/install/teleop_twist_joy/lib:/home/kong/install/ros2_aruco_interfaces/lib:/home/kong/install/realsense2_camera_msgs/lib:/home/kong/install/odrive_hardware_interface/lib:/home/kong/install/dwb_msgs/lib:/home/kong/install/nav_2d_msgs/lib:/home/kong/install/nav2_voxel_grid/lib:/home/kong/my_ws/install/usb_cam/lib:/home/kong/my_ws/install/teleop_twist_joy/lib:/home/kong/my_ws/install/slam_toolbox/lib:/home/kong/my_ws/install/ros2_aruco_interfaces/lib:/home/kong/my_ws/install/realsense2_camera/lib:/home/kong/my_ws/install/realsense2_camera_msgs/lib:/home/kong/my_ws/install/odrive_hardware_interface/lib:/home/kong/my_ws/install/nav2_smoother/lib:/home/kong/my_ws/install/nav2_graceful_controller/lib:/home/kong/my_ws/install/nav2_controller/lib:/home/kong/my_ws/install/dwb_plugins/lib:/home/kong/my_ws/install/dwb_critics/lib:/home/kong/my_ws/install/dwb_core/lib:/home/kong/my_ws/install/nav_2d_utils/lib:/home/kong/my_ws/install/dwb_msgs/lib:/home/kong/my_ws/install/nav_2d_msgs/lib:/home/kong/my_ws/install/nav2_waypoint_follower/lib:/home/kong/my_ws/install/nav2_theta_star_planner/lib:/home/kong/my_ws/install/nav2_smac_planner/lib:/home/kong/my_ws/install/nav2_rotation_shim_controller/lib:/home/kong/my_ws/install/nav2_regulated_pure_pursuit_controller/lib:/home/kong/my_ws/install/nav2_planner/lib:/home/kong/my_ws/install/nav2_navfn_planner/lib:/home/kong/my_ws/install/nav2_mppi_controller/lib:/home/kong/my_ws/install/nav2_constrained_smoother/lib:/home/kong/my_ws/install/nav2_bt_navigator/lib:/home/kong/my_ws/install/nav2_behaviors/lib:/home/kong/my_ws/install/nav2_collision_monitor/lib:/home/kong/my_ws/install/costmap_queue/lib:/home/kong/my_ws/install/nav2_costmap_2d/lib:/home/kong/my_ws/install/nav2_voxel_grid/lib:/home/kong/my_ws/install/nav2_velocity_smoother/lib:/home/kong/my_ws/install/nav2_rviz_plugins/lib:/home/kong/my_ws/install/nav2_map_server/lib:/home/kong/my_ws/install/nav2_lifecycle_manager/lib:/home/kong/my_ws/install/nav2_behavior_tree/lib:/home/kong/my_ws/install/nav2_amcl/lib:/usr/lib/x86_64-linux-gnu/gazebo-11/plugins:/opt/ros/humble/opt/rviz_ogre_vendor/lib:/opt/ros/humble/lib/x86_64-linux-gnu:/opt/ros/humble/lib /usr/bin/cmake --install /home/kong/my_ws/build/nav2_behavior_tree
