[1.111s] Invoking command in '/home/kong/my_ws/src/ros2_aruco/ros2_aruco': PYTHONPATH=/home/kong/my_ws/build/ros2_aruco/prefix_override:/home/kong/my_ws/install/ros2_aruco/lib/python3.10/site-packages:${PYTHONPATH} /usr/bin/python3 -W ignore:setup.py install is deprecated setup.py egg_info --egg-base ../../../build/ros2_aruco build --build-base /home/kong/my_ws/build/ros2_aruco/build install --record /home/kong/my_ws/build/ros2_aruco/install.log --single-version-externally-managed install_data
[1.436s] running egg_info
[1.437s] writing ../../../build/ros2_aruco/ros2_aruco.egg-info/PKG-INFO
[1.438s] writing dependency_links to ../../../build/ros2_aruco/ros2_aruco.egg-info/dependency_links.txt
[1.438s] writing entry points to ../../../build/ros2_aruco/ros2_aruco.egg-info/entry_points.txt
[1.438s] writing requirements to ../../../build/ros2_aruco/ros2_aruco.egg-info/requires.txt
[1.438s] writing top-level names to ../../../build/ros2_aruco/ros2_aruco.egg-info/top_level.txt
[1.442s] reading manifest file '../../../build/ros2_aruco/ros2_aruco.egg-info/SOURCES.txt'
[1.443s] writing manifest file '../../../build/ros2_aruco/ros2_aruco.egg-info/SOURCES.txt'
[1.444s] running build
[1.444s] running build_py
[1.445s] copying ros2_aruco/aruco_node.py -> /home/kong/my_ws/build/ros2_aruco/build/lib/ros2_aruco
[1.445s] running install
[1.446s] running install_lib
[1.447s] copying /home/kong/my_ws/build/ros2_aruco/build/lib/ros2_aruco/aruco_node.py -> /home/kong/my_ws/install/ros2_aruco/lib/python3.10/site-packages/ros2_aruco
[1.448s] byte-compiling /home/kong/my_ws/install/ros2_aruco/lib/python3.10/site-packages/ros2_aruco/aruco_node.py to aruco_node.cpython-310.pyc
[1.451s] running install_data
[1.451s] running install_egg_info
[1.454s] removing '/home/kong/my_ws/install/ros2_aruco/lib/python3.10/site-packages/ros2_aruco-0.1.0-py3.10.egg-info' (and everything under it)
[1.461s] Copying ../../../build/ros2_aruco/ros2_aruco.egg-info to /home/kong/my_ws/install/ros2_aruco/lib/python3.10/site-packages/ros2_aruco-0.1.0-py3.10.egg-info
[1.462s] running install_scripts
[1.494s] Installing aruco_generate_marker script to /home/kong/my_ws/install/ros2_aruco/lib/ros2_aruco
[1.494s] Installing aruco_node script to /home/kong/my_ws/install/ros2_aruco/lib/ros2_aruco
[1.494s] writing list of installed files to '/home/kong/my_ws/build/ros2_aruco/install.log'
[1.538s] Invoked command in '/home/kong/my_ws/src/ros2_aruco/ros2_aruco' returned '0': PYTHONPATH=/home/kong/my_ws/build/ros2_aruco/prefix_override:/home/kong/my_ws/install/ros2_aruco/lib/python3.10/site-packages:${PYTHONPATH} /usr/bin/python3 -W ignore:setup.py install is deprecated setup.py egg_info --egg-base ../../../build/ros2_aruco build --build-base /home/kong/my_ws/build/ros2_aruco/build install --record /home/kong/my_ws/build/ros2_aruco/install.log --single-version-externally-managed install_data
