[0.026s] Invoking command in '/home/kong/my_ws/build/ros2_aruco_interfaces': CMAKE_PREFIX_PATH=${CMAKE_PREFIX_PATH}:/home/kong/install/ros2_aruco:/home/kong/install/my_tf2_package:/home/kong/install/my_docking:/home/kong/install/my_aruco_to_goal_pose_pkg:/home/kong/my_ws/install/ros2_aruco:/home/kong/my_ws/install/nav2_simple_commander:/home/kong/my_ws/install/my_tf2_package:/home/kong/my_ws/install/my_docking:/home/kong/my_ws/install/my_aruco_to_goal_pose_pkg:/opt/ros/humble /usr/bin/cmake /home/kong/my_ws/src/ros2_aruco/ros2_aruco_interfaces -DCMAKE_INSTALL_PREFIX=/home/kong/my_ws/install/ros2_aruco_interfaces
[0.118s] -- The C compiler identification is GNU 11.4.0
[0.265s] -- The CXX compiler identification is GNU 11.4.0
[0.288s] -- Detecting C compiler ABI info
[0.554s] -- Detecting C compiler ABI info - done
[0.564s] -- Check for working C compiler: /usr/bin/cc - skipped
[0.565s] -- Detecting C compile features
[0.565s] -- Detecting C compile features - done
[0.569s] -- Detecting CXX compiler ABI info
[0.878s] -- Detecting CXX compiler ABI info - done
[0.889s] -- Check for working CXX compiler: /usr/bin/c++ - skipped
[0.890s] -- Detecting CXX compile features
[0.890s] -- Detecting CXX compile features - done
[0.902s] -- Found ament_cmake: 1.3.8 (/opt/ros/humble/share/ament_cmake/cmake)
[1.679s] -- Found Python3: /usr/bin/python3 (found version "3.10.12") found components: Interpreter 
[2.071s] -- Found geometry_msgs: 4.2.3 (/opt/ros/humble/share/geometry_msgs/cmake)
[2.292s] -- Found rosidl_generator_c: 3.1.5 (/opt/ros/humble/share/rosidl_generator_c/cmake)
[2.327s] -- Found rosidl_adapter: 3.1.5 (/opt/ros/humble/share/rosidl_adapter/cmake)
[2.409s] -- Found rosidl_generator_cpp: 3.1.5 (/opt/ros/humble/share/rosidl_generator_cpp/cmake)
[2.477s] -- Using all available rosidl_typesupport_c: rosidl_typesupport_fastrtps_c;rosidl_typesupport_introspection_c
[2.595s] -- Using all available rosidl_typesupport_cpp: rosidl_typesupport_fastrtps_cpp;rosidl_typesupport_introspection_cpp
[3.084s] -- Found rosidl_default_generators: 1.2.0 (/opt/ros/humble/share/rosidl_default_generators/cmake)
[4.308s] -- Found ament_cmake_ros: 0.10.0 (/opt/ros/humble/share/ament_cmake_ros/cmake)
[6.023s] -- Using all available rosidl_typesupport_c: rosidl_typesupport_fastrtps_c;rosidl_typesupport_introspection_c
[6.568s] -- Using all available rosidl_typesupport_cpp: rosidl_typesupport_fastrtps_cpp;rosidl_typesupport_introspection_cpp
[6.647s] -- Found PythonInterp: /usr/bin/python3 (found suitable version "3.10.12", minimum required is "3.6") 
[6.651s] -- Found python_cmake_module: 0.10.0 (/opt/ros/humble/share/python_cmake_module/cmake)
[6.749s] -- Found PythonLibs: /usr/lib/x86_64-linux-gnu/libpython3.10.so (found suitable version "3.10.12", minimum required is "3.5") 
[6.750s] -- Using PYTHON_EXECUTABLE: /usr/bin/python3
[6.750s] -- Using PYTHON_INCLUDE_DIRS: /usr/include/python3.10
[6.750s] -- Using PYTHON_LIBRARIES: /usr/lib/x86_64-linux-gnu/libpython3.10.so
[6.842s] -- Found PythonExtra: .so  
[7.115s] -- Found ament_lint_auto: 0.12.10 (/opt/ros/humble/share/ament_lint_auto/cmake)
[7.166s] -- Added test 'copyright' to check source files copyright and LICENSE
[7.169s] -- Added test 'lint_cmake' to check CMake code style
[7.172s] -- Added test 'xmllint' to check XML markup files
[7.178s] -- Configuring done
[7.220s] -- Generating done
[7.224s] -- Build files have been written to: /home/kong/my_ws/build/ros2_aruco_interfaces
[7.257s] Invoked command in '/home/kong/my_ws/build/ros2_aruco_interfaces' returned '0': CMAKE_PREFIX_PATH=${CMAKE_PREFIX_PATH}:/home/kong/install/ros2_aruco:/home/kong/install/my_tf2_package:/home/kong/install/my_docking:/home/kong/install/my_aruco_to_goal_pose_pkg:/home/kong/my_ws/install/ros2_aruco:/home/kong/my_ws/install/nav2_simple_commander:/home/kong/my_ws/install/my_tf2_package:/home/kong/my_ws/install/my_docking:/home/kong/my_ws/install/my_aruco_to_goal_pose_pkg:/opt/ros/humble /usr/bin/cmake /home/kong/my_ws/src/ros2_aruco/ros2_aruco_interfaces -DCMAKE_INSTALL_PREFIX=/home/kong/my_ws/install/ros2_aruco_interfaces
[7.258s] Invoking command in '/home/kong/my_ws/build/ros2_aruco_interfaces': CMAKE_PREFIX_PATH=${CMAKE_PREFIX_PATH}:/home/kong/install/ros2_aruco:/home/kong/install/my_tf2_package:/home/kong/install/my_docking:/home/kong/install/my_aruco_to_goal_pose_pkg:/home/kong/my_ws/install/ros2_aruco:/home/kong/my_ws/install/nav2_simple_commander:/home/kong/my_ws/install/my_tf2_package:/home/kong/my_ws/install/my_docking:/home/kong/my_ws/install/my_aruco_to_goal_pose_pkg:/opt/ros/humble /usr/bin/cmake --build /home/kong/my_ws/build/ros2_aruco_interfaces -- -j8 -l8
[8.029s] [  3%] [34m[1mGenerating C code for ROS interfaces[0m
[8.029s] [  6%] [34m[1mGenerating C++ code for ROS interfaces[0m
[8.029s] [  6%] Built target ament_cmake_python_copy_ros2_aruco_interfaces
[8.029s] running egg_info
[8.029s] creating ros2_aruco_interfaces.egg-info
[8.029s] writing ros2_aruco_interfaces.egg-info/PKG-INFO
[8.029s] writing dependency_links to ros2_aruco_interfaces.egg-info/dependency_links.txt
[8.029s] writing top-level names to ros2_aruco_interfaces.egg-info/top_level.txt
[8.029s] writing manifest file 'ros2_aruco_interfaces.egg-info/SOURCES.txt'
[8.029s] reading manifest file 'ros2_aruco_interfaces.egg-info/SOURCES.txt'
[8.029s] writing manifest file 'ros2_aruco_interfaces.egg-info/SOURCES.txt'
[8.030s] [  6%] Built target ament_cmake_python_build_ros2_aruco_interfaces_egg
[8.030s] [  6%] Built target ros2_aruco_interfaces__cpp
[8.051s] [  9%] [34m[1mGenerating C++ type support dispatch for ROS interfaces[0m
[8.068s] [ 12%] [34m[1mGenerating C++ introspection for ROS interfaces[0m
[8.098s] [ 16%] [34m[1mGenerating C++ type support for eProsima Fast-RTPS[0m
[8.135s] [ 19%] [32mBuilding C object CMakeFiles/ros2_aruco_interfaces__rosidl_generator_c.dir/rosidl_generator_c/ros2_aruco_interfaces/msg/detail/aruco_markers__functions.c.o[0m
[8.248s] [ 22%] [32m[1mLinking C shared library libros2_aruco_interfaces__rosidl_generator_c.so[0m
[8.425s] [ 22%] Built target ros2_aruco_interfaces__rosidl_generator_c
[8.490s] [ 25%] [34m[1mGenerating C type support for eProsima Fast-RTPS[0m
[8.511s] [ 29%] [34m[1mGenerating C introspection for ROS interfaces[0m
[8.530s] [ 32%] [34m[1mGenerating C type support dispatch for ROS interfaces[0m
[8.846s] [ 35%] [32mBuilding CXX object CMakeFiles/ros2_aruco_interfaces__rosidl_typesupport_cpp.dir/rosidl_typesupport_cpp/ros2_aruco_interfaces/msg/aruco_markers__type_support.cpp.o[0m
[8.974s] [ 38%] [32mBuilding CXX object CMakeFiles/ros2_aruco_interfaces__rosidl_typesupport_introspection_cpp.dir/rosidl_typesupport_introspection_cpp/ros2_aruco_interfaces/msg/detail/aruco_markers__type_support.cpp.o[0m
[9.127s] [ 41%] [32mBuilding CXX object CMakeFiles/ros2_aruco_interfaces__rosidl_typesupport_fastrtps_cpp.dir/rosidl_typesupport_fastrtps_cpp/ros2_aruco_interfaces/msg/detail/dds_fastrtps/aruco_markers__type_support.cpp.o[0m
[9.247s] [ 45%] [32mBuilding CXX object CMakeFiles/ros2_aruco_interfaces__rosidl_typesupport_c.dir/rosidl_typesupport_c/ros2_aruco_interfaces/msg/aruco_markers__type_support.cpp.o[0m
[9.258s] [ 48%] [32mBuilding CXX object CMakeFiles/ros2_aruco_interfaces__rosidl_typesupport_fastrtps_c.dir/rosidl_typesupport_fastrtps_c/ros2_aruco_interfaces/msg/detail/aruco_markers__type_support_c.cpp.o[0m
[9.306s] [ 51%] [32mBuilding C object CMakeFiles/ros2_aruco_interfaces__rosidl_typesupport_introspection_c.dir/rosidl_typesupport_introspection_c/ros2_aruco_interfaces/msg/detail/aruco_markers__type_support.c.o[0m
[9.423s] [ 54%] [32m[1mLinking CXX shared library libros2_aruco_interfaces__rosidl_typesupport_c.so[0m
[9.480s] [ 58%] [32m[1mLinking C shared library libros2_aruco_interfaces__rosidl_typesupport_introspection_c.so[0m
[9.528s] [ 61%] [32m[1mLinking CXX shared library libros2_aruco_interfaces__rosidl_typesupport_cpp.so[0m
[9.589s] [ 61%] Built target ros2_aruco_interfaces__rosidl_typesupport_c
[9.639s] [ 61%] Built target ros2_aruco_interfaces__rosidl_typesupport_introspection_c
[9.679s] [ 61%] Built target ros2_aruco_interfaces__rosidl_typesupport_cpp
[10.089s] [ 64%] [32m[1mLinking CXX shared library libros2_aruco_interfaces__rosidl_typesupport_introspection_cpp.so[0m
[10.136s] [ 67%] [32m[1mLinking CXX shared library libros2_aruco_interfaces__rosidl_typesupport_fastrtps_c.so[0m
[10.179s] [ 70%] [32m[1mLinking CXX shared library libros2_aruco_interfaces__rosidl_typesupport_fastrtps_cpp.so[0m
[10.285s] [ 70%] Built target ros2_aruco_interfaces__rosidl_typesupport_introspection_cpp
[10.373s] [ 70%] Built target ros2_aruco_interfaces__rosidl_typesupport_fastrtps_c
[10.420s] [ 70%] Built target ros2_aruco_interfaces__rosidl_typesupport_fastrtps_cpp
[10.513s] [ 70%] Built target ros2_aruco_interfaces
[10.573s] [ 74%] [34m[1mGenerating Python code for ROS interfaces[0m
[11.147s] [ 74%] Built target ros2_aruco_interfaces__py
[11.188s] [ 77%] [32mBuilding C object CMakeFiles/ros2_aruco_interfaces__rosidl_generator_py.dir/rosidl_generator_py/ros2_aruco_interfaces/msg/_aruco_markers_s.c.o[0m
[11.355s] [ 80%] [32m[1mLinking C shared library rosidl_generator_py/ros2_aruco_interfaces/libros2_aruco_interfaces__rosidl_generator_py.so[0m
[11.436s] [ 80%] Built target ros2_aruco_interfaces__rosidl_generator_py
[11.509s] [ 83%] [32mBuilding C object CMakeFiles/ros2_aruco_interfaces__rosidl_typesupport_fastrtps_c__pyext.dir/rosidl_generator_py/ros2_aruco_interfaces/_ros2_aruco_interfaces_s.ep.rosidl_typesupport_fastrtps_c.c.o[0m
[11.517s] [ 87%] [32mBuilding C object CMakeFiles/ros2_aruco_interfaces__rosidl_typesupport_c__pyext.dir/rosidl_generator_py/ros2_aruco_interfaces/_ros2_aruco_interfaces_s.ep.rosidl_typesupport_c.c.o[0m
[11.550s] [ 90%] [32mBuilding C object CMakeFiles/ros2_aruco_interfaces__rosidl_typesupport_introspection_c__pyext.dir/rosidl_generator_py/ros2_aruco_interfaces/_ros2_aruco_interfaces_s.ep.rosidl_typesupport_introspection_c.c.o[0m
[11.704s] [ 93%] [32m[1mLinking C shared library rosidl_generator_py/ros2_aruco_interfaces/ros2_aruco_interfaces_s__rosidl_typesupport_fastrtps_c.cpython-310-x86_64-linux-gnu.so[0m
[11.732s] [ 96%] [32m[1mLinking C shared library rosidl_generator_py/ros2_aruco_interfaces/ros2_aruco_interfaces_s__rosidl_typesupport_c.cpython-310-x86_64-linux-gnu.so[0m
[11.789s] [ 96%] Built target ros2_aruco_interfaces__rosidl_typesupport_fastrtps_c__pyext
[11.812s] [100%] Built target ros2_aruco_interfaces__rosidl_typesupport_c__pyext
[11.812s] [100%] [32m[1mLinking C shared library rosidl_generator_py/ros2_aruco_interfaces/ros2_aruco_interfaces_s__rosidl_typesupport_introspection_c.cpython-310-x86_64-linux-gnu.so[0m
[11.878s] [100%] Built target ros2_aruco_interfaces__rosidl_typesupport_introspection_c__pyext
[11.895s] Invoked command in '/home/kong/my_ws/build/ros2_aruco_interfaces' returned '0': CMAKE_PREFIX_PATH=${CMAKE_PREFIX_PATH}:/home/kong/install/ros2_aruco:/home/kong/install/my_tf2_package:/home/kong/install/my_docking:/home/kong/install/my_aruco_to_goal_pose_pkg:/home/kong/my_ws/install/ros2_aruco:/home/kong/my_ws/install/nav2_simple_commander:/home/kong/my_ws/install/my_tf2_package:/home/kong/my_ws/install/my_docking:/home/kong/my_ws/install/my_aruco_to_goal_pose_pkg:/opt/ros/humble /usr/bin/cmake --build /home/kong/my_ws/build/ros2_aruco_interfaces -- -j8 -l8
[12.200s] Invoking command in '/home/kong/my_ws/build/ros2_aruco_interfaces': CMAKE_PREFIX_PATH=${CMAKE_PREFIX_PATH}:/home/kong/install/ros2_aruco:/home/kong/install/my_tf2_package:/home/kong/install/my_docking:/home/kong/install/my_aruco_to_goal_pose_pkg:/home/kong/my_ws/install/ros2_aruco:/home/kong/my_ws/install/nav2_simple_commander:/home/kong/my_ws/install/my_tf2_package:/home/kong/my_ws/install/my_docking:/home/kong/my_ws/install/my_aruco_to_goal_pose_pkg:/opt/ros/humble /usr/bin/cmake --install /home/kong/my_ws/build/ros2_aruco_interfaces
[12.218s] -- Install configuration: ""
[12.220s] -- Installing: /home/kong/my_ws/install/ros2_aruco_interfaces/share/ament_index/resource_index/rosidl_interfaces/ros2_aruco_interfaces
[12.220s] -- Installing: /home/kong/my_ws/install/ros2_aruco_interfaces/include/ros2_aruco_interfaces/ros2_aruco_interfaces
[12.220s] -- Installing: /home/kong/my_ws/install/ros2_aruco_interfaces/include/ros2_aruco_interfaces/ros2_aruco_interfaces/msg
[12.220s] -- Installing: /home/kong/my_ws/install/ros2_aruco_interfaces/include/ros2_aruco_interfaces/ros2_aruco_interfaces/msg/detail
[12.220s] -- Installing: /home/kong/my_ws/install/ros2_aruco_interfaces/include/ros2_aruco_interfaces/ros2_aruco_interfaces/msg/detail/aruco_markers__functions.c
[12.220s] -- Installing: /home/kong/my_ws/install/ros2_aruco_interfaces/include/ros2_aruco_interfaces/ros2_aruco_interfaces/msg/detail/aruco_markers__functions.h
[12.221s] -- Installing: /home/kong/my_ws/install/ros2_aruco_interfaces/include/ros2_aruco_interfaces/ros2_aruco_interfaces/msg/detail/aruco_markers__struct.h
[12.221s] -- Installing: /home/kong/my_ws/install/ros2_aruco_interfaces/include/ros2_aruco_interfaces/ros2_aruco_interfaces/msg/detail/aruco_markers__type_support.h
[12.221s] -- Installing: /home/kong/my_ws/install/ros2_aruco_interfaces/include/ros2_aruco_interfaces/ros2_aruco_interfaces/msg/aruco_markers.h
[12.221s] -- Installing: /home/kong/my_ws/install/ros2_aruco_interfaces/include/ros2_aruco_interfaces/ros2_aruco_interfaces/msg/rosidl_generator_c__visibility_control.h
[12.221s] -- Installing: /home/kong/my_ws/install/ros2_aruco_interfaces/share/ros2_aruco_interfaces/environment/library_path.sh
[12.221s] -- Installing: /home/kong/my_ws/install/ros2_aruco_interfaces/share/ros2_aruco_interfaces/environment/library_path.dsv
[12.221s] -- Installing: /home/kong/my_ws/install/ros2_aruco_interfaces/lib/libros2_aruco_interfaces__rosidl_generator_c.so
[12.221s] -- Set runtime path of "/home/kong/my_ws/install/ros2_aruco_interfaces/lib/libros2_aruco_interfaces__rosidl_generator_c.so" to ""
[12.221s] -- Up-to-date: /home/kong/my_ws/install/ros2_aruco_interfaces/include/ros2_aruco_interfaces/ros2_aruco_interfaces
[12.221s] -- Up-to-date: /home/kong/my_ws/install/ros2_aruco_interfaces/include/ros2_aruco_interfaces/ros2_aruco_interfaces/msg
[12.221s] -- Installing: /home/kong/my_ws/install/ros2_aruco_interfaces/include/ros2_aruco_interfaces/ros2_aruco_interfaces/msg/rosidl_typesupport_fastrtps_c__visibility_control.h
[12.222s] -- Up-to-date: /home/kong/my_ws/install/ros2_aruco_interfaces/include/ros2_aruco_interfaces/ros2_aruco_interfaces/msg/detail
[12.222s] -- Installing: /home/kong/my_ws/install/ros2_aruco_interfaces/include/ros2_aruco_interfaces/ros2_aruco_interfaces/msg/detail/aruco_markers__rosidl_typesupport_fastrtps_c.h
[12.222s] -- Installing: /home/kong/my_ws/install/ros2_aruco_interfaces/lib/libros2_aruco_interfaces__rosidl_typesupport_fastrtps_c.so
[12.223s] -- Set runtime path of "/home/kong/my_ws/install/ros2_aruco_interfaces/lib/libros2_aruco_interfaces__rosidl_typesupport_fastrtps_c.so" to ""
[12.223s] -- Up-to-date: /home/kong/my_ws/install/ros2_aruco_interfaces/include/ros2_aruco_interfaces/ros2_aruco_interfaces
[12.223s] -- Up-to-date: /home/kong/my_ws/install/ros2_aruco_interfaces/include/ros2_aruco_interfaces/ros2_aruco_interfaces/msg
[12.223s] -- Up-to-date: /home/kong/my_ws/install/ros2_aruco_interfaces/include/ros2_aruco_interfaces/ros2_aruco_interfaces/msg/detail
[12.224s] -- Installing: /home/kong/my_ws/install/ros2_aruco_interfaces/include/ros2_aruco_interfaces/ros2_aruco_interfaces/msg/detail/aruco_markers__traits.hpp
[12.224s] -- Installing: /home/kong/my_ws/install/ros2_aruco_interfaces/include/ros2_aruco_interfaces/ros2_aruco_interfaces/msg/detail/aruco_markers__builder.hpp
[12.224s] -- Installing: /home/kong/my_ws/install/ros2_aruco_interfaces/include/ros2_aruco_interfaces/ros2_aruco_interfaces/msg/detail/aruco_markers__struct.hpp
[12.224s] -- Installing: /home/kong/my_ws/install/ros2_aruco_interfaces/include/ros2_aruco_interfaces/ros2_aruco_interfaces/msg/aruco_markers.hpp
[12.225s] -- Up-to-date: /home/kong/my_ws/install/ros2_aruco_interfaces/include/ros2_aruco_interfaces/ros2_aruco_interfaces
[12.225s] -- Up-to-date: /home/kong/my_ws/install/ros2_aruco_interfaces/include/ros2_aruco_interfaces/ros2_aruco_interfaces/msg
[12.225s] -- Up-to-date: /home/kong/my_ws/install/ros2_aruco_interfaces/include/ros2_aruco_interfaces/ros2_aruco_interfaces/msg/detail
[12.225s] -- Installing: /home/kong/my_ws/install/ros2_aruco_interfaces/include/ros2_aruco_interfaces/ros2_aruco_interfaces/msg/detail/aruco_markers__rosidl_typesupport_fastrtps_cpp.hpp
[12.226s] -- Installing: /home/kong/my_ws/install/ros2_aruco_interfaces/include/ros2_aruco_interfaces/ros2_aruco_interfaces/msg/detail/dds_fastrtps
[12.226s] -- Installing: /home/kong/my_ws/install/ros2_aruco_interfaces/include/ros2_aruco_interfaces/ros2_aruco_interfaces/msg/rosidl_typesupport_fastrtps_cpp__visibility_control.h
[12.226s] -- Installing: /home/kong/my_ws/install/ros2_aruco_interfaces/lib/libros2_aruco_interfaces__rosidl_typesupport_fastrtps_cpp.so
[12.227s] -- Set runtime path of "/home/kong/my_ws/install/ros2_aruco_interfaces/lib/libros2_aruco_interfaces__rosidl_typesupport_fastrtps_cpp.so" to ""
[12.227s] -- Up-to-date: /home/kong/my_ws/install/ros2_aruco_interfaces/include/ros2_aruco_interfaces/ros2_aruco_interfaces
[12.227s] -- Up-to-date: /home/kong/my_ws/install/ros2_aruco_interfaces/include/ros2_aruco_interfaces/ros2_aruco_interfaces/msg
[12.227s] -- Installing: /home/kong/my_ws/install/ros2_aruco_interfaces/include/ros2_aruco_interfaces/ros2_aruco_interfaces/msg/rosidl_typesupport_introspection_c__visibility_control.h
[12.228s] -- Up-to-date: /home/kong/my_ws/install/ros2_aruco_interfaces/include/ros2_aruco_interfaces/ros2_aruco_interfaces/msg/detail
[12.228s] -- Installing: /home/kong/my_ws/install/ros2_aruco_interfaces/include/ros2_aruco_interfaces/ros2_aruco_interfaces/msg/detail/aruco_markers__rosidl_typesupport_introspection_c.h
[12.228s] -- Installing: /home/kong/my_ws/install/ros2_aruco_interfaces/include/ros2_aruco_interfaces/ros2_aruco_interfaces/msg/detail/aruco_markers__type_support.c
[12.228s] -- Installing: /home/kong/my_ws/install/ros2_aruco_interfaces/lib/libros2_aruco_interfaces__rosidl_typesupport_introspection_c.so
[12.229s] -- Set runtime path of "/home/kong/my_ws/install/ros2_aruco_interfaces/lib/libros2_aruco_interfaces__rosidl_typesupport_introspection_c.so" to ""
[12.229s] -- Installing: /home/kong/my_ws/install/ros2_aruco_interfaces/lib/libros2_aruco_interfaces__rosidl_typesupport_c.so
[12.229s] -- Set runtime path of "/home/kong/my_ws/install/ros2_aruco_interfaces/lib/libros2_aruco_interfaces__rosidl_typesupport_c.so" to ""
[12.230s] -- Up-to-date: /home/kong/my_ws/install/ros2_aruco_interfaces/include/ros2_aruco_interfaces/ros2_aruco_interfaces
[12.230s] -- Up-to-date: /home/kong/my_ws/install/ros2_aruco_interfaces/include/ros2_aruco_interfaces/ros2_aruco_interfaces/msg
[12.230s] -- Up-to-date: /home/kong/my_ws/install/ros2_aruco_interfaces/include/ros2_aruco_interfaces/ros2_aruco_interfaces/msg/detail
[12.230s] -- Installing: /home/kong/my_ws/install/ros2_aruco_interfaces/include/ros2_aruco_interfaces/ros2_aruco_interfaces/msg/detail/aruco_markers__rosidl_typesupport_introspection_cpp.hpp
[12.231s] -- Installing: /home/kong/my_ws/install/ros2_aruco_interfaces/include/ros2_aruco_interfaces/ros2_aruco_interfaces/msg/detail/aruco_markers__type_support.cpp
[12.232s] -- Installing: /home/kong/my_ws/install/ros2_aruco_interfaces/lib/libros2_aruco_interfaces__rosidl_typesupport_introspection_cpp.so
[12.232s] -- Set runtime path of "/home/kong/my_ws/install/ros2_aruco_interfaces/lib/libros2_aruco_interfaces__rosidl_typesupport_introspection_cpp.so" to ""
[12.232s] -- Installing: /home/kong/my_ws/install/ros2_aruco_interfaces/lib/libros2_aruco_interfaces__rosidl_typesupport_cpp.so
[12.232s] -- Set runtime path of "/home/kong/my_ws/install/ros2_aruco_interfaces/lib/libros2_aruco_interfaces__rosidl_typesupport_cpp.so" to ""
[12.232s] -- Installing: /home/kong/my_ws/install/ros2_aruco_interfaces/share/ros2_aruco_interfaces/environment/pythonpath.sh
[12.232s] -- Installing: /home/kong/my_ws/install/ros2_aruco_interfaces/share/ros2_aruco_interfaces/environment/pythonpath.dsv
[12.232s] -- Installing: /home/kong/my_ws/install/ros2_aruco_interfaces/local/lib/python3.10/dist-packages/ros2_aruco_interfaces-0.1.0-py3.10.egg-info
[12.233s] -- Installing: /home/kong/my_ws/install/ros2_aruco_interfaces/local/lib/python3.10/dist-packages/ros2_aruco_interfaces-0.1.0-py3.10.egg-info/dependency_links.txt
[12.233s] -- Installing: /home/kong/my_ws/install/ros2_aruco_interfaces/local/lib/python3.10/dist-packages/ros2_aruco_interfaces-0.1.0-py3.10.egg-info/PKG-INFO
[12.233s] -- Installing: /home/kong/my_ws/install/ros2_aruco_interfaces/local/lib/python3.10/dist-packages/ros2_aruco_interfaces-0.1.0-py3.10.egg-info/top_level.txt
[12.233s] -- Installing: /home/kong/my_ws/install/ros2_aruco_interfaces/local/lib/python3.10/dist-packages/ros2_aruco_interfaces-0.1.0-py3.10.egg-info/SOURCES.txt
[12.233s] -- Installing: /home/kong/my_ws/install/ros2_aruco_interfaces/local/lib/python3.10/dist-packages/ros2_aruco_interfaces
[12.233s] -- Installing: /home/kong/my_ws/install/ros2_aruco_interfaces/local/lib/python3.10/dist-packages/ros2_aruco_interfaces/_ros2_aruco_interfaces_s.ep.rosidl_typesupport_introspection_c.c
[12.233s] -- Installing: /home/kong/my_ws/install/ros2_aruco_interfaces/local/lib/python3.10/dist-packages/ros2_aruco_interfaces/ros2_aruco_interfaces_s__rosidl_typesupport_introspection_c.cpython-310-x86_64-linux-gnu.so
[12.233s] -- Installing: /home/kong/my_ws/install/ros2_aruco_interfaces/local/lib/python3.10/dist-packages/ros2_aruco_interfaces/ros2_aruco_interfaces_s__rosidl_typesupport_c.cpython-310-x86_64-linux-gnu.so
[12.233s] -- Installing: /home/kong/my_ws/install/ros2_aruco_interfaces/local/lib/python3.10/dist-packages/ros2_aruco_interfaces/_ros2_aruco_interfaces_s.ep.rosidl_typesupport_fastrtps_c.c
[12.234s] -- Installing: /home/kong/my_ws/install/ros2_aruco_interfaces/local/lib/python3.10/dist-packages/ros2_aruco_interfaces/libros2_aruco_interfaces__rosidl_generator_py.so
[12.234s] -- Installing: /home/kong/my_ws/install/ros2_aruco_interfaces/local/lib/python3.10/dist-packages/ros2_aruco_interfaces/msg
[12.234s] -- Installing: /home/kong/my_ws/install/ros2_aruco_interfaces/local/lib/python3.10/dist-packages/ros2_aruco_interfaces/msg/_aruco_markers_s.c
[12.234s] -- Installing: /home/kong/my_ws/install/ros2_aruco_interfaces/local/lib/python3.10/dist-packages/ros2_aruco_interfaces/msg/__init__.py
[12.234s] -- Installing: /home/kong/my_ws/install/ros2_aruco_interfaces/local/lib/python3.10/dist-packages/ros2_aruco_interfaces/msg/_aruco_markers.py
[12.234s] -- Installing: /home/kong/my_ws/install/ros2_aruco_interfaces/local/lib/python3.10/dist-packages/ros2_aruco_interfaces/ros2_aruco_interfaces_s__rosidl_typesupport_fastrtps_c.cpython-310-x86_64-linux-gnu.so
[12.234s] -- Installing: /home/kong/my_ws/install/ros2_aruco_interfaces/local/lib/python3.10/dist-packages/ros2_aruco_interfaces/__init__.py
[12.234s] -- Installing: /home/kong/my_ws/install/ros2_aruco_interfaces/local/lib/python3.10/dist-packages/ros2_aruco_interfaces/_ros2_aruco_interfaces_s.ep.rosidl_typesupport_c.c
[12.291s] Listing '/home/kong/my_ws/install/ros2_aruco_interfaces/local/lib/python3.10/dist-packages/ros2_aruco_interfaces'...
[12.291s] Compiling '/home/kong/my_ws/install/ros2_aruco_interfaces/local/lib/python3.10/dist-packages/ros2_aruco_interfaces/__init__.py'...
[12.291s] Listing '/home/kong/my_ws/install/ros2_aruco_interfaces/local/lib/python3.10/dist-packages/ros2_aruco_interfaces/msg'...
[12.291s] Compiling '/home/kong/my_ws/install/ros2_aruco_interfaces/local/lib/python3.10/dist-packages/ros2_aruco_interfaces/msg/__init__.py'...
[12.291s] Compiling '/home/kong/my_ws/install/ros2_aruco_interfaces/local/lib/python3.10/dist-packages/ros2_aruco_interfaces/msg/_aruco_markers.py'...
[12.298s] -- Installing: /home/kong/my_ws/install/ros2_aruco_interfaces/local/lib/python3.10/dist-packages/ros2_aruco_interfaces/ros2_aruco_interfaces_s__rosidl_typesupport_fastrtps_c.cpython-310-x86_64-linux-gnu.so
[12.299s] -- Set runtime path of "/home/kong/my_ws/install/ros2_aruco_interfaces/local/lib/python3.10/dist-packages/ros2_aruco_interfaces/ros2_aruco_interfaces_s__rosidl_typesupport_fastrtps_c.cpython-310-x86_64-linux-gnu.so" to ""
[12.299s] -- Installing: /home/kong/my_ws/install/ros2_aruco_interfaces/local/lib/python3.10/dist-packages/ros2_aruco_interfaces/ros2_aruco_interfaces_s__rosidl_typesupport_introspection_c.cpython-310-x86_64-linux-gnu.so
[12.300s] -- Set runtime path of "/home/kong/my_ws/install/ros2_aruco_interfaces/local/lib/python3.10/dist-packages/ros2_aruco_interfaces/ros2_aruco_interfaces_s__rosidl_typesupport_introspection_c.cpython-310-x86_64-linux-gnu.so" to ""
[12.300s] -- Installing: /home/kong/my_ws/install/ros2_aruco_interfaces/local/lib/python3.10/dist-packages/ros2_aruco_interfaces/ros2_aruco_interfaces_s__rosidl_typesupport_c.cpython-310-x86_64-linux-gnu.so
[12.301s] -- Set runtime path of "/home/kong/my_ws/install/ros2_aruco_interfaces/local/lib/python3.10/dist-packages/ros2_aruco_interfaces/ros2_aruco_interfaces_s__rosidl_typesupport_c.cpython-310-x86_64-linux-gnu.so" to ""
[12.301s] -- Installing: /home/kong/my_ws/install/ros2_aruco_interfaces/lib/libros2_aruco_interfaces__rosidl_generator_py.so
[12.301s] -- Set runtime path of "/home/kong/my_ws/install/ros2_aruco_interfaces/lib/libros2_aruco_interfaces__rosidl_generator_py.so" to ""
[12.301s] -- Installing: /home/kong/my_ws/install/ros2_aruco_interfaces/share/ros2_aruco_interfaces/msg/ArucoMarkers.idl
[12.302s] -- Installing: /home/kong/my_ws/install/ros2_aruco_interfaces/share/ros2_aruco_interfaces/msg/ArucoMarkers.msg
[12.302s] -- Installing: /home/kong/my_ws/install/ros2_aruco_interfaces/share/ament_index/resource_index/package_run_dependencies/ros2_aruco_interfaces
[12.302s] -- Installing: /home/kong/my_ws/install/ros2_aruco_interfaces/share/ament_index/resource_index/parent_prefix_path/ros2_aruco_interfaces
[12.303s] -- Installing: /home/kong/my_ws/install/ros2_aruco_interfaces/share/ros2_aruco_interfaces/environment/ament_prefix_path.sh
[12.303s] -- Installing: /home/kong/my_ws/install/ros2_aruco_interfaces/share/ros2_aruco_interfaces/environment/ament_prefix_path.dsv
[12.303s] -- Installing: /home/kong/my_ws/install/ros2_aruco_interfaces/share/ros2_aruco_interfaces/environment/path.sh
[12.304s] -- Installing: /home/kong/my_ws/install/ros2_aruco_interfaces/share/ros2_aruco_interfaces/environment/path.dsv
[12.304s] -- Installing: /home/kong/my_ws/install/ros2_aruco_interfaces/share/ros2_aruco_interfaces/local_setup.bash
[12.304s] -- Installing: /home/kong/my_ws/install/ros2_aruco_interfaces/share/ros2_aruco_interfaces/local_setup.sh
[12.304s] -- Installing: /home/kong/my_ws/install/ros2_aruco_interfaces/share/ros2_aruco_interfaces/local_setup.zsh
[12.305s] -- Installing: /home/kong/my_ws/install/ros2_aruco_interfaces/share/ros2_aruco_interfaces/local_setup.dsv
[12.305s] -- Installing: /home/kong/my_ws/install/ros2_aruco_interfaces/share/ros2_aruco_interfaces/package.dsv
[12.305s] -- Installing: /home/kong/my_ws/install/ros2_aruco_interfaces/share/ament_index/resource_index/packages/ros2_aruco_interfaces
[12.305s] -- Installing: /home/kong/my_ws/install/ros2_aruco_interfaces/share/ros2_aruco_interfaces/cmake/export_ros2_aruco_interfaces__rosidl_generator_cExport.cmake
[12.306s] -- Installing: /home/kong/my_ws/install/ros2_aruco_interfaces/share/ros2_aruco_interfaces/cmake/export_ros2_aruco_interfaces__rosidl_generator_cExport-noconfig.cmake
[12.306s] -- Installing: /home/kong/my_ws/install/ros2_aruco_interfaces/share/ros2_aruco_interfaces/cmake/export_ros2_aruco_interfaces__rosidl_typesupport_fastrtps_cExport.cmake
[12.306s] -- Installing: /home/kong/my_ws/install/ros2_aruco_interfaces/share/ros2_aruco_interfaces/cmake/export_ros2_aruco_interfaces__rosidl_typesupport_fastrtps_cExport-noconfig.cmake
[12.307s] -- Installing: /home/kong/my_ws/install/ros2_aruco_interfaces/share/ros2_aruco_interfaces/cmake/export_ros2_aruco_interfaces__rosidl_generator_cppExport.cmake
[12.307s] -- Installing: /home/kong/my_ws/install/ros2_aruco_interfaces/share/ros2_aruco_interfaces/cmake/export_ros2_aruco_interfaces__rosidl_typesupport_fastrtps_cppExport.cmake
[12.307s] -- Installing: /home/kong/my_ws/install/ros2_aruco_interfaces/share/ros2_aruco_interfaces/cmake/export_ros2_aruco_interfaces__rosidl_typesupport_fastrtps_cppExport-noconfig.cmake
[12.308s] -- Installing: /home/kong/my_ws/install/ros2_aruco_interfaces/share/ros2_aruco_interfaces/cmake/ros2_aruco_interfaces__rosidl_typesupport_introspection_cExport.cmake
[12.308s] -- Installing: /home/kong/my_ws/install/ros2_aruco_interfaces/share/ros2_aruco_interfaces/cmake/ros2_aruco_interfaces__rosidl_typesupport_introspection_cExport-noconfig.cmake
[12.308s] -- Installing: /home/kong/my_ws/install/ros2_aruco_interfaces/share/ros2_aruco_interfaces/cmake/ros2_aruco_interfaces__rosidl_typesupport_cExport.cmake
[12.308s] -- Installing: /home/kong/my_ws/install/ros2_aruco_interfaces/share/ros2_aruco_interfaces/cmake/ros2_aruco_interfaces__rosidl_typesupport_cExport-noconfig.cmake
[12.309s] -- Installing: /home/kong/my_ws/install/ros2_aruco_interfaces/share/ros2_aruco_interfaces/cmake/ros2_aruco_interfaces__rosidl_typesupport_introspection_cppExport.cmake
[12.309s] -- Installing: /home/kong/my_ws/install/ros2_aruco_interfaces/share/ros2_aruco_interfaces/cmake/ros2_aruco_interfaces__rosidl_typesupport_introspection_cppExport-noconfig.cmake
[12.309s] -- Installing: /home/kong/my_ws/install/ros2_aruco_interfaces/share/ros2_aruco_interfaces/cmake/ros2_aruco_interfaces__rosidl_typesupport_cppExport.cmake
[12.310s] -- Installing: /home/kong/my_ws/install/ros2_aruco_interfaces/share/ros2_aruco_interfaces/cmake/ros2_aruco_interfaces__rosidl_typesupport_cppExport-noconfig.cmake
[12.310s] -- Installing: /home/kong/my_ws/install/ros2_aruco_interfaces/share/ros2_aruco_interfaces/cmake/export_ros2_aruco_interfaces__rosidl_generator_pyExport.cmake
[12.310s] -- Installing: /home/kong/my_ws/install/ros2_aruco_interfaces/share/ros2_aruco_interfaces/cmake/export_ros2_aruco_interfaces__rosidl_generator_pyExport-noconfig.cmake
[12.311s] -- Installing: /home/kong/my_ws/install/ros2_aruco_interfaces/share/ros2_aruco_interfaces/cmake/rosidl_cmake-extras.cmake
[12.311s] -- Installing: /home/kong/my_ws/install/ros2_aruco_interfaces/share/ros2_aruco_interfaces/cmake/ament_cmake_export_dependencies-extras.cmake
[12.311s] -- Installing: /home/kong/my_ws/install/ros2_aruco_interfaces/share/ros2_aruco_interfaces/cmake/ament_cmake_export_include_directories-extras.cmake
[12.311s] -- Installing: /home/kong/my_ws/install/ros2_aruco_interfaces/share/ros2_aruco_interfaces/cmake/ament_cmake_export_libraries-extras.cmake
[12.312s] -- Installing: /home/kong/my_ws/install/ros2_aruco_interfaces/share/ros2_aruco_interfaces/cmake/ament_cmake_export_targets-extras.cmake
[12.312s] -- Installing: /home/kong/my_ws/install/ros2_aruco_interfaces/share/ros2_aruco_interfaces/cmake/rosidl_cmake_export_typesupport_targets-extras.cmake
[12.312s] -- Installing: /home/kong/my_ws/install/ros2_aruco_interfaces/share/ros2_aruco_interfaces/cmake/rosidl_cmake_export_typesupport_libraries-extras.cmake
[12.313s] -- Installing: /home/kong/my_ws/install/ros2_aruco_interfaces/share/ros2_aruco_interfaces/cmake/ros2_aruco_interfacesConfig.cmake
[12.313s] -- Installing: /home/kong/my_ws/install/ros2_aruco_interfaces/share/ros2_aruco_interfaces/cmake/ros2_aruco_interfacesConfig-version.cmake
[12.313s] -- Installing: /home/kong/my_ws/install/ros2_aruco_interfaces/share/ros2_aruco_interfaces/package.xml
[12.334s] Invoked command in '/home/kong/my_ws/build/ros2_aruco_interfaces' returned '0': CMAKE_PREFIX_PATH=${CMAKE_PREFIX_PATH}:/home/kong/install/ros2_aruco:/home/kong/install/my_tf2_package:/home/kong/install/my_docking:/home/kong/install/my_aruco_to_goal_pose_pkg:/home/kong/my_ws/install/ros2_aruco:/home/kong/my_ws/install/nav2_simple_commander:/home/kong/my_ws/install/my_tf2_package:/home/kong/my_ws/install/my_docking:/home/kong/my_ws/install/my_aruco_to_goal_pose_pkg:/opt/ros/humble /usr/bin/cmake --install /home/kong/my_ws/build/ros2_aruco_interfaces
