[0.043s] Invoking command in '/home/kong/my_ws/build/nav2_behavior_tree': CMAKE_PREFIX_PATH=/home/kong/my_ws/install/nav2_util:/home/kong/my_ws/install/nav2_msgs:/home/kong/my_ws/install/nav2_common:/home/kong/my_ws/install/tb3_autonomy:/home/kong/my_ws/install/ydlidar_ros2_driver:/home/kong/my_ws/install/usb_cam:/home/kong/my_ws/install/teleop_twist_joy:/home/kong/my_ws/install/nav2_system_tests:/home/kong/my_ws/install/nav2_bringup:/home/kong/my_ws/install/slam_toolbox:/home/kong/my_ws/install/ros2_aruco_interfaces:/home/kong/my_ws/install/realsense2_description:/home/kong/my_ws/install/realsense2_camera:/home/kong/my_ws/install/realsense2_camera_msgs:/home/kong/my_ws/install/odrive_ros2_control:/home/kong/my_ws/install/odrive_hardware_interface:/home/kong/my_ws/install/odrive_demo_bringup:/home/kong/my_ws/install/odrive_demo_description:/home/kong/my_ws/install/navigation2:/home/kong/my_ws/install/nav2_smoother:/home/kong/my_ws/install/nav2_graceful_controller:/home/kong/my_ws/install/nav2_dwb_controller:/home/kong/my_ws/install/nav2_controller:/home/kong/my_ws/install/dwb_plugins:/home/kong/my_ws/install/dwb_critics:/home/kong/my_ws/install/dwb_core:/home/kong/my_ws/install/nav_2d_utils:/home/kong/my_ws/install/dwb_msgs:/home/kong/my_ws/install/nav_2d_msgs:/home/kong/my_ws/install/nav2_waypoint_follower:/home/kong/my_ws/install/nav2_theta_star_planner:/home/kong/my_ws/install/nav2_smac_planner:/home/kong/my_ws/install/nav2_rotation_shim_controller:/home/kong/my_ws/install/nav2_regulated_pure_pursuit_controller:/home/kong/my_ws/install/nav2_planner:/home/kong/my_ws/install/nav2_navfn_planner:/home/kong/my_ws/install/nav2_mppi_controller:/home/kong/my_ws/install/nav2_constrained_smoother:/home/kong/my_ws/install/nav2_bt_navigator:/home/kong/my_ws/install/nav2_behaviors:/home/kong/my_ws/install/nav2_core:/home/kong/my_ws/install/nav2_collision_monitor:/home/kong/my_ws/install/costmap_queue:/home/kong/my_ws/install/nav2_costmap_2d:/home/kong/my_ws/install/nav2_voxel_grid:/home/kong/my_ws/install/nav2_velocity_smoother:/home/kong/my_ws/install/nav2_rviz_plugins:/home/kong/my_ws/install/nav2_map_server:/home/kong/my_ws/install/nav2_lifecycle_manager:/home/kong/my_ws/install/nav2_behavior_tree:/home/kong/my_ws/install/nav2_amcl:/home/kong/my_ws/install/my_slam_package:/home/kong/my_ws/install/my_bot_description:/home/kong/my_ws/install/ros2_aruco:/home/kong/my_ws/install/nav2_simple_commander:/home/kong/my_ws/install/my_tf2_package:/home/kong/my_ws/install/my_docking:/home/kong/my_ws/install/my_aruco_to_goal_pose_pkg:/opt/ros/humble LD_LIBRARY_PATH=/home/kong/my_ws/install/nav2_util/lib:/home/kong/my_ws/install/nav2_msgs/lib:/home/kong/my_ws/install/usb_cam/lib:/home/kong/my_ws/install/teleop_twist_joy/lib:/home/kong/my_ws/install/slam_toolbox/lib:/home/kong/my_ws/install/ros2_aruco_interfaces/lib:/home/kong/my_ws/install/realsense2_camera/lib:/home/kong/my_ws/install/realsense2_camera_msgs/lib:/home/kong/my_ws/install/odrive_hardware_interface/lib:/home/kong/my_ws/install/nav2_smoother/lib:/home/kong/my_ws/install/nav2_graceful_controller/lib:/home/kong/my_ws/install/nav2_controller/lib:/home/kong/my_ws/install/dwb_plugins/lib:/home/kong/my_ws/install/dwb_critics/lib:/home/kong/my_ws/install/dwb_core/lib:/home/kong/my_ws/install/nav_2d_utils/lib:/home/kong/my_ws/install/dwb_msgs/lib:/home/kong/my_ws/install/nav_2d_msgs/lib:/home/kong/my_ws/install/nav2_waypoint_follower/lib:/home/kong/my_ws/install/nav2_theta_star_planner/lib:/home/kong/my_ws/install/nav2_smac_planner/lib:/home/kong/my_ws/install/nav2_rotation_shim_controller/lib:/home/kong/my_ws/install/nav2_regulated_pure_pursuit_controller/lib:/home/kong/my_ws/install/nav2_planner/lib:/home/kong/my_ws/install/nav2_navfn_planner/lib:/home/kong/my_ws/install/nav2_mppi_controller/lib:/home/kong/my_ws/install/nav2_constrained_smoother/lib:/home/kong/my_ws/install/nav2_bt_navigator/lib:/home/kong/my_ws/install/nav2_behaviors/lib:/home/kong/my_ws/install/nav2_collision_monitor/lib:/home/kong/my_ws/install/costmap_queue/lib:/home/kong/my_ws/install/nav2_costmap_2d/lib:/home/kong/my_ws/install/nav2_voxel_grid/lib:/home/kong/my_ws/install/nav2_velocity_smoother/lib:/home/kong/my_ws/install/nav2_rviz_plugins/lib:/home/kong/my_ws/install/nav2_map_server/lib:/home/kong/my_ws/install/nav2_lifecycle_manager/lib:/home/kong/my_ws/install/nav2_behavior_tree/lib:/home/kong/my_ws/install/nav2_amcl/lib:/usr/lib/x86_64-linux-gnu/gazebo-11/plugins:/opt/ros/humble/opt/rviz_ogre_vendor/lib:/opt/ros/humble/lib/x86_64-linux-gnu:/opt/ros/humble/lib /usr/bin/cmake --build /home/kong/my_ws/build/nav2_behavior_tree -- -j8 -l8
[0.269s] [  1%] Built target nav2_compute_path_through_poses_action_bt_node
[0.272s] [  2%] Built target nav2_behavior_tree
[0.286s] [  3%] Built target nav2_compute_path_to_pose_action_bt_node
[0.294s] [  4%] Built target nav2_spin_cancel_bt_node
[0.297s] [  5%] Built target nav2_controller_cancel_bt_node
[0.308s] [  6%] Built target nav2_back_up_cancel_bt_node
[0.317s] [  7%] Built target nav2_wait_cancel_bt_node
[0.319s] [  8%] Built target nav2_assisted_teleop_cancel_bt_node
[0.396s] [  9%] Built target nav2_smooth_path_action_bt_node
[0.442s] [ 10%] Built target nav2_drive_on_heading_bt_node
[0.443s] [ 11%] Built target nav2_back_up_action_bt_node
[0.455s] [ 12%] Built target nav2_drive_on_heading_cancel_bt_node
[0.458s] [ 13%] Built target nav2_spin_action_bt_node
[0.460s] [ 14%] Built target nav2_follow_path_action_bt_node
[0.460s] [ 15%] Built target nav2_wait_action_bt_node
[0.469s] [ 16%] Built target nav2_assisted_teleop_action_bt_node
[0.555s] [ 17%] Built target nav2_transform_available_condition_bt_node
[0.558s] [ 18%] Built target nav2_clear_costmap_service_bt_node
[0.564s] [ 19%] Built target nav2_goal_reached_condition_bt_node
[0.565s] [ 20%] Built target nav2_globally_updated_goal_condition_bt_node
[0.570s] [ 21%] Built target nav2_is_stuck_condition_bt_node
[0.574s] [ 22%] Built target nav2_goal_updated_condition_bt_node
[0.583s] [ 23%] Built target nav2_is_path_valid_condition_bt_node
[0.591s] [ 24%] Built target nav2_time_expired_condition_bt_node
[0.645s] [ 25%] Built target nav2_path_expiring_timer_condition
[0.664s] [ 26%] Built target nav2_distance_traveled_condition_bt_node
[0.668s] [ 27%] Built target nav2_is_battery_low_condition_bt_node
[0.672s] [ 28%] Built target nav2_initial_pose_received_condition_bt_node
[0.679s] [ 29%] Built target nav2_reinitialize_global_localization_service_bt_node
[0.680s] [ 30%] Built target nav2_is_battery_charging_condition_bt_node
[0.680s] [ 31%] Built target nav2_rate_controller_bt_node
[0.689s] [ 32%] Built target nav2_distance_controller_bt_node
[0.729s] [ 33%] Built target nav2_truncate_path_action_bt_node
[0.734s] [ 34%] Built target nav2_speed_controller_bt_node
[0.761s] [ 35%] Built target nav2_truncate_path_local_action_bt_node
[0.767s] [ 36%] Built target nav2_goal_updater_node_bt_node
[0.772s] [ 37%] Built target nav2_recovery_node_bt_node
[0.775s] [ 38%] Built target nav2_path_longer_on_approach_bt_node
[0.783s] [ 39%] Built target nav2_navigate_to_pose_action_bt_node
[0.787s] [ 40%] Built target nav2_navigate_through_poses_action_bt_node
[0.827s] [ 41%] Built target nav2_pipeline_sequence_bt_node
[0.830s] [ 42%] Built target nav2_round_robin_node_bt_node
[0.832s] [ 43%] Built target nav2_remove_passed_goals_action_bt_node
[0.836s] [ 44%] Built target nav2_single_trigger_bt_node
[0.841s] [ 45%] Built target nav2_controller_selector_bt_node
[0.855s] [ 46%] Built target nav2_planner_selector_bt_node
[0.855s] [ 47%] Built target nav2_goal_checker_selector_bt_node
[0.855s] [ 48%] Built target nav2_smoother_selector_bt_node
[0.879s] [ 49%] Built target gtest_main
[0.880s] [ 50%] Built target nav2_progress_checker_selector_bt_node
[0.880s] [ 50%] Built target nav2_goal_updated_controller_bt_node
[0.880s] [ 50%] Built target gtest
[0.930s] [ 51%] Built target test_bt_conversions
[0.931s] [ 52%] Built target test_condition_distance_traveled
[0.940s] [ 53%] Built target test_condition_goal_reached
[0.943s] [ 55%] Built target test_condition_goal_updated
[0.943s] [ 55%] Built target test_condition_time_expired
[0.946s] [ 56%] Built target test_condition_globally_updated_goal
[0.950s] [ 57%] Built target test_condition_path_expiring_timer
[0.952s] [ 58%] Built target test_condition_initial_pose_received
[0.995s] [ 59%] Built target test_condition_transform_available
[0.998s] [ 60%] Built target test_condition_is_battery_charging
[0.999s] [ 61%] Built target test_condition_is_battery_low
[1.004s] [ 62%] Built target test_condition_is_path_valid
[1.004s] [ 63%] Built target test_condition_is_stuck
[1.018s] [ 64%] Built target test_decorator_speed_controller
[1.027s] [ 65%] Built target test_decorator_distance_controller
[1.032s] [ 66%] Built target test_decorator_rate_controller
[1.057s] [ 67%] Built target test_single_trigger_node
[1.061s] [ 68%] Built target test_goal_updated_controller
[1.064s] [ 69%] Built target test_control_recovery_node
[1.071s] [ 70%] Built target test_decorator_path_longer_on_approach
[1.072s] [ 71%] Built target test_goal_updater_node
[1.077s] [ 72%] Built target test_control_pipeline_sequence
[1.085s] [ 73%] Built target test_control_round_robin_node
[1.098s] [ 74%] Built target test_bt_action_node
[1.115s] [ 75%] Built target test_action_spin_action
[1.134s] [ 76%] Built target test_action_back_up_action
[1.134s] [ 77%] Built target test_action_drive_on_heading
[1.136s] [ 78%] Built target test_action_wait_action
[1.148s] [ 79%] Built target test_action_assisted_teleop_action
[1.148s] [ 80%] Built target test_action_controller_cancel_action
[1.149s] [ 81%] Built target test_action_wait_cancel_action
[1.203s] [ 82%] Built target test_action_back_up_cancel_action
[1.214s] [ 83%] Built target test_action_assisted_teleop_cancel_action
[1.217s] [ 83%] Built target test_action_spin_cancel_action
[1.218s] [ 84%] Built target test_action_drive_on_heading_cancel_action
[1.218s] [ 85%] Built target test_action_compute_path_through_poses_action
[1.236s] [ 87%] Built target test_action_reinitialize_global_localization_service
[1.236s] [ 87%] Built target test_action_compute_path_to_pose_action
[1.236s] [ 88%] Built target test_action_clear_costmap_service
[1.305s] [ 89%] Built target test_action_smooth_path_action
[1.321s] [ 90%] Built target test_action_follow_path_action
[1.351s] [ 91%] Built target test_truncate_path_local_action
[1.352s] [ 92%] Built target test_action_navigate_to_pose_action
[1.353s] [ 93%] Built target test_truncate_path_action
[1.363s] [ 94%] Built target test_action_navigate_through_poses_action
[1.373s] [ 95%] Built target test_remove_passed_goals_action
[1.440s] [ 96%] Built target test_planner_selector_node
[1.466s] [ 97%] Built target test_smoother_selector_node
[1.473s] [ 98%] Built target test_progress_checker_selector_node
[1.474s] [ 99%] Built target test_controller_selector_node
[1.479s] [100%] Built target test_goal_checker_selector_node
[1.501s] Invoked command in '/home/kong/my_ws/build/nav2_behavior_tree' returned '0': CMAKE_PREFIX_PATH=/home/kong/my_ws/install/nav2_util:/home/kong/my_ws/install/nav2_msgs:/home/kong/my_ws/install/nav2_common:/home/kong/my_ws/install/tb3_autonomy:/home/kong/my_ws/install/ydlidar_ros2_driver:/home/kong/my_ws/install/usb_cam:/home/kong/my_ws/install/teleop_twist_joy:/home/kong/my_ws/install/nav2_system_tests:/home/kong/my_ws/install/nav2_bringup:/home/kong/my_ws/install/slam_toolbox:/home/kong/my_ws/install/ros2_aruco_interfaces:/home/kong/my_ws/install/realsense2_description:/home/kong/my_ws/install/realsense2_camera:/home/kong/my_ws/install/realsense2_camera_msgs:/home/kong/my_ws/install/odrive_ros2_control:/home/kong/my_ws/install/odrive_hardware_interface:/home/kong/my_ws/install/odrive_demo_bringup:/home/kong/my_ws/install/odrive_demo_description:/home/kong/my_ws/install/navigation2:/home/kong/my_ws/install/nav2_smoother:/home/kong/my_ws/install/nav2_graceful_controller:/home/kong/my_ws/install/nav2_dwb_controller:/home/kong/my_ws/install/nav2_controller:/home/kong/my_ws/install/dwb_plugins:/home/kong/my_ws/install/dwb_critics:/home/kong/my_ws/install/dwb_core:/home/kong/my_ws/install/nav_2d_utils:/home/kong/my_ws/install/dwb_msgs:/home/kong/my_ws/install/nav_2d_msgs:/home/kong/my_ws/install/nav2_waypoint_follower:/home/kong/my_ws/install/nav2_theta_star_planner:/home/kong/my_ws/install/nav2_smac_planner:/home/kong/my_ws/install/nav2_rotation_shim_controller:/home/kong/my_ws/install/nav2_regulated_pure_pursuit_controller:/home/kong/my_ws/install/nav2_planner:/home/kong/my_ws/install/nav2_navfn_planner:/home/kong/my_ws/install/nav2_mppi_controller:/home/kong/my_ws/install/nav2_constrained_smoother:/home/kong/my_ws/install/nav2_bt_navigator:/home/kong/my_ws/install/nav2_behaviors:/home/kong/my_ws/install/nav2_core:/home/kong/my_ws/install/nav2_collision_monitor:/home/kong/my_ws/install/costmap_queue:/home/kong/my_ws/install/nav2_costmap_2d:/home/kong/my_ws/install/nav2_voxel_grid:/home/kong/my_ws/install/nav2_velocity_smoother:/home/kong/my_ws/install/nav2_rviz_plugins:/home/kong/my_ws/install/nav2_map_server:/home/kong/my_ws/install/nav2_lifecycle_manager:/home/kong/my_ws/install/nav2_behavior_tree:/home/kong/my_ws/install/nav2_amcl:/home/kong/my_ws/install/my_slam_package:/home/kong/my_ws/install/my_bot_description:/home/kong/my_ws/install/ros2_aruco:/home/kong/my_ws/install/nav2_simple_commander:/home/kong/my_ws/install/my_tf2_package:/home/kong/my_ws/install/my_docking:/home/kong/my_ws/install/my_aruco_to_goal_pose_pkg:/opt/ros/humble LD_LIBRARY_PATH=/home/kong/my_ws/install/nav2_util/lib:/home/kong/my_ws/install/nav2_msgs/lib:/home/kong/my_ws/install/usb_cam/lib:/home/kong/my_ws/install/teleop_twist_joy/lib:/home/kong/my_ws/install/slam_toolbox/lib:/home/kong/my_ws/install/ros2_aruco_interfaces/lib:/home/kong/my_ws/install/realsense2_camera/lib:/home/kong/my_ws/install/realsense2_camera_msgs/lib:/home/kong/my_ws/install/odrive_hardware_interface/lib:/home/kong/my_ws/install/nav2_smoother/lib:/home/kong/my_ws/install/nav2_graceful_controller/lib:/home/kong/my_ws/install/nav2_controller/lib:/home/kong/my_ws/install/dwb_plugins/lib:/home/kong/my_ws/install/dwb_critics/lib:/home/kong/my_ws/install/dwb_core/lib:/home/kong/my_ws/install/nav_2d_utils/lib:/home/kong/my_ws/install/dwb_msgs/lib:/home/kong/my_ws/install/nav_2d_msgs/lib:/home/kong/my_ws/install/nav2_waypoint_follower/lib:/home/kong/my_ws/install/nav2_theta_star_planner/lib:/home/kong/my_ws/install/nav2_smac_planner/lib:/home/kong/my_ws/install/nav2_rotation_shim_controller/lib:/home/kong/my_ws/install/nav2_regulated_pure_pursuit_controller/lib:/home/kong/my_ws/install/nav2_planner/lib:/home/kong/my_ws/install/nav2_navfn_planner/lib:/home/kong/my_ws/install/nav2_mppi_controller/lib:/home/kong/my_ws/install/nav2_constrained_smoother/lib:/home/kong/my_ws/install/nav2_bt_navigator/lib:/home/kong/my_ws/install/nav2_behaviors/lib:/home/kong/my_ws/install/nav2_collision_monitor/lib:/home/kong/my_ws/install/costmap_queue/lib:/home/kong/my_ws/install/nav2_costmap_2d/lib:/home/kong/my_ws/install/nav2_voxel_grid/lib:/home/kong/my_ws/install/nav2_velocity_smoother/lib:/home/kong/my_ws/install/nav2_rviz_plugins/lib:/home/kong/my_ws/install/nav2_map_server/lib:/home/kong/my_ws/install/nav2_lifecycle_manager/lib:/home/kong/my_ws/install/nav2_behavior_tree/lib:/home/kong/my_ws/install/nav2_amcl/lib:/usr/lib/x86_64-linux-gnu/gazebo-11/plugins:/opt/ros/humble/opt/rviz_ogre_vendor/lib:/opt/ros/humble/lib/x86_64-linux-gnu:/opt/ros/humble/lib /usr/bin/cmake --build /home/kong/my_ws/build/nav2_behavior_tree -- -j8 -l8
[2.079s] Invoking command in '/home/kong/my_ws/build/nav2_behavior_tree': CMAKE_PREFIX_PATH=/home/kong/my_ws/install/nav2_util:/home/kong/my_ws/install/nav2_msgs:/home/kong/my_ws/install/nav2_common:/home/kong/my_ws/install/tb3_autonomy:/home/kong/my_ws/install/ydlidar_ros2_driver:/home/kong/my_ws/install/usb_cam:/home/kong/my_ws/install/teleop_twist_joy:/home/kong/my_ws/install/nav2_system_tests:/home/kong/my_ws/install/nav2_bringup:/home/kong/my_ws/install/slam_toolbox:/home/kong/my_ws/install/ros2_aruco_interfaces:/home/kong/my_ws/install/realsense2_description:/home/kong/my_ws/install/realsense2_camera:/home/kong/my_ws/install/realsense2_camera_msgs:/home/kong/my_ws/install/odrive_ros2_control:/home/kong/my_ws/install/odrive_hardware_interface:/home/kong/my_ws/install/odrive_demo_bringup:/home/kong/my_ws/install/odrive_demo_description:/home/kong/my_ws/install/navigation2:/home/kong/my_ws/install/nav2_smoother:/home/kong/my_ws/install/nav2_graceful_controller:/home/kong/my_ws/install/nav2_dwb_controller:/home/kong/my_ws/install/nav2_controller:/home/kong/my_ws/install/dwb_plugins:/home/kong/my_ws/install/dwb_critics:/home/kong/my_ws/install/dwb_core:/home/kong/my_ws/install/nav_2d_utils:/home/kong/my_ws/install/dwb_msgs:/home/kong/my_ws/install/nav_2d_msgs:/home/kong/my_ws/install/nav2_waypoint_follower:/home/kong/my_ws/install/nav2_theta_star_planner:/home/kong/my_ws/install/nav2_smac_planner:/home/kong/my_ws/install/nav2_rotation_shim_controller:/home/kong/my_ws/install/nav2_regulated_pure_pursuit_controller:/home/kong/my_ws/install/nav2_planner:/home/kong/my_ws/install/nav2_navfn_planner:/home/kong/my_ws/install/nav2_mppi_controller:/home/kong/my_ws/install/nav2_constrained_smoother:/home/kong/my_ws/install/nav2_bt_navigator:/home/kong/my_ws/install/nav2_behaviors:/home/kong/my_ws/install/nav2_core:/home/kong/my_ws/install/nav2_collision_monitor:/home/kong/my_ws/install/costmap_queue:/home/kong/my_ws/install/nav2_costmap_2d:/home/kong/my_ws/install/nav2_voxel_grid:/home/kong/my_ws/install/nav2_velocity_smoother:/home/kong/my_ws/install/nav2_rviz_plugins:/home/kong/my_ws/install/nav2_map_server:/home/kong/my_ws/install/nav2_lifecycle_manager:/home/kong/my_ws/install/nav2_behavior_tree:/home/kong/my_ws/install/nav2_amcl:/home/kong/my_ws/install/my_slam_package:/home/kong/my_ws/install/my_bot_description:/home/kong/my_ws/install/ros2_aruco:/home/kong/my_ws/install/nav2_simple_commander:/home/kong/my_ws/install/my_tf2_package:/home/kong/my_ws/install/my_docking:/home/kong/my_ws/install/my_aruco_to_goal_pose_pkg:/opt/ros/humble LD_LIBRARY_PATH=/home/kong/my_ws/install/nav2_util/lib:/home/kong/my_ws/install/nav2_msgs/lib:/home/kong/my_ws/install/usb_cam/lib:/home/kong/my_ws/install/teleop_twist_joy/lib:/home/kong/my_ws/install/slam_toolbox/lib:/home/kong/my_ws/install/ros2_aruco_interfaces/lib:/home/kong/my_ws/install/realsense2_camera/lib:/home/kong/my_ws/install/realsense2_camera_msgs/lib:/home/kong/my_ws/install/odrive_hardware_interface/lib:/home/kong/my_ws/install/nav2_smoother/lib:/home/kong/my_ws/install/nav2_graceful_controller/lib:/home/kong/my_ws/install/nav2_controller/lib:/home/kong/my_ws/install/dwb_plugins/lib:/home/kong/my_ws/install/dwb_critics/lib:/home/kong/my_ws/install/dwb_core/lib:/home/kong/my_ws/install/nav_2d_utils/lib:/home/kong/my_ws/install/dwb_msgs/lib:/home/kong/my_ws/install/nav_2d_msgs/lib:/home/kong/my_ws/install/nav2_waypoint_follower/lib:/home/kong/my_ws/install/nav2_theta_star_planner/lib:/home/kong/my_ws/install/nav2_smac_planner/lib:/home/kong/my_ws/install/nav2_rotation_shim_controller/lib:/home/kong/my_ws/install/nav2_regulated_pure_pursuit_controller/lib:/home/kong/my_ws/install/nav2_planner/lib:/home/kong/my_ws/install/nav2_navfn_planner/lib:/home/kong/my_ws/install/nav2_mppi_controller/lib:/home/kong/my_ws/install/nav2_constrained_smoother/lib:/home/kong/my_ws/install/nav2_bt_navigator/lib:/home/kong/my_ws/install/nav2_behaviors/lib:/home/kong/my_ws/install/nav2_collision_monitor/lib:/home/kong/my_ws/install/costmap_queue/lib:/home/kong/my_ws/install/nav2_costmap_2d/lib:/home/kong/my_ws/install/nav2_voxel_grid/lib:/home/kong/my_ws/install/nav2_velocity_smoother/lib:/home/kong/my_ws/install/nav2_rviz_plugins/lib:/home/kong/my_ws/install/nav2_map_server/lib:/home/kong/my_ws/install/nav2_lifecycle_manager/lib:/home/kong/my_ws/install/nav2_behavior_tree/lib:/home/kong/my_ws/install/nav2_amcl/lib:/usr/lib/x86_64-linux-gnu/gazebo-11/plugins:/opt/ros/humble/opt/rviz_ogre_vendor/lib:/opt/ros/humble/lib/x86_64-linux-gnu:/opt/ros/humble/lib /usr/bin/cmake --install /home/kong/my_ws/build/nav2_behavior_tree
[2.088s] -- Install configuration: "Release"
[2.088s] -- Up-to-date: /home/kong/my_ws/install/nav2_behavior_tree/lib/libnav2_behavior_tree.so
[2.088s] -- Up-to-date: /home/kong/my_ws/install/nav2_behavior_tree/lib/libnav2_compute_path_to_pose_action_bt_node.so
[2.088s] -- Up-to-date: /home/kong/my_ws/install/nav2_behavior_tree/lib/libnav2_compute_path_through_poses_action_bt_node.so
[2.088s] -- Up-to-date: /home/kong/my_ws/install/nav2_behavior_tree/lib/libnav2_controller_cancel_bt_node.so
[2.088s] -- Up-to-date: /home/kong/my_ws/install/nav2_behavior_tree/lib/libnav2_wait_cancel_bt_node.so
[2.088s] -- Up-to-date: /home/kong/my_ws/install/nav2_behavior_tree/lib/libnav2_spin_cancel_bt_node.so
[2.088s] -- Up-to-date: /home/kong/my_ws/install/nav2_behavior_tree/lib/libnav2_back_up_cancel_bt_node.so
[2.089s] -- Up-to-date: /home/kong/my_ws/install/nav2_behavior_tree/lib/libnav2_assisted_teleop_cancel_bt_node.so
[2.089s] -- Up-to-date: /home/kong/my_ws/install/nav2_behavior_tree/lib/libnav2_drive_on_heading_cancel_bt_node.so
[2.089s] -- Up-to-date: /home/kong/my_ws/install/nav2_behavior_tree/lib/libnav2_smooth_path_action_bt_node.so
[2.089s] -- Up-to-date: /home/kong/my_ws/install/nav2_behavior_tree/lib/libnav2_follow_path_action_bt_node.so
[2.089s] -- Up-to-date: /home/kong/my_ws/install/nav2_behavior_tree/lib/libnav2_back_up_action_bt_node.so
[2.089s] -- Up-to-date: /home/kong/my_ws/install/nav2_behavior_tree/lib/libnav2_drive_on_heading_bt_node.so
[2.089s] -- Up-to-date: /home/kong/my_ws/install/nav2_behavior_tree/lib/libnav2_spin_action_bt_node.so
[2.089s] -- Up-to-date: /home/kong/my_ws/install/nav2_behavior_tree/lib/libnav2_wait_action_bt_node.so
[2.090s] -- Up-to-date: /home/kong/my_ws/install/nav2_behavior_tree/lib/libnav2_assisted_teleop_action_bt_node.so
[2.090s] -- Up-to-date: /home/kong/my_ws/install/nav2_behavior_tree/lib/libnav2_clear_costmap_service_bt_node.so
[2.090s] -- Up-to-date: /home/kong/my_ws/install/nav2_behavior_tree/lib/libnav2_is_stuck_condition_bt_node.so
[2.090s] -- Up-to-date: /home/kong/my_ws/install/nav2_behavior_tree/lib/libnav2_transform_available_condition_bt_node.so
[2.090s] -- Up-to-date: /home/kong/my_ws/install/nav2_behavior_tree/lib/libnav2_goal_reached_condition_bt_node.so
[2.090s] -- Up-to-date: /home/kong/my_ws/install/nav2_behavior_tree/lib/libnav2_globally_updated_goal_condition_bt_node.so
[2.090s] -- Up-to-date: /home/kong/my_ws/install/nav2_behavior_tree/lib/libnav2_goal_updated_condition_bt_node.so
[2.091s] -- Up-to-date: /home/kong/my_ws/install/nav2_behavior_tree/lib/libnav2_is_path_valid_condition_bt_node.so
[2.091s] -- Up-to-date: /home/kong/my_ws/install/nav2_behavior_tree/lib/libnav2_time_expired_condition_bt_node.so
[2.091s] -- Up-to-date: /home/kong/my_ws/install/nav2_behavior_tree/lib/libnav2_path_expiring_timer_condition.so
[2.091s] -- Up-to-date: /home/kong/my_ws/install/nav2_behavior_tree/lib/libnav2_distance_traveled_condition_bt_node.so
[2.091s] -- Up-to-date: /home/kong/my_ws/install/nav2_behavior_tree/lib/libnav2_initial_pose_received_condition_bt_node.so
[2.091s] -- Up-to-date: /home/kong/my_ws/install/nav2_behavior_tree/lib/libnav2_is_battery_charging_condition_bt_node.so
[2.092s] -- Up-to-date: /home/kong/my_ws/install/nav2_behavior_tree/lib/libnav2_is_battery_low_condition_bt_node.so
[2.092s] -- Up-to-date: /home/kong/my_ws/install/nav2_behavior_tree/lib/libnav2_reinitialize_global_localization_service_bt_node.so
[2.092s] -- Up-to-date: /home/kong/my_ws/install/nav2_behavior_tree/lib/libnav2_rate_controller_bt_node.so
[2.093s] -- Up-to-date: /home/kong/my_ws/install/nav2_behavior_tree/lib/libnav2_distance_controller_bt_node.so
[2.093s] -- Up-to-date: /home/kong/my_ws/install/nav2_behavior_tree/lib/libnav2_speed_controller_bt_node.so
[2.093s] -- Up-to-date: /home/kong/my_ws/install/nav2_behavior_tree/lib/libnav2_truncate_path_action_bt_node.so
[2.093s] -- Up-to-date: /home/kong/my_ws/install/nav2_behavior_tree/lib/libnav2_truncate_path_local_action_bt_node.so
[2.093s] -- Up-to-date: /home/kong/my_ws/install/nav2_behavior_tree/lib/libnav2_goal_updater_node_bt_node.so
[2.093s] -- Up-to-date: /home/kong/my_ws/install/nav2_behavior_tree/lib/libnav2_path_longer_on_approach_bt_node.so
[2.093s] -- Up-to-date: /home/kong/my_ws/install/nav2_behavior_tree/lib/libnav2_recovery_node_bt_node.so
[2.094s] -- Up-to-date: /home/kong/my_ws/install/nav2_behavior_tree/lib/libnav2_navigate_to_pose_action_bt_node.so
[2.094s] -- Up-to-date: /home/kong/my_ws/install/nav2_behavior_tree/lib/libnav2_navigate_through_poses_action_bt_node.so
[2.094s] -- Up-to-date: /home/kong/my_ws/install/nav2_behavior_tree/lib/libnav2_remove_passed_goals_action_bt_node.so
[2.094s] -- Up-to-date: /home/kong/my_ws/install/nav2_behavior_tree/lib/libnav2_pipeline_sequence_bt_node.so
[2.094s] -- Up-to-date: /home/kong/my_ws/install/nav2_behavior_tree/lib/libnav2_round_robin_node_bt_node.so
[2.094s] -- Up-to-date: /home/kong/my_ws/install/nav2_behavior_tree/lib/libnav2_single_trigger_bt_node.so
[2.095s] -- Up-to-date: /home/kong/my_ws/install/nav2_behavior_tree/lib/libnav2_planner_selector_bt_node.so
[2.095s] -- Up-to-date: /home/kong/my_ws/install/nav2_behavior_tree/lib/libnav2_controller_selector_bt_node.so
[2.095s] -- Up-to-date: /home/kong/my_ws/install/nav2_behavior_tree/lib/libnav2_smoother_selector_bt_node.so
[2.095s] -- Up-to-date: /home/kong/my_ws/install/nav2_behavior_tree/lib/libnav2_goal_checker_selector_bt_node.so
[2.095s] -- Up-to-date: /home/kong/my_ws/install/nav2_behavior_tree/lib/libnav2_progress_checker_selector_bt_node.so
[2.095s] -- Up-to-date: /home/kong/my_ws/install/nav2_behavior_tree/lib/libnav2_goal_updated_controller_bt_node.so
[2.095s] -- Up-to-date: /home/kong/my_ws/install/nav2_behavior_tree/include/
[2.096s] -- Up-to-date: /home/kong/my_ws/install/nav2_behavior_tree/include//nav2_behavior_tree
[2.096s] -- Up-to-date: /home/kong/my_ws/install/nav2_behavior_tree/include//nav2_behavior_tree/bt_action_server.hpp
[2.096s] -- Up-to-date: /home/kong/my_ws/install/nav2_behavior_tree/include//nav2_behavior_tree/bt_action_server_impl.hpp
[2.096s] -- Up-to-date: /home/kong/my_ws/install/nav2_behavior_tree/include//nav2_behavior_tree/bt_action_node.hpp
[2.096s] -- Up-to-date: /home/kong/my_ws/install/nav2_behavior_tree/include//nav2_behavior_tree/bt_cancel_action_node.hpp
[2.096s] -- Up-to-date: /home/kong/my_ws/install/nav2_behavior_tree/include//nav2_behavior_tree/plugins
[2.096s] -- Up-to-date: /home/kong/my_ws/install/nav2_behavior_tree/include//nav2_behavior_tree/plugins/decorator
[2.096s] -- Up-to-date: /home/kong/my_ws/install/nav2_behavior_tree/include//nav2_behavior_tree/plugins/decorator/single_trigger_node.hpp
[2.096s] -- Up-to-date: /home/kong/my_ws/install/nav2_behavior_tree/include//nav2_behavior_tree/plugins/decorator/distance_controller.hpp
[2.096s] -- Up-to-date: /home/kong/my_ws/install/nav2_behavior_tree/include//nav2_behavior_tree/plugins/decorator/goal_updated_controller.hpp
[2.096s] -- Up-to-date: /home/kong/my_ws/install/nav2_behavior_tree/include//nav2_behavior_tree/plugins/decorator/rate_controller.hpp
[2.097s] -- Up-to-date: /home/kong/my_ws/install/nav2_behavior_tree/include//nav2_behavior_tree/plugins/decorator/path_longer_on_approach.hpp
[2.097s] -- Up-to-date: /home/kong/my_ws/install/nav2_behavior_tree/include//nav2_behavior_tree/plugins/decorator/goal_updater_node.hpp
[2.097s] -- Up-to-date: /home/kong/my_ws/install/nav2_behavior_tree/include//nav2_behavior_tree/plugins/decorator/speed_controller.hpp
[2.097s] -- Up-to-date: /home/kong/my_ws/install/nav2_behavior_tree/include//nav2_behavior_tree/plugins/condition
[2.097s] -- Up-to-date: /home/kong/my_ws/install/nav2_behavior_tree/include//nav2_behavior_tree/plugins/condition/goal_reached_condition.hpp
[2.097s] -- Up-to-date: /home/kong/my_ws/install/nav2_behavior_tree/include//nav2_behavior_tree/plugins/condition/globally_updated_goal_condition.hpp
[2.097s] -- Up-to-date: /home/kong/my_ws/install/nav2_behavior_tree/include//nav2_behavior_tree/plugins/condition/path_expiring_timer_condition.hpp
[2.097s] -- Up-to-date: /home/kong/my_ws/install/nav2_behavior_tree/include//nav2_behavior_tree/plugins/condition/distance_traveled_condition.hpp
[2.097s] -- Up-to-date: /home/kong/my_ws/install/nav2_behavior_tree/include//nav2_behavior_tree/plugins/condition/time_expired_condition.hpp
[2.097s] -- Up-to-date: /home/kong/my_ws/install/nav2_behavior_tree/include//nav2_behavior_tree/plugins/condition/transform_available_condition.hpp
[2.097s] -- Up-to-date: /home/kong/my_ws/install/nav2_behavior_tree/include//nav2_behavior_tree/plugins/condition/goal_updated_condition.hpp
[2.097s] -- Up-to-date: /home/kong/my_ws/install/nav2_behavior_tree/include//nav2_behavior_tree/plugins/condition/is_path_valid_condition.hpp
[2.097s] -- Up-to-date: /home/kong/my_ws/install/nav2_behavior_tree/include//nav2_behavior_tree/plugins/condition/initial_pose_received_condition.hpp
[2.097s] -- Up-to-date: /home/kong/my_ws/install/nav2_behavior_tree/include//nav2_behavior_tree/plugins/condition/is_battery_charging_condition.hpp
[2.097s] -- Up-to-date: /home/kong/my_ws/install/nav2_behavior_tree/include//nav2_behavior_tree/plugins/condition/is_battery_low_condition.hpp
[2.097s] -- Up-to-date: /home/kong/my_ws/install/nav2_behavior_tree/include//nav2_behavior_tree/plugins/condition/is_stuck_condition.hpp
[2.097s] -- Up-to-date: /home/kong/my_ws/install/nav2_behavior_tree/include//nav2_behavior_tree/plugins/control
[2.097s] -- Up-to-date: /home/kong/my_ws/install/nav2_behavior_tree/include//nav2_behavior_tree/plugins/control/round_robin_node.hpp
[2.097s] -- Up-to-date: /home/kong/my_ws/install/nav2_behavior_tree/include//nav2_behavior_tree/plugins/control/recovery_node.hpp
[2.097s] -- Up-to-date: /home/kong/my_ws/install/nav2_behavior_tree/include//nav2_behavior_tree/plugins/control/pipeline_sequence.hpp
[2.097s] -- Up-to-date: /home/kong/my_ws/install/nav2_behavior_tree/include//nav2_behavior_tree/plugins/action
[2.098s] -- Up-to-date: /home/kong/my_ws/install/nav2_behavior_tree/include//nav2_behavior_tree/plugins/action/compute_path_through_poses_action.hpp
[2.098s] -- Up-to-date: /home/kong/my_ws/install/nav2_behavior_tree/include//nav2_behavior_tree/plugins/action/follow_path_action.hpp
[2.098s] -- Up-to-date: /home/kong/my_ws/install/nav2_behavior_tree/include//nav2_behavior_tree/plugins/action/truncate_path_local_action.hpp
[2.098s] -- Up-to-date: /home/kong/my_ws/install/nav2_behavior_tree/include//nav2_behavior_tree/plugins/action/assisted_teleop_cancel_node.hpp
[2.098s] -- Up-to-date: /home/kong/my_ws/install/nav2_behavior_tree/include//nav2_behavior_tree/plugins/action/navigate_to_pose_action.hpp
[2.098s] -- Up-to-date: /home/kong/my_ws/install/nav2_behavior_tree/include//nav2_behavior_tree/plugins/action/drive_on_heading_action.hpp
[2.098s] -- Up-to-date: /home/kong/my_ws/install/nav2_behavior_tree/include//nav2_behavior_tree/plugins/action/spin_action.hpp
[2.098s] -- Up-to-date: /home/kong/my_ws/install/nav2_behavior_tree/include//nav2_behavior_tree/plugins/action/clear_costmap_service.hpp
[2.098s] -- Up-to-date: /home/kong/my_ws/install/nav2_behavior_tree/include//nav2_behavior_tree/plugins/action/compute_path_to_pose_action.hpp
[2.098s] -- Up-to-date: /home/kong/my_ws/install/nav2_behavior_tree/include//nav2_behavior_tree/plugins/action/back_up_action.hpp
[2.098s] -- Up-to-date: /home/kong/my_ws/install/nav2_behavior_tree/include//nav2_behavior_tree/plugins/action/remove_passed_goals_action.hpp
[2.098s] -- Up-to-date: /home/kong/my_ws/install/nav2_behavior_tree/include//nav2_behavior_tree/plugins/action/spin_cancel_node.hpp
[2.098s] -- Up-to-date: /home/kong/my_ws/install/nav2_behavior_tree/include//nav2_behavior_tree/plugins/action/wait_action.hpp
[2.098s] -- Up-to-date: /home/kong/my_ws/install/nav2_behavior_tree/include//nav2_behavior_tree/plugins/action/assisted_teleop_action.hpp
[2.098s] -- Up-to-date: /home/kong/my_ws/install/nav2_behavior_tree/include//nav2_behavior_tree/plugins/action/progress_checker_selector_node.hpp
[2.098s] -- Up-to-date: /home/kong/my_ws/install/nav2_behavior_tree/include//nav2_behavior_tree/plugins/action/wait_cancel_node.hpp
[2.098s] -- Up-to-date: /home/kong/my_ws/install/nav2_behavior_tree/include//nav2_behavior_tree/plugins/action/smoother_selector_node.hpp
[2.098s] -- Up-to-date: /home/kong/my_ws/install/nav2_behavior_tree/include//nav2_behavior_tree/plugins/action/controller_selector_node.hpp
[2.098s] -- Up-to-date: /home/kong/my_ws/install/nav2_behavior_tree/include//nav2_behavior_tree/plugins/action/planner_selector_node.hpp
[2.098s] -- Up-to-date: /home/kong/my_ws/install/nav2_behavior_tree/include//nav2_behavior_tree/plugins/action/back_up_cancel_node.hpp
[2.098s] -- Up-to-date: /home/kong/my_ws/install/nav2_behavior_tree/include//nav2_behavior_tree/plugins/action/drive_on_heading_cancel_node.hpp
[2.098s] -- Up-to-date: /home/kong/my_ws/install/nav2_behavior_tree/include//nav2_behavior_tree/plugins/action/reinitialize_global_localization_service.hpp
[2.099s] -- Up-to-date: /home/kong/my_ws/install/nav2_behavior_tree/include//nav2_behavior_tree/plugins/action/navigate_through_poses_action.hpp
[2.099s] -- Up-to-date: /home/kong/my_ws/install/nav2_behavior_tree/include//nav2_behavior_tree/plugins/action/truncate_path_action.hpp
[2.099s] -- Up-to-date: /home/kong/my_ws/install/nav2_behavior_tree/include//nav2_behavior_tree/plugins/action/smooth_path_action.hpp
[2.099s] -- Up-to-date: /home/kong/my_ws/install/nav2_behavior_tree/include//nav2_behavior_tree/plugins/action/goal_checker_selector_node.hpp
[2.099s] -- Up-to-date: /home/kong/my_ws/install/nav2_behavior_tree/include//nav2_behavior_tree/plugins/action/controller_cancel_node.hpp
[2.099s] -- Up-to-date: /home/kong/my_ws/install/nav2_behavior_tree/include//nav2_behavior_tree/bt_conversions.hpp
[2.099s] -- Up-to-date: /home/kong/my_ws/install/nav2_behavior_tree/include//nav2_behavior_tree/bt_service_node.hpp
[2.099s] -- Up-to-date: /home/kong/my_ws/install/nav2_behavior_tree/include//nav2_behavior_tree/ros_topic_logger.hpp
[2.099s] -- Up-to-date: /home/kong/my_ws/install/nav2_behavior_tree/include//nav2_behavior_tree/behavior_tree_engine.hpp
[2.099s] -- Up-to-date: /home/kong/my_ws/install/nav2_behavior_tree/share/nav2_behavior_tree/nav2_tree_nodes.xml
[2.099s] -- Up-to-date: /home/kong/my_ws/install/nav2_behavior_tree/share/nav2_behavior_tree/environment/library_path.sh
[2.099s] -- Up-to-date: /home/kong/my_ws/install/nav2_behavior_tree/share/nav2_behavior_tree/environment/library_path.dsv
[2.099s] -- Up-to-date: /home/kong/my_ws/install/nav2_behavior_tree/share/ament_index/resource_index/package_run_dependencies/nav2_behavior_tree
[2.099s] -- Up-to-date: /home/kong/my_ws/install/nav2_behavior_tree/share/ament_index/resource_index/parent_prefix_path/nav2_behavior_tree
[2.099s] -- Up-to-date: /home/kong/my_ws/install/nav2_behavior_tree/share/nav2_behavior_tree/environment/ament_prefix_path.sh
[2.099s] -- Up-to-date: /home/kong/my_ws/install/nav2_behavior_tree/share/nav2_behavior_tree/environment/ament_prefix_path.dsv
[2.099s] -- Up-to-date: /home/kong/my_ws/install/nav2_behavior_tree/share/nav2_behavior_tree/environment/path.sh
[2.100s] -- Up-to-date: /home/kong/my_ws/install/nav2_behavior_tree/share/nav2_behavior_tree/environment/path.dsv
[2.100s] -- Up-to-date: /home/kong/my_ws/install/nav2_behavior_tree/share/nav2_behavior_tree/local_setup.bash
[2.100s] -- Up-to-date: /home/kong/my_ws/install/nav2_behavior_tree/share/nav2_behavior_tree/local_setup.sh
[2.100s] -- Up-to-date: /home/kong/my_ws/install/nav2_behavior_tree/share/nav2_behavior_tree/local_setup.zsh
[2.100s] -- Up-to-date: /home/kong/my_ws/install/nav2_behavior_tree/share/nav2_behavior_tree/local_setup.dsv
[2.100s] -- Installing: /home/kong/my_ws/install/nav2_behavior_tree/share/nav2_behavior_tree/package.dsv
[2.100s] -- Up-to-date: /home/kong/my_ws/install/nav2_behavior_tree/share/ament_index/resource_index/packages/nav2_behavior_tree
[2.100s] -- Up-to-date: /home/kong/my_ws/install/nav2_behavior_tree/share/nav2_behavior_tree/cmake/ament_cmake_export_include_directories-extras.cmake
[2.101s] -- Up-to-date: /home/kong/my_ws/install/nav2_behavior_tree/share/nav2_behavior_tree/cmake/ament_cmake_export_libraries-extras.cmake
[2.101s] -- Up-to-date: /home/kong/my_ws/install/nav2_behavior_tree/share/nav2_behavior_tree/cmake/ament_cmake_export_dependencies-extras.cmake
[2.101s] -- Up-to-date: /home/kong/my_ws/install/nav2_behavior_tree/share/nav2_behavior_tree/cmake/nav2_behavior_treeConfig.cmake
[2.101s] -- Up-to-date: /home/kong/my_ws/install/nav2_behavior_tree/share/nav2_behavior_tree/cmake/nav2_behavior_treeConfig-version.cmake
[2.101s] -- Up-to-date: /home/kong/my_ws/install/nav2_behavior_tree/share/nav2_behavior_tree/package.xml
[2.101s] Invoked command in '/home/kong/my_ws/build/nav2_behavior_tree' returned '0': CMAKE_PREFIX_PATH=/home/kong/my_ws/install/nav2_util:/home/kong/my_ws/install/nav2_msgs:/home/kong/my_ws/install/nav2_common:/home/kong/my_ws/install/tb3_autonomy:/home/kong/my_ws/install/ydlidar_ros2_driver:/home/kong/my_ws/install/usb_cam:/home/kong/my_ws/install/teleop_twist_joy:/home/kong/my_ws/install/nav2_system_tests:/home/kong/my_ws/install/nav2_bringup:/home/kong/my_ws/install/slam_toolbox:/home/kong/my_ws/install/ros2_aruco_interfaces:/home/kong/my_ws/install/realsense2_description:/home/kong/my_ws/install/realsense2_camera:/home/kong/my_ws/install/realsense2_camera_msgs:/home/kong/my_ws/install/odrive_ros2_control:/home/kong/my_ws/install/odrive_hardware_interface:/home/kong/my_ws/install/odrive_demo_bringup:/home/kong/my_ws/install/odrive_demo_description:/home/kong/my_ws/install/navigation2:/home/kong/my_ws/install/nav2_smoother:/home/kong/my_ws/install/nav2_graceful_controller:/home/kong/my_ws/install/nav2_dwb_controller:/home/kong/my_ws/install/nav2_controller:/home/kong/my_ws/install/dwb_plugins:/home/kong/my_ws/install/dwb_critics:/home/kong/my_ws/install/dwb_core:/home/kong/my_ws/install/nav_2d_utils:/home/kong/my_ws/install/dwb_msgs:/home/kong/my_ws/install/nav_2d_msgs:/home/kong/my_ws/install/nav2_waypoint_follower:/home/kong/my_ws/install/nav2_theta_star_planner:/home/kong/my_ws/install/nav2_smac_planner:/home/kong/my_ws/install/nav2_rotation_shim_controller:/home/kong/my_ws/install/nav2_regulated_pure_pursuit_controller:/home/kong/my_ws/install/nav2_planner:/home/kong/my_ws/install/nav2_navfn_planner:/home/kong/my_ws/install/nav2_mppi_controller:/home/kong/my_ws/install/nav2_constrained_smoother:/home/kong/my_ws/install/nav2_bt_navigator:/home/kong/my_ws/install/nav2_behaviors:/home/kong/my_ws/install/nav2_core:/home/kong/my_ws/install/nav2_collision_monitor:/home/kong/my_ws/install/costmap_queue:/home/kong/my_ws/install/nav2_costmap_2d:/home/kong/my_ws/install/nav2_voxel_grid:/home/kong/my_ws/install/nav2_velocity_smoother:/home/kong/my_ws/install/nav2_rviz_plugins:/home/kong/my_ws/install/nav2_map_server:/home/kong/my_ws/install/nav2_lifecycle_manager:/home/kong/my_ws/install/nav2_behavior_tree:/home/kong/my_ws/install/nav2_amcl:/home/kong/my_ws/install/my_slam_package:/home/kong/my_ws/install/my_bot_description:/home/kong/my_ws/install/ros2_aruco:/home/kong/my_ws/install/nav2_simple_commander:/home/kong/my_ws/install/my_tf2_package:/home/kong/my_ws/install/my_docking:/home/kong/my_ws/install/my_aruco_to_goal_pose_pkg:/opt/ros/humble LD_LIBRARY_PATH=/home/kong/my_ws/install/nav2_util/lib:/home/kong/my_ws/install/nav2_msgs/lib:/home/kong/my_ws/install/usb_cam/lib:/home/kong/my_ws/install/teleop_twist_joy/lib:/home/kong/my_ws/install/slam_toolbox/lib:/home/kong/my_ws/install/ros2_aruco_interfaces/lib:/home/kong/my_ws/install/realsense2_camera/lib:/home/kong/my_ws/install/realsense2_camera_msgs/lib:/home/kong/my_ws/install/odrive_hardware_interface/lib:/home/kong/my_ws/install/nav2_smoother/lib:/home/kong/my_ws/install/nav2_graceful_controller/lib:/home/kong/my_ws/install/nav2_controller/lib:/home/kong/my_ws/install/dwb_plugins/lib:/home/kong/my_ws/install/dwb_critics/lib:/home/kong/my_ws/install/dwb_core/lib:/home/kong/my_ws/install/nav_2d_utils/lib:/home/kong/my_ws/install/dwb_msgs/lib:/home/kong/my_ws/install/nav_2d_msgs/lib:/home/kong/my_ws/install/nav2_waypoint_follower/lib:/home/kong/my_ws/install/nav2_theta_star_planner/lib:/home/kong/my_ws/install/nav2_smac_planner/lib:/home/kong/my_ws/install/nav2_rotation_shim_controller/lib:/home/kong/my_ws/install/nav2_regulated_pure_pursuit_controller/lib:/home/kong/my_ws/install/nav2_planner/lib:/home/kong/my_ws/install/nav2_navfn_planner/lib:/home/kong/my_ws/install/nav2_mppi_controller/lib:/home/kong/my_ws/install/nav2_constrained_smoother/lib:/home/kong/my_ws/install/nav2_bt_navigator/lib:/home/kong/my_ws/install/nav2_behaviors/lib:/home/kong/my_ws/install/nav2_collision_monitor/lib:/home/kong/my_ws/install/costmap_queue/lib:/home/kong/my_ws/install/nav2_costmap_2d/lib:/home/kong/my_ws/install/nav2_voxel_grid/lib:/home/kong/my_ws/install/nav2_velocity_smoother/lib:/home/kong/my_ws/install/nav2_rviz_plugins/lib:/home/kong/my_ws/install/nav2_map_server/lib:/home/kong/my_ws/install/nav2_lifecycle_manager/lib:/home/kong/my_ws/install/nav2_behavior_tree/lib:/home/kong/my_ws/install/nav2_amcl/lib:/usr/lib/x86_64-linux-gnu/gazebo-11/plugins:/opt/ros/humble/opt/rviz_ogre_vendor/lib:/opt/ros/humble/lib/x86_64-linux-gnu:/opt/ros/humble/lib /usr/bin/cmake --install /home/kong/my_ws/build/nav2_behavior_tree
