running egg_info
writing ../../build/my_docking/my_docking.egg-info/PKG-INFO
writing dependency_links to ../../build/my_docking/my_docking.egg-info/dependency_links.txt
writing entry points to ../../build/my_docking/my_docking.egg-info/entry_points.txt
writing requirements to ../../build/my_docking/my_docking.egg-info/requires.txt
writing top-level names to ../../build/my_docking/my_docking.egg-info/top_level.txt
reading manifest file '../../build/my_docking/my_docking.egg-info/SOURCES.txt'
writing manifest file '../../build/my_docking/my_docking.egg-info/SOURCES.txt'
running build
running build_py
copying my_docking/docking.py -> /home/kong/my_ws/build/my_docking/build/lib/my_docking
running install
running install_lib
copying /home/kong/my_ws/build/my_docking/build/lib/my_docking/docking.py -> /home/kong/my_ws/install/my_docking/lib/python3.10/site-packages/my_docking
byte-compiling /home/kong/my_ws/install/my_docking/lib/python3.10/site-packages/my_docking/docking.py to docking.cpython-310.pyc
running install_data
running install_egg_info
Sorry: IndentationError: unexpected indent (docking.py, line 22)
removing '/home/kong/my_ws/install/my_docking/lib/python3.10/site-packages/my_docking-0.0.0-py3.10.egg-info' (and everything under it)
Copying ../../build/my_docking/my_docking.egg-info to /home/kong/my_ws/install/my_docking/lib/python3.10/site-packages/my_docking-0.0.0-py3.10.egg-info
running install_scripts
Installing docking script to /home/kong/my_ws/install/my_docking/lib/my_docking
writing list of installed files to '/home/kong/my_ws/build/my_docking/install.log'
