[0.522s] Invoking command in '/home/kong/my_ws/src/my_docking': PYTHONPATH=/home/kong/my_ws/build/my_docking/prefix_override:/home/kong/my_ws/install/my_docking/lib/python3.10/site-packages:${PYTHONPATH} /usr/bin/python3 -W ignore:setup.py install is deprecated setup.py egg_info --egg-base ../../build/my_docking build --build-base /home/kong/my_ws/build/my_docking/build install --record /home/kong/my_ws/build/my_docking/install.log --single-version-externally-managed install_data
[0.691s] running egg_info
[0.692s] writing ../../build/my_docking/my_docking.egg-info/PKG-INFO
[0.692s] writing dependency_links to ../../build/my_docking/my_docking.egg-info/dependency_links.txt
[0.692s] writing entry points to ../../build/my_docking/my_docking.egg-info/entry_points.txt
[0.692s] writing requirements to ../../build/my_docking/my_docking.egg-info/requires.txt
[0.692s] writing top-level names to ../../build/my_docking/my_docking.egg-info/top_level.txt
[0.693s] reading manifest file '../../build/my_docking/my_docking.egg-info/SOURCES.txt'
[0.694s] writing manifest file '../../build/my_docking/my_docking.egg-info/SOURCES.txt'
[0.694s] running build
[0.694s] running build_py
[0.694s] copying my_docking/docking.py -> /home/kong/my_ws/build/my_docking/build/lib/my_docking
[0.694s] running install
[0.694s] running install_lib
[0.695s] copying /home/kong/my_ws/build/my_docking/build/lib/my_docking/docking.py -> /home/kong/my_ws/install/my_docking/lib/python3.10/site-packages/my_docking
[0.695s] byte-compiling /home/kong/my_ws/install/my_docking/lib/python3.10/site-packages/my_docking/docking.py to docking.cpython-310.pyc
[0.696s] running install_data
[0.697s] running install_egg_info
[0.698s] removing '/home/kong/my_ws/install/my_docking/lib/python3.10/site-packages/my_docking-0.0.0-py3.10.egg-info' (and everything under it)
[0.699s] Copying ../../build/my_docking/my_docking.egg-info to /home/kong/my_ws/install/my_docking/lib/python3.10/site-packages/my_docking-0.0.0-py3.10.egg-info
[0.699s] running install_scripts
[0.714s] Installing docking script to /home/kong/my_ws/install/my_docking/lib/my_docking
[0.715s] writing list of installed files to '/home/kong/my_ws/build/my_docking/install.log'
[0.737s] Invoked command in '/home/kong/my_ws/src/my_docking' returned '0': PYTHONPATH=/home/kong/my_ws/build/my_docking/prefix_override:/home/kong/my_ws/install/my_docking/lib/python3.10/site-packages:${PYTHONPATH} /usr/bin/python3 -W ignore:setup.py install is deprecated setup.py egg_info --egg-base ../../build/my_docking build --build-base /home/kong/my_ws/build/my_docking/build install --record /home/kong/my_ws/build/my_docking/install.log --single-version-externally-managed install_data
