[0.044s] Invoking command in '/home/kong/my_ws/build/nav2_smac_planner': CMAKE_PREFIX_PATH=/home/kong/my_ws/install/nav2_core:/home/kong/my_ws/install/nav2_costmap_2d:/home/kong/my_ws/install/nav2_util:/home/kong/my_ws/install/nav2_voxel_grid:/home/kong/my_ws/install/nav2_msgs:/home/kong/my_ws/install/nav2_common:/home/kong/my_ws/install/ydlidar_ros2_driver:/home/kong/my_ws/install/usb_cam:/home/kong/my_ws/install/teleop_twist_joy:/home/kong/my_ws/install/nav2_system_tests:/home/kong/my_ws/install/nav2_bringup:/home/kong/my_ws/install/slam_toolbox:/home/kong/my_ws/install/ros2_aruco_interfaces:/home/kong/my_ws/install/realsense2_description:/home/kong/my_ws/install/realsense2_camera:/home/kong/my_ws/install/realsense2_camera_msgs:/home/kong/my_ws/install/odrive_ros2_control:/home/kong/my_ws/install/odrive_hardware_interface:/home/kong/my_ws/install/odrive_demo_bringup:/home/kong/my_ws/install/odrive_demo_description:/home/kong/my_ws/install/navigation2:/home/kong/my_ws/install/nav2_smoother:/home/kong/my_ws/install/nav2_graceful_controller:/home/kong/my_ws/install/nav2_dwb_controller:/home/kong/my_ws/install/nav2_controller:/home/kong/my_ws/install/dwb_plugins:/home/kong/my_ws/install/dwb_critics:/home/kong/my_ws/install/dwb_core:/home/kong/my_ws/install/nav_2d_utils:/home/kong/my_ws/install/dwb_msgs:/home/kong/my_ws/install/nav_2d_msgs:/home/kong/my_ws/install/nav2_waypoint_follower:/home/kong/my_ws/install/nav2_theta_star_planner:/home/kong/my_ws/install/nav2_smac_planner:/home/kong/my_ws/install/nav2_rotation_shim_controller:/home/kong/my_ws/install/nav2_regulated_pure_pursuit_controller:/home/kong/my_ws/install/nav2_planner:/home/kong/my_ws/install/nav2_navfn_planner:/home/kong/my_ws/install/nav2_mppi_controller:/home/kong/my_ws/install/nav2_constrained_smoother:/home/kong/my_ws/install/nav2_bt_navigator:/home/kong/my_ws/install/nav2_behaviors:/home/kong/my_ws/install/nav2_collision_monitor:/home/kong/my_ws/install/costmap_queue:/home/kong/my_ws/install/nav2_velocity_smoother:/home/kong/my_ws/install/nav2_rviz_plugins:/home/kong/my_ws/install/nav2_map_server:/home/kong/my_ws/install/nav2_lifecycle_manager:/home/kong/my_ws/install/nav2_behavior_tree:/home/kong/my_ws/install/nav2_amcl:/home/kong/my_ws/install/my_slam_package:/home/kong/my_ws/install/my_bot_description:/home/kong/my_ws/install/ros2_aruco:/home/kong/my_ws/install/nav2_simple_commander:/home/kong/my_ws/install/my_tf2_package:/home/kong/my_ws/install/my_docking:/home/kong/my_ws/install/my_aruco_to_goal_pose_pkg:/opt/ros/humble LD_LIBRARY_PATH=/home/kong/my_ws/install/nav2_costmap_2d/lib:/home/kong/my_ws/install/nav2_util/lib:/home/kong/my_ws/install/nav2_voxel_grid/lib:/home/kong/my_ws/install/nav2_msgs/lib:/home/kong/my_ws/install/usb_cam/lib:/home/kong/my_ws/install/teleop_twist_joy/lib:/home/kong/my_ws/install/slam_toolbox/lib:/home/kong/my_ws/install/ros2_aruco_interfaces/lib:/home/kong/my_ws/install/realsense2_camera/lib:/home/kong/my_ws/install/realsense2_camera_msgs/lib:/home/kong/my_ws/install/odrive_hardware_interface/lib:/home/kong/my_ws/install/nav2_smoother/lib:/home/kong/my_ws/install/nav2_graceful_controller/lib:/home/kong/my_ws/install/nav2_controller/lib:/home/kong/my_ws/install/dwb_plugins/lib:/home/kong/my_ws/install/dwb_critics/lib:/home/kong/my_ws/install/dwb_core/lib:/home/kong/my_ws/install/nav_2d_utils/lib:/home/kong/my_ws/install/dwb_msgs/lib:/home/kong/my_ws/install/nav_2d_msgs/lib:/home/kong/my_ws/install/nav2_waypoint_follower/lib:/home/kong/my_ws/install/nav2_theta_star_planner/lib:/home/kong/my_ws/install/nav2_smac_planner/lib:/home/kong/my_ws/install/nav2_rotation_shim_controller/lib:/home/kong/my_ws/install/nav2_regulated_pure_pursuit_controller/lib:/home/kong/my_ws/install/nav2_planner/lib:/home/kong/my_ws/install/nav2_navfn_planner/lib:/home/kong/my_ws/install/nav2_mppi_controller/lib:/home/kong/my_ws/install/nav2_constrained_smoother/lib:/home/kong/my_ws/install/nav2_bt_navigator/lib:/home/kong/my_ws/install/nav2_behaviors/lib:/home/kong/my_ws/install/nav2_collision_monitor/lib:/home/kong/my_ws/install/costmap_queue/lib:/home/kong/my_ws/install/nav2_velocity_smoother/lib:/home/kong/my_ws/install/nav2_rviz_plugins/lib:/home/kong/my_ws/install/nav2_map_server/lib:/home/kong/my_ws/install/nav2_lifecycle_manager/lib:/home/kong/my_ws/install/nav2_behavior_tree/lib:/home/kong/my_ws/install/nav2_amcl/lib:/usr/lib/x86_64-linux-gnu/gazebo-11/plugins:/opt/ros/humble/opt/rviz_ogre_vendor/lib:/opt/ros/humble/lib/x86_64-linux-gnu:/opt/ros/humble/lib /usr/bin/cmake --build /home/kong/my_ws/build/nav2_smac_planner -- -j8 -l8
[0.140s] [35m[1mConsolidate compiler generated dependencies of target gtest_main[0m
[0.144s] [35m[1mConsolidate compiler generated dependencies of target gtest[0m
[0.149s] [35m[1mConsolidate compiler generated dependencies of target nav2_smac_planner_2d[0m
[0.174s] [35m[1mConsolidate compiler generated dependencies of target nav2_smac_planner[0m
[0.175s] [35m[1mConsolidate compiler generated dependencies of target nav2_smac_planner_lattice[0m
[0.175s] [  3%] Built target gtest_main
[0.176s] [  6%] Built target gtest
[0.230s] [ 25%] Built target nav2_smac_planner_2d
[0.239s] [ 44%] Built target nav2_smac_planner
[0.258s] [ 62%] Built target nav2_smac_planner_lattice
[0.270s] [35m[1mConsolidate compiler generated dependencies of target test_costmap_downsampler[0m
[0.273s] [35m[1mConsolidate compiler generated dependencies of target test_node2d[0m
[0.280s] [35m[1mConsolidate compiler generated dependencies of target test_smac_2d[0m
[0.283s] [35m[1mConsolidate compiler generated dependencies of target test_a_star[0m
[0.283s] [35m[1mConsolidate compiler generated dependencies of target test_collision_checker[0m
[0.292s] [35m[1mConsolidate compiler generated dependencies of target test_nodehybrid[0m
[0.297s] [35m[1mConsolidate compiler generated dependencies of target test_smac_hybrid[0m
[0.304s] [35m[1mConsolidate compiler generated dependencies of target test_nodebasic[0m
[0.353s] [ 66%] Built target test_costmap_downsampler
[0.358s] [ 69%] Built target test_node2d
[0.363s] [ 72%] Built target test_collision_checker
[0.376s] [ 76%] Built target test_a_star
[0.397s] [ 79%] Built target test_smac_hybrid
[0.417s] [ 83%] Built target test_smac_2d
[0.422s] [35m[1mConsolidate compiler generated dependencies of target test_smoother[0m
[0.424s] [ 89%] Built target test_nodehybrid
[0.424s] [ 86%] Built target test_nodebasic
[0.440s] [35m[1mConsolidate compiler generated dependencies of target test_smac_lattice[0m
[0.476s] [35m[1mConsolidate compiler generated dependencies of target test_lattice_node[0m
[0.488s] [ 93%] Built target test_smoother
[0.515s] [ 96%] Built target test_smac_lattice
[0.530s] [100%] Built target test_lattice_node
[0.581s] Invoked command in '/home/kong/my_ws/build/nav2_smac_planner' returned '0': CMAKE_PREFIX_PATH=/home/kong/my_ws/install/nav2_core:/home/kong/my_ws/install/nav2_costmap_2d:/home/kong/my_ws/install/nav2_util:/home/kong/my_ws/install/nav2_voxel_grid:/home/kong/my_ws/install/nav2_msgs:/home/kong/my_ws/install/nav2_common:/home/kong/my_ws/install/ydlidar_ros2_driver:/home/kong/my_ws/install/usb_cam:/home/kong/my_ws/install/teleop_twist_joy:/home/kong/my_ws/install/nav2_system_tests:/home/kong/my_ws/install/nav2_bringup:/home/kong/my_ws/install/slam_toolbox:/home/kong/my_ws/install/ros2_aruco_interfaces:/home/kong/my_ws/install/realsense2_description:/home/kong/my_ws/install/realsense2_camera:/home/kong/my_ws/install/realsense2_camera_msgs:/home/kong/my_ws/install/odrive_ros2_control:/home/kong/my_ws/install/odrive_hardware_interface:/home/kong/my_ws/install/odrive_demo_bringup:/home/kong/my_ws/install/odrive_demo_description:/home/kong/my_ws/install/navigation2:/home/kong/my_ws/install/nav2_smoother:/home/kong/my_ws/install/nav2_graceful_controller:/home/kong/my_ws/install/nav2_dwb_controller:/home/kong/my_ws/install/nav2_controller:/home/kong/my_ws/install/dwb_plugins:/home/kong/my_ws/install/dwb_critics:/home/kong/my_ws/install/dwb_core:/home/kong/my_ws/install/nav_2d_utils:/home/kong/my_ws/install/dwb_msgs:/home/kong/my_ws/install/nav_2d_msgs:/home/kong/my_ws/install/nav2_waypoint_follower:/home/kong/my_ws/install/nav2_theta_star_planner:/home/kong/my_ws/install/nav2_smac_planner:/home/kong/my_ws/install/nav2_rotation_shim_controller:/home/kong/my_ws/install/nav2_regulated_pure_pursuit_controller:/home/kong/my_ws/install/nav2_planner:/home/kong/my_ws/install/nav2_navfn_planner:/home/kong/my_ws/install/nav2_mppi_controller:/home/kong/my_ws/install/nav2_constrained_smoother:/home/kong/my_ws/install/nav2_bt_navigator:/home/kong/my_ws/install/nav2_behaviors:/home/kong/my_ws/install/nav2_collision_monitor:/home/kong/my_ws/install/costmap_queue:/home/kong/my_ws/install/nav2_velocity_smoother:/home/kong/my_ws/install/nav2_rviz_plugins:/home/kong/my_ws/install/nav2_map_server:/home/kong/my_ws/install/nav2_lifecycle_manager:/home/kong/my_ws/install/nav2_behavior_tree:/home/kong/my_ws/install/nav2_amcl:/home/kong/my_ws/install/my_slam_package:/home/kong/my_ws/install/my_bot_description:/home/kong/my_ws/install/ros2_aruco:/home/kong/my_ws/install/nav2_simple_commander:/home/kong/my_ws/install/my_tf2_package:/home/kong/my_ws/install/my_docking:/home/kong/my_ws/install/my_aruco_to_goal_pose_pkg:/opt/ros/humble LD_LIBRARY_PATH=/home/kong/my_ws/install/nav2_costmap_2d/lib:/home/kong/my_ws/install/nav2_util/lib:/home/kong/my_ws/install/nav2_voxel_grid/lib:/home/kong/my_ws/install/nav2_msgs/lib:/home/kong/my_ws/install/usb_cam/lib:/home/kong/my_ws/install/teleop_twist_joy/lib:/home/kong/my_ws/install/slam_toolbox/lib:/home/kong/my_ws/install/ros2_aruco_interfaces/lib:/home/kong/my_ws/install/realsense2_camera/lib:/home/kong/my_ws/install/realsense2_camera_msgs/lib:/home/kong/my_ws/install/odrive_hardware_interface/lib:/home/kong/my_ws/install/nav2_smoother/lib:/home/kong/my_ws/install/nav2_graceful_controller/lib:/home/kong/my_ws/install/nav2_controller/lib:/home/kong/my_ws/install/dwb_plugins/lib:/home/kong/my_ws/install/dwb_critics/lib:/home/kong/my_ws/install/dwb_core/lib:/home/kong/my_ws/install/nav_2d_utils/lib:/home/kong/my_ws/install/dwb_msgs/lib:/home/kong/my_ws/install/nav_2d_msgs/lib:/home/kong/my_ws/install/nav2_waypoint_follower/lib:/home/kong/my_ws/install/nav2_theta_star_planner/lib:/home/kong/my_ws/install/nav2_smac_planner/lib:/home/kong/my_ws/install/nav2_rotation_shim_controller/lib:/home/kong/my_ws/install/nav2_regulated_pure_pursuit_controller/lib:/home/kong/my_ws/install/nav2_planner/lib:/home/kong/my_ws/install/nav2_navfn_planner/lib:/home/kong/my_ws/install/nav2_mppi_controller/lib:/home/kong/my_ws/install/nav2_constrained_smoother/lib:/home/kong/my_ws/install/nav2_bt_navigator/lib:/home/kong/my_ws/install/nav2_behaviors/lib:/home/kong/my_ws/install/nav2_collision_monitor/lib:/home/kong/my_ws/install/costmap_queue/lib:/home/kong/my_ws/install/nav2_velocity_smoother/lib:/home/kong/my_ws/install/nav2_rviz_plugins/lib:/home/kong/my_ws/install/nav2_map_server/lib:/home/kong/my_ws/install/nav2_lifecycle_manager/lib:/home/kong/my_ws/install/nav2_behavior_tree/lib:/home/kong/my_ws/install/nav2_amcl/lib:/usr/lib/x86_64-linux-gnu/gazebo-11/plugins:/opt/ros/humble/opt/rviz_ogre_vendor/lib:/opt/ros/humble/lib/x86_64-linux-gnu:/opt/ros/humble/lib /usr/bin/cmake --build /home/kong/my_ws/build/nav2_smac_planner -- -j8 -l8
[0.821s] Invoking command in '/home/kong/my_ws/build/nav2_smac_planner': CMAKE_PREFIX_PATH=/home/kong/my_ws/install/nav2_core:/home/kong/my_ws/install/nav2_costmap_2d:/home/kong/my_ws/install/nav2_util:/home/kong/my_ws/install/nav2_voxel_grid:/home/kong/my_ws/install/nav2_msgs:/home/kong/my_ws/install/nav2_common:/home/kong/my_ws/install/ydlidar_ros2_driver:/home/kong/my_ws/install/usb_cam:/home/kong/my_ws/install/teleop_twist_joy:/home/kong/my_ws/install/nav2_system_tests:/home/kong/my_ws/install/nav2_bringup:/home/kong/my_ws/install/slam_toolbox:/home/kong/my_ws/install/ros2_aruco_interfaces:/home/kong/my_ws/install/realsense2_description:/home/kong/my_ws/install/realsense2_camera:/home/kong/my_ws/install/realsense2_camera_msgs:/home/kong/my_ws/install/odrive_ros2_control:/home/kong/my_ws/install/odrive_hardware_interface:/home/kong/my_ws/install/odrive_demo_bringup:/home/kong/my_ws/install/odrive_demo_description:/home/kong/my_ws/install/navigation2:/home/kong/my_ws/install/nav2_smoother:/home/kong/my_ws/install/nav2_graceful_controller:/home/kong/my_ws/install/nav2_dwb_controller:/home/kong/my_ws/install/nav2_controller:/home/kong/my_ws/install/dwb_plugins:/home/kong/my_ws/install/dwb_critics:/home/kong/my_ws/install/dwb_core:/home/kong/my_ws/install/nav_2d_utils:/home/kong/my_ws/install/dwb_msgs:/home/kong/my_ws/install/nav_2d_msgs:/home/kong/my_ws/install/nav2_waypoint_follower:/home/kong/my_ws/install/nav2_theta_star_planner:/home/kong/my_ws/install/nav2_smac_planner:/home/kong/my_ws/install/nav2_rotation_shim_controller:/home/kong/my_ws/install/nav2_regulated_pure_pursuit_controller:/home/kong/my_ws/install/nav2_planner:/home/kong/my_ws/install/nav2_navfn_planner:/home/kong/my_ws/install/nav2_mppi_controller:/home/kong/my_ws/install/nav2_constrained_smoother:/home/kong/my_ws/install/nav2_bt_navigator:/home/kong/my_ws/install/nav2_behaviors:/home/kong/my_ws/install/nav2_collision_monitor:/home/kong/my_ws/install/costmap_queue:/home/kong/my_ws/install/nav2_velocity_smoother:/home/kong/my_ws/install/nav2_rviz_plugins:/home/kong/my_ws/install/nav2_map_server:/home/kong/my_ws/install/nav2_lifecycle_manager:/home/kong/my_ws/install/nav2_behavior_tree:/home/kong/my_ws/install/nav2_amcl:/home/kong/my_ws/install/my_slam_package:/home/kong/my_ws/install/my_bot_description:/home/kong/my_ws/install/ros2_aruco:/home/kong/my_ws/install/nav2_simple_commander:/home/kong/my_ws/install/my_tf2_package:/home/kong/my_ws/install/my_docking:/home/kong/my_ws/install/my_aruco_to_goal_pose_pkg:/opt/ros/humble LD_LIBRARY_PATH=/home/kong/my_ws/install/nav2_costmap_2d/lib:/home/kong/my_ws/install/nav2_util/lib:/home/kong/my_ws/install/nav2_voxel_grid/lib:/home/kong/my_ws/install/nav2_msgs/lib:/home/kong/my_ws/install/usb_cam/lib:/home/kong/my_ws/install/teleop_twist_joy/lib:/home/kong/my_ws/install/slam_toolbox/lib:/home/kong/my_ws/install/ros2_aruco_interfaces/lib:/home/kong/my_ws/install/realsense2_camera/lib:/home/kong/my_ws/install/realsense2_camera_msgs/lib:/home/kong/my_ws/install/odrive_hardware_interface/lib:/home/kong/my_ws/install/nav2_smoother/lib:/home/kong/my_ws/install/nav2_graceful_controller/lib:/home/kong/my_ws/install/nav2_controller/lib:/home/kong/my_ws/install/dwb_plugins/lib:/home/kong/my_ws/install/dwb_critics/lib:/home/kong/my_ws/install/dwb_core/lib:/home/kong/my_ws/install/nav_2d_utils/lib:/home/kong/my_ws/install/dwb_msgs/lib:/home/kong/my_ws/install/nav_2d_msgs/lib:/home/kong/my_ws/install/nav2_waypoint_follower/lib:/home/kong/my_ws/install/nav2_theta_star_planner/lib:/home/kong/my_ws/install/nav2_smac_planner/lib:/home/kong/my_ws/install/nav2_rotation_shim_controller/lib:/home/kong/my_ws/install/nav2_regulated_pure_pursuit_controller/lib:/home/kong/my_ws/install/nav2_planner/lib:/home/kong/my_ws/install/nav2_navfn_planner/lib:/home/kong/my_ws/install/nav2_mppi_controller/lib:/home/kong/my_ws/install/nav2_constrained_smoother/lib:/home/kong/my_ws/install/nav2_bt_navigator/lib:/home/kong/my_ws/install/nav2_behaviors/lib:/home/kong/my_ws/install/nav2_collision_monitor/lib:/home/kong/my_ws/install/costmap_queue/lib:/home/kong/my_ws/install/nav2_velocity_smoother/lib:/home/kong/my_ws/install/nav2_rviz_plugins/lib:/home/kong/my_ws/install/nav2_map_server/lib:/home/kong/my_ws/install/nav2_lifecycle_manager/lib:/home/kong/my_ws/install/nav2_behavior_tree/lib:/home/kong/my_ws/install/nav2_amcl/lib:/usr/lib/x86_64-linux-gnu/gazebo-11/plugins:/opt/ros/humble/opt/rviz_ogre_vendor/lib:/opt/ros/humble/lib/x86_64-linux-gnu:/opt/ros/humble/lib /usr/bin/cmake --install /home/kong/my_ws/build/nav2_smac_planner
[0.832s] -- Install configuration: "Release"
[0.832s] -- Up-to-date: /home/kong/my_ws/install/nav2_smac_planner/share/nav2_smac_planner/smac_plugin_hybrid.xml
[0.832s] -- Up-to-date: /home/kong/my_ws/install/nav2_smac_planner/share/nav2_smac_planner/smac_plugin_2d.xml
[0.832s] -- Up-to-date: /home/kong/my_ws/install/nav2_smac_planner/share/nav2_smac_planner/smac_plugin_lattice.xml
[0.832s] -- Up-to-date: /home/kong/my_ws/install/nav2_smac_planner/lib/libnav2_smac_planner.so
[0.833s] -- Up-to-date: /home/kong/my_ws/install/nav2_smac_planner/lib/libnav2_smac_planner_2d.so
[0.833s] -- Up-to-date: /home/kong/my_ws/install/nav2_smac_planner/lib/libnav2_smac_planner_lattice.so
[0.834s] -- Up-to-date: /home/kong/my_ws/install/nav2_smac_planner/include/
[0.834s] -- Up-to-date: /home/kong/my_ws/install/nav2_smac_planner/include//nav2_smac_planner
[0.834s] -- Up-to-date: /home/kong/my_ws/install/nav2_smac_planner/include//nav2_smac_planner/constants.hpp
[0.834s] -- Up-to-date: /home/kong/my_ws/install/nav2_smac_planner/include//nav2_smac_planner/a_star.hpp
[0.834s] -- Up-to-date: /home/kong/my_ws/install/nav2_smac_planner/include//nav2_smac_planner/node_lattice.hpp
[0.834s] -- Up-to-date: /home/kong/my_ws/install/nav2_smac_planner/include//nav2_smac_planner/utils.hpp
[0.834s] -- Up-to-date: /home/kong/my_ws/install/nav2_smac_planner/include//nav2_smac_planner/types.hpp
[0.834s] -- Up-to-date: /home/kong/my_ws/install/nav2_smac_planner/include//nav2_smac_planner/collision_checker.hpp
[0.834s] -- Up-to-date: /home/kong/my_ws/install/nav2_smac_planner/include//nav2_smac_planner/smac_planner_2d.hpp
[0.834s] -- Up-to-date: /home/kong/my_ws/install/nav2_smac_planner/include//nav2_smac_planner/node_2d.hpp
[0.834s] -- Up-to-date: /home/kong/my_ws/install/nav2_smac_planner/include//nav2_smac_planner/costmap_downsampler.hpp
[0.834s] -- Up-to-date: /home/kong/my_ws/install/nav2_smac_planner/include//nav2_smac_planner/analytic_expansion.hpp
[0.834s] -- Up-to-date: /home/kong/my_ws/install/nav2_smac_planner/include//nav2_smac_planner/smoother.hpp
[0.834s] -- Up-to-date: /home/kong/my_ws/install/nav2_smac_planner/include//nav2_smac_planner/thirdparty
[0.834s] -- Up-to-date: /home/kong/my_ws/install/nav2_smac_planner/include//nav2_smac_planner/thirdparty/robin_hood.h
[0.835s] -- Up-to-date: /home/kong/my_ws/install/nav2_smac_planner/include//nav2_smac_planner/smac_planner_lattice.hpp
[0.835s] -- Up-to-date: /home/kong/my_ws/install/nav2_smac_planner/include//nav2_smac_planner/node_hybrid.hpp
[0.835s] -- Up-to-date: /home/kong/my_ws/install/nav2_smac_planner/include//nav2_smac_planner/node_basic.hpp
[0.835s] -- Up-to-date: /home/kong/my_ws/install/nav2_smac_planner/include//nav2_smac_planner/smac_planner_hybrid.hpp
[0.835s] -- Up-to-date: /home/kong/my_ws/install/nav2_smac_planner/share/nav2_smac_planner/sample_primitives
[0.836s] -- Up-to-date: /home/kong/my_ws/install/nav2_smac_planner/share/nav2_smac_planner/sample_primitives/5cm_resolution
[0.836s] -- Up-to-date: /home/kong/my_ws/install/nav2_smac_planner/share/nav2_smac_planner/sample_primitives/5cm_resolution/1m_turning_radius
[0.836s] -- Up-to-date: /home/kong/my_ws/install/nav2_smac_planner/share/nav2_smac_planner/sample_primitives/5cm_resolution/1m_turning_radius/ackermann
[0.836s] -- Up-to-date: /home/kong/my_ws/install/nav2_smac_planner/share/nav2_smac_planner/sample_primitives/5cm_resolution/1m_turning_radius/ackermann/output.json
[0.836s] -- Up-to-date: /home/kong/my_ws/install/nav2_smac_planner/share/nav2_smac_planner/sample_primitives/5cm_resolution/1m_turning_radius/diff
[0.836s] -- Up-to-date: /home/kong/my_ws/install/nav2_smac_planner/share/nav2_smac_planner/sample_primitives/5cm_resolution/1m_turning_radius/diff/output.json
[0.836s] -- Up-to-date: /home/kong/my_ws/install/nav2_smac_planner/share/nav2_smac_planner/sample_primitives/5cm_resolution/1m_turning_radius/omni
[0.836s] -- Up-to-date: /home/kong/my_ws/install/nav2_smac_planner/share/nav2_smac_planner/sample_primitives/5cm_resolution/1m_turning_radius/omni/output.json
[0.836s] -- Up-to-date: /home/kong/my_ws/install/nav2_smac_planner/share/nav2_smac_planner/sample_primitives/5cm_resolution/1m_turning_radius/all_trajectories.png
[0.836s] -- Up-to-date: /home/kong/my_ws/install/nav2_smac_planner/share/nav2_smac_planner/sample_primitives/5cm_resolution/0.5m_turning_radius
[0.836s] -- Up-to-date: /home/kong/my_ws/install/nav2_smac_planner/share/nav2_smac_planner/sample_primitives/5cm_resolution/0.5m_turning_radius/ackermann
[0.836s] -- Up-to-date: /home/kong/my_ws/install/nav2_smac_planner/share/nav2_smac_planner/sample_primitives/5cm_resolution/0.5m_turning_radius/ackermann/output.json
[0.836s] -- Up-to-date: /home/kong/my_ws/install/nav2_smac_planner/share/nav2_smac_planner/sample_primitives/5cm_resolution/0.5m_turning_radius/diff
[0.836s] -- Up-to-date: /home/kong/my_ws/install/nav2_smac_planner/share/nav2_smac_planner/sample_primitives/5cm_resolution/0.5m_turning_radius/diff/output.json
[0.836s] -- Up-to-date: /home/kong/my_ws/install/nav2_smac_planner/share/nav2_smac_planner/sample_primitives/5cm_resolution/0.5m_turning_radius/omni
[0.837s] -- Up-to-date: /home/kong/my_ws/install/nav2_smac_planner/share/nav2_smac_planner/sample_primitives/5cm_resolution/0.5m_turning_radius/omni/output.json
[0.837s] -- Up-to-date: /home/kong/my_ws/install/nav2_smac_planner/share/nav2_smac_planner/sample_primitives/5cm_resolution/0.5m_turning_radius/all_trajectories.png
[0.837s] -- Up-to-date: /home/kong/my_ws/install/nav2_smac_planner/share/nav2_smac_planner/environment/library_path.sh
[0.837s] -- Up-to-date: /home/kong/my_ws/install/nav2_smac_planner/share/nav2_smac_planner/environment/library_path.dsv
[0.838s] -- Up-to-date: /home/kong/my_ws/install/nav2_smac_planner/share/ament_index/resource_index/package_run_dependencies/nav2_smac_planner
[0.838s] -- Up-to-date: /home/kong/my_ws/install/nav2_smac_planner/share/ament_index/resource_index/parent_prefix_path/nav2_smac_planner
[0.838s] -- Up-to-date: /home/kong/my_ws/install/nav2_smac_planner/share/nav2_smac_planner/environment/ament_prefix_path.sh
[0.838s] -- Up-to-date: /home/kong/my_ws/install/nav2_smac_planner/share/nav2_smac_planner/environment/ament_prefix_path.dsv
[0.838s] -- Up-to-date: /home/kong/my_ws/install/nav2_smac_planner/share/nav2_smac_planner/environment/path.sh
[0.838s] -- Up-to-date: /home/kong/my_ws/install/nav2_smac_planner/share/nav2_smac_planner/environment/path.dsv
[0.838s] -- Up-to-date: /home/kong/my_ws/install/nav2_smac_planner/share/nav2_smac_planner/local_setup.bash
[0.838s] -- Up-to-date: /home/kong/my_ws/install/nav2_smac_planner/share/nav2_smac_planner/local_setup.sh
[0.838s] -- Up-to-date: /home/kong/my_ws/install/nav2_smac_planner/share/nav2_smac_planner/local_setup.zsh
[0.838s] -- Up-to-date: /home/kong/my_ws/install/nav2_smac_planner/share/nav2_smac_planner/local_setup.dsv
[0.838s] -- Installing: /home/kong/my_ws/install/nav2_smac_planner/share/nav2_smac_planner/package.dsv
[0.839s] -- Up-to-date: /home/kong/my_ws/install/nav2_smac_planner/share/ament_index/resource_index/packages/nav2_smac_planner
[0.839s] -- Up-to-date: /home/kong/my_ws/install/nav2_smac_planner/share/ament_index/resource_index/nav2_core__pluginlib__plugin/nav2_smac_planner
[0.839s] -- Up-to-date: /home/kong/my_ws/install/nav2_smac_planner/share/nav2_smac_planner/cmake/ament_cmake_export_include_directories-extras.cmake
[0.839s] -- Up-to-date: /home/kong/my_ws/install/nav2_smac_planner/share/nav2_smac_planner/cmake/ament_cmake_export_libraries-extras.cmake
[0.839s] -- Up-to-date: /home/kong/my_ws/install/nav2_smac_planner/share/nav2_smac_planner/cmake/ament_cmake_export_dependencies-extras.cmake
[0.839s] -- Up-to-date: /home/kong/my_ws/install/nav2_smac_planner/share/nav2_smac_planner/cmake/nav2_smac_plannerConfig.cmake
[0.839s] -- Up-to-date: /home/kong/my_ws/install/nav2_smac_planner/share/nav2_smac_planner/cmake/nav2_smac_plannerConfig-version.cmake
[0.839s] -- Up-to-date: /home/kong/my_ws/install/nav2_smac_planner/share/nav2_smac_planner/package.xml
[0.856s] Invoked command in '/home/kong/my_ws/build/nav2_smac_planner' returned '0': CMAKE_PREFIX_PATH=/home/kong/my_ws/install/nav2_core:/home/kong/my_ws/install/nav2_costmap_2d:/home/kong/my_ws/install/nav2_util:/home/kong/my_ws/install/nav2_voxel_grid:/home/kong/my_ws/install/nav2_msgs:/home/kong/my_ws/install/nav2_common:/home/kong/my_ws/install/ydlidar_ros2_driver:/home/kong/my_ws/install/usb_cam:/home/kong/my_ws/install/teleop_twist_joy:/home/kong/my_ws/install/nav2_system_tests:/home/kong/my_ws/install/nav2_bringup:/home/kong/my_ws/install/slam_toolbox:/home/kong/my_ws/install/ros2_aruco_interfaces:/home/kong/my_ws/install/realsense2_description:/home/kong/my_ws/install/realsense2_camera:/home/kong/my_ws/install/realsense2_camera_msgs:/home/kong/my_ws/install/odrive_ros2_control:/home/kong/my_ws/install/odrive_hardware_interface:/home/kong/my_ws/install/odrive_demo_bringup:/home/kong/my_ws/install/odrive_demo_description:/home/kong/my_ws/install/navigation2:/home/kong/my_ws/install/nav2_smoother:/home/kong/my_ws/install/nav2_graceful_controller:/home/kong/my_ws/install/nav2_dwb_controller:/home/kong/my_ws/install/nav2_controller:/home/kong/my_ws/install/dwb_plugins:/home/kong/my_ws/install/dwb_critics:/home/kong/my_ws/install/dwb_core:/home/kong/my_ws/install/nav_2d_utils:/home/kong/my_ws/install/dwb_msgs:/home/kong/my_ws/install/nav_2d_msgs:/home/kong/my_ws/install/nav2_waypoint_follower:/home/kong/my_ws/install/nav2_theta_star_planner:/home/kong/my_ws/install/nav2_smac_planner:/home/kong/my_ws/install/nav2_rotation_shim_controller:/home/kong/my_ws/install/nav2_regulated_pure_pursuit_controller:/home/kong/my_ws/install/nav2_planner:/home/kong/my_ws/install/nav2_navfn_planner:/home/kong/my_ws/install/nav2_mppi_controller:/home/kong/my_ws/install/nav2_constrained_smoother:/home/kong/my_ws/install/nav2_bt_navigator:/home/kong/my_ws/install/nav2_behaviors:/home/kong/my_ws/install/nav2_collision_monitor:/home/kong/my_ws/install/costmap_queue:/home/kong/my_ws/install/nav2_velocity_smoother:/home/kong/my_ws/install/nav2_rviz_plugins:/home/kong/my_ws/install/nav2_map_server:/home/kong/my_ws/install/nav2_lifecycle_manager:/home/kong/my_ws/install/nav2_behavior_tree:/home/kong/my_ws/install/nav2_amcl:/home/kong/my_ws/install/my_slam_package:/home/kong/my_ws/install/my_bot_description:/home/kong/my_ws/install/ros2_aruco:/home/kong/my_ws/install/nav2_simple_commander:/home/kong/my_ws/install/my_tf2_package:/home/kong/my_ws/install/my_docking:/home/kong/my_ws/install/my_aruco_to_goal_pose_pkg:/opt/ros/humble LD_LIBRARY_PATH=/home/kong/my_ws/install/nav2_costmap_2d/lib:/home/kong/my_ws/install/nav2_util/lib:/home/kong/my_ws/install/nav2_voxel_grid/lib:/home/kong/my_ws/install/nav2_msgs/lib:/home/kong/my_ws/install/usb_cam/lib:/home/kong/my_ws/install/teleop_twist_joy/lib:/home/kong/my_ws/install/slam_toolbox/lib:/home/kong/my_ws/install/ros2_aruco_interfaces/lib:/home/kong/my_ws/install/realsense2_camera/lib:/home/kong/my_ws/install/realsense2_camera_msgs/lib:/home/kong/my_ws/install/odrive_hardware_interface/lib:/home/kong/my_ws/install/nav2_smoother/lib:/home/kong/my_ws/install/nav2_graceful_controller/lib:/home/kong/my_ws/install/nav2_controller/lib:/home/kong/my_ws/install/dwb_plugins/lib:/home/kong/my_ws/install/dwb_critics/lib:/home/kong/my_ws/install/dwb_core/lib:/home/kong/my_ws/install/nav_2d_utils/lib:/home/kong/my_ws/install/dwb_msgs/lib:/home/kong/my_ws/install/nav_2d_msgs/lib:/home/kong/my_ws/install/nav2_waypoint_follower/lib:/home/kong/my_ws/install/nav2_theta_star_planner/lib:/home/kong/my_ws/install/nav2_smac_planner/lib:/home/kong/my_ws/install/nav2_rotation_shim_controller/lib:/home/kong/my_ws/install/nav2_regulated_pure_pursuit_controller/lib:/home/kong/my_ws/install/nav2_planner/lib:/home/kong/my_ws/install/nav2_navfn_planner/lib:/home/kong/my_ws/install/nav2_mppi_controller/lib:/home/kong/my_ws/install/nav2_constrained_smoother/lib:/home/kong/my_ws/install/nav2_bt_navigator/lib:/home/kong/my_ws/install/nav2_behaviors/lib:/home/kong/my_ws/install/nav2_collision_monitor/lib:/home/kong/my_ws/install/costmap_queue/lib:/home/kong/my_ws/install/nav2_velocity_smoother/lib:/home/kong/my_ws/install/nav2_rviz_plugins/lib:/home/kong/my_ws/install/nav2_map_server/lib:/home/kong/my_ws/install/nav2_lifecycle_manager/lib:/home/kong/my_ws/install/nav2_behavior_tree/lib:/home/kong/my_ws/install/nav2_amcl/lib:/usr/lib/x86_64-linux-gnu/gazebo-11/plugins:/opt/ros/humble/opt/rviz_ogre_vendor/lib:/opt/ros/humble/lib/x86_64-linux-gnu:/opt/ros/humble/lib /usr/bin/cmake --install /home/kong/my_ws/build/nav2_smac_planner
