[0.043s] Invoking command in '/home/kong/my_ws/build/nav2_common': CMAKE_PREFIX_PATH=${CMAKE_PREFIX_PATH}:/home/kong/my_ws/install/ros2_aruco:/home/kong/my_ws/install/nav2_simple_commander:/home/kong/my_ws/install/my_tf2_package:/home/kong/my_ws/install/my_docking:/home/kong/my_ws/install/my_aruco_to_goal_pose_pkg:/opt/ros/humble /usr/bin/cmake --build /home/kong/my_ws/build/nav2_common -- -j8 -l8
[0.355s] Built target ament_cmake_python_copy_nav2_common
[0.450s] running egg_info
[0.450s] writing nav2_common.egg-info/PKG-INFO
[0.450s] writing dependency_links to nav2_common.egg-info/dependency_links.txt
[0.451s] writing top-level names to nav2_common.egg-info/top_level.txt
[0.452s] reading manifest file 'nav2_common.egg-info/SOURCES.txt'
[0.452s] writing manifest file 'nav2_common.egg-info/SOURCES.txt'
[0.478s] Built target ament_cmake_python_build_nav2_common_egg
[0.607s] Invoked command in '/home/kong/my_ws/build/nav2_common' returned '0': CMAKE_PREFIX_PATH=${CMAKE_PREFIX_PATH}:/home/kong/my_ws/install/ros2_aruco:/home/kong/my_ws/install/nav2_simple_commander:/home/kong/my_ws/install/my_tf2_package:/home/kong/my_ws/install/my_docking:/home/kong/my_ws/install/my_aruco_to_goal_pose_pkg:/opt/ros/humble /usr/bin/cmake --build /home/kong/my_ws/build/nav2_common -- -j8 -l8
[0.671s] Invoking command in '/home/kong/my_ws/build/nav2_common': CMAKE_PREFIX_PATH=${CMAKE_PREFIX_PATH}:/home/kong/my_ws/install/ros2_aruco:/home/kong/my_ws/install/nav2_simple_commander:/home/kong/my_ws/install/my_tf2_package:/home/kong/my_ws/install/my_docking:/home/kong/my_ws/install/my_aruco_to_goal_pose_pkg:/opt/ros/humble /usr/bin/cmake --install /home/kong/my_ws/build/nav2_common
[0.684s] -- Install configuration: ""
[0.684s] -- Up-to-date: /home/kong/my_ws/install/nav2_common/share/nav2_common/environment/pythonpath.sh
[0.684s] -- Up-to-date: /home/kong/my_ws/install/nav2_common/share/nav2_common/environment/pythonpath.dsv
[0.684s] -- Up-to-date: /home/kong/my_ws/install/nav2_common/local/lib/python3.10/dist-packages/nav2_common-1.1.14-py3.10.egg-info
[0.684s] -- Installing: /home/kong/my_ws/install/nav2_common/local/lib/python3.10/dist-packages/nav2_common-1.1.14-py3.10.egg-info/dependency_links.txt
[0.686s] -- Installing: /home/kong/my_ws/install/nav2_common/local/lib/python3.10/dist-packages/nav2_common-1.1.14-py3.10.egg-info/PKG-INFO
[0.687s] -- Installing: /home/kong/my_ws/install/nav2_common/local/lib/python3.10/dist-packages/nav2_common-1.1.14-py3.10.egg-info/top_level.txt
[0.689s] -- Installing: /home/kong/my_ws/install/nav2_common/local/lib/python3.10/dist-packages/nav2_common-1.1.14-py3.10.egg-info/SOURCES.txt
[0.689s] -- Up-to-date: /home/kong/my_ws/install/nav2_common/local/lib/python3.10/dist-packages/nav2_common
[0.689s] -- Up-to-date: /home/kong/my_ws/install/nav2_common/local/lib/python3.10/dist-packages/nav2_common/__init__.py
[0.689s] -- Up-to-date: /home/kong/my_ws/install/nav2_common/local/lib/python3.10/dist-packages/nav2_common/launch
[0.689s] -- Up-to-date: /home/kong/my_ws/install/nav2_common/local/lib/python3.10/dist-packages/nav2_common/launch/replace_string.py
[0.689s] -- Up-to-date: /home/kong/my_ws/install/nav2_common/local/lib/python3.10/dist-packages/nav2_common/launch/has_node_params.py
[0.690s] -- Up-to-date: /home/kong/my_ws/install/nav2_common/local/lib/python3.10/dist-packages/nav2_common/launch/parse_multirobot_pose.py
[0.690s] -- Up-to-date: /home/kong/my_ws/install/nav2_common/local/lib/python3.10/dist-packages/nav2_common/launch/__init__.py
[0.690s] -- Up-to-date: /home/kong/my_ws/install/nav2_common/local/lib/python3.10/dist-packages/nav2_common/launch/rewritten_yaml.py
[0.729s] Listing '/home/kong/my_ws/install/nav2_common/local/lib/python3.10/dist-packages/nav2_common'...
[0.729s] Listing '/home/kong/my_ws/install/nav2_common/local/lib/python3.10/dist-packages/nav2_common/launch'...
[0.734s] -- Up-to-date: /home/kong/my_ws/install/nav2_common/share/ament_index/resource_index/package_run_dependencies/nav2_common
[0.734s] -- Up-to-date: /home/kong/my_ws/install/nav2_common/share/ament_index/resource_index/parent_prefix_path/nav2_common
[0.734s] -- Up-to-date: /home/kong/my_ws/install/nav2_common/share/nav2_common/environment/ament_prefix_path.sh
[0.734s] -- Up-to-date: /home/kong/my_ws/install/nav2_common/share/nav2_common/environment/ament_prefix_path.dsv
[0.735s] -- Up-to-date: /home/kong/my_ws/install/nav2_common/share/nav2_common/environment/path.sh
[0.735s] -- Up-to-date: /home/kong/my_ws/install/nav2_common/share/nav2_common/environment/path.dsv
[0.735s] -- Up-to-date: /home/kong/my_ws/install/nav2_common/share/nav2_common/local_setup.bash
[0.735s] -- Up-to-date: /home/kong/my_ws/install/nav2_common/share/nav2_common/local_setup.sh
[0.735s] -- Up-to-date: /home/kong/my_ws/install/nav2_common/share/nav2_common/local_setup.zsh
[0.735s] -- Up-to-date: /home/kong/my_ws/install/nav2_common/share/nav2_common/local_setup.dsv
[0.735s] -- Installing: /home/kong/my_ws/install/nav2_common/share/nav2_common/package.dsv
[0.735s] -- Up-to-date: /home/kong/my_ws/install/nav2_common/share/ament_index/resource_index/packages/nav2_common
[0.735s] -- Up-to-date: /home/kong/my_ws/install/nav2_common/share/nav2_common/cmake/nav2_common-extras.cmake
[0.735s] -- Up-to-date: /home/kong/my_ws/install/nav2_common/share/nav2_common/cmake/nav2_commonConfig.cmake
[0.735s] -- Up-to-date: /home/kong/my_ws/install/nav2_common/share/nav2_common/cmake/nav2_commonConfig-version.cmake
[0.735s] -- Up-to-date: /home/kong/my_ws/install/nav2_common/share/nav2_common/package.xml
[0.736s] -- Up-to-date: /home/kong/my_ws/install/nav2_common/share/nav2_common/cmake
[0.736s] -- Up-to-date: /home/kong/my_ws/install/nav2_common/share/nav2_common/cmake/nav2_package.cmake
[0.741s] Invoked command in '/home/kong/my_ws/build/nav2_common' returned '0': CMAKE_PREFIX_PATH=${CMAKE_PREFIX_PATH}:/home/kong/my_ws/install/ros2_aruco:/home/kong/my_ws/install/nav2_simple_commander:/home/kong/my_ws/install/my_tf2_package:/home/kong/my_ws/install/my_docking:/home/kong/my_ws/install/my_aruco_to_goal_pose_pkg:/opt/ros/humble /usr/bin/cmake --install /home/kong/my_ws/build/nav2_common
