[0.963s] Invoking command in '/home/kong/my_ws/src/my_tf2_package': PYTHONPATH=/home/kong/my_ws/build/my_tf2_package/prefix_override:/home/kong/my_ws/install/my_tf2_package/lib/python3.10/site-packages:${PYTHONPATH} /usr/bin/python3 -W ignore:setup.py install is deprecated setup.py egg_info --egg-base ../../build/my_tf2_package build --build-base /home/kong/my_ws/build/my_tf2_package/build install --record /home/kong/my_ws/build/my_tf2_package/install.log --single-version-externally-managed install_data
[1.275s] running egg_info
[1.276s] creating ../../build/my_tf2_package/my_tf2_package.egg-info
[1.276s] writing ../../build/my_tf2_package/my_tf2_package.egg-info/PKG-INFO
[1.276s] writing dependency_links to ../../build/my_tf2_package/my_tf2_package.egg-info/dependency_links.txt
[1.276s] writing entry points to ../../build/my_tf2_package/my_tf2_package.egg-info/entry_points.txt
[1.276s] writing requirements to ../../build/my_tf2_package/my_tf2_package.egg-info/requires.txt
[1.277s] writing top-level names to ../../build/my_tf2_package/my_tf2_package.egg-info/top_level.txt
[1.277s] writing manifest file '../../build/my_tf2_package/my_tf2_package.egg-info/SOURCES.txt'
[1.279s] reading manifest file '../../build/my_tf2_package/my_tf2_package.egg-info/SOURCES.txt'
[1.279s] adding license file 'LICENSE'
[1.280s] writing manifest file '../../build/my_tf2_package/my_tf2_package.egg-info/SOURCES.txt'
[1.280s] running build
[1.280s] running build_py
[1.280s] creating /home/kong/my_ws/build/my_tf2_package/build
[1.280s] creating /home/kong/my_ws/build/my_tf2_package/build/lib
[1.280s] creating /home/kong/my_ws/build/my_tf2_package/build/lib/my_tf2_package
[1.281s] copying my_tf2_package/my_static_cart_tf2_broadcaster.py -> /home/kong/my_ws/build/my_tf2_package/build/lib/my_tf2_package
[1.281s] copying my_tf2_package/__init__.py -> /home/kong/my_ws/build/my_tf2_package/build/lib/my_tf2_package
[1.281s] running install
[1.281s] running install_lib
[1.282s] creating /home/kong/my_ws/install/my_tf2_package/lib/python3.10/site-packages/my_tf2_package
[1.282s] copying /home/kong/my_ws/build/my_tf2_package/build/lib/my_tf2_package/my_static_cart_tf2_broadcaster.py -> /home/kong/my_ws/install/my_tf2_package/lib/python3.10/site-packages/my_tf2_package
[1.282s] copying /home/kong/my_ws/build/my_tf2_package/build/lib/my_tf2_package/__init__.py -> /home/kong/my_ws/install/my_tf2_package/lib/python3.10/site-packages/my_tf2_package
[1.283s] byte-compiling /home/kong/my_ws/install/my_tf2_package/lib/python3.10/site-packages/my_tf2_package/my_static_cart_tf2_broadcaster.py to my_static_cart_tf2_broadcaster.cpython-310.pyc
[1.284s] byte-compiling /home/kong/my_ws/install/my_tf2_package/lib/python3.10/site-packages/my_tf2_package/__init__.py to __init__.cpython-310.pyc
[1.284s] running install_data
[1.285s] creating /home/kong/my_ws/install/my_tf2_package/share/ament_index
[1.285s] creating /home/kong/my_ws/install/my_tf2_package/share/ament_index/resource_index
[1.285s] creating /home/kong/my_ws/install/my_tf2_package/share/ament_index/resource_index/packages
[1.285s] copying resource/my_tf2_package -> /home/kong/my_ws/install/my_tf2_package/share/ament_index/resource_index/packages
[1.285s] copying package.xml -> /home/kong/my_ws/install/my_tf2_package/share/my_tf2_package
[1.285s] running install_egg_info
[1.287s] Copying ../../build/my_tf2_package/my_tf2_package.egg-info to /home/kong/my_ws/install/my_tf2_package/lib/python3.10/site-packages/my_tf2_package-0.0.0-py3.10.egg-info
[1.288s] running install_scripts
[1.315s] Installing my_static_cart_tf2_broadcaster script to /home/kong/my_ws/install/my_tf2_package/lib/my_tf2_package
[1.316s] writing list of installed files to '/home/kong/my_ws/build/my_tf2_package/install.log'
[1.541s] Invoked command in '/home/kong/my_ws/src/my_tf2_package' returned '0': PYTHONPATH=/home/kong/my_ws/build/my_tf2_package/prefix_override:/home/kong/my_ws/install/my_tf2_package/lib/python3.10/site-packages:${PYTHONPATH} /usr/bin/python3 -W ignore:setup.py install is deprecated setup.py egg_info --egg-base ../../build/my_tf2_package build --build-base /home/kong/my_ws/build/my_tf2_package/build install --record /home/kong/my_ws/build/my_tf2_package/install.log --single-version-externally-managed install_data
