[0.054s] Invoking command in '/home/kong/my_ws/build/nav2_smac_planner': CMAKE_PREFIX_PATH=/home/kong/my_ws/install/nav2_core:/home/kong/my_ws/install/nav2_costmap_2d:/home/kong/my_ws/install/nav2_util:/home/kong/my_ws/install/nav2_voxel_grid:/home/kong/my_ws/install/nav2_msgs:/home/kong/my_ws/install/nav2_common:/home/kong/install/ydlidar_ros2_driver:/home/kong/install/usb_cam:/home/kong/install/teleop_twist_joy:/home/kong/install/ros2_aruco_interfaces:/home/kong/install/realsense2_description:/home/kong/install/realsense2_camera_msgs:/home/kong/install/odrive_ros2_control:/home/kong/install/odrive_hardware_interface:/home/kong/install/odrive_demo_bringup:/home/kong/install/odrive_demo_description:/home/kong/install/dwb_msgs:/home/kong/install/nav_2d_msgs:/home/kong/install/nav2_voxel_grid:/home/kong/install/nav2_common:/home/kong/install/my_slam_package:/home/kong/install/my_bot_description:/home/kong/my_ws/install/ydlidar_ros2_driver:/home/kong/my_ws/install/usb_cam:/home/kong/my_ws/install/teleop_twist_joy:/home/kong/my_ws/install/nav2_system_tests:/home/kong/my_ws/install/nav2_bringup:/home/kong/my_ws/install/slam_toolbox:/home/kong/my_ws/install/ros2_aruco_interfaces:/home/kong/my_ws/install/realsense2_description:/home/kong/my_ws/install/realsense2_camera:/home/kong/my_ws/install/realsense2_camera_msgs:/home/kong/my_ws/install/odrive_ros2_control:/home/kong/my_ws/install/odrive_hardware_interface:/home/kong/my_ws/install/odrive_demo_bringup:/home/kong/my_ws/install/odrive_demo_description:/home/kong/my_ws/install/navigation2:/home/kong/my_ws/install/nav2_smoother:/home/kong/my_ws/install/nav2_graceful_controller:/home/kong/my_ws/install/nav2_dwb_controller:/home/kong/my_ws/install/nav2_controller:/home/kong/my_ws/install/dwb_plugins:/home/kong/my_ws/install/dwb_critics:/home/kong/my_ws/install/dwb_core:/home/kong/my_ws/install/nav_2d_utils:/home/kong/my_ws/install/dwb_msgs:/home/kong/my_ws/install/nav_2d_msgs:/home/kong/my_ws/install/nav2_waypoint_follower:/home/kong/my_ws/install/nav2_theta_star_planner:/home/kong/my_ws/install/nav2_smac_planner:/home/kong/my_ws/install/nav2_rotation_shim_controller:/home/kong/my_ws/install/nav2_regulated_pure_pursuit_controller:/home/kong/my_ws/install/nav2_planner:/home/kong/my_ws/install/nav2_navfn_planner:/home/kong/my_ws/install/nav2_mppi_controller:/home/kong/my_ws/install/nav2_constrained_smoother:/home/kong/my_ws/install/nav2_bt_navigator:/home/kong/my_ws/install/nav2_behaviors:/home/kong/my_ws/install/nav2_collision_monitor:/home/kong/my_ws/install/costmap_queue:/home/kong/my_ws/install/nav2_velocity_smoother:/home/kong/my_ws/install/nav2_rviz_plugins:/home/kong/my_ws/install/nav2_map_server:/home/kong/my_ws/install/nav2_lifecycle_manager:/home/kong/my_ws/install/nav2_behavior_tree:/home/kong/my_ws/install/nav2_amcl:/home/kong/my_ws/install/my_slam_package:/home/kong/my_ws/install/my_bot_description:/home/kong/install/ros2_aruco:/home/kong/install/my_tf2_package:/home/kong/install/my_docking:/home/kong/install/my_aruco_to_goal_pose_pkg:/home/kong/my_ws/install/ros2_aruco:/home/kong/my_ws/install/nav2_simple_commander:/home/kong/my_ws/install/my_tf2_package:/home/kong/my_ws/install/my_docking:/home/kong/my_ws/install/my_aruco_to_goal_pose_pkg:/opt/ros/humble LD_LIBRARY_PATH=/home/kong/my_ws/install/nav2_costmap_2d/lib:/home/kong/my_ws/install/nav2_util/lib:/home/kong/my_ws/install/nav2_voxel_grid/lib:/home/kong/my_ws/install/nav2_msgs/lib:/home/kong/install/usb_cam/lib:/home/kong/install/teleop_twist_joy/lib:/home/kong/install/ros2_aruco_interfaces/lib:/home/kong/install/realsense2_camera_msgs/lib:/home/kong/install/odrive_hardware_interface/lib:/home/kong/install/dwb_msgs/lib:/home/kong/install/nav_2d_msgs/lib:/home/kong/install/nav2_voxel_grid/lib:/home/kong/my_ws/install/usb_cam/lib:/home/kong/my_ws/install/teleop_twist_joy/lib:/home/kong/my_ws/install/slam_toolbox/lib:/home/kong/my_ws/install/ros2_aruco_interfaces/lib:/home/kong/my_ws/install/realsense2_camera/lib:/home/kong/my_ws/install/realsense2_camera_msgs/lib:/home/kong/my_ws/install/odrive_hardware_interface/lib:/home/kong/my_ws/install/nav2_smoother/lib:/home/kong/my_ws/install/nav2_graceful_controller/lib:/home/kong/my_ws/install/nav2_controller/lib:/home/kong/my_ws/install/dwb_plugins/lib:/home/kong/my_ws/install/dwb_critics/lib:/home/kong/my_ws/install/dwb_core/lib:/home/kong/my_ws/install/nav_2d_utils/lib:/home/kong/my_ws/install/dwb_msgs/lib:/home/kong/my_ws/install/nav_2d_msgs/lib:/home/kong/my_ws/install/nav2_waypoint_follower/lib:/home/kong/my_ws/install/nav2_theta_star_planner/lib:/home/kong/my_ws/install/nav2_smac_planner/lib:/home/kong/my_ws/install/nav2_rotation_shim_controller/lib:/home/kong/my_ws/install/nav2_regulated_pure_pursuit_controller/lib:/home/kong/my_ws/install/nav2_planner/lib:/home/kong/my_ws/install/nav2_navfn_planner/lib:/home/kong/my_ws/install/nav2_mppi_controller/lib:/home/kong/my_ws/install/nav2_constrained_smoother/lib:/home/kong/my_ws/install/nav2_bt_navigator/lib:/home/kong/my_ws/install/nav2_behaviors/lib:/home/kong/my_ws/install/nav2_collision_monitor/lib:/home/kong/my_ws/install/costmap_queue/lib:/home/kong/my_ws/install/nav2_velocity_smoother/lib:/home/kong/my_ws/install/nav2_rviz_plugins/lib:/home/kong/my_ws/install/nav2_map_server/lib:/home/kong/my_ws/install/nav2_lifecycle_manager/lib:/home/kong/my_ws/install/nav2_behavior_tree/lib:/home/kong/my_ws/install/nav2_amcl/lib:/usr/lib/x86_64-linux-gnu/gazebo-11/plugins:/opt/ros/humble/opt/rviz_ogre_vendor/lib:/opt/ros/humble/lib/x86_64-linux-gnu:/opt/ros/humble/lib /usr/bin/cmake /home/kong/my_ws/src/navigation2/nav2_smac_planner -DCMAKE_INSTALL_PREFIX=/home/kong/my_ws/install/nav2_smac_planner
[29.268s] -- The C compiler identification is GNU 11.4.0
[29.269s] -- The CXX compiler identification is GNU 11.4.0
[29.269s] -- Detecting C compiler ABI info
[29.269s] -- Detecting C compiler ABI info - done
[29.269s] -- Check for working C compiler: /usr/bin/cc - skipped
[29.269s] -- Detecting C compile features
[29.269s] -- Detecting C compile features - done
[29.269s] -- Detecting CXX compiler ABI info
[29.269s] -- Detecting CXX compiler ABI info - done
[29.269s] -- Check for working CXX compiler: /usr/bin/c++ - skipped
[29.270s] -- Detecting CXX compile features
[29.270s] -- Detecting CXX compile features - done
[29.270s] -- Found ament_cmake: 1.3.8 (/opt/ros/humble/share/ament_cmake/cmake)
[29.270s] -- Found Python3: /usr/bin/python3 (found version "3.10.12") found components: Interpreter 
[29.270s] -- Found nav2_common: 1.1.14 (/home/kong/my_ws/install/nav2_common/share/nav2_common/cmake)
[29.270s] -- Found rclcpp: 16.0.8 (/opt/ros/humble/share/rclcpp/cmake)
[29.270s] -- Found rosidl_generator_c: 3.1.5 (/opt/ros/humble/share/rosidl_generator_c/cmake)
[29.270s] -- Found rosidl_adapter: 3.1.5 (/opt/ros/humble/share/rosidl_adapter/cmake)
[29.270s] -- Found rosidl_generator_cpp: 3.1.5 (/opt/ros/humble/share/rosidl_generator_cpp/cmake)
[29.270s] -- Using all available rosidl_typesupport_c: rosidl_typesupport_fastrtps_c;rosidl_typesupport_introspection_c
[29.271s] -- Using all available rosidl_typesupport_cpp: rosidl_typesupport_fastrtps_cpp;rosidl_typesupport_introspection_cpp
[29.271s] -- Found rmw_implementation_cmake: 6.1.1 (/opt/ros/humble/share/rmw_implementation_cmake/cmake)
[29.271s] -- Found rmw_fastrtps_cpp: 6.2.6 (/opt/ros/humble/share/rmw_fastrtps_cpp/cmake)
[29.271s] -- Found OpenSSL: /usr/lib/x86_64-linux-gnu/libcrypto.so (found version "3.0.2")  
[29.271s] -- Found FastRTPS: /opt/ros/humble/include  
[29.271s] -- Using RMW implementation 'rmw_fastrtps_cpp' as default
[29.271s] -- Looking for pthread.h
[29.271s] -- Looking for pthread.h - found
[29.271s] -- Performing Test CMAKE_HAVE_LIBC_PTHREAD
[29.271s] -- Performing Test CMAKE_HAVE_LIBC_PTHREAD - Success
[29.272s] -- Found Threads: TRUE  
[29.272s] -- Found rclcpp_action: 16.0.8 (/opt/ros/humble/share/rclcpp_action/cmake)
[29.272s] -- Found rclcpp_lifecycle: 16.0.8 (/opt/ros/humble/share/rclcpp_lifecycle/cmake)
[29.272s] -- Found visualization_msgs: 4.2.3 (/opt/ros/humble/share/visualization_msgs/cmake)
[29.272s] -- Found nav2_util: 1.1.14 (/home/kong/my_ws/install/nav2_util/share/nav2_util/cmake)
[29.272s] -- Found eigen3_cmake_module: 0.1.1 (/opt/ros/humble/share/eigen3_cmake_module/cmake)
[29.272s] -- Found Eigen3: TRUE (found version "3.4.0") 
[29.272s] -- Ensuring Eigen3 include directory is part of orocos-kdl CMake target
[29.272s] -- Found nav2_core: 1.1.14 (/home/kong/my_ws/install/nav2_core/share/nav2_core/cmake)
[29.272s] -- Found ompl: /opt/ros/humble/include/ompl-1.6;/usr/include;/usr/include/eigen3  
[29.272s] -- Found OpenMP_C: -fopenmp (found version "4.5") 
[29.273s] -- Found OpenMP_CXX: -fopenmp (found version "4.5") 
[29.273s] -- Found OpenMP: TRUE (found version "4.5")  
[29.273s] -- Found OpenMP_C: -fopenmp (found version "4.5") 
[29.273s] -- Found OpenMP_CXX: -fopenmp (found version "4.5") 
[29.273s] -- Found ament_lint_auto: 0.12.10 (/opt/ros/humble/share/ament_lint_auto/cmake)
[29.273s] -- Found gtest sources under '/opt/ros/humble/src/gtest_vendor': C++ tests using 'Google Test' will be built
[50.970s] -- Added test 'copyright' to check source files copyright and LICENSE
[50.989s] -- Added test 'cppcheck' to perform static code analysis on C / C++ code
[50.991s] -- Configured cppcheck include dirs: /home/kong/my_ws/src/navigation2/nav2_smac_planner/include
[50.992s] -- Configured cppcheck exclude dirs and/or files: include/nav2_smac_planner/thirdparty/robin_hood.h
[50.999s] -- Added test 'cpplint' to check C / C++ code against the Google style
[50.999s] -- Configured cpplint exclude dirs and/or files: include/nav2_smac_planner/thirdparty/robin_hood.h
[51.002s] -- Added test 'flake8' to check Python code syntax and style conventions
[51.007s] -- Added test 'lint_cmake' to check CMake code style
[51.010s] -- Added test 'pep257' to check Python code against some of the docstring style conventions in PEP 257
[51.018s] -- Added test 'uncrustify' to check C / C++ code style
[51.018s] -- Configured uncrustify additional arguments: 
[51.024s] -- Added test 'xmllint' to check XML markup files
[51.029s] -- Configuring done
[52.093s] -- Generating done
[52.098s] -- Build files have been written to: /home/kong/my_ws/build/nav2_smac_planner
[52.139s] Invoked command in '/home/kong/my_ws/build/nav2_smac_planner' returned '0': CMAKE_PREFIX_PATH=/home/kong/my_ws/install/nav2_core:/home/kong/my_ws/install/nav2_costmap_2d:/home/kong/my_ws/install/nav2_util:/home/kong/my_ws/install/nav2_voxel_grid:/home/kong/my_ws/install/nav2_msgs:/home/kong/my_ws/install/nav2_common:/home/kong/install/ydlidar_ros2_driver:/home/kong/install/usb_cam:/home/kong/install/teleop_twist_joy:/home/kong/install/ros2_aruco_interfaces:/home/kong/install/realsense2_description:/home/kong/install/realsense2_camera_msgs:/home/kong/install/odrive_ros2_control:/home/kong/install/odrive_hardware_interface:/home/kong/install/odrive_demo_bringup:/home/kong/install/odrive_demo_description:/home/kong/install/dwb_msgs:/home/kong/install/nav_2d_msgs:/home/kong/install/nav2_voxel_grid:/home/kong/install/nav2_common:/home/kong/install/my_slam_package:/home/kong/install/my_bot_description:/home/kong/my_ws/install/ydlidar_ros2_driver:/home/kong/my_ws/install/usb_cam:/home/kong/my_ws/install/teleop_twist_joy:/home/kong/my_ws/install/nav2_system_tests:/home/kong/my_ws/install/nav2_bringup:/home/kong/my_ws/install/slam_toolbox:/home/kong/my_ws/install/ros2_aruco_interfaces:/home/kong/my_ws/install/realsense2_description:/home/kong/my_ws/install/realsense2_camera:/home/kong/my_ws/install/realsense2_camera_msgs:/home/kong/my_ws/install/odrive_ros2_control:/home/kong/my_ws/install/odrive_hardware_interface:/home/kong/my_ws/install/odrive_demo_bringup:/home/kong/my_ws/install/odrive_demo_description:/home/kong/my_ws/install/navigation2:/home/kong/my_ws/install/nav2_smoother:/home/kong/my_ws/install/nav2_graceful_controller:/home/kong/my_ws/install/nav2_dwb_controller:/home/kong/my_ws/install/nav2_controller:/home/kong/my_ws/install/dwb_plugins:/home/kong/my_ws/install/dwb_critics:/home/kong/my_ws/install/dwb_core:/home/kong/my_ws/install/nav_2d_utils:/home/kong/my_ws/install/dwb_msgs:/home/kong/my_ws/install/nav_2d_msgs:/home/kong/my_ws/install/nav2_waypoint_follower:/home/kong/my_ws/install/nav2_theta_star_planner:/home/kong/my_ws/install/nav2_smac_planner:/home/kong/my_ws/install/nav2_rotation_shim_controller:/home/kong/my_ws/install/nav2_regulated_pure_pursuit_controller:/home/kong/my_ws/install/nav2_planner:/home/kong/my_ws/install/nav2_navfn_planner:/home/kong/my_ws/install/nav2_mppi_controller:/home/kong/my_ws/install/nav2_constrained_smoother:/home/kong/my_ws/install/nav2_bt_navigator:/home/kong/my_ws/install/nav2_behaviors:/home/kong/my_ws/install/nav2_collision_monitor:/home/kong/my_ws/install/costmap_queue:/home/kong/my_ws/install/nav2_velocity_smoother:/home/kong/my_ws/install/nav2_rviz_plugins:/home/kong/my_ws/install/nav2_map_server:/home/kong/my_ws/install/nav2_lifecycle_manager:/home/kong/my_ws/install/nav2_behavior_tree:/home/kong/my_ws/install/nav2_amcl:/home/kong/my_ws/install/my_slam_package:/home/kong/my_ws/install/my_bot_description:/home/kong/install/ros2_aruco:/home/kong/install/my_tf2_package:/home/kong/install/my_docking:/home/kong/install/my_aruco_to_goal_pose_pkg:/home/kong/my_ws/install/ros2_aruco:/home/kong/my_ws/install/nav2_simple_commander:/home/kong/my_ws/install/my_tf2_package:/home/kong/my_ws/install/my_docking:/home/kong/my_ws/install/my_aruco_to_goal_pose_pkg:/opt/ros/humble LD_LIBRARY_PATH=/home/kong/my_ws/install/nav2_costmap_2d/lib:/home/kong/my_ws/install/nav2_util/lib:/home/kong/my_ws/install/nav2_voxel_grid/lib:/home/kong/my_ws/install/nav2_msgs/lib:/home/kong/install/usb_cam/lib:/home/kong/install/teleop_twist_joy/lib:/home/kong/install/ros2_aruco_interfaces/lib:/home/kong/install/realsense2_camera_msgs/lib:/home/kong/install/odrive_hardware_interface/lib:/home/kong/install/dwb_msgs/lib:/home/kong/install/nav_2d_msgs/lib:/home/kong/install/nav2_voxel_grid/lib:/home/kong/my_ws/install/usb_cam/lib:/home/kong/my_ws/install/teleop_twist_joy/lib:/home/kong/my_ws/install/slam_toolbox/lib:/home/kong/my_ws/install/ros2_aruco_interfaces/lib:/home/kong/my_ws/install/realsense2_camera/lib:/home/kong/my_ws/install/realsense2_camera_msgs/lib:/home/kong/my_ws/install/odrive_hardware_interface/lib:/home/kong/my_ws/install/nav2_smoother/lib:/home/kong/my_ws/install/nav2_graceful_controller/lib:/home/kong/my_ws/install/nav2_controller/lib:/home/kong/my_ws/install/dwb_plugins/lib:/home/kong/my_ws/install/dwb_critics/lib:/home/kong/my_ws/install/dwb_core/lib:/home/kong/my_ws/install/nav_2d_utils/lib:/home/kong/my_ws/install/dwb_msgs/lib:/home/kong/my_ws/install/nav_2d_msgs/lib:/home/kong/my_ws/install/nav2_waypoint_follower/lib:/home/kong/my_ws/install/nav2_theta_star_planner/lib:/home/kong/my_ws/install/nav2_smac_planner/lib:/home/kong/my_ws/install/nav2_rotation_shim_controller/lib:/home/kong/my_ws/install/nav2_regulated_pure_pursuit_controller/lib:/home/kong/my_ws/install/nav2_planner/lib:/home/kong/my_ws/install/nav2_navfn_planner/lib:/home/kong/my_ws/install/nav2_mppi_controller/lib:/home/kong/my_ws/install/nav2_constrained_smoother/lib:/home/kong/my_ws/install/nav2_bt_navigator/lib:/home/kong/my_ws/install/nav2_behaviors/lib:/home/kong/my_ws/install/nav2_collision_monitor/lib:/home/kong/my_ws/install/costmap_queue/lib:/home/kong/my_ws/install/nav2_velocity_smoother/lib:/home/kong/my_ws/install/nav2_rviz_plugins/lib:/home/kong/my_ws/install/nav2_map_server/lib:/home/kong/my_ws/install/nav2_lifecycle_manager/lib:/home/kong/my_ws/install/nav2_behavior_tree/lib:/home/kong/my_ws/install/nav2_amcl/lib:/usr/lib/x86_64-linux-gnu/gazebo-11/plugins:/opt/ros/humble/opt/rviz_ogre_vendor/lib:/opt/ros/humble/lib/x86_64-linux-gnu:/opt/ros/humble/lib /usr/bin/cmake /home/kong/my_ws/src/navigation2/nav2_smac_planner -DCMAKE_INSTALL_PREFIX=/home/kong/my_ws/install/nav2_smac_planner
[52.140s] Invoking command in '/home/kong/my_ws/build/nav2_smac_planner': CMAKE_PREFIX_PATH=/home/kong/my_ws/install/nav2_core:/home/kong/my_ws/install/nav2_costmap_2d:/home/kong/my_ws/install/nav2_util:/home/kong/my_ws/install/nav2_voxel_grid:/home/kong/my_ws/install/nav2_msgs:/home/kong/my_ws/install/nav2_common:/home/kong/install/ydlidar_ros2_driver:/home/kong/install/usb_cam:/home/kong/install/teleop_twist_joy:/home/kong/install/ros2_aruco_interfaces:/home/kong/install/realsense2_description:/home/kong/install/realsense2_camera_msgs:/home/kong/install/odrive_ros2_control:/home/kong/install/odrive_hardware_interface:/home/kong/install/odrive_demo_bringup:/home/kong/install/odrive_demo_description:/home/kong/install/dwb_msgs:/home/kong/install/nav_2d_msgs:/home/kong/install/nav2_voxel_grid:/home/kong/install/nav2_common:/home/kong/install/my_slam_package:/home/kong/install/my_bot_description:/home/kong/my_ws/install/ydlidar_ros2_driver:/home/kong/my_ws/install/usb_cam:/home/kong/my_ws/install/teleop_twist_joy:/home/kong/my_ws/install/nav2_system_tests:/home/kong/my_ws/install/nav2_bringup:/home/kong/my_ws/install/slam_toolbox:/home/kong/my_ws/install/ros2_aruco_interfaces:/home/kong/my_ws/install/realsense2_description:/home/kong/my_ws/install/realsense2_camera:/home/kong/my_ws/install/realsense2_camera_msgs:/home/kong/my_ws/install/odrive_ros2_control:/home/kong/my_ws/install/odrive_hardware_interface:/home/kong/my_ws/install/odrive_demo_bringup:/home/kong/my_ws/install/odrive_demo_description:/home/kong/my_ws/install/navigation2:/home/kong/my_ws/install/nav2_smoother:/home/kong/my_ws/install/nav2_graceful_controller:/home/kong/my_ws/install/nav2_dwb_controller:/home/kong/my_ws/install/nav2_controller:/home/kong/my_ws/install/dwb_plugins:/home/kong/my_ws/install/dwb_critics:/home/kong/my_ws/install/dwb_core:/home/kong/my_ws/install/nav_2d_utils:/home/kong/my_ws/install/dwb_msgs:/home/kong/my_ws/install/nav_2d_msgs:/home/kong/my_ws/install/nav2_waypoint_follower:/home/kong/my_ws/install/nav2_theta_star_planner:/home/kong/my_ws/install/nav2_smac_planner:/home/kong/my_ws/install/nav2_rotation_shim_controller:/home/kong/my_ws/install/nav2_regulated_pure_pursuit_controller:/home/kong/my_ws/install/nav2_planner:/home/kong/my_ws/install/nav2_navfn_planner:/home/kong/my_ws/install/nav2_mppi_controller:/home/kong/my_ws/install/nav2_constrained_smoother:/home/kong/my_ws/install/nav2_bt_navigator:/home/kong/my_ws/install/nav2_behaviors:/home/kong/my_ws/install/nav2_collision_monitor:/home/kong/my_ws/install/costmap_queue:/home/kong/my_ws/install/nav2_velocity_smoother:/home/kong/my_ws/install/nav2_rviz_plugins:/home/kong/my_ws/install/nav2_map_server:/home/kong/my_ws/install/nav2_lifecycle_manager:/home/kong/my_ws/install/nav2_behavior_tree:/home/kong/my_ws/install/nav2_amcl:/home/kong/my_ws/install/my_slam_package:/home/kong/my_ws/install/my_bot_description:/home/kong/install/ros2_aruco:/home/kong/install/my_tf2_package:/home/kong/install/my_docking:/home/kong/install/my_aruco_to_goal_pose_pkg:/home/kong/my_ws/install/ros2_aruco:/home/kong/my_ws/install/nav2_simple_commander:/home/kong/my_ws/install/my_tf2_package:/home/kong/my_ws/install/my_docking:/home/kong/my_ws/install/my_aruco_to_goal_pose_pkg:/opt/ros/humble LD_LIBRARY_PATH=/home/kong/my_ws/install/nav2_costmap_2d/lib:/home/kong/my_ws/install/nav2_util/lib:/home/kong/my_ws/install/nav2_voxel_grid/lib:/home/kong/my_ws/install/nav2_msgs/lib:/home/kong/install/usb_cam/lib:/home/kong/install/teleop_twist_joy/lib:/home/kong/install/ros2_aruco_interfaces/lib:/home/kong/install/realsense2_camera_msgs/lib:/home/kong/install/odrive_hardware_interface/lib:/home/kong/install/dwb_msgs/lib:/home/kong/install/nav_2d_msgs/lib:/home/kong/install/nav2_voxel_grid/lib:/home/kong/my_ws/install/usb_cam/lib:/home/kong/my_ws/install/teleop_twist_joy/lib:/home/kong/my_ws/install/slam_toolbox/lib:/home/kong/my_ws/install/ros2_aruco_interfaces/lib:/home/kong/my_ws/install/realsense2_camera/lib:/home/kong/my_ws/install/realsense2_camera_msgs/lib:/home/kong/my_ws/install/odrive_hardware_interface/lib:/home/kong/my_ws/install/nav2_smoother/lib:/home/kong/my_ws/install/nav2_graceful_controller/lib:/home/kong/my_ws/install/nav2_controller/lib:/home/kong/my_ws/install/dwb_plugins/lib:/home/kong/my_ws/install/dwb_critics/lib:/home/kong/my_ws/install/dwb_core/lib:/home/kong/my_ws/install/nav_2d_utils/lib:/home/kong/my_ws/install/dwb_msgs/lib:/home/kong/my_ws/install/nav_2d_msgs/lib:/home/kong/my_ws/install/nav2_waypoint_follower/lib:/home/kong/my_ws/install/nav2_theta_star_planner/lib:/home/kong/my_ws/install/nav2_smac_planner/lib:/home/kong/my_ws/install/nav2_rotation_shim_controller/lib:/home/kong/my_ws/install/nav2_regulated_pure_pursuit_controller/lib:/home/kong/my_ws/install/nav2_planner/lib:/home/kong/my_ws/install/nav2_navfn_planner/lib:/home/kong/my_ws/install/nav2_mppi_controller/lib:/home/kong/my_ws/install/nav2_constrained_smoother/lib:/home/kong/my_ws/install/nav2_bt_navigator/lib:/home/kong/my_ws/install/nav2_behaviors/lib:/home/kong/my_ws/install/nav2_collision_monitor/lib:/home/kong/my_ws/install/costmap_queue/lib:/home/kong/my_ws/install/nav2_velocity_smoother/lib:/home/kong/my_ws/install/nav2_rviz_plugins/lib:/home/kong/my_ws/install/nav2_map_server/lib:/home/kong/my_ws/install/nav2_lifecycle_manager/lib:/home/kong/my_ws/install/nav2_behavior_tree/lib:/home/kong/my_ws/install/nav2_amcl/lib:/usr/lib/x86_64-linux-gnu/gazebo-11/plugins:/opt/ros/humble/opt/rviz_ogre_vendor/lib:/opt/ros/humble/lib/x86_64-linux-gnu:/opt/ros/humble/lib /usr/bin/cmake --build /home/kong/my_ws/build/nav2_smac_planner -- -j8 -l8
[64.924s] [  1%] [32mBuilding CXX object CMakeFiles/nav2_smac_planner.dir/src/smac_planner_hybrid.cpp.o[0m
[71.239s] [  3%] [32mBuilding CXX object CMakeFiles/nav2_smac_planner.dir/src/smoother.cpp.o[0m
[79.520s] [  5%] [32mBuilding CXX object CMakeFiles/nav2_smac_planner.dir/src/analytic_expansion.cpp.o[0m
[89.496s] [  6%] [32mBuilding CXX object CMakeFiles/nav2_smac_planner.dir/src/node_hybrid.cpp.o[0m
[102.026s] [  8%] [32mBuilding CXX object CMakeFiles/nav2_smac_planner.dir/src/node_lattice.cpp.o[0m
[121.903s] [ 10%] [32mBuilding CXX object CMakeFiles/nav2_smac_planner.dir/src/costmap_downsampler.cpp.o[0m
[129.552s] [ 11%] [32mBuilding CXX object CMakeFiles/nav2_smac_planner.dir/src/node_2d.cpp.o[0m
[134.984s] [ 13%] [32mBuilding CXX object CMakeFiles/nav2_smac_planner.dir/src/node_basic.cpp.o[0m
[143.261s] [ 15%] [32mBuilding CXX object CMakeFiles/nav2_smac_planner.dir/src/collision_checker.cpp.o[0m
[147.850s] [ 16%] [32mBuilding CXX object CMakeFiles/nav2_smac_planner.dir/src/a_star.cpp.o[0m
[157.350s] [ 18%] [32m[1mLinking CXX shared library libnav2_smac_planner.so[0m
[158.284s] [ 18%] Built target nav2_smac_planner
[158.327s] [ 20%] [32mBuilding CXX object gtest/CMakeFiles/gtest.dir/src/gtest-all.cc.o[0m
[168.367s] [ 22%] [32m[1mLinking CXX static library libgtest.a[0m
[168.443s] [ 22%] Built target gtest
[168.490s] [ 23%] [32mBuilding CXX object gtest/CMakeFiles/gtest_main.dir/src/gtest_main.cc.o[0m
[170.067s] [ 25%] [32m[1mLinking CXX static library libgtest_main.a[0m
[170.168s] [ 25%] Built target gtest_main
[170.239s] [ 27%] [32mBuilding CXX object CMakeFiles/nav2_smac_planner_2d.dir/src/smac_planner_2d.cpp.o[0m
[170.241s] [ 28%] [32mBuilding CXX object CMakeFiles/nav2_smac_planner_lattice.dir/src/smac_planner_lattice.cpp.o[0m
[171.394s] [ 30%] [32mBuilding CXX object test/CMakeFiles/test_a_star.dir/test_a_star.cpp.o[0m
[172.547s] [ 32%] [32mBuilding CXX object test/CMakeFiles/test_collision_checker.dir/test_collision_checker.cpp.o[0m
[173.668s] [ 33%] [32mBuilding CXX object test/CMakeFiles/test_nodebasic.dir/test_nodebasic.cpp.o[0m
[184.841s] [ 35%] [32m[1mLinking CXX executable test_collision_checker[0m
[186.553s] [ 35%] Built target test_collision_checker
[199.122s] [ 37%] [32m[1mLinking CXX executable test_nodebasic[0m
[199.242s] [ 38%] [32m[1mLinking CXX executable test_a_star[0m
[199.704s] [ 38%] Built target test_nodebasic
[200.047s] [ 38%] Built target test_a_star
[200.915s] [ 40%] [32mBuilding CXX object CMakeFiles/nav2_smac_planner_lattice.dir/src/a_star.cpp.o[0m
[201.187s] [ 42%] [32mBuilding CXX object CMakeFiles/nav2_smac_planner_2d.dir/src/smoother.cpp.o[0m
[206.970s] [ 44%] [32mBuilding CXX object CMakeFiles/nav2_smac_planner_2d.dir/src/a_star.cpp.o[0m
[212.179s] [ 45%] [32mBuilding CXX object CMakeFiles/nav2_smac_planner_lattice.dir/src/smoother.cpp.o[0m
[215.130s] [ 47%] [32mBuilding CXX object CMakeFiles/nav2_smac_planner_2d.dir/src/collision_checker.cpp.o[0m
[217.496s] [ 49%] [32mBuilding CXX object CMakeFiles/nav2_smac_planner_lattice.dir/src/collision_checker.cpp.o[0m
[218.390s] [ 50%] [32mBuilding CXX object CMakeFiles/nav2_smac_planner_2d.dir/src/analytic_expansion.cpp.o[0m
[220.238s] [ 52%] [32mBuilding CXX object CMakeFiles/nav2_smac_planner_lattice.dir/src/analytic_expansion.cpp.o[0m
[224.311s] [ 54%] [32mBuilding CXX object CMakeFiles/nav2_smac_planner_2d.dir/src/node_hybrid.cpp.o[0m
[226.158s] [ 55%] [32mBuilding CXX object CMakeFiles/nav2_smac_planner_lattice.dir/src/node_hybrid.cpp.o[0m
[230.165s] [ 57%] [32mBuilding CXX object CMakeFiles/nav2_smac_planner_2d.dir/src/node_lattice.cpp.o[0m
[232.067s] [ 59%] [32mBuilding CXX object CMakeFiles/nav2_smac_planner_lattice.dir/src/node_lattice.cpp.o[0m
[235.069s] [ 61%] [32mBuilding CXX object CMakeFiles/nav2_smac_planner_2d.dir/src/costmap_downsampler.cpp.o[0m
[239.079s] [ 62%] [32mBuilding CXX object CMakeFiles/nav2_smac_planner_2d.dir/src/node_2d.cpp.o[0m
[239.089s] [ 64%] [32mBuilding CXX object CMakeFiles/nav2_smac_planner_2d.dir/src/node_basic.cpp.o[0m
[241.111s] [ 66%] [32mBuilding CXX object CMakeFiles/nav2_smac_planner_lattice.dir/src/costmap_downsampler.cpp.o[0m
[243.835s] [ 67%] [32mBuilding CXX object CMakeFiles/nav2_smac_planner_lattice.dir/src/node_2d.cpp.o[0m
[244.333s] [ 69%] [32m[1mLinking CXX shared library libnav2_smac_planner_2d.so[0m
[244.927s] [ 69%] Built target nav2_smac_planner_2d
[244.944s] [ 71%] [32mBuilding CXX object CMakeFiles/nav2_smac_planner_lattice.dir/src/node_basic.cpp.o[0m
[244.963s] [ 72%] [32mBuilding CXX object test/CMakeFiles/test_lattice_node.dir/test_nodelattice.cpp.o[0m
[244.971s] [ 74%] [32mBuilding CXX object test/CMakeFiles/test_smac_hybrid.dir/test_smac_hybrid.cpp.o[0m
[252.288s] [ 76%] [32m[1mLinking CXX shared library libnav2_smac_planner_lattice.so[0m
[253.255s] [ 76%] Built target nav2_smac_planner_lattice
[253.305s] [ 77%] [32mBuilding CXX object test/CMakeFiles/test_smac_2d.dir/test_smac_2d.cpp.o[0m
[253.324s] [ 79%] [32mBuilding CXX object test/CMakeFiles/test_nodehybrid.dir/test_nodehybrid.cpp.o[0m
[257.381s] [ 81%] [32m[1mLinking CXX executable test_smac_hybrid[0m
[258.300s] [ 81%] Built target test_smac_hybrid
[258.378s] [ 83%] [32mBuilding CXX object test/CMakeFiles/test_smoother.dir/test_smoother.cpp.o[0m
[258.391s] [ 84%] [32mBuilding CXX object test/CMakeFiles/test_smac_lattice.dir/test_smac_lattice.cpp.o[0m
[263.136s] [ 86%] [32m[1mLinking CXX executable test_lattice_node[0m
[264.035s] [ 86%] Built target test_lattice_node
[264.101s] [ 88%] [32mBuilding CXX object test/CMakeFiles/test_node2d.dir/test_node2d.cpp.o[0m
[266.122s] [ 89%] [32m[1mLinking CXX executable test_nodehybrid[0m
[267.082s] [ 89%] Built target test_nodehybrid
[267.152s] [ 91%] [32mBuilding CXX object test/CMakeFiles/test_costmap_downsampler.dir/test_costmap_downsampler.cpp.o[0m
[272.914s] [ 93%] [32m[1mLinking CXX executable test_smac_2d[0m
[273.702s] [ 93%] Built target test_smac_2d
[276.388s] [ 94%] [32m[1mLinking CXX executable test_costmap_downsampler[0m
[276.631s] [ 96%] [32m[1mLinking CXX executable test_smac_lattice[0m
[276.667s] [ 98%] [32m[1mLinking CXX executable test_smoother[0m
[276.917s] [ 98%] Built target test_costmap_downsampler
[277.122s] [100%] [32m[1mLinking CXX executable test_node2d[0m
[277.145s] [100%] Built target test_smac_lattice
[277.302s] [100%] Built target test_smoother
[277.528s] [100%] Built target test_node2d
[277.540s] Invoked command in '/home/kong/my_ws/build/nav2_smac_planner' returned '0': CMAKE_PREFIX_PATH=/home/kong/my_ws/install/nav2_core:/home/kong/my_ws/install/nav2_costmap_2d:/home/kong/my_ws/install/nav2_util:/home/kong/my_ws/install/nav2_voxel_grid:/home/kong/my_ws/install/nav2_msgs:/home/kong/my_ws/install/nav2_common:/home/kong/install/ydlidar_ros2_driver:/home/kong/install/usb_cam:/home/kong/install/teleop_twist_joy:/home/kong/install/ros2_aruco_interfaces:/home/kong/install/realsense2_description:/home/kong/install/realsense2_camera_msgs:/home/kong/install/odrive_ros2_control:/home/kong/install/odrive_hardware_interface:/home/kong/install/odrive_demo_bringup:/home/kong/install/odrive_demo_description:/home/kong/install/dwb_msgs:/home/kong/install/nav_2d_msgs:/home/kong/install/nav2_voxel_grid:/home/kong/install/nav2_common:/home/kong/install/my_slam_package:/home/kong/install/my_bot_description:/home/kong/my_ws/install/ydlidar_ros2_driver:/home/kong/my_ws/install/usb_cam:/home/kong/my_ws/install/teleop_twist_joy:/home/kong/my_ws/install/nav2_system_tests:/home/kong/my_ws/install/nav2_bringup:/home/kong/my_ws/install/slam_toolbox:/home/kong/my_ws/install/ros2_aruco_interfaces:/home/kong/my_ws/install/realsense2_description:/home/kong/my_ws/install/realsense2_camera:/home/kong/my_ws/install/realsense2_camera_msgs:/home/kong/my_ws/install/odrive_ros2_control:/home/kong/my_ws/install/odrive_hardware_interface:/home/kong/my_ws/install/odrive_demo_bringup:/home/kong/my_ws/install/odrive_demo_description:/home/kong/my_ws/install/navigation2:/home/kong/my_ws/install/nav2_smoother:/home/kong/my_ws/install/nav2_graceful_controller:/home/kong/my_ws/install/nav2_dwb_controller:/home/kong/my_ws/install/nav2_controller:/home/kong/my_ws/install/dwb_plugins:/home/kong/my_ws/install/dwb_critics:/home/kong/my_ws/install/dwb_core:/home/kong/my_ws/install/nav_2d_utils:/home/kong/my_ws/install/dwb_msgs:/home/kong/my_ws/install/nav_2d_msgs:/home/kong/my_ws/install/nav2_waypoint_follower:/home/kong/my_ws/install/nav2_theta_star_planner:/home/kong/my_ws/install/nav2_smac_planner:/home/kong/my_ws/install/nav2_rotation_shim_controller:/home/kong/my_ws/install/nav2_regulated_pure_pursuit_controller:/home/kong/my_ws/install/nav2_planner:/home/kong/my_ws/install/nav2_navfn_planner:/home/kong/my_ws/install/nav2_mppi_controller:/home/kong/my_ws/install/nav2_constrained_smoother:/home/kong/my_ws/install/nav2_bt_navigator:/home/kong/my_ws/install/nav2_behaviors:/home/kong/my_ws/install/nav2_collision_monitor:/home/kong/my_ws/install/costmap_queue:/home/kong/my_ws/install/nav2_velocity_smoother:/home/kong/my_ws/install/nav2_rviz_plugins:/home/kong/my_ws/install/nav2_map_server:/home/kong/my_ws/install/nav2_lifecycle_manager:/home/kong/my_ws/install/nav2_behavior_tree:/home/kong/my_ws/install/nav2_amcl:/home/kong/my_ws/install/my_slam_package:/home/kong/my_ws/install/my_bot_description:/home/kong/install/ros2_aruco:/home/kong/install/my_tf2_package:/home/kong/install/my_docking:/home/kong/install/my_aruco_to_goal_pose_pkg:/home/kong/my_ws/install/ros2_aruco:/home/kong/my_ws/install/nav2_simple_commander:/home/kong/my_ws/install/my_tf2_package:/home/kong/my_ws/install/my_docking:/home/kong/my_ws/install/my_aruco_to_goal_pose_pkg:/opt/ros/humble LD_LIBRARY_PATH=/home/kong/my_ws/install/nav2_costmap_2d/lib:/home/kong/my_ws/install/nav2_util/lib:/home/kong/my_ws/install/nav2_voxel_grid/lib:/home/kong/my_ws/install/nav2_msgs/lib:/home/kong/install/usb_cam/lib:/home/kong/install/teleop_twist_joy/lib:/home/kong/install/ros2_aruco_interfaces/lib:/home/kong/install/realsense2_camera_msgs/lib:/home/kong/install/odrive_hardware_interface/lib:/home/kong/install/dwb_msgs/lib:/home/kong/install/nav_2d_msgs/lib:/home/kong/install/nav2_voxel_grid/lib:/home/kong/my_ws/install/usb_cam/lib:/home/kong/my_ws/install/teleop_twist_joy/lib:/home/kong/my_ws/install/slam_toolbox/lib:/home/kong/my_ws/install/ros2_aruco_interfaces/lib:/home/kong/my_ws/install/realsense2_camera/lib:/home/kong/my_ws/install/realsense2_camera_msgs/lib:/home/kong/my_ws/install/odrive_hardware_interface/lib:/home/kong/my_ws/install/nav2_smoother/lib:/home/kong/my_ws/install/nav2_graceful_controller/lib:/home/kong/my_ws/install/nav2_controller/lib:/home/kong/my_ws/install/dwb_plugins/lib:/home/kong/my_ws/install/dwb_critics/lib:/home/kong/my_ws/install/dwb_core/lib:/home/kong/my_ws/install/nav_2d_utils/lib:/home/kong/my_ws/install/dwb_msgs/lib:/home/kong/my_ws/install/nav_2d_msgs/lib:/home/kong/my_ws/install/nav2_waypoint_follower/lib:/home/kong/my_ws/install/nav2_theta_star_planner/lib:/home/kong/my_ws/install/nav2_smac_planner/lib:/home/kong/my_ws/install/nav2_rotation_shim_controller/lib:/home/kong/my_ws/install/nav2_regulated_pure_pursuit_controller/lib:/home/kong/my_ws/install/nav2_planner/lib:/home/kong/my_ws/install/nav2_navfn_planner/lib:/home/kong/my_ws/install/nav2_mppi_controller/lib:/home/kong/my_ws/install/nav2_constrained_smoother/lib:/home/kong/my_ws/install/nav2_bt_navigator/lib:/home/kong/my_ws/install/nav2_behaviors/lib:/home/kong/my_ws/install/nav2_collision_monitor/lib:/home/kong/my_ws/install/costmap_queue/lib:/home/kong/my_ws/install/nav2_velocity_smoother/lib:/home/kong/my_ws/install/nav2_rviz_plugins/lib:/home/kong/my_ws/install/nav2_map_server/lib:/home/kong/my_ws/install/nav2_lifecycle_manager/lib:/home/kong/my_ws/install/nav2_behavior_tree/lib:/home/kong/my_ws/install/nav2_amcl/lib:/usr/lib/x86_64-linux-gnu/gazebo-11/plugins:/opt/ros/humble/opt/rviz_ogre_vendor/lib:/opt/ros/humble/lib/x86_64-linux-gnu:/opt/ros/humble/lib /usr/bin/cmake --build /home/kong/my_ws/build/nav2_smac_planner -- -j8 -l8
[277.683s] Invoking command in '/home/kong/my_ws/build/nav2_smac_planner': CMAKE_PREFIX_PATH=/home/kong/my_ws/install/nav2_core:/home/kong/my_ws/install/nav2_costmap_2d:/home/kong/my_ws/install/nav2_util:/home/kong/my_ws/install/nav2_voxel_grid:/home/kong/my_ws/install/nav2_msgs:/home/kong/my_ws/install/nav2_common:/home/kong/install/ydlidar_ros2_driver:/home/kong/install/usb_cam:/home/kong/install/teleop_twist_joy:/home/kong/install/ros2_aruco_interfaces:/home/kong/install/realsense2_description:/home/kong/install/realsense2_camera_msgs:/home/kong/install/odrive_ros2_control:/home/kong/install/odrive_hardware_interface:/home/kong/install/odrive_demo_bringup:/home/kong/install/odrive_demo_description:/home/kong/install/dwb_msgs:/home/kong/install/nav_2d_msgs:/home/kong/install/nav2_voxel_grid:/home/kong/install/nav2_common:/home/kong/install/my_slam_package:/home/kong/install/my_bot_description:/home/kong/my_ws/install/ydlidar_ros2_driver:/home/kong/my_ws/install/usb_cam:/home/kong/my_ws/install/teleop_twist_joy:/home/kong/my_ws/install/nav2_system_tests:/home/kong/my_ws/install/nav2_bringup:/home/kong/my_ws/install/slam_toolbox:/home/kong/my_ws/install/ros2_aruco_interfaces:/home/kong/my_ws/install/realsense2_description:/home/kong/my_ws/install/realsense2_camera:/home/kong/my_ws/install/realsense2_camera_msgs:/home/kong/my_ws/install/odrive_ros2_control:/home/kong/my_ws/install/odrive_hardware_interface:/home/kong/my_ws/install/odrive_demo_bringup:/home/kong/my_ws/install/odrive_demo_description:/home/kong/my_ws/install/navigation2:/home/kong/my_ws/install/nav2_smoother:/home/kong/my_ws/install/nav2_graceful_controller:/home/kong/my_ws/install/nav2_dwb_controller:/home/kong/my_ws/install/nav2_controller:/home/kong/my_ws/install/dwb_plugins:/home/kong/my_ws/install/dwb_critics:/home/kong/my_ws/install/dwb_core:/home/kong/my_ws/install/nav_2d_utils:/home/kong/my_ws/install/dwb_msgs:/home/kong/my_ws/install/nav_2d_msgs:/home/kong/my_ws/install/nav2_waypoint_follower:/home/kong/my_ws/install/nav2_theta_star_planner:/home/kong/my_ws/install/nav2_smac_planner:/home/kong/my_ws/install/nav2_rotation_shim_controller:/home/kong/my_ws/install/nav2_regulated_pure_pursuit_controller:/home/kong/my_ws/install/nav2_planner:/home/kong/my_ws/install/nav2_navfn_planner:/home/kong/my_ws/install/nav2_mppi_controller:/home/kong/my_ws/install/nav2_constrained_smoother:/home/kong/my_ws/install/nav2_bt_navigator:/home/kong/my_ws/install/nav2_behaviors:/home/kong/my_ws/install/nav2_collision_monitor:/home/kong/my_ws/install/costmap_queue:/home/kong/my_ws/install/nav2_velocity_smoother:/home/kong/my_ws/install/nav2_rviz_plugins:/home/kong/my_ws/install/nav2_map_server:/home/kong/my_ws/install/nav2_lifecycle_manager:/home/kong/my_ws/install/nav2_behavior_tree:/home/kong/my_ws/install/nav2_amcl:/home/kong/my_ws/install/my_slam_package:/home/kong/my_ws/install/my_bot_description:/home/kong/install/ros2_aruco:/home/kong/install/my_tf2_package:/home/kong/install/my_docking:/home/kong/install/my_aruco_to_goal_pose_pkg:/home/kong/my_ws/install/ros2_aruco:/home/kong/my_ws/install/nav2_simple_commander:/home/kong/my_ws/install/my_tf2_package:/home/kong/my_ws/install/my_docking:/home/kong/my_ws/install/my_aruco_to_goal_pose_pkg:/opt/ros/humble LD_LIBRARY_PATH=/home/kong/my_ws/install/nav2_costmap_2d/lib:/home/kong/my_ws/install/nav2_util/lib:/home/kong/my_ws/install/nav2_voxel_grid/lib:/home/kong/my_ws/install/nav2_msgs/lib:/home/kong/install/usb_cam/lib:/home/kong/install/teleop_twist_joy/lib:/home/kong/install/ros2_aruco_interfaces/lib:/home/kong/install/realsense2_camera_msgs/lib:/home/kong/install/odrive_hardware_interface/lib:/home/kong/install/dwb_msgs/lib:/home/kong/install/nav_2d_msgs/lib:/home/kong/install/nav2_voxel_grid/lib:/home/kong/my_ws/install/usb_cam/lib:/home/kong/my_ws/install/teleop_twist_joy/lib:/home/kong/my_ws/install/slam_toolbox/lib:/home/kong/my_ws/install/ros2_aruco_interfaces/lib:/home/kong/my_ws/install/realsense2_camera/lib:/home/kong/my_ws/install/realsense2_camera_msgs/lib:/home/kong/my_ws/install/odrive_hardware_interface/lib:/home/kong/my_ws/install/nav2_smoother/lib:/home/kong/my_ws/install/nav2_graceful_controller/lib:/home/kong/my_ws/install/nav2_controller/lib:/home/kong/my_ws/install/dwb_plugins/lib:/home/kong/my_ws/install/dwb_critics/lib:/home/kong/my_ws/install/dwb_core/lib:/home/kong/my_ws/install/nav_2d_utils/lib:/home/kong/my_ws/install/dwb_msgs/lib:/home/kong/my_ws/install/nav_2d_msgs/lib:/home/kong/my_ws/install/nav2_waypoint_follower/lib:/home/kong/my_ws/install/nav2_theta_star_planner/lib:/home/kong/my_ws/install/nav2_smac_planner/lib:/home/kong/my_ws/install/nav2_rotation_shim_controller/lib:/home/kong/my_ws/install/nav2_regulated_pure_pursuit_controller/lib:/home/kong/my_ws/install/nav2_planner/lib:/home/kong/my_ws/install/nav2_navfn_planner/lib:/home/kong/my_ws/install/nav2_mppi_controller/lib:/home/kong/my_ws/install/nav2_constrained_smoother/lib:/home/kong/my_ws/install/nav2_bt_navigator/lib:/home/kong/my_ws/install/nav2_behaviors/lib:/home/kong/my_ws/install/nav2_collision_monitor/lib:/home/kong/my_ws/install/costmap_queue/lib:/home/kong/my_ws/install/nav2_velocity_smoother/lib:/home/kong/my_ws/install/nav2_rviz_plugins/lib:/home/kong/my_ws/install/nav2_map_server/lib:/home/kong/my_ws/install/nav2_lifecycle_manager/lib:/home/kong/my_ws/install/nav2_behavior_tree/lib:/home/kong/my_ws/install/nav2_amcl/lib:/usr/lib/x86_64-linux-gnu/gazebo-11/plugins:/opt/ros/humble/opt/rviz_ogre_vendor/lib:/opt/ros/humble/lib/x86_64-linux-gnu:/opt/ros/humble/lib /usr/bin/cmake --install /home/kong/my_ws/build/nav2_smac_planner
[277.693s] -- Install configuration: "Release"
[277.693s] -- Installing: /home/kong/my_ws/install/nav2_smac_planner/share/nav2_smac_planner/smac_plugin_hybrid.xml
[277.701s] -- Installing: /home/kong/my_ws/install/nav2_smac_planner/share/nav2_smac_planner/smac_plugin_2d.xml
[277.702s] -- Installing: /home/kong/my_ws/install/nav2_smac_planner/share/nav2_smac_planner/smac_plugin_lattice.xml
[277.702s] -- Installing: /home/kong/my_ws/install/nav2_smac_planner/lib/libnav2_smac_planner.so
[277.702s] -- Set runtime path of "/home/kong/my_ws/install/nav2_smac_planner/lib/libnav2_smac_planner.so" to ""
[277.702s] -- Installing: /home/kong/my_ws/install/nav2_smac_planner/lib/libnav2_smac_planner_2d.so
[277.703s] -- Set runtime path of "/home/kong/my_ws/install/nav2_smac_planner/lib/libnav2_smac_planner_2d.so" to ""
[277.703s] -- Installing: /home/kong/my_ws/install/nav2_smac_planner/lib/libnav2_smac_planner_lattice.so
[277.704s] -- Set runtime path of "/home/kong/my_ws/install/nav2_smac_planner/lib/libnav2_smac_planner_lattice.so" to ""
[277.704s] -- Installing: /home/kong/my_ws/install/nav2_smac_planner/include/
[277.704s] -- Installing: /home/kong/my_ws/install/nav2_smac_planner/include//nav2_smac_planner
[277.704s] -- Installing: /home/kong/my_ws/install/nav2_smac_planner/include//nav2_smac_planner/constants.hpp
[277.704s] -- Installing: /home/kong/my_ws/install/nav2_smac_planner/include//nav2_smac_planner/a_star.hpp
[277.704s] -- Installing: /home/kong/my_ws/install/nav2_smac_planner/include//nav2_smac_planner/node_lattice.hpp
[277.704s] -- Installing: /home/kong/my_ws/install/nav2_smac_planner/include//nav2_smac_planner/utils.hpp
[277.704s] -- Installing: /home/kong/my_ws/install/nav2_smac_planner/include//nav2_smac_planner/types.hpp
[277.704s] -- Installing: /home/kong/my_ws/install/nav2_smac_planner/include//nav2_smac_planner/collision_checker.hpp
[277.704s] -- Installing: /home/kong/my_ws/install/nav2_smac_planner/include//nav2_smac_planner/smac_planner_2d.hpp
[277.704s] -- Installing: /home/kong/my_ws/install/nav2_smac_planner/include//nav2_smac_planner/node_2d.hpp
[277.704s] -- Installing: /home/kong/my_ws/install/nav2_smac_planner/include//nav2_smac_planner/costmap_downsampler.hpp
[277.704s] -- Installing: /home/kong/my_ws/install/nav2_smac_planner/include//nav2_smac_planner/analytic_expansion.hpp
[277.704s] -- Installing: /home/kong/my_ws/install/nav2_smac_planner/include//nav2_smac_planner/smoother.hpp
[277.704s] -- Installing: /home/kong/my_ws/install/nav2_smac_planner/include//nav2_smac_planner/thirdparty
[277.704s] -- Installing: /home/kong/my_ws/install/nav2_smac_planner/include//nav2_smac_planner/thirdparty/robin_hood.h
[277.704s] -- Installing: /home/kong/my_ws/install/nav2_smac_planner/include//nav2_smac_planner/smac_planner_lattice.hpp
[277.704s] -- Installing: /home/kong/my_ws/install/nav2_smac_planner/include//nav2_smac_planner/node_hybrid.hpp
[277.704s] -- Installing: /home/kong/my_ws/install/nav2_smac_planner/include//nav2_smac_planner/node_basic.hpp
[277.705s] -- Installing: /home/kong/my_ws/install/nav2_smac_planner/include//nav2_smac_planner/smac_planner_hybrid.hpp
[277.705s] -- Installing: /home/kong/my_ws/install/nav2_smac_planner/share/nav2_smac_planner/sample_primitives
[277.705s] -- Installing: /home/kong/my_ws/install/nav2_smac_planner/share/nav2_smac_planner/sample_primitives/5cm_resolution
[277.705s] -- Installing: /home/kong/my_ws/install/nav2_smac_planner/share/nav2_smac_planner/sample_primitives/5cm_resolution/1m_turning_radius
[277.705s] -- Installing: /home/kong/my_ws/install/nav2_smac_planner/share/nav2_smac_planner/sample_primitives/5cm_resolution/1m_turning_radius/ackermann
[277.705s] -- Installing: /home/kong/my_ws/install/nav2_smac_planner/share/nav2_smac_planner/sample_primitives/5cm_resolution/1m_turning_radius/ackermann/output.json
[277.705s] -- Installing: /home/kong/my_ws/install/nav2_smac_planner/share/nav2_smac_planner/sample_primitives/5cm_resolution/1m_turning_radius/diff
[277.705s] -- Installing: /home/kong/my_ws/install/nav2_smac_planner/share/nav2_smac_planner/sample_primitives/5cm_resolution/1m_turning_radius/diff/output.json
[277.705s] -- Installing: /home/kong/my_ws/install/nav2_smac_planner/share/nav2_smac_planner/sample_primitives/5cm_resolution/1m_turning_radius/omni
[277.705s] -- Installing: /home/kong/my_ws/install/nav2_smac_planner/share/nav2_smac_planner/sample_primitives/5cm_resolution/1m_turning_radius/omni/output.json
[277.706s] -- Installing: /home/kong/my_ws/install/nav2_smac_planner/share/nav2_smac_planner/sample_primitives/5cm_resolution/1m_turning_radius/all_trajectories.png
[277.706s] -- Installing: /home/kong/my_ws/install/nav2_smac_planner/share/nav2_smac_planner/sample_primitives/5cm_resolution/0.5m_turning_radius
[277.706s] -- Installing: /home/kong/my_ws/install/nav2_smac_planner/share/nav2_smac_planner/sample_primitives/5cm_resolution/0.5m_turning_radius/ackermann
[277.706s] -- Installing: /home/kong/my_ws/install/nav2_smac_planner/share/nav2_smac_planner/sample_primitives/5cm_resolution/0.5m_turning_radius/ackermann/output.json
[277.706s] -- Installing: /home/kong/my_ws/install/nav2_smac_planner/share/nav2_smac_planner/sample_primitives/5cm_resolution/0.5m_turning_radius/diff
[277.707s] -- Installing: /home/kong/my_ws/install/nav2_smac_planner/share/nav2_smac_planner/sample_primitives/5cm_resolution/0.5m_turning_radius/diff/output.json
[277.707s] -- Installing: /home/kong/my_ws/install/nav2_smac_planner/share/nav2_smac_planner/sample_primitives/5cm_resolution/0.5m_turning_radius/omni
[277.707s] -- Installing: /home/kong/my_ws/install/nav2_smac_planner/share/nav2_smac_planner/sample_primitives/5cm_resolution/0.5m_turning_radius/omni/output.json
[277.707s] -- Installing: /home/kong/my_ws/install/nav2_smac_planner/share/nav2_smac_planner/sample_primitives/5cm_resolution/0.5m_turning_radius/all_trajectories.png
[277.708s] -- Installing: /home/kong/my_ws/install/nav2_smac_planner/share/nav2_smac_planner/environment/library_path.sh
[277.708s] -- Installing: /home/kong/my_ws/install/nav2_smac_planner/share/nav2_smac_planner/environment/library_path.dsv
[277.708s] -- Installing: /home/kong/my_ws/install/nav2_smac_planner/share/ament_index/resource_index/package_run_dependencies/nav2_smac_planner
[277.708s] -- Installing: /home/kong/my_ws/install/nav2_smac_planner/share/ament_index/resource_index/parent_prefix_path/nav2_smac_planner
[277.708s] -- Installing: /home/kong/my_ws/install/nav2_smac_planner/share/nav2_smac_planner/environment/ament_prefix_path.sh
[277.708s] -- Installing: /home/kong/my_ws/install/nav2_smac_planner/share/nav2_smac_planner/environment/ament_prefix_path.dsv
[277.708s] -- Installing: /home/kong/my_ws/install/nav2_smac_planner/share/nav2_smac_planner/environment/path.sh
[277.708s] -- Installing: /home/kong/my_ws/install/nav2_smac_planner/share/nav2_smac_planner/environment/path.dsv
[277.709s] -- Installing: /home/kong/my_ws/install/nav2_smac_planner/share/nav2_smac_planner/local_setup.bash
[277.709s] -- Installing: /home/kong/my_ws/install/nav2_smac_planner/share/nav2_smac_planner/local_setup.sh
[277.709s] -- Installing: /home/kong/my_ws/install/nav2_smac_planner/share/nav2_smac_planner/local_setup.zsh
[277.709s] -- Installing: /home/kong/my_ws/install/nav2_smac_planner/share/nav2_smac_planner/local_setup.dsv
[277.709s] -- Installing: /home/kong/my_ws/install/nav2_smac_planner/share/nav2_smac_planner/package.dsv
[277.709s] -- Installing: /home/kong/my_ws/install/nav2_smac_planner/share/ament_index/resource_index/packages/nav2_smac_planner
[277.709s] -- Installing: /home/kong/my_ws/install/nav2_smac_planner/share/ament_index/resource_index/nav2_core__pluginlib__plugin/nav2_smac_planner
[277.709s] -- Installing: /home/kong/my_ws/install/nav2_smac_planner/share/nav2_smac_planner/cmake/ament_cmake_export_include_directories-extras.cmake
[277.709s] -- Installing: /home/kong/my_ws/install/nav2_smac_planner/share/nav2_smac_planner/cmake/ament_cmake_export_libraries-extras.cmake
[277.709s] -- Installing: /home/kong/my_ws/install/nav2_smac_planner/share/nav2_smac_planner/cmake/ament_cmake_export_dependencies-extras.cmake
[277.709s] -- Installing: /home/kong/my_ws/install/nav2_smac_planner/share/nav2_smac_planner/cmake/nav2_smac_plannerConfig.cmake
[277.709s] -- Installing: /home/kong/my_ws/install/nav2_smac_planner/share/nav2_smac_planner/cmake/nav2_smac_plannerConfig-version.cmake
[277.709s] -- Installing: /home/kong/my_ws/install/nav2_smac_planner/share/nav2_smac_planner/package.xml
[277.711s] Invoked command in '/home/kong/my_ws/build/nav2_smac_planner' returned '0': CMAKE_PREFIX_PATH=/home/kong/my_ws/install/nav2_core:/home/kong/my_ws/install/nav2_costmap_2d:/home/kong/my_ws/install/nav2_util:/home/kong/my_ws/install/nav2_voxel_grid:/home/kong/my_ws/install/nav2_msgs:/home/kong/my_ws/install/nav2_common:/home/kong/install/ydlidar_ros2_driver:/home/kong/install/usb_cam:/home/kong/install/teleop_twist_joy:/home/kong/install/ros2_aruco_interfaces:/home/kong/install/realsense2_description:/home/kong/install/realsense2_camera_msgs:/home/kong/install/odrive_ros2_control:/home/kong/install/odrive_hardware_interface:/home/kong/install/odrive_demo_bringup:/home/kong/install/odrive_demo_description:/home/kong/install/dwb_msgs:/home/kong/install/nav_2d_msgs:/home/kong/install/nav2_voxel_grid:/home/kong/install/nav2_common:/home/kong/install/my_slam_package:/home/kong/install/my_bot_description:/home/kong/my_ws/install/ydlidar_ros2_driver:/home/kong/my_ws/install/usb_cam:/home/kong/my_ws/install/teleop_twist_joy:/home/kong/my_ws/install/nav2_system_tests:/home/kong/my_ws/install/nav2_bringup:/home/kong/my_ws/install/slam_toolbox:/home/kong/my_ws/install/ros2_aruco_interfaces:/home/kong/my_ws/install/realsense2_description:/home/kong/my_ws/install/realsense2_camera:/home/kong/my_ws/install/realsense2_camera_msgs:/home/kong/my_ws/install/odrive_ros2_control:/home/kong/my_ws/install/odrive_hardware_interface:/home/kong/my_ws/install/odrive_demo_bringup:/home/kong/my_ws/install/odrive_demo_description:/home/kong/my_ws/install/navigation2:/home/kong/my_ws/install/nav2_smoother:/home/kong/my_ws/install/nav2_graceful_controller:/home/kong/my_ws/install/nav2_dwb_controller:/home/kong/my_ws/install/nav2_controller:/home/kong/my_ws/install/dwb_plugins:/home/kong/my_ws/install/dwb_critics:/home/kong/my_ws/install/dwb_core:/home/kong/my_ws/install/nav_2d_utils:/home/kong/my_ws/install/dwb_msgs:/home/kong/my_ws/install/nav_2d_msgs:/home/kong/my_ws/install/nav2_waypoint_follower:/home/kong/my_ws/install/nav2_theta_star_planner:/home/kong/my_ws/install/nav2_smac_planner:/home/kong/my_ws/install/nav2_rotation_shim_controller:/home/kong/my_ws/install/nav2_regulated_pure_pursuit_controller:/home/kong/my_ws/install/nav2_planner:/home/kong/my_ws/install/nav2_navfn_planner:/home/kong/my_ws/install/nav2_mppi_controller:/home/kong/my_ws/install/nav2_constrained_smoother:/home/kong/my_ws/install/nav2_bt_navigator:/home/kong/my_ws/install/nav2_behaviors:/home/kong/my_ws/install/nav2_collision_monitor:/home/kong/my_ws/install/costmap_queue:/home/kong/my_ws/install/nav2_velocity_smoother:/home/kong/my_ws/install/nav2_rviz_plugins:/home/kong/my_ws/install/nav2_map_server:/home/kong/my_ws/install/nav2_lifecycle_manager:/home/kong/my_ws/install/nav2_behavior_tree:/home/kong/my_ws/install/nav2_amcl:/home/kong/my_ws/install/my_slam_package:/home/kong/my_ws/install/my_bot_description:/home/kong/install/ros2_aruco:/home/kong/install/my_tf2_package:/home/kong/install/my_docking:/home/kong/install/my_aruco_to_goal_pose_pkg:/home/kong/my_ws/install/ros2_aruco:/home/kong/my_ws/install/nav2_simple_commander:/home/kong/my_ws/install/my_tf2_package:/home/kong/my_ws/install/my_docking:/home/kong/my_ws/install/my_aruco_to_goal_pose_pkg:/opt/ros/humble LD_LIBRARY_PATH=/home/kong/my_ws/install/nav2_costmap_2d/lib:/home/kong/my_ws/install/nav2_util/lib:/home/kong/my_ws/install/nav2_voxel_grid/lib:/home/kong/my_ws/install/nav2_msgs/lib:/home/kong/install/usb_cam/lib:/home/kong/install/teleop_twist_joy/lib:/home/kong/install/ros2_aruco_interfaces/lib:/home/kong/install/realsense2_camera_msgs/lib:/home/kong/install/odrive_hardware_interface/lib:/home/kong/install/dwb_msgs/lib:/home/kong/install/nav_2d_msgs/lib:/home/kong/install/nav2_voxel_grid/lib:/home/kong/my_ws/install/usb_cam/lib:/home/kong/my_ws/install/teleop_twist_joy/lib:/home/kong/my_ws/install/slam_toolbox/lib:/home/kong/my_ws/install/ros2_aruco_interfaces/lib:/home/kong/my_ws/install/realsense2_camera/lib:/home/kong/my_ws/install/realsense2_camera_msgs/lib:/home/kong/my_ws/install/odrive_hardware_interface/lib:/home/kong/my_ws/install/nav2_smoother/lib:/home/kong/my_ws/install/nav2_graceful_controller/lib:/home/kong/my_ws/install/nav2_controller/lib:/home/kong/my_ws/install/dwb_plugins/lib:/home/kong/my_ws/install/dwb_critics/lib:/home/kong/my_ws/install/dwb_core/lib:/home/kong/my_ws/install/nav_2d_utils/lib:/home/kong/my_ws/install/dwb_msgs/lib:/home/kong/my_ws/install/nav_2d_msgs/lib:/home/kong/my_ws/install/nav2_waypoint_follower/lib:/home/kong/my_ws/install/nav2_theta_star_planner/lib:/home/kong/my_ws/install/nav2_smac_planner/lib:/home/kong/my_ws/install/nav2_rotation_shim_controller/lib:/home/kong/my_ws/install/nav2_regulated_pure_pursuit_controller/lib:/home/kong/my_ws/install/nav2_planner/lib:/home/kong/my_ws/install/nav2_navfn_planner/lib:/home/kong/my_ws/install/nav2_mppi_controller/lib:/home/kong/my_ws/install/nav2_constrained_smoother/lib:/home/kong/my_ws/install/nav2_bt_navigator/lib:/home/kong/my_ws/install/nav2_behaviors/lib:/home/kong/my_ws/install/nav2_collision_monitor/lib:/home/kong/my_ws/install/costmap_queue/lib:/home/kong/my_ws/install/nav2_velocity_smoother/lib:/home/kong/my_ws/install/nav2_rviz_plugins/lib:/home/kong/my_ws/install/nav2_map_server/lib:/home/kong/my_ws/install/nav2_lifecycle_manager/lib:/home/kong/my_ws/install/nav2_behavior_tree/lib:/home/kong/my_ws/install/nav2_amcl/lib:/usr/lib/x86_64-linux-gnu/gazebo-11/plugins:/opt/ros/humble/opt/rviz_ogre_vendor/lib:/opt/ros/humble/lib/x86_64-linux-gnu:/opt/ros/humble/lib /usr/bin/cmake --install /home/kong/my_ws/build/nav2_smac_planner
