[0.015s] Invoking command in '/home/kong/my_ws/build/my_slam_package': CMAKE_PREFIX_PATH=${CMAKE_PREFIX_PATH}:/home/kong/install/ros2_aruco:/home/kong/install/my_tf2_package:/home/kong/install/my_docking:/home/kong/install/my_aruco_to_goal_pose_pkg:/home/kong/my_ws/install/ros2_aruco:/home/kong/my_ws/install/nav2_simple_commander:/home/kong/my_ws/install/my_tf2_package:/home/kong/my_ws/install/my_docking:/home/kong/my_ws/install/my_aruco_to_goal_pose_pkg:/opt/ros/humble /usr/bin/cmake /home/kong/my_ws/src/my_slam_package -DCMAKE_INSTALL_PREFIX=/home/kong/my_ws/install/my_slam_package
[0.453s] -- The C compiler identification is GNU 11.4.0
[0.454s] -- The CXX compiler identification is GNU 11.4.0
[0.454s] -- Detecting C compiler ABI info
[0.454s] -- Detecting C compiler ABI info - done
[0.454s] -- Check for working C compiler: /usr/bin/cc - skipped
[0.454s] -- Detecting C compile features
[0.454s] -- Detecting C compile features - done
[0.454s] -- Detecting CXX compiler ABI info
[0.514s] -- Detecting CXX compiler ABI info - done
[0.522s] -- Check for working CXX compiler: /usr/bin/c++ - skipped
[0.523s] -- Detecting CXX compile features
[0.523s] -- Detecting CXX compile features - done
[0.527s] -- Found ament_cmake: 1.3.8 (/opt/ros/humble/share/ament_cmake/cmake)
[0.748s] -- Found Python3: /usr/bin/python3 (found version "3.10.12") found components: Interpreter 
[0.873s] -- Found ament_lint_auto: 0.12.10 (/opt/ros/humble/share/ament_lint_auto/cmake)
[0.987s] -- Added test 'flake8' to check Python code syntax and style conventions
[0.989s] -- Added test 'lint_cmake' to check CMake code style
[0.991s] -- Added test 'pep257' to check Python code against some of the docstring style conventions in PEP 257
[0.995s] -- Added test 'xmllint' to check XML markup files
[0.999s] -- Configuring done
[1.002s] -- Generating done
[1.003s] -- Build files have been written to: /home/kong/my_ws/build/my_slam_package
[1.008s] Invoked command in '/home/kong/my_ws/build/my_slam_package' returned '0': CMAKE_PREFIX_PATH=${CMAKE_PREFIX_PATH}:/home/kong/install/ros2_aruco:/home/kong/install/my_tf2_package:/home/kong/install/my_docking:/home/kong/install/my_aruco_to_goal_pose_pkg:/home/kong/my_ws/install/ros2_aruco:/home/kong/my_ws/install/nav2_simple_commander:/home/kong/my_ws/install/my_tf2_package:/home/kong/my_ws/install/my_docking:/home/kong/my_ws/install/my_aruco_to_goal_pose_pkg:/opt/ros/humble /usr/bin/cmake /home/kong/my_ws/src/my_slam_package -DCMAKE_INSTALL_PREFIX=/home/kong/my_ws/install/my_slam_package
[1.010s] Invoking command in '/home/kong/my_ws/build/my_slam_package': CMAKE_PREFIX_PATH=${CMAKE_PREFIX_PATH}:/home/kong/install/ros2_aruco:/home/kong/install/my_tf2_package:/home/kong/install/my_docking:/home/kong/install/my_aruco_to_goal_pose_pkg:/home/kong/my_ws/install/ros2_aruco:/home/kong/my_ws/install/nav2_simple_commander:/home/kong/my_ws/install/my_tf2_package:/home/kong/my_ws/install/my_docking:/home/kong/my_ws/install/my_aruco_to_goal_pose_pkg:/opt/ros/humble /usr/bin/cmake --build /home/kong/my_ws/build/my_slam_package -- -j8 -l8
[1.068s] Invoked command in '/home/kong/my_ws/build/my_slam_package' returned '0': CMAKE_PREFIX_PATH=${CMAKE_PREFIX_PATH}:/home/kong/install/ros2_aruco:/home/kong/install/my_tf2_package:/home/kong/install/my_docking:/home/kong/install/my_aruco_to_goal_pose_pkg:/home/kong/my_ws/install/ros2_aruco:/home/kong/my_ws/install/nav2_simple_commander:/home/kong/my_ws/install/my_tf2_package:/home/kong/my_ws/install/my_docking:/home/kong/my_ws/install/my_aruco_to_goal_pose_pkg:/opt/ros/humble /usr/bin/cmake --build /home/kong/my_ws/build/my_slam_package -- -j8 -l8
[1.153s] Invoking command in '/home/kong/my_ws/build/my_slam_package': CMAKE_PREFIX_PATH=${CMAKE_PREFIX_PATH}:/home/kong/install/ros2_aruco:/home/kong/install/my_tf2_package:/home/kong/install/my_docking:/home/kong/install/my_aruco_to_goal_pose_pkg:/home/kong/my_ws/install/ros2_aruco:/home/kong/my_ws/install/nav2_simple_commander:/home/kong/my_ws/install/my_tf2_package:/home/kong/my_ws/install/my_docking:/home/kong/my_ws/install/my_aruco_to_goal_pose_pkg:/opt/ros/humble /usr/bin/cmake --install /home/kong/my_ws/build/my_slam_package
[1.602s] -- Install configuration: ""
[1.602s] -- Installing: /home/kong/my_ws/install/my_slam_package/share/my_slam_package/launch
[1.602s] -- Installing: /home/kong/my_ws/install/my_slam_package/share/my_slam_package/launch/my_robot.launch.py
[1.602s] -- Installing: /home/kong/my_ws/install/my_slam_package/share/my_slam_package/launch/localization_without_grid.launch.py
[1.602s] -- Installing: /home/kong/my_ws/install/my_slam_package/share/my_slam_package/urdf
[1.602s] -- Installing: /home/kong/my_ws/install/my_slam_package/share/my_slam_package/urdf/my_robot.urdf
[1.602s] -- Installing: /home/kong/my_ws/install/my_slam_package/share/my_slam_package/lua
[1.602s] -- Installing: /home/kong/my_ws/install/my_slam_package/share/my_slam_package/lua/my_robot.lua
[1.602s] -- Installing: /home/kong/my_ws/install/my_slam_package/share/ament_index/resource_index/package_run_dependencies/my_slam_package
[1.603s] -- Installing: /home/kong/my_ws/install/my_slam_package/share/ament_index/resource_index/parent_prefix_path/my_slam_package
[1.603s] -- Installing: /home/kong/my_ws/install/my_slam_package/share/my_slam_package/environment/ament_prefix_path.sh
[1.603s] -- Installing: /home/kong/my_ws/install/my_slam_package/share/my_slam_package/environment/ament_prefix_path.dsv
[1.603s] -- Installing: /home/kong/my_ws/install/my_slam_package/share/my_slam_package/environment/path.sh
[1.603s] -- Installing: /home/kong/my_ws/install/my_slam_package/share/my_slam_package/environment/path.dsv
[1.603s] -- Installing: /home/kong/my_ws/install/my_slam_package/share/my_slam_package/local_setup.bash
[1.603s] -- Installing: /home/kong/my_ws/install/my_slam_package/share/my_slam_package/local_setup.sh
[1.603s] -- Installing: /home/kong/my_ws/install/my_slam_package/share/my_slam_package/local_setup.zsh
[1.603s] -- Installing: /home/kong/my_ws/install/my_slam_package/share/my_slam_package/local_setup.dsv
[1.603s] -- Installing: /home/kong/my_ws/install/my_slam_package/share/my_slam_package/package.dsv
[1.603s] -- Installing: /home/kong/my_ws/install/my_slam_package/share/ament_index/resource_index/packages/my_slam_package
[1.603s] -- Installing: /home/kong/my_ws/install/my_slam_package/share/my_slam_package/cmake/my_slam_packageConfig.cmake
[1.603s] -- Installing: /home/kong/my_ws/install/my_slam_package/share/my_slam_package/cmake/my_slam_packageConfig-version.cmake
[1.603s] -- Installing: /home/kong/my_ws/install/my_slam_package/share/my_slam_package/package.xml
[1.621s] Invoked command in '/home/kong/my_ws/build/my_slam_package' returned '0': CMAKE_PREFIX_PATH=${CMAKE_PREFIX_PATH}:/home/kong/install/ros2_aruco:/home/kong/install/my_tf2_package:/home/kong/install/my_docking:/home/kong/install/my_aruco_to_goal_pose_pkg:/home/kong/my_ws/install/ros2_aruco:/home/kong/my_ws/install/nav2_simple_commander:/home/kong/my_ws/install/my_tf2_package:/home/kong/my_ws/install/my_docking:/home/kong/my_ws/install/my_aruco_to_goal_pose_pkg:/opt/ros/humble /usr/bin/cmake --install /home/kong/my_ws/build/my_slam_package
