[0.117s] Invoking command in '/home/kong/my_ws/build/nav2_mppi_controller': CMAKE_PREFIX_PATH=/home/kong/my_ws/install/nav2_core:/home/kong/my_ws/install/nav2_costmap_2d:/home/kong/my_ws/install/nav2_util:/home/kong/my_ws/install/nav2_voxel_grid:/home/kong/my_ws/install/nav2_msgs:/home/kong/my_ws/install/nav2_common:/home/kong/install/ydlidar_ros2_driver:/home/kong/install/usb_cam:/home/kong/install/teleop_twist_joy:/home/kong/install/ros2_aruco_interfaces:/home/kong/install/realsense2_description:/home/kong/install/realsense2_camera_msgs:/home/kong/install/odrive_ros2_control:/home/kong/install/odrive_hardware_interface:/home/kong/install/odrive_demo_bringup:/home/kong/install/odrive_demo_description:/home/kong/install/dwb_msgs:/home/kong/install/nav_2d_msgs:/home/kong/install/nav2_voxel_grid:/home/kong/install/nav2_common:/home/kong/install/my_slam_package:/home/kong/install/my_bot_description:/home/kong/my_ws/install/ydlidar_ros2_driver:/home/kong/my_ws/install/usb_cam:/home/kong/my_ws/install/teleop_twist_joy:/home/kong/my_ws/install/nav2_system_tests:/home/kong/my_ws/install/nav2_bringup:/home/kong/my_ws/install/slam_toolbox:/home/kong/my_ws/install/ros2_aruco_interfaces:/home/kong/my_ws/install/realsense2_description:/home/kong/my_ws/install/realsense2_camera:/home/kong/my_ws/install/realsense2_camera_msgs:/home/kong/my_ws/install/odrive_ros2_control:/home/kong/my_ws/install/odrive_hardware_interface:/home/kong/my_ws/install/odrive_demo_bringup:/home/kong/my_ws/install/odrive_demo_description:/home/kong/my_ws/install/navigation2:/home/kong/my_ws/install/nav2_smoother:/home/kong/my_ws/install/nav2_graceful_controller:/home/kong/my_ws/install/nav2_dwb_controller:/home/kong/my_ws/install/nav2_controller:/home/kong/my_ws/install/dwb_plugins:/home/kong/my_ws/install/dwb_critics:/home/kong/my_ws/install/dwb_core:/home/kong/my_ws/install/nav_2d_utils:/home/kong/my_ws/install/dwb_msgs:/home/kong/my_ws/install/nav_2d_msgs:/home/kong/my_ws/install/nav2_waypoint_follower:/home/kong/my_ws/install/nav2_theta_star_planner:/home/kong/my_ws/install/nav2_smac_planner:/home/kong/my_ws/install/nav2_rotation_shim_controller:/home/kong/my_ws/install/nav2_regulated_pure_pursuit_controller:/home/kong/my_ws/install/nav2_planner:/home/kong/my_ws/install/nav2_navfn_planner:/home/kong/my_ws/install/nav2_mppi_controller:/home/kong/my_ws/install/nav2_constrained_smoother:/home/kong/my_ws/install/nav2_bt_navigator:/home/kong/my_ws/install/nav2_behaviors:/home/kong/my_ws/install/nav2_collision_monitor:/home/kong/my_ws/install/costmap_queue:/home/kong/my_ws/install/nav2_velocity_smoother:/home/kong/my_ws/install/nav2_rviz_plugins:/home/kong/my_ws/install/nav2_map_server:/home/kong/my_ws/install/nav2_lifecycle_manager:/home/kong/my_ws/install/nav2_behavior_tree:/home/kong/my_ws/install/nav2_amcl:/home/kong/my_ws/install/my_slam_package:/home/kong/my_ws/install/my_bot_description:/home/kong/install/ros2_aruco:/home/kong/install/my_tf2_package:/home/kong/install/my_docking:/home/kong/install/my_aruco_to_goal_pose_pkg:/home/kong/my_ws/install/ros2_aruco:/home/kong/my_ws/install/nav2_simple_commander:/home/kong/my_ws/install/my_tf2_package:/home/kong/my_ws/install/my_docking:/home/kong/my_ws/install/my_aruco_to_goal_pose_pkg:/opt/ros/humble LD_LIBRARY_PATH=/home/kong/my_ws/install/nav2_costmap_2d/lib:/home/kong/my_ws/install/nav2_util/lib:/home/kong/my_ws/install/nav2_voxel_grid/lib:/home/kong/my_ws/install/nav2_msgs/lib:/home/kong/install/usb_cam/lib:/home/kong/install/teleop_twist_joy/lib:/home/kong/install/ros2_aruco_interfaces/lib:/home/kong/install/realsense2_camera_msgs/lib:/home/kong/install/odrive_hardware_interface/lib:/home/kong/install/dwb_msgs/lib:/home/kong/install/nav_2d_msgs/lib:/home/kong/install/nav2_voxel_grid/lib:/home/kong/my_ws/install/usb_cam/lib:/home/kong/my_ws/install/teleop_twist_joy/lib:/home/kong/my_ws/install/slam_toolbox/lib:/home/kong/my_ws/install/ros2_aruco_interfaces/lib:/home/kong/my_ws/install/realsense2_camera/lib:/home/kong/my_ws/install/realsense2_camera_msgs/lib:/home/kong/my_ws/install/odrive_hardware_interface/lib:/home/kong/my_ws/install/nav2_smoother/lib:/home/kong/my_ws/install/nav2_graceful_controller/lib:/home/kong/my_ws/install/nav2_controller/lib:/home/kong/my_ws/install/dwb_plugins/lib:/home/kong/my_ws/install/dwb_critics/lib:/home/kong/my_ws/install/dwb_core/lib:/home/kong/my_ws/install/nav_2d_utils/lib:/home/kong/my_ws/install/dwb_msgs/lib:/home/kong/my_ws/install/nav_2d_msgs/lib:/home/kong/my_ws/install/nav2_waypoint_follower/lib:/home/kong/my_ws/install/nav2_theta_star_planner/lib:/home/kong/my_ws/install/nav2_smac_planner/lib:/home/kong/my_ws/install/nav2_rotation_shim_controller/lib:/home/kong/my_ws/install/nav2_regulated_pure_pursuit_controller/lib:/home/kong/my_ws/install/nav2_planner/lib:/home/kong/my_ws/install/nav2_navfn_planner/lib:/home/kong/my_ws/install/nav2_mppi_controller/lib:/home/kong/my_ws/install/nav2_constrained_smoother/lib:/home/kong/my_ws/install/nav2_bt_navigator/lib:/home/kong/my_ws/install/nav2_behaviors/lib:/home/kong/my_ws/install/nav2_collision_monitor/lib:/home/kong/my_ws/install/costmap_queue/lib:/home/kong/my_ws/install/nav2_velocity_smoother/lib:/home/kong/my_ws/install/nav2_rviz_plugins/lib:/home/kong/my_ws/install/nav2_map_server/lib:/home/kong/my_ws/install/nav2_lifecycle_manager/lib:/home/kong/my_ws/install/nav2_behavior_tree/lib:/home/kong/my_ws/install/nav2_amcl/lib:/usr/lib/x86_64-linux-gnu/gazebo-11/plugins:/opt/ros/humble/opt/rviz_ogre_vendor/lib:/opt/ros/humble/lib/x86_64-linux-gnu:/opt/ros/humble/lib /usr/bin/cmake /home/kong/my_ws/src/navigation2/nav2_mppi_controller -DCMAKE_INSTALL_PREFIX=/home/kong/my_ws/install/nav2_mppi_controller
[19.390s] -- The C compiler identification is GNU 11.4.0
[19.390s] -- The CXX compiler identification is GNU 11.4.0
[19.390s] -- Detecting C compiler ABI info
[19.390s] -- Detecting C compiler ABI info - done
[19.391s] -- Check for working C compiler: /usr/bin/cc - skipped
[19.391s] -- Detecting C compile features
[19.391s] -- Detecting C compile features - done
[19.391s] -- Detecting CXX compiler ABI info
[19.391s] -- Detecting CXX compiler ABI info - done
[19.391s] -- Check for working CXX compiler: /usr/bin/c++ - skipped
[19.391s] -- Detecting CXX compile features
[19.391s] -- Detecting CXX compile features - done
[19.391s] -- Found ament_cmake: 1.3.8 (/opt/ros/humble/share/ament_cmake/cmake)
[19.391s] -- Found Python3: /usr/bin/python3 (found version "3.10.12") found components: Interpreter 
[19.391s] -- Performing Test arch_native_supported
[19.391s] -- Performing Test arch_native_supported - Success
[19.391s] -- Found rclcpp: 16.0.8 (/opt/ros/humble/share/rclcpp/cmake)
[19.391s] -- Found rosidl_generator_c: 3.1.5 (/opt/ros/humble/share/rosidl_generator_c/cmake)
[19.391s] -- Found rosidl_adapter: 3.1.5 (/opt/ros/humble/share/rosidl_adapter/cmake)
[19.392s] -- Found rosidl_generator_cpp: 3.1.5 (/opt/ros/humble/share/rosidl_generator_cpp/cmake)
[19.392s] -- Using all available rosidl_typesupport_c: rosidl_typesupport_fastrtps_c;rosidl_typesupport_introspection_c
[19.392s] -- Using all available rosidl_typesupport_cpp: rosidl_typesupport_fastrtps_cpp;rosidl_typesupport_introspection_cpp
[19.392s] -- Found rmw_implementation_cmake: 6.1.1 (/opt/ros/humble/share/rmw_implementation_cmake/cmake)
[19.392s] -- Found rmw_fastrtps_cpp: 6.2.6 (/opt/ros/humble/share/rmw_fastrtps_cpp/cmake)
[19.392s] -- Found OpenSSL: /usr/lib/x86_64-linux-gnu/libcrypto.so (found version "3.0.2")  
[19.392s] -- Found FastRTPS: /opt/ros/humble/include  
[19.392s] -- Using RMW implementation 'rmw_fastrtps_cpp' as default
[19.392s] -- Looking for pthread.h
[19.392s] -- Looking for pthread.h - found
[19.392s] -- Performing Test CMAKE_HAVE_LIBC_PTHREAD
[19.392s] -- Performing Test CMAKE_HAVE_LIBC_PTHREAD - Success
[19.392s] -- Found Threads: TRUE  
[19.392s] -- Found nav2_common: 1.1.14 (/home/kong/my_ws/install/nav2_common/share/nav2_common/cmake)
[19.392s] -- Found pluginlib: 5.1.0 (/opt/ros/humble/share/pluginlib/cmake)
[19.393s] -- Found tf2: 0.25.6 (/opt/ros/humble/share/tf2/cmake)
[19.393s] -- Found visualization_msgs: 4.2.3 (/opt/ros/humble/share/visualization_msgs/cmake)
[19.393s] -- Found nav_msgs: 4.2.3 (/opt/ros/humble/share/nav_msgs/cmake)
[19.393s] -- Found nav2_core: 1.1.14 (/home/kong/my_ws/install/nav2_core/share/nav2_core/cmake)
[19.393s] -- Found Eigen3: TRUE (found version "3.4.0") 
[19.393s] -- Ensuring Eigen3 include directory is part of orocos-kdl CMake target
[19.393s] -- Found tf2_eigen: 0.25.6 (/opt/ros/humble/share/tf2_eigen/cmake)
[19.393s] -- Setting build type to Release as none was specified.
[19.393s] -- Performing Test COMPILER_SUPPORTS_AVX512
[19.393s] -- Performing Test COMPILER_SUPPORTS_AVX512 - Success
[19.393s] -- Performing Test COMPILER_SUPPORTS_SSE4
[19.393s] -- Performing Test COMPILER_SUPPORTS_SSE4 - Success
[19.393s] -- Performing Test COMPILER_SUPPORTS_AVX2
[19.393s] -- Performing Test COMPILER_SUPPORTS_AVX2 - Success
[19.393s] -- Performing Test COMPILER_SUPPORTS_FMA
[19.394s] -- Performing Test COMPILER_SUPPORTS_FMA - Success
[19.394s] -- Found ament_lint_auto: 0.12.10 (/opt/ros/humble/share/ament_lint_auto/cmake)
[19.394s] -- Found ament_cmake_gtest: 1.3.8 (/opt/ros/humble/share/ament_cmake_gtest/cmake)
[19.394s] -- Found gtest sources under '/opt/ros/humble/src/gtest_vendor': C++ tests using 'Google Test' will be built
[60.297s] -- Added test 'cppcheck' to perform static code analysis on C / C++ code
[60.298s] -- Configured cppcheck include dirs: /home/kong/my_ws/src/navigation2/nav2_mppi_controller/include
[60.298s] -- Configured cppcheck exclude dirs and/or files: 
[60.302s] -- Added test 'cpplint' to check C / C++ code against the Google style
[60.302s] -- Configured cpplint exclude dirs and/or files: 
[60.305s] -- Added test 'lint_cmake' to check CMake code style
[60.309s] -- Added test 'uncrustify' to check C / C++ code style
[60.309s] -- Configured uncrustify additional arguments: 
[60.311s] -- Added test 'xmllint' to check XML markup files
[60.317s] -- Configuring done
[61.285s] -- Generating done
[61.291s] -- Build files have been written to: /home/kong/my_ws/build/nav2_mppi_controller
[61.339s] Invoked command in '/home/kong/my_ws/build/nav2_mppi_controller' returned '0': CMAKE_PREFIX_PATH=/home/kong/my_ws/install/nav2_core:/home/kong/my_ws/install/nav2_costmap_2d:/home/kong/my_ws/install/nav2_util:/home/kong/my_ws/install/nav2_voxel_grid:/home/kong/my_ws/install/nav2_msgs:/home/kong/my_ws/install/nav2_common:/home/kong/install/ydlidar_ros2_driver:/home/kong/install/usb_cam:/home/kong/install/teleop_twist_joy:/home/kong/install/ros2_aruco_interfaces:/home/kong/install/realsense2_description:/home/kong/install/realsense2_camera_msgs:/home/kong/install/odrive_ros2_control:/home/kong/install/odrive_hardware_interface:/home/kong/install/odrive_demo_bringup:/home/kong/install/odrive_demo_description:/home/kong/install/dwb_msgs:/home/kong/install/nav_2d_msgs:/home/kong/install/nav2_voxel_grid:/home/kong/install/nav2_common:/home/kong/install/my_slam_package:/home/kong/install/my_bot_description:/home/kong/my_ws/install/ydlidar_ros2_driver:/home/kong/my_ws/install/usb_cam:/home/kong/my_ws/install/teleop_twist_joy:/home/kong/my_ws/install/nav2_system_tests:/home/kong/my_ws/install/nav2_bringup:/home/kong/my_ws/install/slam_toolbox:/home/kong/my_ws/install/ros2_aruco_interfaces:/home/kong/my_ws/install/realsense2_description:/home/kong/my_ws/install/realsense2_camera:/home/kong/my_ws/install/realsense2_camera_msgs:/home/kong/my_ws/install/odrive_ros2_control:/home/kong/my_ws/install/odrive_hardware_interface:/home/kong/my_ws/install/odrive_demo_bringup:/home/kong/my_ws/install/odrive_demo_description:/home/kong/my_ws/install/navigation2:/home/kong/my_ws/install/nav2_smoother:/home/kong/my_ws/install/nav2_graceful_controller:/home/kong/my_ws/install/nav2_dwb_controller:/home/kong/my_ws/install/nav2_controller:/home/kong/my_ws/install/dwb_plugins:/home/kong/my_ws/install/dwb_critics:/home/kong/my_ws/install/dwb_core:/home/kong/my_ws/install/nav_2d_utils:/home/kong/my_ws/install/dwb_msgs:/home/kong/my_ws/install/nav_2d_msgs:/home/kong/my_ws/install/nav2_waypoint_follower:/home/kong/my_ws/install/nav2_theta_star_planner:/home/kong/my_ws/install/nav2_smac_planner:/home/kong/my_ws/install/nav2_rotation_shim_controller:/home/kong/my_ws/install/nav2_regulated_pure_pursuit_controller:/home/kong/my_ws/install/nav2_planner:/home/kong/my_ws/install/nav2_navfn_planner:/home/kong/my_ws/install/nav2_mppi_controller:/home/kong/my_ws/install/nav2_constrained_smoother:/home/kong/my_ws/install/nav2_bt_navigator:/home/kong/my_ws/install/nav2_behaviors:/home/kong/my_ws/install/nav2_collision_monitor:/home/kong/my_ws/install/costmap_queue:/home/kong/my_ws/install/nav2_velocity_smoother:/home/kong/my_ws/install/nav2_rviz_plugins:/home/kong/my_ws/install/nav2_map_server:/home/kong/my_ws/install/nav2_lifecycle_manager:/home/kong/my_ws/install/nav2_behavior_tree:/home/kong/my_ws/install/nav2_amcl:/home/kong/my_ws/install/my_slam_package:/home/kong/my_ws/install/my_bot_description:/home/kong/install/ros2_aruco:/home/kong/install/my_tf2_package:/home/kong/install/my_docking:/home/kong/install/my_aruco_to_goal_pose_pkg:/home/kong/my_ws/install/ros2_aruco:/home/kong/my_ws/install/nav2_simple_commander:/home/kong/my_ws/install/my_tf2_package:/home/kong/my_ws/install/my_docking:/home/kong/my_ws/install/my_aruco_to_goal_pose_pkg:/opt/ros/humble LD_LIBRARY_PATH=/home/kong/my_ws/install/nav2_costmap_2d/lib:/home/kong/my_ws/install/nav2_util/lib:/home/kong/my_ws/install/nav2_voxel_grid/lib:/home/kong/my_ws/install/nav2_msgs/lib:/home/kong/install/usb_cam/lib:/home/kong/install/teleop_twist_joy/lib:/home/kong/install/ros2_aruco_interfaces/lib:/home/kong/install/realsense2_camera_msgs/lib:/home/kong/install/odrive_hardware_interface/lib:/home/kong/install/dwb_msgs/lib:/home/kong/install/nav_2d_msgs/lib:/home/kong/install/nav2_voxel_grid/lib:/home/kong/my_ws/install/usb_cam/lib:/home/kong/my_ws/install/teleop_twist_joy/lib:/home/kong/my_ws/install/slam_toolbox/lib:/home/kong/my_ws/install/ros2_aruco_interfaces/lib:/home/kong/my_ws/install/realsense2_camera/lib:/home/kong/my_ws/install/realsense2_camera_msgs/lib:/home/kong/my_ws/install/odrive_hardware_interface/lib:/home/kong/my_ws/install/nav2_smoother/lib:/home/kong/my_ws/install/nav2_graceful_controller/lib:/home/kong/my_ws/install/nav2_controller/lib:/home/kong/my_ws/install/dwb_plugins/lib:/home/kong/my_ws/install/dwb_critics/lib:/home/kong/my_ws/install/dwb_core/lib:/home/kong/my_ws/install/nav_2d_utils/lib:/home/kong/my_ws/install/dwb_msgs/lib:/home/kong/my_ws/install/nav_2d_msgs/lib:/home/kong/my_ws/install/nav2_waypoint_follower/lib:/home/kong/my_ws/install/nav2_theta_star_planner/lib:/home/kong/my_ws/install/nav2_smac_planner/lib:/home/kong/my_ws/install/nav2_rotation_shim_controller/lib:/home/kong/my_ws/install/nav2_regulated_pure_pursuit_controller/lib:/home/kong/my_ws/install/nav2_planner/lib:/home/kong/my_ws/install/nav2_navfn_planner/lib:/home/kong/my_ws/install/nav2_mppi_controller/lib:/home/kong/my_ws/install/nav2_constrained_smoother/lib:/home/kong/my_ws/install/nav2_bt_navigator/lib:/home/kong/my_ws/install/nav2_behaviors/lib:/home/kong/my_ws/install/nav2_collision_monitor/lib:/home/kong/my_ws/install/costmap_queue/lib:/home/kong/my_ws/install/nav2_velocity_smoother/lib:/home/kong/my_ws/install/nav2_rviz_plugins/lib:/home/kong/my_ws/install/nav2_map_server/lib:/home/kong/my_ws/install/nav2_lifecycle_manager/lib:/home/kong/my_ws/install/nav2_behavior_tree/lib:/home/kong/my_ws/install/nav2_amcl/lib:/usr/lib/x86_64-linux-gnu/gazebo-11/plugins:/opt/ros/humble/opt/rviz_ogre_vendor/lib:/opt/ros/humble/lib/x86_64-linux-gnu:/opt/ros/humble/lib /usr/bin/cmake /home/kong/my_ws/src/navigation2/nav2_mppi_controller -DCMAKE_INSTALL_PREFIX=/home/kong/my_ws/install/nav2_mppi_controller
[61.339s] Invoking command in '/home/kong/my_ws/build/nav2_mppi_controller': CMAKE_PREFIX_PATH=/home/kong/my_ws/install/nav2_core:/home/kong/my_ws/install/nav2_costmap_2d:/home/kong/my_ws/install/nav2_util:/home/kong/my_ws/install/nav2_voxel_grid:/home/kong/my_ws/install/nav2_msgs:/home/kong/my_ws/install/nav2_common:/home/kong/install/ydlidar_ros2_driver:/home/kong/install/usb_cam:/home/kong/install/teleop_twist_joy:/home/kong/install/ros2_aruco_interfaces:/home/kong/install/realsense2_description:/home/kong/install/realsense2_camera_msgs:/home/kong/install/odrive_ros2_control:/home/kong/install/odrive_hardware_interface:/home/kong/install/odrive_demo_bringup:/home/kong/install/odrive_demo_description:/home/kong/install/dwb_msgs:/home/kong/install/nav_2d_msgs:/home/kong/install/nav2_voxel_grid:/home/kong/install/nav2_common:/home/kong/install/my_slam_package:/home/kong/install/my_bot_description:/home/kong/my_ws/install/ydlidar_ros2_driver:/home/kong/my_ws/install/usb_cam:/home/kong/my_ws/install/teleop_twist_joy:/home/kong/my_ws/install/nav2_system_tests:/home/kong/my_ws/install/nav2_bringup:/home/kong/my_ws/install/slam_toolbox:/home/kong/my_ws/install/ros2_aruco_interfaces:/home/kong/my_ws/install/realsense2_description:/home/kong/my_ws/install/realsense2_camera:/home/kong/my_ws/install/realsense2_camera_msgs:/home/kong/my_ws/install/odrive_ros2_control:/home/kong/my_ws/install/odrive_hardware_interface:/home/kong/my_ws/install/odrive_demo_bringup:/home/kong/my_ws/install/odrive_demo_description:/home/kong/my_ws/install/navigation2:/home/kong/my_ws/install/nav2_smoother:/home/kong/my_ws/install/nav2_graceful_controller:/home/kong/my_ws/install/nav2_dwb_controller:/home/kong/my_ws/install/nav2_controller:/home/kong/my_ws/install/dwb_plugins:/home/kong/my_ws/install/dwb_critics:/home/kong/my_ws/install/dwb_core:/home/kong/my_ws/install/nav_2d_utils:/home/kong/my_ws/install/dwb_msgs:/home/kong/my_ws/install/nav_2d_msgs:/home/kong/my_ws/install/nav2_waypoint_follower:/home/kong/my_ws/install/nav2_theta_star_planner:/home/kong/my_ws/install/nav2_smac_planner:/home/kong/my_ws/install/nav2_rotation_shim_controller:/home/kong/my_ws/install/nav2_regulated_pure_pursuit_controller:/home/kong/my_ws/install/nav2_planner:/home/kong/my_ws/install/nav2_navfn_planner:/home/kong/my_ws/install/nav2_mppi_controller:/home/kong/my_ws/install/nav2_constrained_smoother:/home/kong/my_ws/install/nav2_bt_navigator:/home/kong/my_ws/install/nav2_behaviors:/home/kong/my_ws/install/nav2_collision_monitor:/home/kong/my_ws/install/costmap_queue:/home/kong/my_ws/install/nav2_velocity_smoother:/home/kong/my_ws/install/nav2_rviz_plugins:/home/kong/my_ws/install/nav2_map_server:/home/kong/my_ws/install/nav2_lifecycle_manager:/home/kong/my_ws/install/nav2_behavior_tree:/home/kong/my_ws/install/nav2_amcl:/home/kong/my_ws/install/my_slam_package:/home/kong/my_ws/install/my_bot_description:/home/kong/install/ros2_aruco:/home/kong/install/my_tf2_package:/home/kong/install/my_docking:/home/kong/install/my_aruco_to_goal_pose_pkg:/home/kong/my_ws/install/ros2_aruco:/home/kong/my_ws/install/nav2_simple_commander:/home/kong/my_ws/install/my_tf2_package:/home/kong/my_ws/install/my_docking:/home/kong/my_ws/install/my_aruco_to_goal_pose_pkg:/opt/ros/humble LD_LIBRARY_PATH=/home/kong/my_ws/install/nav2_costmap_2d/lib:/home/kong/my_ws/install/nav2_util/lib:/home/kong/my_ws/install/nav2_voxel_grid/lib:/home/kong/my_ws/install/nav2_msgs/lib:/home/kong/install/usb_cam/lib:/home/kong/install/teleop_twist_joy/lib:/home/kong/install/ros2_aruco_interfaces/lib:/home/kong/install/realsense2_camera_msgs/lib:/home/kong/install/odrive_hardware_interface/lib:/home/kong/install/dwb_msgs/lib:/home/kong/install/nav_2d_msgs/lib:/home/kong/install/nav2_voxel_grid/lib:/home/kong/my_ws/install/usb_cam/lib:/home/kong/my_ws/install/teleop_twist_joy/lib:/home/kong/my_ws/install/slam_toolbox/lib:/home/kong/my_ws/install/ros2_aruco_interfaces/lib:/home/kong/my_ws/install/realsense2_camera/lib:/home/kong/my_ws/install/realsense2_camera_msgs/lib:/home/kong/my_ws/install/odrive_hardware_interface/lib:/home/kong/my_ws/install/nav2_smoother/lib:/home/kong/my_ws/install/nav2_graceful_controller/lib:/home/kong/my_ws/install/nav2_controller/lib:/home/kong/my_ws/install/dwb_plugins/lib:/home/kong/my_ws/install/dwb_critics/lib:/home/kong/my_ws/install/dwb_core/lib:/home/kong/my_ws/install/nav_2d_utils/lib:/home/kong/my_ws/install/dwb_msgs/lib:/home/kong/my_ws/install/nav_2d_msgs/lib:/home/kong/my_ws/install/nav2_waypoint_follower/lib:/home/kong/my_ws/install/nav2_theta_star_planner/lib:/home/kong/my_ws/install/nav2_smac_planner/lib:/home/kong/my_ws/install/nav2_rotation_shim_controller/lib:/home/kong/my_ws/install/nav2_regulated_pure_pursuit_controller/lib:/home/kong/my_ws/install/nav2_planner/lib:/home/kong/my_ws/install/nav2_navfn_planner/lib:/home/kong/my_ws/install/nav2_mppi_controller/lib:/home/kong/my_ws/install/nav2_constrained_smoother/lib:/home/kong/my_ws/install/nav2_bt_navigator/lib:/home/kong/my_ws/install/nav2_behaviors/lib:/home/kong/my_ws/install/nav2_collision_monitor/lib:/home/kong/my_ws/install/costmap_queue/lib:/home/kong/my_ws/install/nav2_velocity_smoother/lib:/home/kong/my_ws/install/nav2_rviz_plugins/lib:/home/kong/my_ws/install/nav2_map_server/lib:/home/kong/my_ws/install/nav2_lifecycle_manager/lib:/home/kong/my_ws/install/nav2_behavior_tree/lib:/home/kong/my_ws/install/nav2_amcl/lib:/usr/lib/x86_64-linux-gnu/gazebo-11/plugins:/opt/ros/humble/opt/rviz_ogre_vendor/lib:/opt/ros/humble/lib/x86_64-linux-gnu:/opt/ros/humble/lib /usr/bin/cmake --build /home/kong/my_ws/build/nav2_mppi_controller -- -j8 -l8
[68.780s] [  2%] [32mBuilding CXX object CMakeFiles/mppi_controller.dir/src/controller.cpp.o[0m
[81.618s] [  4%] [32mBuilding CXX object CMakeFiles/mppi_controller.dir/src/path_handler.cpp.o[0m
[93.144s] [  6%] [32mBuilding CXX object CMakeFiles/mppi_controller.dir/src/parameters_handler.cpp.o[0m
[98.092s] [  8%] [32mBuilding CXX object CMakeFiles/mppi_controller.dir/src/noise_generator.cpp.o[0m
[105.638s] [ 10%] [32mBuilding CXX object CMakeFiles/mppi_controller.dir/src/trajectory_visualizer.cpp.o[0m
[125.029s] [ 12%] [32mBuilding CXX object CMakeFiles/mppi_controller.dir/src/critic_manager.cpp.o[0m
[146.041s] [ 14%] [32mBuilding CXX object CMakeFiles/mppi_controller.dir/src/optimizer.cpp.o[0m
[175.036s] [ 16%] [32m[1mLinking CXX shared library libmppi_controller.so[0m
[175.609s] [ 16%] Built target mppi_controller
[175.662s] [ 18%] [32mBuilding CXX object gtest/CMakeFiles/gtest.dir/src/gtest-all.cc.o[0m
[190.032s] [ 20%] [32m[1mLinking CXX static library libgtest.a[0m
[190.142s] [ 20%] Built target gtest
[190.209s] [ 22%] [32mBuilding CXX object gtest/CMakeFiles/gtest_main.dir/src/gtest_main.cc.o[0m
[192.719s] [ 25%] [32m[1mLinking CXX static library libgtest_main.a[0m
[192.840s] [ 25%] Built target gtest_main
[192.909s] [ 27%] [32mBuilding CXX object CMakeFiles/mppi_critics.dir/src/critics/obstacles_critic.cpp.o[0m
[208.622s] [ 29%] [32mBuilding CXX object CMakeFiles/mppi_critics.dir/src/critics/cost_critic.cpp.o[0m
[222.711s] [ 31%] [32mBuilding CXX object CMakeFiles/mppi_critics.dir/src/critics/goal_critic.cpp.o[0m
[235.272s] [ 33%] [32mBuilding CXX object CMakeFiles/mppi_critics.dir/src/critics/goal_angle_critic.cpp.o[0m
[245.416s] [ 35%] [32mBuilding CXX object CMakeFiles/mppi_critics.dir/src/critics/path_align_critic.cpp.o[0m
[256.006s] [ 37%] [32mBuilding CXX object test/CMakeFiles/trajectory_visualizer_tests.dir/trajectory_visualizer_tests.cpp.o[0m
[256.378s] [ 39%] [32mBuilding CXX object CMakeFiles/mppi_critics.dir/src/critics/path_align_legacy_critic.cpp.o[0m
[257.051s] [ 41%] [32mBuilding CXX object test/CMakeFiles/motion_model_tests.dir/motion_model_tests.cpp.o[0m
[258.192s] [ 43%] [32mBuilding CXX object test/CMakeFiles/parameter_handler_test.dir/parameter_handler_test.cpp.o[0m
[259.304s] [ 45%] [32mBuilding CXX object test/CMakeFiles/noise_generator_test.dir/noise_generator_test.cpp.o[0m
[260.468s] [ 47%] [32mBuilding CXX object test/CMakeFiles/models_test.dir/models_test.cpp.o[0m
[260.560s] [ 50%] [32mBuilding CXX object test/CMakeFiles/controller_state_transition_test.dir/controller_state_transition_test.cpp.o[0m
[277.579s] [ 52%] [32m[1mLinking CXX executable parameter_handler_test[0m
[278.635s] [ 52%] Built target parameter_handler_test
[282.417s] [ 54%] [32m[1mLinking CXX executable motion_model_tests[0m
[282.557s] [ 56%] [32m[1mLinking CXX executable noise_generator_test[0m
[282.649s] [ 58%] [32m[1mLinking CXX executable models_test[0m
[283.231s] [ 58%] Built target models_test
[283.448s] [ 58%] Built target noise_generator_test
[283.467s] [ 58%] Built target motion_model_tests
[285.300s] [ 60%] [32mBuilding CXX object CMakeFiles/mppi_critics.dir/src/critics/path_follow_critic.cpp.o[0m
[294.605s] [ 62%] [32m[1mLinking CXX executable controller_state_transition_test[0m
[295.338s] [ 62%] Built target controller_state_transition_test
[296.743s] [ 64%] [32mBuilding CXX object CMakeFiles/mppi_critics.dir/src/critics/path_angle_critic.cpp.o[0m
[302.339s] [ 66%] [32m[1mLinking CXX executable trajectory_visualizer_tests[0m
[303.026s] [ 66%] Built target trajectory_visualizer_tests
[307.531s] [ 68%] [32mBuilding CXX object CMakeFiles/mppi_critics.dir/src/critics/twirling_critic.cpp.o[0m
[315.163s] [ 70%] [32mBuilding CXX object CMakeFiles/mppi_critics.dir/src/critics/constraint_critic.cpp.o[0m
[324.469s] [ 72%] [32mBuilding CXX object CMakeFiles/mppi_critics.dir/src/critics/prefer_forward_critic.cpp.o[0m
[333.235s] [ 75%] [32m[1mLinking CXX shared library libmppi_critics.so[0m
[333.856s] [ 75%] Built target mppi_critics
[333.904s] [ 77%] [32mBuilding CXX object test/CMakeFiles/critic_manager_test.dir/critic_manager_test.cpp.o[0m
[333.905s] [ 79%] [32mBuilding CXX object test/CMakeFiles/path_handler_test.dir/path_handler_test.cpp.o[0m
[333.908s] [ 81%] [32mBuilding CXX object test/CMakeFiles/optimizer_unit_tests.dir/optimizer_unit_tests.cpp.o[0m
[348.721s] [ 83%] [32m[1mLinking CXX executable path_handler_test[0m
[349.628s] [ 83%] Built target path_handler_test
[349.696s] [ 85%] [32mBuilding CXX object test/CMakeFiles/critics_tests.dir/critics_tests.cpp.o[0m
[358.920s] [ 87%] [32m[1mLinking CXX executable critic_manager_test[0m
[359.767s] [ 87%] Built target critic_manager_test
[361.752s] [ 89%] [32m[1mLinking CXX executable optimizer_unit_tests[0m
[362.275s] [ 89%] Built target optimizer_unit_tests
[370.223s] [ 91%] [32m[1mLinking CXX executable critics_tests[0m
[370.547s] [ 91%] Built target critics_tests
[370.575s] [ 95%] [32mBuilding CXX object test/CMakeFiles/optimizer_smoke_test.dir/optimizer_smoke_test.cpp.o[0m
[370.575s] [ 95%] [32mBuilding CXX object test/CMakeFiles/utils_test.dir/utils_test.cpp.o[0m
[380.325s] [ 97%] [32m[1mLinking CXX executable utils_test[0m
[380.630s] [ 97%] Built target utils_test
[381.559s] [100%] [32m[1mLinking CXX executable optimizer_smoke_test[0m
[381.873s] [100%] Built target optimizer_smoke_test
[381.885s] Invoked command in '/home/kong/my_ws/build/nav2_mppi_controller' returned '0': CMAKE_PREFIX_PATH=/home/kong/my_ws/install/nav2_core:/home/kong/my_ws/install/nav2_costmap_2d:/home/kong/my_ws/install/nav2_util:/home/kong/my_ws/install/nav2_voxel_grid:/home/kong/my_ws/install/nav2_msgs:/home/kong/my_ws/install/nav2_common:/home/kong/install/ydlidar_ros2_driver:/home/kong/install/usb_cam:/home/kong/install/teleop_twist_joy:/home/kong/install/ros2_aruco_interfaces:/home/kong/install/realsense2_description:/home/kong/install/realsense2_camera_msgs:/home/kong/install/odrive_ros2_control:/home/kong/install/odrive_hardware_interface:/home/kong/install/odrive_demo_bringup:/home/kong/install/odrive_demo_description:/home/kong/install/dwb_msgs:/home/kong/install/nav_2d_msgs:/home/kong/install/nav2_voxel_grid:/home/kong/install/nav2_common:/home/kong/install/my_slam_package:/home/kong/install/my_bot_description:/home/kong/my_ws/install/ydlidar_ros2_driver:/home/kong/my_ws/install/usb_cam:/home/kong/my_ws/install/teleop_twist_joy:/home/kong/my_ws/install/nav2_system_tests:/home/kong/my_ws/install/nav2_bringup:/home/kong/my_ws/install/slam_toolbox:/home/kong/my_ws/install/ros2_aruco_interfaces:/home/kong/my_ws/install/realsense2_description:/home/kong/my_ws/install/realsense2_camera:/home/kong/my_ws/install/realsense2_camera_msgs:/home/kong/my_ws/install/odrive_ros2_control:/home/kong/my_ws/install/odrive_hardware_interface:/home/kong/my_ws/install/odrive_demo_bringup:/home/kong/my_ws/install/odrive_demo_description:/home/kong/my_ws/install/navigation2:/home/kong/my_ws/install/nav2_smoother:/home/kong/my_ws/install/nav2_graceful_controller:/home/kong/my_ws/install/nav2_dwb_controller:/home/kong/my_ws/install/nav2_controller:/home/kong/my_ws/install/dwb_plugins:/home/kong/my_ws/install/dwb_critics:/home/kong/my_ws/install/dwb_core:/home/kong/my_ws/install/nav_2d_utils:/home/kong/my_ws/install/dwb_msgs:/home/kong/my_ws/install/nav_2d_msgs:/home/kong/my_ws/install/nav2_waypoint_follower:/home/kong/my_ws/install/nav2_theta_star_planner:/home/kong/my_ws/install/nav2_smac_planner:/home/kong/my_ws/install/nav2_rotation_shim_controller:/home/kong/my_ws/install/nav2_regulated_pure_pursuit_controller:/home/kong/my_ws/install/nav2_planner:/home/kong/my_ws/install/nav2_navfn_planner:/home/kong/my_ws/install/nav2_mppi_controller:/home/kong/my_ws/install/nav2_constrained_smoother:/home/kong/my_ws/install/nav2_bt_navigator:/home/kong/my_ws/install/nav2_behaviors:/home/kong/my_ws/install/nav2_collision_monitor:/home/kong/my_ws/install/costmap_queue:/home/kong/my_ws/install/nav2_velocity_smoother:/home/kong/my_ws/install/nav2_rviz_plugins:/home/kong/my_ws/install/nav2_map_server:/home/kong/my_ws/install/nav2_lifecycle_manager:/home/kong/my_ws/install/nav2_behavior_tree:/home/kong/my_ws/install/nav2_amcl:/home/kong/my_ws/install/my_slam_package:/home/kong/my_ws/install/my_bot_description:/home/kong/install/ros2_aruco:/home/kong/install/my_tf2_package:/home/kong/install/my_docking:/home/kong/install/my_aruco_to_goal_pose_pkg:/home/kong/my_ws/install/ros2_aruco:/home/kong/my_ws/install/nav2_simple_commander:/home/kong/my_ws/install/my_tf2_package:/home/kong/my_ws/install/my_docking:/home/kong/my_ws/install/my_aruco_to_goal_pose_pkg:/opt/ros/humble LD_LIBRARY_PATH=/home/kong/my_ws/install/nav2_costmap_2d/lib:/home/kong/my_ws/install/nav2_util/lib:/home/kong/my_ws/install/nav2_voxel_grid/lib:/home/kong/my_ws/install/nav2_msgs/lib:/home/kong/install/usb_cam/lib:/home/kong/install/teleop_twist_joy/lib:/home/kong/install/ros2_aruco_interfaces/lib:/home/kong/install/realsense2_camera_msgs/lib:/home/kong/install/odrive_hardware_interface/lib:/home/kong/install/dwb_msgs/lib:/home/kong/install/nav_2d_msgs/lib:/home/kong/install/nav2_voxel_grid/lib:/home/kong/my_ws/install/usb_cam/lib:/home/kong/my_ws/install/teleop_twist_joy/lib:/home/kong/my_ws/install/slam_toolbox/lib:/home/kong/my_ws/install/ros2_aruco_interfaces/lib:/home/kong/my_ws/install/realsense2_camera/lib:/home/kong/my_ws/install/realsense2_camera_msgs/lib:/home/kong/my_ws/install/odrive_hardware_interface/lib:/home/kong/my_ws/install/nav2_smoother/lib:/home/kong/my_ws/install/nav2_graceful_controller/lib:/home/kong/my_ws/install/nav2_controller/lib:/home/kong/my_ws/install/dwb_plugins/lib:/home/kong/my_ws/install/dwb_critics/lib:/home/kong/my_ws/install/dwb_core/lib:/home/kong/my_ws/install/nav_2d_utils/lib:/home/kong/my_ws/install/dwb_msgs/lib:/home/kong/my_ws/install/nav_2d_msgs/lib:/home/kong/my_ws/install/nav2_waypoint_follower/lib:/home/kong/my_ws/install/nav2_theta_star_planner/lib:/home/kong/my_ws/install/nav2_smac_planner/lib:/home/kong/my_ws/install/nav2_rotation_shim_controller/lib:/home/kong/my_ws/install/nav2_regulated_pure_pursuit_controller/lib:/home/kong/my_ws/install/nav2_planner/lib:/home/kong/my_ws/install/nav2_navfn_planner/lib:/home/kong/my_ws/install/nav2_mppi_controller/lib:/home/kong/my_ws/install/nav2_constrained_smoother/lib:/home/kong/my_ws/install/nav2_bt_navigator/lib:/home/kong/my_ws/install/nav2_behaviors/lib:/home/kong/my_ws/install/nav2_collision_monitor/lib:/home/kong/my_ws/install/costmap_queue/lib:/home/kong/my_ws/install/nav2_velocity_smoother/lib:/home/kong/my_ws/install/nav2_rviz_plugins/lib:/home/kong/my_ws/install/nav2_map_server/lib:/home/kong/my_ws/install/nav2_lifecycle_manager/lib:/home/kong/my_ws/install/nav2_behavior_tree/lib:/home/kong/my_ws/install/nav2_amcl/lib:/usr/lib/x86_64-linux-gnu/gazebo-11/plugins:/opt/ros/humble/opt/rviz_ogre_vendor/lib:/opt/ros/humble/lib/x86_64-linux-gnu:/opt/ros/humble/lib /usr/bin/cmake --build /home/kong/my_ws/build/nav2_mppi_controller -- -j8 -l8
[382.094s] Invoking command in '/home/kong/my_ws/build/nav2_mppi_controller': CMAKE_PREFIX_PATH=/home/kong/my_ws/install/nav2_core:/home/kong/my_ws/install/nav2_costmap_2d:/home/kong/my_ws/install/nav2_util:/home/kong/my_ws/install/nav2_voxel_grid:/home/kong/my_ws/install/nav2_msgs:/home/kong/my_ws/install/nav2_common:/home/kong/install/ydlidar_ros2_driver:/home/kong/install/usb_cam:/home/kong/install/teleop_twist_joy:/home/kong/install/ros2_aruco_interfaces:/home/kong/install/realsense2_description:/home/kong/install/realsense2_camera_msgs:/home/kong/install/odrive_ros2_control:/home/kong/install/odrive_hardware_interface:/home/kong/install/odrive_demo_bringup:/home/kong/install/odrive_demo_description:/home/kong/install/dwb_msgs:/home/kong/install/nav_2d_msgs:/home/kong/install/nav2_voxel_grid:/home/kong/install/nav2_common:/home/kong/install/my_slam_package:/home/kong/install/my_bot_description:/home/kong/my_ws/install/ydlidar_ros2_driver:/home/kong/my_ws/install/usb_cam:/home/kong/my_ws/install/teleop_twist_joy:/home/kong/my_ws/install/nav2_system_tests:/home/kong/my_ws/install/nav2_bringup:/home/kong/my_ws/install/slam_toolbox:/home/kong/my_ws/install/ros2_aruco_interfaces:/home/kong/my_ws/install/realsense2_description:/home/kong/my_ws/install/realsense2_camera:/home/kong/my_ws/install/realsense2_camera_msgs:/home/kong/my_ws/install/odrive_ros2_control:/home/kong/my_ws/install/odrive_hardware_interface:/home/kong/my_ws/install/odrive_demo_bringup:/home/kong/my_ws/install/odrive_demo_description:/home/kong/my_ws/install/navigation2:/home/kong/my_ws/install/nav2_smoother:/home/kong/my_ws/install/nav2_graceful_controller:/home/kong/my_ws/install/nav2_dwb_controller:/home/kong/my_ws/install/nav2_controller:/home/kong/my_ws/install/dwb_plugins:/home/kong/my_ws/install/dwb_critics:/home/kong/my_ws/install/dwb_core:/home/kong/my_ws/install/nav_2d_utils:/home/kong/my_ws/install/dwb_msgs:/home/kong/my_ws/install/nav_2d_msgs:/home/kong/my_ws/install/nav2_waypoint_follower:/home/kong/my_ws/install/nav2_theta_star_planner:/home/kong/my_ws/install/nav2_smac_planner:/home/kong/my_ws/install/nav2_rotation_shim_controller:/home/kong/my_ws/install/nav2_regulated_pure_pursuit_controller:/home/kong/my_ws/install/nav2_planner:/home/kong/my_ws/install/nav2_navfn_planner:/home/kong/my_ws/install/nav2_mppi_controller:/home/kong/my_ws/install/nav2_constrained_smoother:/home/kong/my_ws/install/nav2_bt_navigator:/home/kong/my_ws/install/nav2_behaviors:/home/kong/my_ws/install/nav2_collision_monitor:/home/kong/my_ws/install/costmap_queue:/home/kong/my_ws/install/nav2_velocity_smoother:/home/kong/my_ws/install/nav2_rviz_plugins:/home/kong/my_ws/install/nav2_map_server:/home/kong/my_ws/install/nav2_lifecycle_manager:/home/kong/my_ws/install/nav2_behavior_tree:/home/kong/my_ws/install/nav2_amcl:/home/kong/my_ws/install/my_slam_package:/home/kong/my_ws/install/my_bot_description:/home/kong/install/ros2_aruco:/home/kong/install/my_tf2_package:/home/kong/install/my_docking:/home/kong/install/my_aruco_to_goal_pose_pkg:/home/kong/my_ws/install/ros2_aruco:/home/kong/my_ws/install/nav2_simple_commander:/home/kong/my_ws/install/my_tf2_package:/home/kong/my_ws/install/my_docking:/home/kong/my_ws/install/my_aruco_to_goal_pose_pkg:/opt/ros/humble LD_LIBRARY_PATH=/home/kong/my_ws/install/nav2_costmap_2d/lib:/home/kong/my_ws/install/nav2_util/lib:/home/kong/my_ws/install/nav2_voxel_grid/lib:/home/kong/my_ws/install/nav2_msgs/lib:/home/kong/install/usb_cam/lib:/home/kong/install/teleop_twist_joy/lib:/home/kong/install/ros2_aruco_interfaces/lib:/home/kong/install/realsense2_camera_msgs/lib:/home/kong/install/odrive_hardware_interface/lib:/home/kong/install/dwb_msgs/lib:/home/kong/install/nav_2d_msgs/lib:/home/kong/install/nav2_voxel_grid/lib:/home/kong/my_ws/install/usb_cam/lib:/home/kong/my_ws/install/teleop_twist_joy/lib:/home/kong/my_ws/install/slam_toolbox/lib:/home/kong/my_ws/install/ros2_aruco_interfaces/lib:/home/kong/my_ws/install/realsense2_camera/lib:/home/kong/my_ws/install/realsense2_camera_msgs/lib:/home/kong/my_ws/install/odrive_hardware_interface/lib:/home/kong/my_ws/install/nav2_smoother/lib:/home/kong/my_ws/install/nav2_graceful_controller/lib:/home/kong/my_ws/install/nav2_controller/lib:/home/kong/my_ws/install/dwb_plugins/lib:/home/kong/my_ws/install/dwb_critics/lib:/home/kong/my_ws/install/dwb_core/lib:/home/kong/my_ws/install/nav_2d_utils/lib:/home/kong/my_ws/install/dwb_msgs/lib:/home/kong/my_ws/install/nav_2d_msgs/lib:/home/kong/my_ws/install/nav2_waypoint_follower/lib:/home/kong/my_ws/install/nav2_theta_star_planner/lib:/home/kong/my_ws/install/nav2_smac_planner/lib:/home/kong/my_ws/install/nav2_rotation_shim_controller/lib:/home/kong/my_ws/install/nav2_regulated_pure_pursuit_controller/lib:/home/kong/my_ws/install/nav2_planner/lib:/home/kong/my_ws/install/nav2_navfn_planner/lib:/home/kong/my_ws/install/nav2_mppi_controller/lib:/home/kong/my_ws/install/nav2_constrained_smoother/lib:/home/kong/my_ws/install/nav2_bt_navigator/lib:/home/kong/my_ws/install/nav2_behaviors/lib:/home/kong/my_ws/install/nav2_collision_monitor/lib:/home/kong/my_ws/install/costmap_queue/lib:/home/kong/my_ws/install/nav2_velocity_smoother/lib:/home/kong/my_ws/install/nav2_rviz_plugins/lib:/home/kong/my_ws/install/nav2_map_server/lib:/home/kong/my_ws/install/nav2_lifecycle_manager/lib:/home/kong/my_ws/install/nav2_behavior_tree/lib:/home/kong/my_ws/install/nav2_amcl/lib:/usr/lib/x86_64-linux-gnu/gazebo-11/plugins:/opt/ros/humble/opt/rviz_ogre_vendor/lib:/opt/ros/humble/lib/x86_64-linux-gnu:/opt/ros/humble/lib /usr/bin/cmake --install /home/kong/my_ws/build/nav2_mppi_controller
[382.106s] -- Install configuration: "Release"
[382.106s] -- Installing: /home/kong/my_ws/install/nav2_mppi_controller/lib/libmppi_controller.so
[382.107s] -- Set runtime path of "/home/kong/my_ws/install/nav2_mppi_controller/lib/libmppi_controller.so" to ""
[382.107s] -- Installing: /home/kong/my_ws/install/nav2_mppi_controller/lib/libmppi_critics.so
[382.108s] -- Set runtime path of "/home/kong/my_ws/install/nav2_mppi_controller/lib/libmppi_critics.so" to ""
[382.108s] -- Installing: /home/kong/my_ws/install/nav2_mppi_controller/include/
[382.108s] -- Installing: /home/kong/my_ws/install/nav2_mppi_controller/include//nav2_mppi_controller
[382.108s] -- Installing: /home/kong/my_ws/install/nav2_mppi_controller/include//nav2_mppi_controller/controller.hpp
[382.108s] -- Installing: /home/kong/my_ws/install/nav2_mppi_controller/include//nav2_mppi_controller/optimizer.hpp
[382.108s] -- Installing: /home/kong/my_ws/install/nav2_mppi_controller/include//nav2_mppi_controller/critic_manager.hpp
[382.108s] -- Installing: /home/kong/my_ws/install/nav2_mppi_controller/include//nav2_mppi_controller/tools
[382.108s] -- Installing: /home/kong/my_ws/install/nav2_mppi_controller/include//nav2_mppi_controller/tools/trajectory_visualizer.hpp
[382.108s] -- Installing: /home/kong/my_ws/install/nav2_mppi_controller/include//nav2_mppi_controller/tools/parameters_handler.hpp
[382.108s] -- Installing: /home/kong/my_ws/install/nav2_mppi_controller/include//nav2_mppi_controller/tools/noise_generator.hpp
[382.108s] -- Installing: /home/kong/my_ws/install/nav2_mppi_controller/include//nav2_mppi_controller/tools/utils.hpp
[382.108s] -- Installing: /home/kong/my_ws/install/nav2_mppi_controller/include//nav2_mppi_controller/tools/path_handler.hpp
[382.108s] -- Installing: /home/kong/my_ws/install/nav2_mppi_controller/include//nav2_mppi_controller/motion_models.hpp
[382.108s] -- Installing: /home/kong/my_ws/install/nav2_mppi_controller/include//nav2_mppi_controller/critic_data.hpp
[382.108s] -- Installing: /home/kong/my_ws/install/nav2_mppi_controller/include//nav2_mppi_controller/critic_function.hpp
[382.108s] -- Installing: /home/kong/my_ws/install/nav2_mppi_controller/include//nav2_mppi_controller/models
[382.108s] -- Installing: /home/kong/my_ws/install/nav2_mppi_controller/include//nav2_mppi_controller/models/control_sequence.hpp
[382.109s] -- Installing: /home/kong/my_ws/install/nav2_mppi_controller/include//nav2_mppi_controller/models/constraints.hpp
[382.109s] -- Installing: /home/kong/my_ws/install/nav2_mppi_controller/include//nav2_mppi_controller/models/path.hpp
[382.109s] -- Installing: /home/kong/my_ws/install/nav2_mppi_controller/include//nav2_mppi_controller/models/trajectories.hpp
[382.109s] -- Installing: /home/kong/my_ws/install/nav2_mppi_controller/include//nav2_mppi_controller/models/optimizer_settings.hpp
[382.109s] -- Installing: /home/kong/my_ws/install/nav2_mppi_controller/include//nav2_mppi_controller/models/state.hpp
[382.109s] -- Installing: /home/kong/my_ws/install/nav2_mppi_controller/include//nav2_mppi_controller/critics
[382.109s] -- Installing: /home/kong/my_ws/install/nav2_mppi_controller/include//nav2_mppi_controller/critics/goal_angle_critic.hpp
[382.109s] -- Installing: /home/kong/my_ws/install/nav2_mppi_controller/include//nav2_mppi_controller/critics/goal_critic.hpp
[382.109s] -- Installing: /home/kong/my_ws/install/nav2_mppi_controller/include//nav2_mppi_controller/critics/twirling_critic.hpp
[382.109s] -- Installing: /home/kong/my_ws/install/nav2_mppi_controller/include//nav2_mppi_controller/critics/path_align_critic.hpp
[382.109s] -- Installing: /home/kong/my_ws/install/nav2_mppi_controller/include//nav2_mppi_controller/critics/path_align_legacy_critic.hpp
[382.109s] -- Installing: /home/kong/my_ws/install/nav2_mppi_controller/include//nav2_mppi_controller/critics/constraint_critic.hpp
[382.109s] -- Installing: /home/kong/my_ws/install/nav2_mppi_controller/include//nav2_mppi_controller/critics/path_angle_critic.hpp
[382.109s] -- Installing: /home/kong/my_ws/install/nav2_mppi_controller/include//nav2_mppi_controller/critics/cost_critic.hpp
[382.109s] -- Installing: /home/kong/my_ws/install/nav2_mppi_controller/include//nav2_mppi_controller/critics/path_follow_critic.hpp
[382.109s] -- Installing: /home/kong/my_ws/install/nav2_mppi_controller/include//nav2_mppi_controller/critics/obstacles_critic.hpp
[382.109s] -- Installing: /home/kong/my_ws/install/nav2_mppi_controller/include//nav2_mppi_controller/critics/prefer_forward_critic.hpp
[382.109s] -- Installing: /home/kong/my_ws/install/nav2_mppi_controller/share/nav2_mppi_controller/environment/library_path.sh
[382.109s] -- Installing: /home/kong/my_ws/install/nav2_mppi_controller/share/nav2_mppi_controller/environment/library_path.dsv
[382.109s] -- Installing: /home/kong/my_ws/install/nav2_mppi_controller/share/nav2_mppi_controller/mppic.xml
[382.118s] -- Installing: /home/kong/my_ws/install/nav2_mppi_controller/share/nav2_mppi_controller/critics.xml
[382.118s] -- Installing: /home/kong/my_ws/install/nav2_mppi_controller/share/ament_index/resource_index/package_run_dependencies/nav2_mppi_controller
[382.118s] -- Installing: /home/kong/my_ws/install/nav2_mppi_controller/share/ament_index/resource_index/parent_prefix_path/nav2_mppi_controller
[382.118s] -- Installing: /home/kong/my_ws/install/nav2_mppi_controller/share/nav2_mppi_controller/environment/ament_prefix_path.sh
[382.118s] -- Installing: /home/kong/my_ws/install/nav2_mppi_controller/share/nav2_mppi_controller/environment/ament_prefix_path.dsv
[382.118s] -- Installing: /home/kong/my_ws/install/nav2_mppi_controller/share/nav2_mppi_controller/environment/path.sh
[382.118s] -- Installing: /home/kong/my_ws/install/nav2_mppi_controller/share/nav2_mppi_controller/environment/path.dsv
[382.118s] -- Installing: /home/kong/my_ws/install/nav2_mppi_controller/share/nav2_mppi_controller/local_setup.bash
[382.119s] -- Installing: /home/kong/my_ws/install/nav2_mppi_controller/share/nav2_mppi_controller/local_setup.sh
[382.119s] -- Installing: /home/kong/my_ws/install/nav2_mppi_controller/share/nav2_mppi_controller/local_setup.zsh
[382.119s] -- Installing: /home/kong/my_ws/install/nav2_mppi_controller/share/nav2_mppi_controller/local_setup.dsv
[382.119s] -- Installing: /home/kong/my_ws/install/nav2_mppi_controller/share/nav2_mppi_controller/package.dsv
[382.119s] -- Installing: /home/kong/my_ws/install/nav2_mppi_controller/share/ament_index/resource_index/packages/nav2_mppi_controller
[382.119s] -- Installing: /home/kong/my_ws/install/nav2_mppi_controller/share/ament_index/resource_index/nav2_core__pluginlib__plugin/nav2_mppi_controller
[382.119s] -- Installing: /home/kong/my_ws/install/nav2_mppi_controller/share/ament_index/resource_index/nav2_mppi_controller__pluginlib__plugin/nav2_mppi_controller
[382.119s] -- Installing: /home/kong/my_ws/install/nav2_mppi_controller/share/nav2_mppi_controller/cmake/ament_cmake_export_libraries-extras.cmake
[382.119s] -- Installing: /home/kong/my_ws/install/nav2_mppi_controller/share/nav2_mppi_controller/cmake/ament_cmake_export_dependencies-extras.cmake
[382.119s] -- Installing: /home/kong/my_ws/install/nav2_mppi_controller/share/nav2_mppi_controller/cmake/ament_cmake_export_include_directories-extras.cmake
[382.119s] -- Installing: /home/kong/my_ws/install/nav2_mppi_controller/share/nav2_mppi_controller/cmake/nav2_mppi_controllerConfig.cmake
[382.119s] -- Installing: /home/kong/my_ws/install/nav2_mppi_controller/share/nav2_mppi_controller/cmake/nav2_mppi_controllerConfig-version.cmake
[382.119s] -- Installing: /home/kong/my_ws/install/nav2_mppi_controller/share/nav2_mppi_controller/package.xml
[382.122s] Invoked command in '/home/kong/my_ws/build/nav2_mppi_controller' returned '0': CMAKE_PREFIX_PATH=/home/kong/my_ws/install/nav2_core:/home/kong/my_ws/install/nav2_costmap_2d:/home/kong/my_ws/install/nav2_util:/home/kong/my_ws/install/nav2_voxel_grid:/home/kong/my_ws/install/nav2_msgs:/home/kong/my_ws/install/nav2_common:/home/kong/install/ydlidar_ros2_driver:/home/kong/install/usb_cam:/home/kong/install/teleop_twist_joy:/home/kong/install/ros2_aruco_interfaces:/home/kong/install/realsense2_description:/home/kong/install/realsense2_camera_msgs:/home/kong/install/odrive_ros2_control:/home/kong/install/odrive_hardware_interface:/home/kong/install/odrive_demo_bringup:/home/kong/install/odrive_demo_description:/home/kong/install/dwb_msgs:/home/kong/install/nav_2d_msgs:/home/kong/install/nav2_voxel_grid:/home/kong/install/nav2_common:/home/kong/install/my_slam_package:/home/kong/install/my_bot_description:/home/kong/my_ws/install/ydlidar_ros2_driver:/home/kong/my_ws/install/usb_cam:/home/kong/my_ws/install/teleop_twist_joy:/home/kong/my_ws/install/nav2_system_tests:/home/kong/my_ws/install/nav2_bringup:/home/kong/my_ws/install/slam_toolbox:/home/kong/my_ws/install/ros2_aruco_interfaces:/home/kong/my_ws/install/realsense2_description:/home/kong/my_ws/install/realsense2_camera:/home/kong/my_ws/install/realsense2_camera_msgs:/home/kong/my_ws/install/odrive_ros2_control:/home/kong/my_ws/install/odrive_hardware_interface:/home/kong/my_ws/install/odrive_demo_bringup:/home/kong/my_ws/install/odrive_demo_description:/home/kong/my_ws/install/navigation2:/home/kong/my_ws/install/nav2_smoother:/home/kong/my_ws/install/nav2_graceful_controller:/home/kong/my_ws/install/nav2_dwb_controller:/home/kong/my_ws/install/nav2_controller:/home/kong/my_ws/install/dwb_plugins:/home/kong/my_ws/install/dwb_critics:/home/kong/my_ws/install/dwb_core:/home/kong/my_ws/install/nav_2d_utils:/home/kong/my_ws/install/dwb_msgs:/home/kong/my_ws/install/nav_2d_msgs:/home/kong/my_ws/install/nav2_waypoint_follower:/home/kong/my_ws/install/nav2_theta_star_planner:/home/kong/my_ws/install/nav2_smac_planner:/home/kong/my_ws/install/nav2_rotation_shim_controller:/home/kong/my_ws/install/nav2_regulated_pure_pursuit_controller:/home/kong/my_ws/install/nav2_planner:/home/kong/my_ws/install/nav2_navfn_planner:/home/kong/my_ws/install/nav2_mppi_controller:/home/kong/my_ws/install/nav2_constrained_smoother:/home/kong/my_ws/install/nav2_bt_navigator:/home/kong/my_ws/install/nav2_behaviors:/home/kong/my_ws/install/nav2_collision_monitor:/home/kong/my_ws/install/costmap_queue:/home/kong/my_ws/install/nav2_velocity_smoother:/home/kong/my_ws/install/nav2_rviz_plugins:/home/kong/my_ws/install/nav2_map_server:/home/kong/my_ws/install/nav2_lifecycle_manager:/home/kong/my_ws/install/nav2_behavior_tree:/home/kong/my_ws/install/nav2_amcl:/home/kong/my_ws/install/my_slam_package:/home/kong/my_ws/install/my_bot_description:/home/kong/install/ros2_aruco:/home/kong/install/my_tf2_package:/home/kong/install/my_docking:/home/kong/install/my_aruco_to_goal_pose_pkg:/home/kong/my_ws/install/ros2_aruco:/home/kong/my_ws/install/nav2_simple_commander:/home/kong/my_ws/install/my_tf2_package:/home/kong/my_ws/install/my_docking:/home/kong/my_ws/install/my_aruco_to_goal_pose_pkg:/opt/ros/humble LD_LIBRARY_PATH=/home/kong/my_ws/install/nav2_costmap_2d/lib:/home/kong/my_ws/install/nav2_util/lib:/home/kong/my_ws/install/nav2_voxel_grid/lib:/home/kong/my_ws/install/nav2_msgs/lib:/home/kong/install/usb_cam/lib:/home/kong/install/teleop_twist_joy/lib:/home/kong/install/ros2_aruco_interfaces/lib:/home/kong/install/realsense2_camera_msgs/lib:/home/kong/install/odrive_hardware_interface/lib:/home/kong/install/dwb_msgs/lib:/home/kong/install/nav_2d_msgs/lib:/home/kong/install/nav2_voxel_grid/lib:/home/kong/my_ws/install/usb_cam/lib:/home/kong/my_ws/install/teleop_twist_joy/lib:/home/kong/my_ws/install/slam_toolbox/lib:/home/kong/my_ws/install/ros2_aruco_interfaces/lib:/home/kong/my_ws/install/realsense2_camera/lib:/home/kong/my_ws/install/realsense2_camera_msgs/lib:/home/kong/my_ws/install/odrive_hardware_interface/lib:/home/kong/my_ws/install/nav2_smoother/lib:/home/kong/my_ws/install/nav2_graceful_controller/lib:/home/kong/my_ws/install/nav2_controller/lib:/home/kong/my_ws/install/dwb_plugins/lib:/home/kong/my_ws/install/dwb_critics/lib:/home/kong/my_ws/install/dwb_core/lib:/home/kong/my_ws/install/nav_2d_utils/lib:/home/kong/my_ws/install/dwb_msgs/lib:/home/kong/my_ws/install/nav_2d_msgs/lib:/home/kong/my_ws/install/nav2_waypoint_follower/lib:/home/kong/my_ws/install/nav2_theta_star_planner/lib:/home/kong/my_ws/install/nav2_smac_planner/lib:/home/kong/my_ws/install/nav2_rotation_shim_controller/lib:/home/kong/my_ws/install/nav2_regulated_pure_pursuit_controller/lib:/home/kong/my_ws/install/nav2_planner/lib:/home/kong/my_ws/install/nav2_navfn_planner/lib:/home/kong/my_ws/install/nav2_mppi_controller/lib:/home/kong/my_ws/install/nav2_constrained_smoother/lib:/home/kong/my_ws/install/nav2_bt_navigator/lib:/home/kong/my_ws/install/nav2_behaviors/lib:/home/kong/my_ws/install/nav2_collision_monitor/lib:/home/kong/my_ws/install/costmap_queue/lib:/home/kong/my_ws/install/nav2_velocity_smoother/lib:/home/kong/my_ws/install/nav2_rviz_plugins/lib:/home/kong/my_ws/install/nav2_map_server/lib:/home/kong/my_ws/install/nav2_lifecycle_manager/lib:/home/kong/my_ws/install/nav2_behavior_tree/lib:/home/kong/my_ws/install/nav2_amcl/lib:/usr/lib/x86_64-linux-gnu/gazebo-11/plugins:/opt/ros/humble/opt/rviz_ogre_vendor/lib:/opt/ros/humble/lib/x86_64-linux-gnu:/opt/ros/humble/lib /usr/bin/cmake --install /home/kong/my_ws/build/nav2_mppi_controller
