[0.038s] Invoking command in '/home/kong/my_ws/build/usb_cam': CMAKE_PREFIX_PATH=${CMAKE_PREFIX_PATH}:/home/kong/install/ros2_aruco:/home/kong/install/my_tf2_package:/home/kong/install/my_docking:/home/kong/install/my_aruco_to_goal_pose_pkg:/home/kong/my_ws/install/ros2_aruco:/home/kong/my_ws/install/nav2_simple_commander:/home/kong/my_ws/install/my_tf2_package:/home/kong/my_ws/install/my_docking:/home/kong/my_ws/install/my_aruco_to_goal_pose_pkg:/opt/ros/humble /usr/bin/cmake /home/kong/my_ws/src/usb_cam -DCMAKE_INSTALL_PREFIX=/home/kong/my_ws/install/usb_cam
[2.904s] -- The C compiler identification is GNU 11.4.0
[2.904s] -- The CXX compiler identification is GNU 11.4.0
[2.904s] -- Detecting C compiler ABI info
[2.904s] -- Detecting C compiler ABI info - done
[2.904s] -- Check for working C compiler: /usr/bin/cc - skipped
[2.904s] -- Detecting C compile features
[2.904s] -- Detecting C compile features - done
[2.904s] -- Detecting CXX compiler ABI info
[2.904s] -- Detecting CXX compiler ABI info - done
[2.904s] -- Check for working CXX compiler: /usr/bin/c++ - skipped
[2.904s] -- Detecting CXX compile features
[2.904s] -- Detecting CXX compile features - done
[2.904s] -- Found ament_cmake_auto: 1.3.8 (/opt/ros/humble/share/ament_cmake_auto/cmake)
[2.904s] -- Found Python3: /usr/bin/python3 (found version "3.10.12") found components: Interpreter 
[2.905s] -- Found rosidl_generator_c: 3.1.5 (/opt/ros/humble/share/rosidl_generator_c/cmake)
[2.905s] -- Found rosidl_adapter: 3.1.5 (/opt/ros/humble/share/rosidl_adapter/cmake)
[2.905s] -- Found rosidl_generator_cpp: 3.1.5 (/opt/ros/humble/share/rosidl_generator_cpp/cmake)
[2.905s] -- Using all available rosidl_typesupport_c: rosidl_typesupport_fastrtps_c;rosidl_typesupport_introspection_c
[2.905s] -- Using all available rosidl_typesupport_cpp: rosidl_typesupport_fastrtps_cpp;rosidl_typesupport_introspection_cpp
[3.027s] -- Found rmw_implementation_cmake: 6.1.1 (/opt/ros/humble/share/rmw_implementation_cmake/cmake)
[3.039s] -- Found rmw_fastrtps_cpp: 6.2.6 (/opt/ros/humble/share/rmw_fastrtps_cpp/cmake)
[3.330s] -- Found OpenSSL: /usr/lib/x86_64-linux-gnu/libcrypto.so (found version "3.0.2")  
[3.385s] -- Found FastRTPS: /opt/ros/humble/include  
[3.509s] -- Using RMW implementation 'rmw_fastrtps_cpp' as default
[3.529s] -- Looking for pthread.h
[3.800s] -- Looking for pthread.h - found
[3.801s] -- Performing Test CMAKE_HAVE_LIBC_PTHREAD
[3.952s] -- Performing Test CMAKE_HAVE_LIBC_PTHREAD - Success
[3.955s] -- Found Threads: TRUE  
[4.777s] -- Found OpenCV: /usr (found version "4.5.4") 
[4.787s] -- Found PkgConfig: /usr/bin/pkg-config (found version "0.29.2") 
[4.788s] -- Checking for module 'libavcodec'
[4.830s] --   Found libavcodec, version 58.134.100
[4.930s] -- Checking for module 'libavutil'
[4.977s] --   Found libavutil, version 56.70.100
[5.073s] -- Checking for module 'libswscale'
[5.128s] --   Found libswscale, version 5.9.100
[5.285s] -- Found ament_lint_auto: 0.12.10 (/opt/ros/humble/share/ament_lint_auto/cmake)
[5.354s] -- Found gtest sources under '/opt/ros/humble/src/gtest_vendor': C++ tests using 'Google Test' will be built
[5.363s] -- Added test 'copyright' to check source files copyright and LICENSE
[5.370s] -- Added test 'cppcheck' to perform static code analysis on C / C++ code
[5.370s] -- Configured cppcheck include dirs: /home/kong/my_ws/src/usb_cam/include
[5.370s] -- Configured cppcheck exclude dirs and/or files: 
[5.379s] -- Added test 'cpplint' to check C / C++ code against the Google style
[5.379s] -- Configured cpplint exclude dirs and/or files: 
[5.381s] -- Added test 'flake8' to check Python code syntax and style conventions
[5.385s] -- Added test 'lint_cmake' to check CMake code style
[5.388s] -- Added test 'pep257' to check Python code against some of the docstring style conventions in PEP 257
[5.395s] -- Added test 'uncrustify' to check C / C++ code style
[5.396s] -- Configured uncrustify additional arguments: 
[5.398s] -- Added test 'xmllint' to check XML markup files
[5.404s] -- Configuring done
[5.443s] -- Generating done
[5.447s] -- Build files have been written to: /home/kong/my_ws/build/usb_cam
[5.470s] Invoked command in '/home/kong/my_ws/build/usb_cam' returned '0': CMAKE_PREFIX_PATH=${CMAKE_PREFIX_PATH}:/home/kong/install/ros2_aruco:/home/kong/install/my_tf2_package:/home/kong/install/my_docking:/home/kong/install/my_aruco_to_goal_pose_pkg:/home/kong/my_ws/install/ros2_aruco:/home/kong/my_ws/install/nav2_simple_commander:/home/kong/my_ws/install/my_tf2_package:/home/kong/my_ws/install/my_docking:/home/kong/my_ws/install/my_aruco_to_goal_pose_pkg:/opt/ros/humble /usr/bin/cmake /home/kong/my_ws/src/usb_cam -DCMAKE_INSTALL_PREFIX=/home/kong/my_ws/install/usb_cam
[5.471s] Invoking command in '/home/kong/my_ws/build/usb_cam': CMAKE_PREFIX_PATH=${CMAKE_PREFIX_PATH}:/home/kong/install/ros2_aruco:/home/kong/install/my_tf2_package:/home/kong/install/my_docking:/home/kong/install/my_aruco_to_goal_pose_pkg:/home/kong/my_ws/install/ros2_aruco:/home/kong/my_ws/install/nav2_simple_commander:/home/kong/my_ws/install/my_tf2_package:/home/kong/my_ws/install/my_docking:/home/kong/my_ws/install/my_aruco_to_goal_pose_pkg:/opt/ros/humble /usr/bin/cmake --build /home/kong/my_ws/build/usb_cam -- -j8 -l8
[5.600s] [ 14%] [32mBuilding CXX object CMakeFiles/usb_cam_node_exe.dir/rclcpp_components/node_main_usb_cam_node_exe.cpp.o[0m
[5.600s] [ 14%] [32mBuilding CXX object gtest/CMakeFiles/gtest_main.dir/src/gtest_main.cc.o[0m
[5.613s] [ 21%] [32mBuilding CXX object CMakeFiles/usb_cam.dir/src/usb_cam.cpp.o[0m
[5.642s] [ 28%] [32mBuilding CXX object gtest/CMakeFiles/gtest.dir/src/gtest-all.cc.o[0m
[7.372s] [ 35%] [32m[1mLinking CXX static library libgtest_main.a[0m
[7.472s] [ 35%] Built target gtest_main
[8.891s] [ 42%] [32m[1mLinking CXX shared library libusb_cam.so[0m
[9.508s] [ 42%] Built target usb_cam
[9.647s] [ 50%] [32mBuilding CXX object CMakeFiles/usb_cam_node.dir/src/ros2/usb_cam_node.cpp.o[0m
[11.228s] [ 57%] [32m[1mLinking CXX executable usb_cam_node_exe[0m
[11.565s] [ 57%] Built target usb_cam_node_exe
[12.052s] [ 64%] [32m[1mLinking CXX static library libgtest.a[0m
[12.343s] [ 64%] Built target gtest
[12.517s] [ 71%] [32mBuilding CXX object CMakeFiles/test_usb_cam_utils.dir/test/test_usb_cam_utils.cpp.o[0m
[12.546s] [ 78%] [32mBuilding CXX object CMakeFiles/test_pixel_formats.dir/test/test_pixel_formats.cpp.o[0m
[17.111s] [ 85%] [32m[1mLinking CXX executable test_pixel_formats[0m
[17.201s] [ 92%] [32m[1mLinking CXX executable test_usb_cam_utils[0m
[17.646s] [ 92%] Built target test_pixel_formats
[17.769s] [ 92%] Built target test_usb_cam_utils
[27.876s] [100%] [32m[1mLinking CXX shared library libusb_cam_node.so[0m
[28.622s] [100%] Built target usb_cam_node
[28.640s] Invoked command in '/home/kong/my_ws/build/usb_cam' returned '0': CMAKE_PREFIX_PATH=${CMAKE_PREFIX_PATH}:/home/kong/install/ros2_aruco:/home/kong/install/my_tf2_package:/home/kong/install/my_docking:/home/kong/install/my_aruco_to_goal_pose_pkg:/home/kong/my_ws/install/ros2_aruco:/home/kong/my_ws/install/nav2_simple_commander:/home/kong/my_ws/install/my_tf2_package:/home/kong/my_ws/install/my_docking:/home/kong/my_ws/install/my_aruco_to_goal_pose_pkg:/opt/ros/humble /usr/bin/cmake --build /home/kong/my_ws/build/usb_cam -- -j8 -l8
[28.807s] Invoking command in '/home/kong/my_ws/build/usb_cam': CMAKE_PREFIX_PATH=${CMAKE_PREFIX_PATH}:/home/kong/install/ros2_aruco:/home/kong/install/my_tf2_package:/home/kong/install/my_docking:/home/kong/install/my_aruco_to_goal_pose_pkg:/home/kong/my_ws/install/ros2_aruco:/home/kong/my_ws/install/nav2_simple_commander:/home/kong/my_ws/install/my_tf2_package:/home/kong/my_ws/install/my_docking:/home/kong/my_ws/install/my_aruco_to_goal_pose_pkg:/opt/ros/humble /usr/bin/cmake --install /home/kong/my_ws/build/usb_cam
[28.823s] -- Install configuration: ""
[28.824s] -- Installing: /home/kong/my_ws/install/usb_cam/share/usb_cam/environment/library_path.sh
[28.824s] -- Installing: /home/kong/my_ws/install/usb_cam/share/usb_cam/environment/library_path.dsv
[28.824s] -- Installing: /home/kong/my_ws/install/usb_cam/lib/usb_cam/usb_cam_node_exe
[28.824s] -- Set runtime path of "/home/kong/my_ws/install/usb_cam/lib/usb_cam/usb_cam_node_exe" to ""
[28.824s] -- Installing: /home/kong/my_ws/install/usb_cam/lib/usb_cam/show_image.py
[28.824s] -- Installing: /home/kong/my_ws/install/usb_cam/lib/libusb_cam.so
[28.826s] -- Installing: /home/kong/my_ws/install/usb_cam/lib/libusb_cam_node.so
[28.830s] -- Set runtime path of "/home/kong/my_ws/install/usb_cam/lib/libusb_cam_node.so" to ""
[28.830s] -- Installing: /home/kong/my_ws/install/usb_cam/include
[28.830s] -- Installing: /home/kong/my_ws/install/usb_cam/include/usb_cam
[28.830s] -- Installing: /home/kong/my_ws/install/usb_cam/include/usb_cam/constants.hpp
[28.831s] -- Installing: /home/kong/my_ws/install/usb_cam/include/usb_cam/formats
[28.831s] -- Installing: /home/kong/my_ws/install/usb_cam/include/usb_cam/formats/m420.hpp
[28.831s] -- Installing: /home/kong/my_ws/install/usb_cam/include/usb_cam/formats/utils.hpp
[28.831s] -- Installing: /home/kong/my_ws/install/usb_cam/include/usb_cam/formats/pixel_format_base.hpp
[28.831s] -- Installing: /home/kong/my_ws/install/usb_cam/include/usb_cam/formats/mjpeg.hpp
[28.831s] -- Installing: /home/kong/my_ws/install/usb_cam/include/usb_cam/formats/av_pixel_format_helper.hpp
[28.831s] -- Installing: /home/kong/my_ws/install/usb_cam/include/usb_cam/formats/uyvy.hpp
[28.831s] -- Installing: /home/kong/my_ws/install/usb_cam/include/usb_cam/formats/rgb.hpp
[28.831s] -- Installing: /home/kong/my_ws/install/usb_cam/include/usb_cam/formats/yuyv.hpp
[28.831s] -- Installing: /home/kong/my_ws/install/usb_cam/include/usb_cam/formats/mono.hpp
[28.831s] -- Installing: /home/kong/my_ws/install/usb_cam/include/usb_cam/utils.hpp
[28.832s] -- Installing: /home/kong/my_ws/install/usb_cam/include/usb_cam/usb_cam_node.hpp
[28.832s] -- Installing: /home/kong/my_ws/install/usb_cam/include/usb_cam/conversions.hpp
[28.832s] -- Installing: /home/kong/my_ws/install/usb_cam/include/usb_cam/usb_cam.hpp
[28.832s] -- Up-to-date: /home/kong/my_ws/install/usb_cam/lib/libusb_cam_node.so
[28.832s] -- Installing: /home/kong/my_ws/install/usb_cam/share/usb_cam/launch
[28.832s] -- Installing: /home/kong/my_ws/install/usb_cam/share/usb_cam/launch/camera_config.py
[28.832s] -- Installing: /home/kong/my_ws/install/usb_cam/share/usb_cam/launch/camera.launch.py
[28.832s] -- Installing: /home/kong/my_ws/install/usb_cam/share/usb_cam/launch/__init__.py
[28.832s] -- Installing: /home/kong/my_ws/install/usb_cam/share/usb_cam/config
[28.833s] -- Installing: /home/kong/my_ws/install/usb_cam/share/usb_cam/config/params_2.yaml
[28.833s] -- Installing: /home/kong/my_ws/install/usb_cam/share/usb_cam/config/params_1.yaml
[28.833s] -- Installing: /home/kong/my_ws/install/usb_cam/share/usb_cam/config/camera_info.yaml
[28.833s] -- Installing: /home/kong/my_ws/install/usb_cam/share/ament_index/resource_index/package_run_dependencies/usb_cam
[28.833s] -- Installing: /home/kong/my_ws/install/usb_cam/share/ament_index/resource_index/parent_prefix_path/usb_cam
[28.833s] -- Installing: /home/kong/my_ws/install/usb_cam/share/usb_cam/environment/ament_prefix_path.sh
[28.833s] -- Installing: /home/kong/my_ws/install/usb_cam/share/usb_cam/environment/ament_prefix_path.dsv
[28.834s] -- Installing: /home/kong/my_ws/install/usb_cam/share/usb_cam/environment/path.sh
[28.834s] -- Installing: /home/kong/my_ws/install/usb_cam/share/usb_cam/environment/path.dsv
[28.834s] -- Installing: /home/kong/my_ws/install/usb_cam/share/usb_cam/local_setup.bash
[28.834s] -- Installing: /home/kong/my_ws/install/usb_cam/share/usb_cam/local_setup.sh
[28.834s] -- Installing: /home/kong/my_ws/install/usb_cam/share/usb_cam/local_setup.zsh
[28.834s] -- Installing: /home/kong/my_ws/install/usb_cam/share/usb_cam/local_setup.dsv
[28.834s] -- Installing: /home/kong/my_ws/install/usb_cam/share/usb_cam/package.dsv
[28.835s] -- Installing: /home/kong/my_ws/install/usb_cam/share/ament_index/resource_index/packages/usb_cam
[28.835s] -- Installing: /home/kong/my_ws/install/usb_cam/share/ament_index/resource_index/rclcpp_components/usb_cam
[28.835s] -- Installing: /home/kong/my_ws/install/usb_cam/share/usb_cam/cmake/ament_cmake_export_libraries-extras.cmake
[28.835s] -- Installing: /home/kong/my_ws/install/usb_cam/share/usb_cam/cmake/ament_cmake_export_dependencies-extras.cmake
[28.835s] -- Installing: /home/kong/my_ws/install/usb_cam/share/usb_cam/cmake/ament_cmake_export_include_directories-extras.cmake
[28.835s] -- Installing: /home/kong/my_ws/install/usb_cam/share/usb_cam/cmake/usb_camConfig.cmake
[28.835s] -- Installing: /home/kong/my_ws/install/usb_cam/share/usb_cam/cmake/usb_camConfig-version.cmake
[28.836s] -- Installing: /home/kong/my_ws/install/usb_cam/share/usb_cam/package.xml
[28.850s] Invoked command in '/home/kong/my_ws/build/usb_cam' returned '0': CMAKE_PREFIX_PATH=${CMAKE_PREFIX_PATH}:/home/kong/install/ros2_aruco:/home/kong/install/my_tf2_package:/home/kong/install/my_docking:/home/kong/install/my_aruco_to_goal_pose_pkg:/home/kong/my_ws/install/ros2_aruco:/home/kong/my_ws/install/nav2_simple_commander:/home/kong/my_ws/install/my_tf2_package:/home/kong/my_ws/install/my_docking:/home/kong/my_ws/install/my_aruco_to_goal_pose_pkg:/opt/ros/humble /usr/bin/cmake --install /home/kong/my_ws/build/usb_cam
