[0.020s] Invoking command in '/home/kong/my_ws/build/usb_cam': CMAKE_PREFIX_PATH=${CMAKE_PREFIX_PATH}:/home/kong/my_ws/install/ros2_aruco:/home/kong/my_ws/install/nav2_simple_commander:/home/kong/my_ws/install/my_tf2_package:/home/kong/my_ws/install/my_docking:/home/kong/my_ws/install/my_aruco_to_goal_pose_pkg:/opt/ros/humble /usr/bin/cmake --build /home/kong/my_ws/build/usb_cam -- -j8 -l8
[0.088s] [35m[1mConsolidate compiler generated dependencies of target gtest_main[0m
[0.089s] [35m[1mConsolidate compiler generated dependencies of target gtest[0m
[0.092s] [35m[1mConsolidate compiler generated dependencies of target usb_cam_node_exe[0m
[0.093s] [35m[1mConsolidate compiler generated dependencies of target usb_cam[0m
[0.103s] [ 14%] Built target gtest_main
[0.104s] [ 28%] Built target gtest
[0.110s] [ 42%] Built target usb_cam
[0.110s] [ 57%] Built target usb_cam_node_exe
[0.124s] [35m[1mConsolidate compiler generated dependencies of target test_usb_cam_utils[0m
[0.124s] [35m[1mConsolidate compiler generated dependencies of target test_pixel_formats[0m
[0.124s] [35m[1mConsolidate compiler generated dependencies of target usb_cam_node[0m
[0.139s] [ 71%] Built target test_usb_cam_utils
[0.140s] [ 85%] Built target test_pixel_formats
[0.143s] [ 92%] [32mBuilding CXX object CMakeFiles/usb_cam_node.dir/src/ros2/usb_cam_node.cpp.o[0m
[5.391s] [100%] [32m[1mLinking CXX shared library libusb_cam_node.so[0m
[5.726s] [100%] Built target usb_cam_node
[5.736s] Invoked command in '/home/kong/my_ws/build/usb_cam' returned '0': CMAKE_PREFIX_PATH=${CMAKE_PREFIX_PATH}:/home/kong/my_ws/install/ros2_aruco:/home/kong/my_ws/install/nav2_simple_commander:/home/kong/my_ws/install/my_tf2_package:/home/kong/my_ws/install/my_docking:/home/kong/my_ws/install/my_aruco_to_goal_pose_pkg:/opt/ros/humble /usr/bin/cmake --build /home/kong/my_ws/build/usb_cam -- -j8 -l8
[5.857s] Invoking command in '/home/kong/my_ws/build/usb_cam': CMAKE_PREFIX_PATH=${CMAKE_PREFIX_PATH}:/home/kong/my_ws/install/ros2_aruco:/home/kong/my_ws/install/nav2_simple_commander:/home/kong/my_ws/install/my_tf2_package:/home/kong/my_ws/install/my_docking:/home/kong/my_ws/install/my_aruco_to_goal_pose_pkg:/opt/ros/humble /usr/bin/cmake --install /home/kong/my_ws/build/usb_cam
[5.879s] -- Install configuration: ""
[5.880s] -- Up-to-date: /home/kong/my_ws/install/usb_cam/share/usb_cam/environment/library_path.sh
[5.880s] -- Up-to-date: /home/kong/my_ws/install/usb_cam/share/usb_cam/environment/library_path.dsv
[5.880s] -- Up-to-date: /home/kong/my_ws/install/usb_cam/lib/usb_cam/usb_cam_node_exe
[5.880s] -- Up-to-date: /home/kong/my_ws/install/usb_cam/lib/usb_cam/show_image.py
[5.881s] -- Up-to-date: /home/kong/my_ws/install/usb_cam/lib/libusb_cam.so
[5.881s] -- Installing: /home/kong/my_ws/install/usb_cam/lib/libusb_cam_node.so
[5.886s] -- Set runtime path of "/home/kong/my_ws/install/usb_cam/lib/libusb_cam_node.so" to ""
[5.887s] -- Up-to-date: /home/kong/my_ws/install/usb_cam/include
[5.887s] -- Up-to-date: /home/kong/my_ws/install/usb_cam/include/usb_cam
[5.887s] -- Up-to-date: /home/kong/my_ws/install/usb_cam/include/usb_cam/constants.hpp
[5.887s] -- Up-to-date: /home/kong/my_ws/install/usb_cam/include/usb_cam/formats
[5.887s] -- Up-to-date: /home/kong/my_ws/install/usb_cam/include/usb_cam/formats/m420.hpp
[5.887s] -- Up-to-date: /home/kong/my_ws/install/usb_cam/include/usb_cam/formats/utils.hpp
[5.888s] -- Up-to-date: /home/kong/my_ws/install/usb_cam/include/usb_cam/formats/pixel_format_base.hpp
[5.888s] -- Up-to-date: /home/kong/my_ws/install/usb_cam/include/usb_cam/formats/mjpeg.hpp
[5.888s] -- Up-to-date: /home/kong/my_ws/install/usb_cam/include/usb_cam/formats/av_pixel_format_helper.hpp
[5.888s] -- Up-to-date: /home/kong/my_ws/install/usb_cam/include/usb_cam/formats/uyvy.hpp
[5.888s] -- Up-to-date: /home/kong/my_ws/install/usb_cam/include/usb_cam/formats/rgb.hpp
[5.888s] -- Up-to-date: /home/kong/my_ws/install/usb_cam/include/usb_cam/formats/yuyv.hpp
[5.888s] -- Up-to-date: /home/kong/my_ws/install/usb_cam/include/usb_cam/formats/mono.hpp
[5.889s] -- Up-to-date: /home/kong/my_ws/install/usb_cam/include/usb_cam/utils.hpp
[5.889s] -- Up-to-date: /home/kong/my_ws/install/usb_cam/include/usb_cam/usb_cam_node.hpp
[5.889s] -- Up-to-date: /home/kong/my_ws/install/usb_cam/include/usb_cam/conversions.hpp
[5.889s] -- Up-to-date: /home/kong/my_ws/install/usb_cam/include/usb_cam/usb_cam.hpp
[5.889s] -- Up-to-date: /home/kong/my_ws/install/usb_cam/lib/libusb_cam_node.so
[5.890s] -- Up-to-date: /home/kong/my_ws/install/usb_cam/share/usb_cam/launch
[5.890s] -- Up-to-date: /home/kong/my_ws/install/usb_cam/share/usb_cam/launch/camera_config.py
[5.890s] -- Up-to-date: /home/kong/my_ws/install/usb_cam/share/usb_cam/launch/camera.launch.py
[5.890s] -- Up-to-date: /home/kong/my_ws/install/usb_cam/share/usb_cam/launch/__init__.py
[5.890s] -- Up-to-date: /home/kong/my_ws/install/usb_cam/share/usb_cam/config
[5.890s] -- Up-to-date: /home/kong/my_ws/install/usb_cam/share/usb_cam/config/params_2.yaml
[5.890s] -- Up-to-date: /home/kong/my_ws/install/usb_cam/share/usb_cam/config/params_1.yaml
[5.890s] -- Up-to-date: /home/kong/my_ws/install/usb_cam/share/usb_cam/config/camera_info.yaml
[5.891s] -- Up-to-date: /home/kong/my_ws/install/usb_cam/share/ament_index/resource_index/package_run_dependencies/usb_cam
[5.891s] -- Up-to-date: /home/kong/my_ws/install/usb_cam/share/ament_index/resource_index/parent_prefix_path/usb_cam
[5.891s] -- Up-to-date: /home/kong/my_ws/install/usb_cam/share/usb_cam/environment/ament_prefix_path.sh
[5.891s] -- Up-to-date: /home/kong/my_ws/install/usb_cam/share/usb_cam/environment/ament_prefix_path.dsv
[5.891s] -- Up-to-date: /home/kong/my_ws/install/usb_cam/share/usb_cam/environment/path.sh
[5.891s] -- Up-to-date: /home/kong/my_ws/install/usb_cam/share/usb_cam/environment/path.dsv
[5.891s] -- Up-to-date: /home/kong/my_ws/install/usb_cam/share/usb_cam/local_setup.bash
[5.891s] -- Up-to-date: /home/kong/my_ws/install/usb_cam/share/usb_cam/local_setup.sh
[5.891s] -- Up-to-date: /home/kong/my_ws/install/usb_cam/share/usb_cam/local_setup.zsh
[5.891s] -- Up-to-date: /home/kong/my_ws/install/usb_cam/share/usb_cam/local_setup.dsv
[5.891s] -- Installing: /home/kong/my_ws/install/usb_cam/share/usb_cam/package.dsv
[5.891s] -- Up-to-date: /home/kong/my_ws/install/usb_cam/share/ament_index/resource_index/packages/usb_cam
[5.891s] -- Up-to-date: /home/kong/my_ws/install/usb_cam/share/ament_index/resource_index/rclcpp_components/usb_cam
[5.891s] -- Up-to-date: /home/kong/my_ws/install/usb_cam/share/usb_cam/cmake/ament_cmake_export_libraries-extras.cmake
[5.891s] -- Up-to-date: /home/kong/my_ws/install/usb_cam/share/usb_cam/cmake/ament_cmake_export_dependencies-extras.cmake
[5.891s] -- Up-to-date: /home/kong/my_ws/install/usb_cam/share/usb_cam/cmake/ament_cmake_export_include_directories-extras.cmake
[5.892s] -- Up-to-date: /home/kong/my_ws/install/usb_cam/share/usb_cam/cmake/usb_camConfig.cmake
[5.892s] -- Up-to-date: /home/kong/my_ws/install/usb_cam/share/usb_cam/cmake/usb_camConfig-version.cmake
[5.892s] -- Up-to-date: /home/kong/my_ws/install/usb_cam/share/usb_cam/package.xml
[5.893s] Invoked command in '/home/kong/my_ws/build/usb_cam' returned '0': CMAKE_PREFIX_PATH=${CMAKE_PREFIX_PATH}:/home/kong/my_ws/install/ros2_aruco:/home/kong/my_ws/install/nav2_simple_commander:/home/kong/my_ws/install/my_tf2_package:/home/kong/my_ws/install/my_docking:/home/kong/my_ws/install/my_aruco_to_goal_pose_pkg:/opt/ros/humble /usr/bin/cmake --install /home/kong/my_ws/build/usb_cam
