[0.030s] Invoking command in '/home/kong/my_ws/build/odrive_demo_description': CMAKE_PREFIX_PATH=${CMAKE_PREFIX_PATH}:/home/kong/install/ros2_aruco:/home/kong/install/my_tf2_package:/home/kong/install/my_docking:/home/kong/install/my_aruco_to_goal_pose_pkg:/home/kong/my_ws/install/ros2_aruco:/home/kong/my_ws/install/nav2_simple_commander:/home/kong/my_ws/install/my_tf2_package:/home/kong/my_ws/install/my_docking:/home/kong/my_ws/install/my_aruco_to_goal_pose_pkg:/opt/ros/humble /usr/bin/cmake /home/kong/my_ws/src/odrive_ros2_control/odrive_demo_description -DCMAKE_INSTALL_PREFIX=/home/kong/my_ws/install/odrive_demo_description
[0.323s] -- The C compiler identification is GNU 11.4.0
[0.323s] -- The CXX compiler identification is GNU 11.4.0
[0.323s] -- Detecting C compiler ABI info
[0.323s] -- Detecting C compiler ABI info - done
[0.323s] -- Check for working C compiler: /usr/bin/cc - skipped
[0.323s] -- Detecting C compile features
[0.323s] -- Detecting C compile features - done
[0.323s] -- Detecting CXX compiler ABI info
[0.419s] -- Detecting CXX compiler ABI info - done
[0.429s] -- Check for working CXX compiler: /usr/bin/c++ - skipped
[0.430s] -- Detecting CXX compile features
[0.430s] -- Detecting CXX compile features - done
[0.434s] -- Found ament_cmake_auto: 1.3.8 (/opt/ros/humble/share/ament_cmake_auto/cmake)
[0.662s] -- Found Python3: /usr/bin/python3 (found version "3.10.12") found components: Interpreter 
[0.900s] -- Configuring done
[0.900s] -- Generating done
[0.900s] -- Build files have been written to: /home/kong/my_ws/build/odrive_demo_description
[0.906s] Invoked command in '/home/kong/my_ws/build/odrive_demo_description' returned '0': CMAKE_PREFIX_PATH=${CMAKE_PREFIX_PATH}:/home/kong/install/ros2_aruco:/home/kong/install/my_tf2_package:/home/kong/install/my_docking:/home/kong/install/my_aruco_to_goal_pose_pkg:/home/kong/my_ws/install/ros2_aruco:/home/kong/my_ws/install/nav2_simple_commander:/home/kong/my_ws/install/my_tf2_package:/home/kong/my_ws/install/my_docking:/home/kong/my_ws/install/my_aruco_to_goal_pose_pkg:/opt/ros/humble /usr/bin/cmake /home/kong/my_ws/src/odrive_ros2_control/odrive_demo_description -DCMAKE_INSTALL_PREFIX=/home/kong/my_ws/install/odrive_demo_description
[0.907s] Invoking command in '/home/kong/my_ws/build/odrive_demo_description': CMAKE_PREFIX_PATH=${CMAKE_PREFIX_PATH}:/home/kong/install/ros2_aruco:/home/kong/install/my_tf2_package:/home/kong/install/my_docking:/home/kong/install/my_aruco_to_goal_pose_pkg:/home/kong/my_ws/install/ros2_aruco:/home/kong/my_ws/install/nav2_simple_commander:/home/kong/my_ws/install/my_tf2_package:/home/kong/my_ws/install/my_docking:/home/kong/my_ws/install/my_aruco_to_goal_pose_pkg:/opt/ros/humble /usr/bin/cmake --build /home/kong/my_ws/build/odrive_demo_description -- -j8 -l8
[0.966s] Invoked command in '/home/kong/my_ws/build/odrive_demo_description' returned '0': CMAKE_PREFIX_PATH=${CMAKE_PREFIX_PATH}:/home/kong/install/ros2_aruco:/home/kong/install/my_tf2_package:/home/kong/install/my_docking:/home/kong/install/my_aruco_to_goal_pose_pkg:/home/kong/my_ws/install/ros2_aruco:/home/kong/my_ws/install/nav2_simple_commander:/home/kong/my_ws/install/my_tf2_package:/home/kong/my_ws/install/my_docking:/home/kong/my_ws/install/my_aruco_to_goal_pose_pkg:/opt/ros/humble /usr/bin/cmake --build /home/kong/my_ws/build/odrive_demo_description -- -j8 -l8
[1.054s] Invoking command in '/home/kong/my_ws/build/odrive_demo_description': CMAKE_PREFIX_PATH=${CMAKE_PREFIX_PATH}:/home/kong/install/ros2_aruco:/home/kong/install/my_tf2_package:/home/kong/install/my_docking:/home/kong/install/my_aruco_to_goal_pose_pkg:/home/kong/my_ws/install/ros2_aruco:/home/kong/my_ws/install/nav2_simple_commander:/home/kong/my_ws/install/my_tf2_package:/home/kong/my_ws/install/my_docking:/home/kong/my_ws/install/my_aruco_to_goal_pose_pkg:/opt/ros/humble /usr/bin/cmake --install /home/kong/my_ws/build/odrive_demo_description
[1.069s] -- Install configuration: ""
[1.070s] -- Installing: /home/kong/my_ws/install/odrive_demo_description/share/odrive_demo_description/urdf
[1.070s] -- Installing: /home/kong/my_ws/install/odrive_demo_description/share/odrive_demo_description/urdf/odrive_diffbot.urdf.xacro
[1.070s] -- Installing: /home/kong/my_ws/install/odrive_demo_description/share/odrive_demo_description/urdf/odrive.ros2_control.xacro
[1.070s] -- Installing: /home/kong/my_ws/install/odrive_demo_description/share/odrive_demo_description/urdf/odrive.urdf.xacro
[1.070s] -- Installing: /home/kong/my_ws/install/odrive_demo_description/share/ament_index/resource_index/package_run_dependencies/odrive_demo_description
[1.070s] -- Installing: /home/kong/my_ws/install/odrive_demo_description/share/ament_index/resource_index/parent_prefix_path/odrive_demo_description
[1.070s] -- Installing: /home/kong/my_ws/install/odrive_demo_description/share/odrive_demo_description/environment/ament_prefix_path.sh
[1.070s] -- Installing: /home/kong/my_ws/install/odrive_demo_description/share/odrive_demo_description/environment/ament_prefix_path.dsv
[1.071s] -- Installing: /home/kong/my_ws/install/odrive_demo_description/share/odrive_demo_description/environment/path.sh
[1.071s] -- Installing: /home/kong/my_ws/install/odrive_demo_description/share/odrive_demo_description/environment/path.dsv
[1.071s] -- Installing: /home/kong/my_ws/install/odrive_demo_description/share/odrive_demo_description/local_setup.bash
[1.071s] -- Installing: /home/kong/my_ws/install/odrive_demo_description/share/odrive_demo_description/local_setup.sh
[1.071s] -- Installing: /home/kong/my_ws/install/odrive_demo_description/share/odrive_demo_description/local_setup.zsh
[1.071s] -- Installing: /home/kong/my_ws/install/odrive_demo_description/share/odrive_demo_description/local_setup.dsv
[1.071s] -- Installing: /home/kong/my_ws/install/odrive_demo_description/share/odrive_demo_description/package.dsv
[1.071s] -- Installing: /home/kong/my_ws/install/odrive_demo_description/share/ament_index/resource_index/packages/odrive_demo_description
[1.071s] -- Installing: /home/kong/my_ws/install/odrive_demo_description/share/odrive_demo_description/cmake/odrive_demo_descriptionConfig.cmake
[1.072s] -- Installing: /home/kong/my_ws/install/odrive_demo_description/share/odrive_demo_description/cmake/odrive_demo_descriptionConfig-version.cmake
[1.072s] -- Installing: /home/kong/my_ws/install/odrive_demo_description/share/odrive_demo_description/package.xml
[1.081s] Invoked command in '/home/kong/my_ws/build/odrive_demo_description' returned '0': CMAKE_PREFIX_PATH=${CMAKE_PREFIX_PATH}:/home/kong/install/ros2_aruco:/home/kong/install/my_tf2_package:/home/kong/install/my_docking:/home/kong/install/my_aruco_to_goal_pose_pkg:/home/kong/my_ws/install/ros2_aruco:/home/kong/my_ws/install/nav2_simple_commander:/home/kong/my_ws/install/my_tf2_package:/home/kong/my_ws/install/my_docking:/home/kong/my_ws/install/my_aruco_to_goal_pose_pkg:/opt/ros/humble /usr/bin/cmake --install /home/kong/my_ws/build/odrive_demo_description
