[35m[1mConsolidate compiler generated dependencies of target autonomy_node[0m
[100%] Built target autonomy_node
-- Install configuration: ""
-- Up-to-date: /home/kong/my_ws/install/tb3_autonomy/share/tb3_autonomy/bt_xml
-- Up-to-date: /home/kong/my_ws/install/tb3_autonomy/share/tb3_autonomy/bt_xml/tree.xml
-- Up-to-date: /home/kong/my_ws/install/tb3_autonomy/share/tb3_autonomy/launch
-- Up-to-date: /home/kong/my_ws/install/tb3_autonomy/share/tb3_autonomy/launch/autonomy.launch.py
-- Up-to-date: /home/kong/my_ws/install/tb3_autonomy/share/tb3_autonomy/config
-- Up-to-date: /home/kong/my_ws/install/tb3_autonomy/share/tb3_autonomy/config/sim_house_locations.yaml
-- Up-to-date: /home/kong/my_ws/install/tb3_autonomy/lib/tb3_autonomy/autonomy_node
-- Up-to-date: /home/kong/my_ws/install/tb3_autonomy/share/ament_index/resource_index/package_run_dependencies/tb3_autonomy
-- Up-to-date: /home/kong/my_ws/install/tb3_autonomy/share/ament_index/resource_index/parent_prefix_path/tb3_autonomy
-- Up-to-date: /home/kong/my_ws/install/tb3_autonomy/share/tb3_autonomy/environment/ament_prefix_path.sh
-- Up-to-date: /home/kong/my_ws/install/tb3_autonomy/share/tb3_autonomy/environment/ament_prefix_path.dsv
-- Up-to-date: /home/kong/my_ws/install/tb3_autonomy/share/tb3_autonomy/environment/path.sh
-- Up-to-date: /home/kong/my_ws/install/tb3_autonomy/share/tb3_autonomy/environment/path.dsv
-- Up-to-date: /home/kong/my_ws/install/tb3_autonomy/share/tb3_autonomy/local_setup.bash
-- Up-to-date: /home/kong/my_ws/install/tb3_autonomy/share/tb3_autonomy/local_setup.sh
-- Up-to-date: /home/kong/my_ws/install/tb3_autonomy/share/tb3_autonomy/local_setup.zsh
-- Up-to-date: /home/kong/my_ws/install/tb3_autonomy/share/tb3_autonomy/local_setup.dsv
-- Installing: /home/kong/my_ws/install/tb3_autonomy/share/tb3_autonomy/package.dsv
-- Up-to-date: /home/kong/my_ws/install/tb3_autonomy/share/ament_index/resource_index/packages/tb3_autonomy
-- Up-to-date: /home/kong/my_ws/install/tb3_autonomy/share/tb3_autonomy/cmake/tb3_autonomyConfig.cmake
-- Up-to-date: /home/kong/my_ws/install/tb3_autonomy/share/tb3_autonomy/cmake/tb3_autonomyConfig-version.cmake
-- Up-to-date: /home/kong/my_ws/install/tb3_autonomy/share/tb3_autonomy/package.xml
