[0.036s] Invoking command in '/home/kong/my_ws/build/realsense2_camera_msgs': CMAKE_PREFIX_PATH=${CMAKE_PREFIX_PATH}:/home/kong/my_ws/install/ros2_aruco:/home/kong/my_ws/install/nav2_simple_commander:/home/kong/my_ws/install/my_tf2_package:/home/kong/my_ws/install/my_docking:/home/kong/my_ws/install/my_aruco_to_goal_pose_pkg:/opt/ros/humble /usr/bin/cmake --build /home/kong/my_ws/build/realsense2_camera_msgs -- -j8 -l8
[0.413s] [35m[1mConsolidate compiler generated dependencies of target realsense2_camera_msgs__rosidl_generator_c[0m
[0.413s] [  1%] Built target realsense2_camera_msgs__cpp
[0.413s] [ 12%] Built target realsense2_camera_msgs__rosidl_generator_c
[0.413s] [ 12%] Built target ament_cmake_python_copy_realsense2_camera_msgs
[0.413s] [35m[1mConsolidate compiler generated dependencies of target realsense2_camera_msgs__rosidl_typesupport_cpp[0m
[0.413s] [35m[1mConsolidate compiler generated dependencies of target realsense2_camera_msgs__rosidl_typesupport_fastrtps_cpp[0m
[0.413s] [35m[1mConsolidate compiler generated dependencies of target realsense2_camera_msgs__rosidl_typesupport_introspection_cpp[0m
[0.413s] [35m[1mConsolidate compiler generated dependencies of target realsense2_camera_msgs__rosidl_typesupport_introspection_c[0m
[0.413s] [35m[1mConsolidate compiler generated dependencies of target realsense2_camera_msgs__rosidl_typesupport_fastrtps_c[0m
[0.413s] [35m[1mConsolidate compiler generated dependencies of target realsense2_camera_msgs__rosidl_typesupport_c[0m
[0.414s] [ 23%] Built target realsense2_camera_msgs__rosidl_typesupport_fastrtps_cpp
[0.415s] [ 34%] Built target realsense2_camera_msgs__rosidl_typesupport_cpp
[0.415s] [ 52%] Built target realsense2_camera_msgs__rosidl_typesupport_introspection_cpp
[0.415s] [ 57%] Built target realsense2_camera_msgs__rosidl_typesupport_introspection_c
[0.415s] [ 68%] Built target realsense2_camera_msgs__rosidl_typesupport_c
[0.415s] [ 79%] Built target realsense2_camera_msgs__rosidl_typesupport_fastrtps_c
[0.415s] [ 79%] Built target realsense2_camera_msgs
[0.415s] [ 80%] Built target realsense2_camera_msgs__py
[0.415s] [35m[1mConsolidate compiler generated dependencies of target realsense2_camera_msgs__rosidl_generator_py[0m
[0.415s] [ 90%] Built target realsense2_camera_msgs__rosidl_generator_py
[0.415s] [35m[1mConsolidate compiler generated dependencies of target realsense2_camera_msgs__rosidl_typesupport_fastrtps_c__pyext[0m
[0.416s] [35m[1mConsolidate compiler generated dependencies of target realsense2_camera_msgs__rosidl_typesupport_c__pyext[0m
[0.416s] [35m[1mConsolidate compiler generated dependencies of target realsense2_camera_msgs__rosidl_typesupport_introspection_c__pyext[0m
[0.433s] [ 93%] Built target realsense2_camera_msgs__rosidl_typesupport_fastrtps_c__pyext
[0.438s] [ 96%] Built target realsense2_camera_msgs__rosidl_typesupport_c__pyext
[0.439s] [100%] Built target realsense2_camera_msgs__rosidl_typesupport_introspection_c__pyext
[0.475s] running egg_info
[0.476s] writing realsense2_camera_msgs.egg-info/PKG-INFO
[0.476s] writing dependency_links to realsense2_camera_msgs.egg-info/dependency_links.txt
[0.476s] writing top-level names to realsense2_camera_msgs.egg-info/top_level.txt
[0.478s] reading manifest file 'realsense2_camera_msgs.egg-info/SOURCES.txt'
[0.479s] writing manifest file 'realsense2_camera_msgs.egg-info/SOURCES.txt'
[0.507s] [100%] Built target ament_cmake_python_build_realsense2_camera_msgs_egg
[0.645s] Invoked command in '/home/kong/my_ws/build/realsense2_camera_msgs' returned '0': CMAKE_PREFIX_PATH=${CMAKE_PREFIX_PATH}:/home/kong/my_ws/install/ros2_aruco:/home/kong/my_ws/install/nav2_simple_commander:/home/kong/my_ws/install/my_tf2_package:/home/kong/my_ws/install/my_docking:/home/kong/my_ws/install/my_aruco_to_goal_pose_pkg:/opt/ros/humble /usr/bin/cmake --build /home/kong/my_ws/build/realsense2_camera_msgs -- -j8 -l8
[1.410s] Invoking command in '/home/kong/my_ws/build/realsense2_camera_msgs': CMAKE_PREFIX_PATH=${CMAKE_PREFIX_PATH}:/home/kong/my_ws/install/ros2_aruco:/home/kong/my_ws/install/nav2_simple_commander:/home/kong/my_ws/install/my_tf2_package:/home/kong/my_ws/install/my_docking:/home/kong/my_ws/install/my_aruco_to_goal_pose_pkg:/opt/ros/humble /usr/bin/cmake --install /home/kong/my_ws/build/realsense2_camera_msgs
[1.611s] -- Install configuration: ""
[1.611s] -- Up-to-date: /home/kong/my_ws/install/realsense2_camera_msgs/share/ament_index/resource_index/rosidl_interfaces/realsense2_camera_msgs
[1.611s] -- Up-to-date: /home/kong/my_ws/install/realsense2_camera_msgs/include/realsense2_camera_msgs/realsense2_camera_msgs
[1.611s] -- Up-to-date: /home/kong/my_ws/install/realsense2_camera_msgs/include/realsense2_camera_msgs/realsense2_camera_msgs/msg
[1.611s] -- Up-to-date: /home/kong/my_ws/install/realsense2_camera_msgs/include/realsense2_camera_msgs/realsense2_camera_msgs/msg/rgbd.h
[1.611s] -- Up-to-date: /home/kong/my_ws/install/realsense2_camera_msgs/include/realsense2_camera_msgs/realsense2_camera_msgs/msg/imu_info.h
[1.612s] -- Up-to-date: /home/kong/my_ws/install/realsense2_camera_msgs/include/realsense2_camera_msgs/realsense2_camera_msgs/msg/detail
[1.612s] -- Up-to-date: /home/kong/my_ws/install/realsense2_camera_msgs/include/realsense2_camera_msgs/realsense2_camera_msgs/msg/detail/rgbd__functions.c
[1.612s] -- Up-to-date: /home/kong/my_ws/install/realsense2_camera_msgs/include/realsense2_camera_msgs/realsense2_camera_msgs/msg/detail/metadata__functions.h
[1.612s] -- Up-to-date: /home/kong/my_ws/install/realsense2_camera_msgs/include/realsense2_camera_msgs/realsense2_camera_msgs/msg/detail/extrinsics__type_support.h
[1.612s] -- Up-to-date: /home/kong/my_ws/install/realsense2_camera_msgs/include/realsense2_camera_msgs/realsense2_camera_msgs/msg/detail/imu_info__functions.h
[1.612s] -- Up-to-date: /home/kong/my_ws/install/realsense2_camera_msgs/include/realsense2_camera_msgs/realsense2_camera_msgs/msg/detail/imu_info__functions.c
[1.612s] -- Up-to-date: /home/kong/my_ws/install/realsense2_camera_msgs/include/realsense2_camera_msgs/realsense2_camera_msgs/msg/detail/rgbd__struct.h
[1.612s] -- Up-to-date: /home/kong/my_ws/install/realsense2_camera_msgs/include/realsense2_camera_msgs/realsense2_camera_msgs/msg/detail/rgbd__type_support.h
[1.612s] -- Up-to-date: /home/kong/my_ws/install/realsense2_camera_msgs/include/realsense2_camera_msgs/realsense2_camera_msgs/msg/detail/imu_info__type_support.h
[1.612s] -- Up-to-date: /home/kong/my_ws/install/realsense2_camera_msgs/include/realsense2_camera_msgs/realsense2_camera_msgs/msg/detail/metadata__struct.h
[1.613s] -- Up-to-date: /home/kong/my_ws/install/realsense2_camera_msgs/include/realsense2_camera_msgs/realsense2_camera_msgs/msg/detail/extrinsics__functions.c
[1.613s] -- Up-to-date: /home/kong/my_ws/install/realsense2_camera_msgs/include/realsense2_camera_msgs/realsense2_camera_msgs/msg/detail/metadata__type_support.h
[1.613s] -- Up-to-date: /home/kong/my_ws/install/realsense2_camera_msgs/include/realsense2_camera_msgs/realsense2_camera_msgs/msg/detail/extrinsics__struct.h
[1.613s] -- Up-to-date: /home/kong/my_ws/install/realsense2_camera_msgs/include/realsense2_camera_msgs/realsense2_camera_msgs/msg/detail/extrinsics__functions.h
[1.614s] -- Up-to-date: /home/kong/my_ws/install/realsense2_camera_msgs/include/realsense2_camera_msgs/realsense2_camera_msgs/msg/detail/rgbd__functions.h
[1.615s] -- Up-to-date: /home/kong/my_ws/install/realsense2_camera_msgs/include/realsense2_camera_msgs/realsense2_camera_msgs/msg/detail/imu_info__struct.h
[1.615s] -- Up-to-date: /home/kong/my_ws/install/realsense2_camera_msgs/include/realsense2_camera_msgs/realsense2_camera_msgs/msg/detail/metadata__functions.c
[1.615s] -- Up-to-date: /home/kong/my_ws/install/realsense2_camera_msgs/include/realsense2_camera_msgs/realsense2_camera_msgs/msg/metadata.h
[1.615s] -- Up-to-date: /home/kong/my_ws/install/realsense2_camera_msgs/include/realsense2_camera_msgs/realsense2_camera_msgs/msg/rosidl_generator_c__visibility_control.h
[1.615s] -- Up-to-date: /home/kong/my_ws/install/realsense2_camera_msgs/include/realsense2_camera_msgs/realsense2_camera_msgs/msg/extrinsics.h
[1.615s] -- Up-to-date: /home/kong/my_ws/install/realsense2_camera_msgs/include/realsense2_camera_msgs/realsense2_camera_msgs/srv
[1.616s] -- Up-to-date: /home/kong/my_ws/install/realsense2_camera_msgs/include/realsense2_camera_msgs/realsense2_camera_msgs/srv/detail
[1.616s] -- Up-to-date: /home/kong/my_ws/install/realsense2_camera_msgs/include/realsense2_camera_msgs/realsense2_camera_msgs/srv/detail/device_info__type_support.h
[1.616s] -- Up-to-date: /home/kong/my_ws/install/realsense2_camera_msgs/include/realsense2_camera_msgs/realsense2_camera_msgs/srv/detail/device_info__struct.h
[1.616s] -- Up-to-date: /home/kong/my_ws/install/realsense2_camera_msgs/include/realsense2_camera_msgs/realsense2_camera_msgs/srv/detail/device_info__functions.c
[1.616s] -- Up-to-date: /home/kong/my_ws/install/realsense2_camera_msgs/include/realsense2_camera_msgs/realsense2_camera_msgs/srv/detail/device_info__functions.h
[1.616s] -- Up-to-date: /home/kong/my_ws/install/realsense2_camera_msgs/include/realsense2_camera_msgs/realsense2_camera_msgs/srv/device_info.h
[1.616s] -- Up-to-date: /home/kong/my_ws/install/realsense2_camera_msgs/share/realsense2_camera_msgs/environment/library_path.sh
[1.616s] -- Up-to-date: /home/kong/my_ws/install/realsense2_camera_msgs/share/realsense2_camera_msgs/environment/library_path.dsv
[1.616s] -- Up-to-date: /home/kong/my_ws/install/realsense2_camera_msgs/lib/librealsense2_camera_msgs__rosidl_generator_c.so
[1.616s] -- Up-to-date: /home/kong/my_ws/install/realsense2_camera_msgs/include/realsense2_camera_msgs/realsense2_camera_msgs
[1.616s] -- Up-to-date: /home/kong/my_ws/install/realsense2_camera_msgs/include/realsense2_camera_msgs/realsense2_camera_msgs/msg
[1.616s] -- Up-to-date: /home/kong/my_ws/install/realsense2_camera_msgs/include/realsense2_camera_msgs/realsense2_camera_msgs/msg/rosidl_typesupport_fastrtps_c__visibility_control.h
[1.617s] -- Up-to-date: /home/kong/my_ws/install/realsense2_camera_msgs/include/realsense2_camera_msgs/realsense2_camera_msgs/msg/detail
[1.617s] -- Up-to-date: /home/kong/my_ws/install/realsense2_camera_msgs/include/realsense2_camera_msgs/realsense2_camera_msgs/msg/detail/extrinsics__rosidl_typesupport_fastrtps_c.h
[1.617s] -- Up-to-date: /home/kong/my_ws/install/realsense2_camera_msgs/include/realsense2_camera_msgs/realsense2_camera_msgs/msg/detail/metadata__rosidl_typesupport_fastrtps_c.h
[1.617s] -- Up-to-date: /home/kong/my_ws/install/realsense2_camera_msgs/include/realsense2_camera_msgs/realsense2_camera_msgs/msg/detail/imu_info__rosidl_typesupport_fastrtps_c.h
[1.617s] -- Up-to-date: /home/kong/my_ws/install/realsense2_camera_msgs/include/realsense2_camera_msgs/realsense2_camera_msgs/msg/detail/rgbd__rosidl_typesupport_fastrtps_c.h
[1.617s] -- Up-to-date: /home/kong/my_ws/install/realsense2_camera_msgs/include/realsense2_camera_msgs/realsense2_camera_msgs/srv
[1.617s] -- Up-to-date: /home/kong/my_ws/install/realsense2_camera_msgs/include/realsense2_camera_msgs/realsense2_camera_msgs/srv/detail
[1.617s] -- Up-to-date: /home/kong/my_ws/install/realsense2_camera_msgs/include/realsense2_camera_msgs/realsense2_camera_msgs/srv/detail/device_info__rosidl_typesupport_fastrtps_c.h
[1.617s] -- Up-to-date: /home/kong/my_ws/install/realsense2_camera_msgs/lib/librealsense2_camera_msgs__rosidl_typesupport_fastrtps_c.so
[1.617s] -- Up-to-date: /home/kong/my_ws/install/realsense2_camera_msgs/include/realsense2_camera_msgs/realsense2_camera_msgs
[1.617s] -- Up-to-date: /home/kong/my_ws/install/realsense2_camera_msgs/include/realsense2_camera_msgs/realsense2_camera_msgs/msg
[1.617s] -- Up-to-date: /home/kong/my_ws/install/realsense2_camera_msgs/include/realsense2_camera_msgs/realsense2_camera_msgs/msg/rosidl_typesupport_introspection_c__visibility_control.h
[1.617s] -- Up-to-date: /home/kong/my_ws/install/realsense2_camera_msgs/include/realsense2_camera_msgs/realsense2_camera_msgs/msg/detail
[1.618s] -- Up-to-date: /home/kong/my_ws/install/realsense2_camera_msgs/include/realsense2_camera_msgs/realsense2_camera_msgs/msg/detail/metadata__type_support.c
[1.618s] -- Up-to-date: /home/kong/my_ws/install/realsense2_camera_msgs/include/realsense2_camera_msgs/realsense2_camera_msgs/msg/detail/extrinsics__rosidl_typesupport_introspection_c.h
[1.618s] -- Up-to-date: /home/kong/my_ws/install/realsense2_camera_msgs/include/realsense2_camera_msgs/realsense2_camera_msgs/msg/detail/rgbd__rosidl_typesupport_introspection_c.h
[1.618s] -- Up-to-date: /home/kong/my_ws/install/realsense2_camera_msgs/include/realsense2_camera_msgs/realsense2_camera_msgs/msg/detail/metadata__rosidl_typesupport_introspection_c.h
[1.618s] -- Up-to-date: /home/kong/my_ws/install/realsense2_camera_msgs/include/realsense2_camera_msgs/realsense2_camera_msgs/msg/detail/rgbd__type_support.c
[1.620s] -- Up-to-date: /home/kong/my_ws/install/realsense2_camera_msgs/include/realsense2_camera_msgs/realsense2_camera_msgs/msg/detail/imu_info__rosidl_typesupport_introspection_c.h
[1.620s] -- Up-to-date: /home/kong/my_ws/install/realsense2_camera_msgs/include/realsense2_camera_msgs/realsense2_camera_msgs/msg/detail/extrinsics__type_support.c
[1.620s] -- Up-to-date: /home/kong/my_ws/install/realsense2_camera_msgs/include/realsense2_camera_msgs/realsense2_camera_msgs/msg/detail/imu_info__type_support.c
[1.620s] -- Up-to-date: /home/kong/my_ws/install/realsense2_camera_msgs/include/realsense2_camera_msgs/realsense2_camera_msgs/srv
[1.620s] -- Up-to-date: /home/kong/my_ws/install/realsense2_camera_msgs/include/realsense2_camera_msgs/realsense2_camera_msgs/srv/detail
[1.620s] -- Up-to-date: /home/kong/my_ws/install/realsense2_camera_msgs/include/realsense2_camera_msgs/realsense2_camera_msgs/srv/detail/device_info__rosidl_typesupport_introspection_c.h
[1.620s] -- Up-to-date: /home/kong/my_ws/install/realsense2_camera_msgs/include/realsense2_camera_msgs/realsense2_camera_msgs/srv/detail/device_info__type_support.c
[1.620s] -- Up-to-date: /home/kong/my_ws/install/realsense2_camera_msgs/lib/librealsense2_camera_msgs__rosidl_typesupport_introspection_c.so
[1.620s] -- Up-to-date: /home/kong/my_ws/install/realsense2_camera_msgs/lib/librealsense2_camera_msgs__rosidl_typesupport_c.so
[1.620s] -- Up-to-date: /home/kong/my_ws/install/realsense2_camera_msgs/include/realsense2_camera_msgs/realsense2_camera_msgs
[1.620s] -- Up-to-date: /home/kong/my_ws/install/realsense2_camera_msgs/include/realsense2_camera_msgs/realsense2_camera_msgs/msg
[1.620s] -- Up-to-date: /home/kong/my_ws/install/realsense2_camera_msgs/include/realsense2_camera_msgs/realsense2_camera_msgs/msg/rgbd.hpp
[1.621s] -- Up-to-date: /home/kong/my_ws/install/realsense2_camera_msgs/include/realsense2_camera_msgs/realsense2_camera_msgs/msg/detail
[1.621s] -- Up-to-date: /home/kong/my_ws/install/realsense2_camera_msgs/include/realsense2_camera_msgs/realsense2_camera_msgs/msg/detail/extrinsics__builder.hpp
[1.621s] -- Up-to-date: /home/kong/my_ws/install/realsense2_camera_msgs/include/realsense2_camera_msgs/realsense2_camera_msgs/msg/detail/imu_info__traits.hpp
[1.621s] -- Up-to-date: /home/kong/my_ws/install/realsense2_camera_msgs/include/realsense2_camera_msgs/realsense2_camera_msgs/msg/detail/metadata__builder.hpp
[1.621s] -- Up-to-date: /home/kong/my_ws/install/realsense2_camera_msgs/include/realsense2_camera_msgs/realsense2_camera_msgs/msg/detail/imu_info__builder.hpp
[1.621s] -- Up-to-date: /home/kong/my_ws/install/realsense2_camera_msgs/include/realsense2_camera_msgs/realsense2_camera_msgs/msg/detail/rgbd__traits.hpp
[1.621s] -- Up-to-date: /home/kong/my_ws/install/realsense2_camera_msgs/include/realsense2_camera_msgs/realsense2_camera_msgs/msg/detail/extrinsics__traits.hpp
[1.621s] -- Up-to-date: /home/kong/my_ws/install/realsense2_camera_msgs/include/realsense2_camera_msgs/realsense2_camera_msgs/msg/detail/extrinsics__struct.hpp
[1.621s] -- Up-to-date: /home/kong/my_ws/install/realsense2_camera_msgs/include/realsense2_camera_msgs/realsense2_camera_msgs/msg/detail/imu_info__struct.hpp
[1.621s] -- Up-to-date: /home/kong/my_ws/install/realsense2_camera_msgs/include/realsense2_camera_msgs/realsense2_camera_msgs/msg/detail/metadata__traits.hpp
[1.621s] -- Up-to-date: /home/kong/my_ws/install/realsense2_camera_msgs/include/realsense2_camera_msgs/realsense2_camera_msgs/msg/detail/rgbd__struct.hpp
[1.621s] -- Up-to-date: /home/kong/my_ws/install/realsense2_camera_msgs/include/realsense2_camera_msgs/realsense2_camera_msgs/msg/detail/rgbd__builder.hpp
[1.621s] -- Up-to-date: /home/kong/my_ws/install/realsense2_camera_msgs/include/realsense2_camera_msgs/realsense2_camera_msgs/msg/detail/metadata__struct.hpp
[1.622s] -- Up-to-date: /home/kong/my_ws/install/realsense2_camera_msgs/include/realsense2_camera_msgs/realsense2_camera_msgs/msg/extrinsics.hpp
[1.622s] -- Up-to-date: /home/kong/my_ws/install/realsense2_camera_msgs/include/realsense2_camera_msgs/realsense2_camera_msgs/msg/imu_info.hpp
[1.622s] -- Up-to-date: /home/kong/my_ws/install/realsense2_camera_msgs/include/realsense2_camera_msgs/realsense2_camera_msgs/msg/metadata.hpp
[1.622s] -- Up-to-date: /home/kong/my_ws/install/realsense2_camera_msgs/include/realsense2_camera_msgs/realsense2_camera_msgs/srv
[1.622s] -- Up-to-date: /home/kong/my_ws/install/realsense2_camera_msgs/include/realsense2_camera_msgs/realsense2_camera_msgs/srv/device_info.hpp
[1.622s] -- Up-to-date: /home/kong/my_ws/install/realsense2_camera_msgs/include/realsense2_camera_msgs/realsense2_camera_msgs/srv/detail
[1.622s] -- Up-to-date: /home/kong/my_ws/install/realsense2_camera_msgs/include/realsense2_camera_msgs/realsense2_camera_msgs/srv/detail/device_info__builder.hpp
[1.622s] -- Up-to-date: /home/kong/my_ws/install/realsense2_camera_msgs/include/realsense2_camera_msgs/realsense2_camera_msgs/srv/detail/device_info__struct.hpp
[1.622s] -- Up-to-date: /home/kong/my_ws/install/realsense2_camera_msgs/include/realsense2_camera_msgs/realsense2_camera_msgs/srv/detail/device_info__traits.hpp
[1.623s] -- Up-to-date: /home/kong/my_ws/install/realsense2_camera_msgs/include/realsense2_camera_msgs/realsense2_camera_msgs
[1.623s] -- Up-to-date: /home/kong/my_ws/install/realsense2_camera_msgs/include/realsense2_camera_msgs/realsense2_camera_msgs/msg
[1.623s] -- Up-to-date: /home/kong/my_ws/install/realsense2_camera_msgs/include/realsense2_camera_msgs/realsense2_camera_msgs/msg/detail
[1.623s] -- Up-to-date: /home/kong/my_ws/install/realsense2_camera_msgs/include/realsense2_camera_msgs/realsense2_camera_msgs/msg/detail/metadata__rosidl_typesupport_fastrtps_cpp.hpp
[1.623s] -- Up-to-date: /home/kong/my_ws/install/realsense2_camera_msgs/include/realsense2_camera_msgs/realsense2_camera_msgs/msg/detail/extrinsics__rosidl_typesupport_fastrtps_cpp.hpp
[1.623s] -- Up-to-date: /home/kong/my_ws/install/realsense2_camera_msgs/include/realsense2_camera_msgs/realsense2_camera_msgs/msg/detail/imu_info__rosidl_typesupport_fastrtps_cpp.hpp
[1.623s] -- Up-to-date: /home/kong/my_ws/install/realsense2_camera_msgs/include/realsense2_camera_msgs/realsense2_camera_msgs/msg/detail/rgbd__rosidl_typesupport_fastrtps_cpp.hpp
[1.623s] -- Up-to-date: /home/kong/my_ws/install/realsense2_camera_msgs/include/realsense2_camera_msgs/realsense2_camera_msgs/msg/detail/dds_fastrtps
[1.623s] -- Up-to-date: /home/kong/my_ws/install/realsense2_camera_msgs/include/realsense2_camera_msgs/realsense2_camera_msgs/msg/rosidl_typesupport_fastrtps_cpp__visibility_control.h
[1.623s] -- Up-to-date: /home/kong/my_ws/install/realsense2_camera_msgs/include/realsense2_camera_msgs/realsense2_camera_msgs/srv
[1.623s] -- Up-to-date: /home/kong/my_ws/install/realsense2_camera_msgs/include/realsense2_camera_msgs/realsense2_camera_msgs/srv/detail
[1.624s] -- Up-to-date: /home/kong/my_ws/install/realsense2_camera_msgs/include/realsense2_camera_msgs/realsense2_camera_msgs/srv/detail/device_info__rosidl_typesupport_fastrtps_cpp.hpp
[1.624s] -- Up-to-date: /home/kong/my_ws/install/realsense2_camera_msgs/include/realsense2_camera_msgs/realsense2_camera_msgs/srv/detail/dds_fastrtps
[1.624s] -- Up-to-date: /home/kong/my_ws/install/realsense2_camera_msgs/lib/librealsense2_camera_msgs__rosidl_typesupport_fastrtps_cpp.so
[1.624s] -- Up-to-date: /home/kong/my_ws/install/realsense2_camera_msgs/include/realsense2_camera_msgs/realsense2_camera_msgs
[1.624s] -- Up-to-date: /home/kong/my_ws/install/realsense2_camera_msgs/include/realsense2_camera_msgs/realsense2_camera_msgs/msg
[1.624s] -- Up-to-date: /home/kong/my_ws/install/realsense2_camera_msgs/include/realsense2_camera_msgs/realsense2_camera_msgs/msg/detail
[1.624s] -- Up-to-date: /home/kong/my_ws/install/realsense2_camera_msgs/include/realsense2_camera_msgs/realsense2_camera_msgs/msg/detail/metadata__type_support.cpp
[1.624s] -- Up-to-date: /home/kong/my_ws/install/realsense2_camera_msgs/include/realsense2_camera_msgs/realsense2_camera_msgs/msg/detail/extrinsics__rosidl_typesupport_introspection_cpp.hpp
[1.624s] -- Up-to-date: /home/kong/my_ws/install/realsense2_camera_msgs/include/realsense2_camera_msgs/realsense2_camera_msgs/msg/detail/rgbd__rosidl_typesupport_introspection_cpp.hpp
[1.624s] -- Up-to-date: /home/kong/my_ws/install/realsense2_camera_msgs/include/realsense2_camera_msgs/realsense2_camera_msgs/msg/detail/imu_info__rosidl_typesupport_introspection_cpp.hpp
[1.624s] -- Up-to-date: /home/kong/my_ws/install/realsense2_camera_msgs/include/realsense2_camera_msgs/realsense2_camera_msgs/msg/detail/metadata__rosidl_typesupport_introspection_cpp.hpp
[1.624s] -- Up-to-date: /home/kong/my_ws/install/realsense2_camera_msgs/include/realsense2_camera_msgs/realsense2_camera_msgs/msg/detail/rgbd__type_support.cpp
[1.624s] -- Up-to-date: /home/kong/my_ws/install/realsense2_camera_msgs/include/realsense2_camera_msgs/realsense2_camera_msgs/msg/detail/imu_info__type_support.cpp
[1.624s] -- Up-to-date: /home/kong/my_ws/install/realsense2_camera_msgs/include/realsense2_camera_msgs/realsense2_camera_msgs/msg/detail/extrinsics__type_support.cpp
[1.624s] -- Up-to-date: /home/kong/my_ws/install/realsense2_camera_msgs/include/realsense2_camera_msgs/realsense2_camera_msgs/srv
[1.625s] -- Up-to-date: /home/kong/my_ws/install/realsense2_camera_msgs/include/realsense2_camera_msgs/realsense2_camera_msgs/srv/detail
[1.625s] -- Up-to-date: /home/kong/my_ws/install/realsense2_camera_msgs/include/realsense2_camera_msgs/realsense2_camera_msgs/srv/detail/device_info__type_support.cpp
[1.625s] -- Up-to-date: /home/kong/my_ws/install/realsense2_camera_msgs/include/realsense2_camera_msgs/realsense2_camera_msgs/srv/detail/device_info__rosidl_typesupport_introspection_cpp.hpp
[1.625s] -- Up-to-date: /home/kong/my_ws/install/realsense2_camera_msgs/lib/librealsense2_camera_msgs__rosidl_typesupport_introspection_cpp.so
[1.625s] -- Up-to-date: /home/kong/my_ws/install/realsense2_camera_msgs/lib/librealsense2_camera_msgs__rosidl_typesupport_cpp.so
[1.625s] -- Up-to-date: /home/kong/my_ws/install/realsense2_camera_msgs/share/realsense2_camera_msgs/environment/pythonpath.sh
[1.625s] -- Up-to-date: /home/kong/my_ws/install/realsense2_camera_msgs/share/realsense2_camera_msgs/environment/pythonpath.dsv
[1.625s] -- Up-to-date: /home/kong/my_ws/install/realsense2_camera_msgs/local/lib/python3.10/dist-packages/realsense2_camera_msgs-4.54.1-py3.10.egg-info
[1.625s] -- Installing: /home/kong/my_ws/install/realsense2_camera_msgs/local/lib/python3.10/dist-packages/realsense2_camera_msgs-4.54.1-py3.10.egg-info/dependency_links.txt
[1.625s] -- Installing: /home/kong/my_ws/install/realsense2_camera_msgs/local/lib/python3.10/dist-packages/realsense2_camera_msgs-4.54.1-py3.10.egg-info/PKG-INFO
[1.625s] -- Installing: /home/kong/my_ws/install/realsense2_camera_msgs/local/lib/python3.10/dist-packages/realsense2_camera_msgs-4.54.1-py3.10.egg-info/top_level.txt
[1.625s] -- Installing: /home/kong/my_ws/install/realsense2_camera_msgs/local/lib/python3.10/dist-packages/realsense2_camera_msgs-4.54.1-py3.10.egg-info/SOURCES.txt
[1.625s] -- Up-to-date: /home/kong/my_ws/install/realsense2_camera_msgs/local/lib/python3.10/dist-packages/realsense2_camera_msgs
[1.625s] -- Up-to-date: /home/kong/my_ws/install/realsense2_camera_msgs/local/lib/python3.10/dist-packages/realsense2_camera_msgs/librealsense2_camera_msgs__rosidl_generator_py.so
[1.625s] -- Up-to-date: /home/kong/my_ws/install/realsense2_camera_msgs/local/lib/python3.10/dist-packages/realsense2_camera_msgs/_realsense2_camera_msgs_s.ep.rosidl_typesupport_c.c
[1.626s] -- Up-to-date: /home/kong/my_ws/install/realsense2_camera_msgs/local/lib/python3.10/dist-packages/realsense2_camera_msgs/msg
[1.626s] -- Up-to-date: /home/kong/my_ws/install/realsense2_camera_msgs/local/lib/python3.10/dist-packages/realsense2_camera_msgs/msg/_rgbd_s.c
[1.626s] -- Up-to-date: /home/kong/my_ws/install/realsense2_camera_msgs/local/lib/python3.10/dist-packages/realsense2_camera_msgs/msg/_metadata_s.c
[1.626s] -- Up-to-date: /home/kong/my_ws/install/realsense2_camera_msgs/local/lib/python3.10/dist-packages/realsense2_camera_msgs/msg/_rgbd.py
[1.626s] -- Up-to-date: /home/kong/my_ws/install/realsense2_camera_msgs/local/lib/python3.10/dist-packages/realsense2_camera_msgs/msg/_extrinsics.py
[1.626s] -- Up-to-date: /home/kong/my_ws/install/realsense2_camera_msgs/local/lib/python3.10/dist-packages/realsense2_camera_msgs/msg/_imu_info.py
[1.626s] -- Up-to-date: /home/kong/my_ws/install/realsense2_camera_msgs/local/lib/python3.10/dist-packages/realsense2_camera_msgs/msg/__init__.py
[1.626s] -- Up-to-date: /home/kong/my_ws/install/realsense2_camera_msgs/local/lib/python3.10/dist-packages/realsense2_camera_msgs/msg/_extrinsics_s.c
[1.626s] -- Up-to-date: /home/kong/my_ws/install/realsense2_camera_msgs/local/lib/python3.10/dist-packages/realsense2_camera_msgs/msg/_imu_info_s.c
[1.626s] -- Up-to-date: /home/kong/my_ws/install/realsense2_camera_msgs/local/lib/python3.10/dist-packages/realsense2_camera_msgs/msg/_metadata.py
[1.626s] -- Up-to-date: /home/kong/my_ws/install/realsense2_camera_msgs/local/lib/python3.10/dist-packages/realsense2_camera_msgs/realsense2_camera_msgs_s__rosidl_typesupport_introspection_c.cpython-310-x86_64-linux-gnu.so
[1.626s] -- Up-to-date: /home/kong/my_ws/install/realsense2_camera_msgs/local/lib/python3.10/dist-packages/realsense2_camera_msgs/_realsense2_camera_msgs_s.ep.rosidl_typesupport_introspection_c.c
[1.626s] -- Up-to-date: /home/kong/my_ws/install/realsense2_camera_msgs/local/lib/python3.10/dist-packages/realsense2_camera_msgs/__init__.py
[1.626s] -- Up-to-date: /home/kong/my_ws/install/realsense2_camera_msgs/local/lib/python3.10/dist-packages/realsense2_camera_msgs/realsense2_camera_msgs_s__rosidl_typesupport_c.cpython-310-x86_64-linux-gnu.so
[1.627s] -- Up-to-date: /home/kong/my_ws/install/realsense2_camera_msgs/local/lib/python3.10/dist-packages/realsense2_camera_msgs/srv
[1.627s] -- Up-to-date: /home/kong/my_ws/install/realsense2_camera_msgs/local/lib/python3.10/dist-packages/realsense2_camera_msgs/srv/_device_info.py
[1.627s] -- Up-to-date: /home/kong/my_ws/install/realsense2_camera_msgs/local/lib/python3.10/dist-packages/realsense2_camera_msgs/srv/_device_info_s.c
[1.627s] -- Up-to-date: /home/kong/my_ws/install/realsense2_camera_msgs/local/lib/python3.10/dist-packages/realsense2_camera_msgs/srv/__init__.py
[1.627s] -- Up-to-date: /home/kong/my_ws/install/realsense2_camera_msgs/local/lib/python3.10/dist-packages/realsense2_camera_msgs/_realsense2_camera_msgs_s.ep.rosidl_typesupport_fastrtps_c.c
[1.627s] -- Up-to-date: /home/kong/my_ws/install/realsense2_camera_msgs/local/lib/python3.10/dist-packages/realsense2_camera_msgs/realsense2_camera_msgs_s__rosidl_typesupport_fastrtps_c.cpython-310-x86_64-linux-gnu.so
[1.657s] Listing '/home/kong/my_ws/install/realsense2_camera_msgs/local/lib/python3.10/dist-packages/realsense2_camera_msgs'...
[1.657s] Listing '/home/kong/my_ws/install/realsense2_camera_msgs/local/lib/python3.10/dist-packages/realsense2_camera_msgs/msg'...
[1.657s] Listing '/home/kong/my_ws/install/realsense2_camera_msgs/local/lib/python3.10/dist-packages/realsense2_camera_msgs/srv'...
[1.663s] -- Up-to-date: /home/kong/my_ws/install/realsense2_camera_msgs/local/lib/python3.10/dist-packages/realsense2_camera_msgs/realsense2_camera_msgs_s__rosidl_typesupport_fastrtps_c.cpython-310-x86_64-linux-gnu.so
[1.664s] -- Up-to-date: /home/kong/my_ws/install/realsense2_camera_msgs/local/lib/python3.10/dist-packages/realsense2_camera_msgs/realsense2_camera_msgs_s__rosidl_typesupport_introspection_c.cpython-310-x86_64-linux-gnu.so
[1.665s] -- Up-to-date: /home/kong/my_ws/install/realsense2_camera_msgs/local/lib/python3.10/dist-packages/realsense2_camera_msgs/realsense2_camera_msgs_s__rosidl_typesupport_c.cpython-310-x86_64-linux-gnu.so
[1.666s] -- Up-to-date: /home/kong/my_ws/install/realsense2_camera_msgs/lib/librealsense2_camera_msgs__rosidl_generator_py.so
[1.666s] -- Up-to-date: /home/kong/my_ws/install/realsense2_camera_msgs/share/realsense2_camera_msgs/msg/IMUInfo.idl
[1.666s] -- Up-to-date: /home/kong/my_ws/install/realsense2_camera_msgs/share/realsense2_camera_msgs/msg/Extrinsics.idl
[1.667s] -- Up-to-date: /home/kong/my_ws/install/realsense2_camera_msgs/share/realsense2_camera_msgs/msg/Metadata.idl
[1.667s] -- Up-to-date: /home/kong/my_ws/install/realsense2_camera_msgs/share/realsense2_camera_msgs/msg/RGBD.idl
[1.667s] -- Up-to-date: /home/kong/my_ws/install/realsense2_camera_msgs/share/realsense2_camera_msgs/srv/DeviceInfo.idl
[1.667s] -- Up-to-date: /home/kong/my_ws/install/realsense2_camera_msgs/share/realsense2_camera_msgs/msg/IMUInfo.msg
[1.667s] -- Up-to-date: /home/kong/my_ws/install/realsense2_camera_msgs/share/realsense2_camera_msgs/msg/Extrinsics.msg
[1.668s] -- Up-to-date: /home/kong/my_ws/install/realsense2_camera_msgs/share/realsense2_camera_msgs/msg/Metadata.msg
[1.668s] -- Up-to-date: /home/kong/my_ws/install/realsense2_camera_msgs/share/realsense2_camera_msgs/msg/RGBD.msg
[1.668s] -- Up-to-date: /home/kong/my_ws/install/realsense2_camera_msgs/share/realsense2_camera_msgs/srv/DeviceInfo.srv
[1.668s] -- Up-to-date: /home/kong/my_ws/install/realsense2_camera_msgs/share/realsense2_camera_msgs/srv/DeviceInfo_Request.msg
[1.668s] -- Up-to-date: /home/kong/my_ws/install/realsense2_camera_msgs/share/realsense2_camera_msgs/srv/DeviceInfo_Response.msg
[1.668s] -- Up-to-date: /home/kong/my_ws/install/realsense2_camera_msgs/share/ament_index/resource_index/package_run_dependencies/realsense2_camera_msgs
[1.669s] -- Up-to-date: /home/kong/my_ws/install/realsense2_camera_msgs/share/ament_index/resource_index/parent_prefix_path/realsense2_camera_msgs
[1.669s] -- Up-to-date: /home/kong/my_ws/install/realsense2_camera_msgs/share/realsense2_camera_msgs/environment/ament_prefix_path.sh
[1.669s] -- Up-to-date: /home/kong/my_ws/install/realsense2_camera_msgs/share/realsense2_camera_msgs/environment/ament_prefix_path.dsv
[1.669s] -- Up-to-date: /home/kong/my_ws/install/realsense2_camera_msgs/share/realsense2_camera_msgs/environment/path.sh
[1.669s] -- Up-to-date: /home/kong/my_ws/install/realsense2_camera_msgs/share/realsense2_camera_msgs/environment/path.dsv
[1.669s] -- Up-to-date: /home/kong/my_ws/install/realsense2_camera_msgs/share/realsense2_camera_msgs/local_setup.bash
[1.670s] -- Up-to-date: /home/kong/my_ws/install/realsense2_camera_msgs/share/realsense2_camera_msgs/local_setup.sh
[1.671s] -- Up-to-date: /home/kong/my_ws/install/realsense2_camera_msgs/share/realsense2_camera_msgs/local_setup.zsh
[1.671s] -- Up-to-date: /home/kong/my_ws/install/realsense2_camera_msgs/share/realsense2_camera_msgs/local_setup.dsv
[1.672s] -- Installing: /home/kong/my_ws/install/realsense2_camera_msgs/share/realsense2_camera_msgs/package.dsv
[1.672s] -- Up-to-date: /home/kong/my_ws/install/realsense2_camera_msgs/share/ament_index/resource_index/packages/realsense2_camera_msgs
[1.674s] -- Up-to-date: /home/kong/my_ws/install/realsense2_camera_msgs/share/realsense2_camera_msgs/cmake/export_realsense2_camera_msgs__rosidl_generator_cExport.cmake
[1.674s] -- Up-to-date: /home/kong/my_ws/install/realsense2_camera_msgs/share/realsense2_camera_msgs/cmake/export_realsense2_camera_msgs__rosidl_generator_cExport-noconfig.cmake
[1.674s] -- Up-to-date: /home/kong/my_ws/install/realsense2_camera_msgs/share/realsense2_camera_msgs/cmake/export_realsense2_camera_msgs__rosidl_typesupport_fastrtps_cExport.cmake
[1.674s] -- Up-to-date: /home/kong/my_ws/install/realsense2_camera_msgs/share/realsense2_camera_msgs/cmake/export_realsense2_camera_msgs__rosidl_typesupport_fastrtps_cExport-noconfig.cmake
[1.674s] -- Up-to-date: /home/kong/my_ws/install/realsense2_camera_msgs/share/realsense2_camera_msgs/cmake/realsense2_camera_msgs__rosidl_typesupport_introspection_cExport.cmake
[1.674s] -- Up-to-date: /home/kong/my_ws/install/realsense2_camera_msgs/share/realsense2_camera_msgs/cmake/realsense2_camera_msgs__rosidl_typesupport_introspection_cExport-noconfig.cmake
[1.675s] -- Up-to-date: /home/kong/my_ws/install/realsense2_camera_msgs/share/realsense2_camera_msgs/cmake/realsense2_camera_msgs__rosidl_typesupport_cExport.cmake
[1.676s] -- Up-to-date: /home/kong/my_ws/install/realsense2_camera_msgs/share/realsense2_camera_msgs/cmake/realsense2_camera_msgs__rosidl_typesupport_cExport-noconfig.cmake
[1.678s] -- Up-to-date: /home/kong/my_ws/install/realsense2_camera_msgs/share/realsense2_camera_msgs/cmake/export_realsense2_camera_msgs__rosidl_generator_cppExport.cmake
[1.678s] -- Up-to-date: /home/kong/my_ws/install/realsense2_camera_msgs/share/realsense2_camera_msgs/cmake/export_realsense2_camera_msgs__rosidl_typesupport_fastrtps_cppExport.cmake
[1.678s] -- Up-to-date: /home/kong/my_ws/install/realsense2_camera_msgs/share/realsense2_camera_msgs/cmake/export_realsense2_camera_msgs__rosidl_typesupport_fastrtps_cppExport-noconfig.cmake
[1.682s] -- Up-to-date: /home/kong/my_ws/install/realsense2_camera_msgs/share/realsense2_camera_msgs/cmake/realsense2_camera_msgs__rosidl_typesupport_introspection_cppExport.cmake
[1.682s] -- Up-to-date: /home/kong/my_ws/install/realsense2_camera_msgs/share/realsense2_camera_msgs/cmake/realsense2_camera_msgs__rosidl_typesupport_introspection_cppExport-noconfig.cmake
[1.683s] -- Up-to-date: /home/kong/my_ws/install/realsense2_camera_msgs/share/realsense2_camera_msgs/cmake/realsense2_camera_msgs__rosidl_typesupport_cppExport.cmake
[1.683s] -- Up-to-date: /home/kong/my_ws/install/realsense2_camera_msgs/share/realsense2_camera_msgs/cmake/realsense2_camera_msgs__rosidl_typesupport_cppExport-noconfig.cmake
[1.683s] -- Up-to-date: /home/kong/my_ws/install/realsense2_camera_msgs/share/realsense2_camera_msgs/cmake/export_realsense2_camera_msgs__rosidl_generator_pyExport.cmake
[1.683s] -- Up-to-date: /home/kong/my_ws/install/realsense2_camera_msgs/share/realsense2_camera_msgs/cmake/export_realsense2_camera_msgs__rosidl_generator_pyExport-noconfig.cmake
[1.683s] -- Up-to-date: /home/kong/my_ws/install/realsense2_camera_msgs/share/realsense2_camera_msgs/cmake/rosidl_cmake-extras.cmake
[1.683s] -- Up-to-date: /home/kong/my_ws/install/realsense2_camera_msgs/share/realsense2_camera_msgs/cmake/ament_cmake_export_dependencies-extras.cmake
[1.683s] -- Up-to-date: /home/kong/my_ws/install/realsense2_camera_msgs/share/realsense2_camera_msgs/cmake/ament_cmake_export_include_directories-extras.cmake
[1.683s] -- Up-to-date: /home/kong/my_ws/install/realsense2_camera_msgs/share/realsense2_camera_msgs/cmake/ament_cmake_export_libraries-extras.cmake
[1.684s] -- Up-to-date: /home/kong/my_ws/install/realsense2_camera_msgs/share/realsense2_camera_msgs/cmake/ament_cmake_export_targets-extras.cmake
[1.684s] -- Up-to-date: /home/kong/my_ws/install/realsense2_camera_msgs/share/realsense2_camera_msgs/cmake/rosidl_cmake_export_typesupport_targets-extras.cmake
[1.684s] -- Up-to-date: /home/kong/my_ws/install/realsense2_camera_msgs/share/realsense2_camera_msgs/cmake/rosidl_cmake_export_typesupport_libraries-extras.cmake
[1.684s] -- Up-to-date: /home/kong/my_ws/install/realsense2_camera_msgs/share/realsense2_camera_msgs/cmake/realsense2_camera_msgsConfig.cmake
[1.684s] -- Up-to-date: /home/kong/my_ws/install/realsense2_camera_msgs/share/realsense2_camera_msgs/cmake/realsense2_camera_msgsConfig-version.cmake
[1.684s] -- Up-to-date: /home/kong/my_ws/install/realsense2_camera_msgs/share/realsense2_camera_msgs/package.xml
[1.706s] Invoked command in '/home/kong/my_ws/build/realsense2_camera_msgs' returned '0': CMAKE_PREFIX_PATH=${CMAKE_PREFIX_PATH}:/home/kong/my_ws/install/ros2_aruco:/home/kong/my_ws/install/nav2_simple_commander:/home/kong/my_ws/install/my_tf2_package:/home/kong/my_ws/install/my_docking:/home/kong/my_ws/install/my_aruco_to_goal_pose_pkg:/opt/ros/humble /usr/bin/cmake --install /home/kong/my_ws/build/realsense2_camera_msgs
