[0.035s] Invoking command in '/home/kong/my_ws/build/odrive_hardware_interface': CMAKE_PREFIX_PATH=${CMAKE_PREFIX_PATH}:/home/kong/my_ws/install/ros2_aruco:/home/kong/my_ws/install/nav2_simple_commander:/home/kong/my_ws/install/my_tf2_package:/home/kong/my_ws/install/my_docking:/home/kong/my_ws/install/my_aruco_to_goal_pose_pkg:/opt/ros/humble /usr/bin/cmake --build /home/kong/my_ws/build/odrive_hardware_interface -- -j8 -l8
[0.413s] [35m[1mConsolidate compiler generated dependencies of target odrive_usb[0m
[0.413s] [ 50%] Built target odrive_usb
[0.413s] [35m[1mConsolidate compiler generated dependencies of target odrive_hardware_interface[0m
[0.413s] [100%] Built target odrive_hardware_interface
[0.636s] Invoked command in '/home/kong/my_ws/build/odrive_hardware_interface' returned '0': CMAKE_PREFIX_PATH=${CMAKE_PREFIX_PATH}:/home/kong/my_ws/install/ros2_aruco:/home/kong/my_ws/install/nav2_simple_commander:/home/kong/my_ws/install/my_tf2_package:/home/kong/my_ws/install/my_docking:/home/kong/my_ws/install/my_aruco_to_goal_pose_pkg:/opt/ros/humble /usr/bin/cmake --build /home/kong/my_ws/build/odrive_hardware_interface -- -j8 -l8
[0.717s] Invoking command in '/home/kong/my_ws/build/odrive_hardware_interface': CMAKE_PREFIX_PATH=${CMAKE_PREFIX_PATH}:/home/kong/my_ws/install/ros2_aruco:/home/kong/my_ws/install/nav2_simple_commander:/home/kong/my_ws/install/my_tf2_package:/home/kong/my_ws/install/my_docking:/home/kong/my_ws/install/my_aruco_to_goal_pose_pkg:/opt/ros/humble /usr/bin/cmake --install /home/kong/my_ws/build/odrive_hardware_interface
[0.730s] -- Install configuration: ""
[0.730s] -- Up-to-date: /home/kong/my_ws/install/odrive_hardware_interface/share/odrive_hardware_interface/odrive_hardware_interface.xml
[0.730s] -- Up-to-date: /home/kong/my_ws/install/odrive_hardware_interface/include
[0.730s] -- Up-to-date: /home/kong/my_ws/install/odrive_hardware_interface/include/odrive_hardware_interface
[0.730s] -- Up-to-date: /home/kong/my_ws/install/odrive_hardware_interface/include/odrive_hardware_interface/odrive_endpoints.hpp
[0.730s] -- Up-to-date: /home/kong/my_ws/install/odrive_hardware_interface/include/odrive_hardware_interface/odrive_hardware_interface.hpp
[0.730s] -- Up-to-date: /home/kong/my_ws/install/odrive_hardware_interface/include/odrive_hardware_interface/odrive_usb.hpp
[0.730s] -- Up-to-date: /home/kong/my_ws/install/odrive_hardware_interface/include/odrive_hardware_interface/visibility_control.hpp
[0.731s] -- Up-to-date: /home/kong/my_ws/install/odrive_hardware_interface/share/odrive_hardware_interface/environment/library_path.sh
[0.731s] -- Up-to-date: /home/kong/my_ws/install/odrive_hardware_interface/share/odrive_hardware_interface/environment/library_path.dsv
[0.731s] -- Up-to-date: /home/kong/my_ws/install/odrive_hardware_interface/lib/libodrive_usb.so
[0.732s] -- Up-to-date: /home/kong/my_ws/install/odrive_hardware_interface/lib/libodrive_hardware_interface.so
[0.732s] -- Up-to-date: /home/kong/my_ws/install/odrive_hardware_interface/share/ament_index/resource_index/package_run_dependencies/odrive_hardware_interface
[0.732s] -- Up-to-date: /home/kong/my_ws/install/odrive_hardware_interface/share/ament_index/resource_index/parent_prefix_path/odrive_hardware_interface
[0.733s] -- Up-to-date: /home/kong/my_ws/install/odrive_hardware_interface/share/odrive_hardware_interface/environment/ament_prefix_path.sh
[0.733s] -- Up-to-date: /home/kong/my_ws/install/odrive_hardware_interface/share/odrive_hardware_interface/environment/ament_prefix_path.dsv
[0.733s] -- Up-to-date: /home/kong/my_ws/install/odrive_hardware_interface/share/odrive_hardware_interface/environment/path.sh
[0.733s] -- Up-to-date: /home/kong/my_ws/install/odrive_hardware_interface/share/odrive_hardware_interface/environment/path.dsv
[0.734s] -- Up-to-date: /home/kong/my_ws/install/odrive_hardware_interface/share/odrive_hardware_interface/local_setup.bash
[0.734s] -- Up-to-date: /home/kong/my_ws/install/odrive_hardware_interface/share/odrive_hardware_interface/local_setup.sh
[0.734s] -- Up-to-date: /home/kong/my_ws/install/odrive_hardware_interface/share/odrive_hardware_interface/local_setup.zsh
[0.735s] -- Up-to-date: /home/kong/my_ws/install/odrive_hardware_interface/share/odrive_hardware_interface/local_setup.dsv
[0.735s] -- Installing: /home/kong/my_ws/install/odrive_hardware_interface/share/odrive_hardware_interface/package.dsv
[0.735s] -- Up-to-date: /home/kong/my_ws/install/odrive_hardware_interface/share/ament_index/resource_index/packages/odrive_hardware_interface
[0.735s] -- Up-to-date: /home/kong/my_ws/install/odrive_hardware_interface/share/ament_index/resource_index/hardware_interface__pluginlib__plugin/odrive_hardware_interface
[0.735s] -- Up-to-date: /home/kong/my_ws/install/odrive_hardware_interface/share/odrive_hardware_interface/cmake/ament_cmake_export_dependencies-extras.cmake
[0.735s] -- Up-to-date: /home/kong/my_ws/install/odrive_hardware_interface/share/odrive_hardware_interface/cmake/ament_cmake_export_include_directories-extras.cmake
[0.736s] -- Up-to-date: /home/kong/my_ws/install/odrive_hardware_interface/share/odrive_hardware_interface/cmake/ament_cmake_export_libraries-extras.cmake
[0.736s] -- Up-to-date: /home/kong/my_ws/install/odrive_hardware_interface/share/odrive_hardware_interface/cmake/odrive_hardware_interfaceConfig.cmake
[0.736s] -- Up-to-date: /home/kong/my_ws/install/odrive_hardware_interface/share/odrive_hardware_interface/cmake/odrive_hardware_interfaceConfig-version.cmake
[0.736s] -- Up-to-date: /home/kong/my_ws/install/odrive_hardware_interface/share/odrive_hardware_interface/package.xml
[0.758s] Invoked command in '/home/kong/my_ws/build/odrive_hardware_interface' returned '0': CMAKE_PREFIX_PATH=${CMAKE_PREFIX_PATH}:/home/kong/my_ws/install/ros2_aruco:/home/kong/my_ws/install/nav2_simple_commander:/home/kong/my_ws/install/my_tf2_package:/home/kong/my_ws/install/my_docking:/home/kong/my_ws/install/my_aruco_to_goal_pose_pkg:/opt/ros/humble /usr/bin/cmake --install /home/kong/my_ws/build/odrive_hardware_interface
