[0.043s] Invoking command in '/home/kong/my_ws/build/ydlidar_ros2_driver': CMAKE_PREFIX_PATH=${CMAKE_PREFIX_PATH}:/home/kong/my_ws/install/ros2_aruco:/home/kong/my_ws/install/nav2_simple_commander:/home/kong/my_ws/install/my_tf2_package:/home/kong/my_ws/install/my_docking:/home/kong/my_ws/install/my_aruco_to_goal_pose_pkg:/opt/ros/humble /usr/bin/cmake --build /home/kong/my_ws/build/ydlidar_ros2_driver -- -j8 -l8
[0.134s] [35m[1mConsolidate compiler generated dependencies of target ydlidar_ros2_driver_node[0m
[0.136s] [35m[1mConsolidate compiler generated dependencies of target ydlidar_ros2_driver_client[0m
[0.172s] [ 50%] Built target ydlidar_ros2_driver_client
[0.180s] [100%] Built target ydlidar_ros2_driver_node
[0.210s] Invoked command in '/home/kong/my_ws/build/ydlidar_ros2_driver' returned '0': CMAKE_PREFIX_PATH=${CMAKE_PREFIX_PATH}:/home/kong/my_ws/install/ros2_aruco:/home/kong/my_ws/install/nav2_simple_commander:/home/kong/my_ws/install/my_tf2_package:/home/kong/my_ws/install/my_docking:/home/kong/my_ws/install/my_aruco_to_goal_pose_pkg:/opt/ros/humble /usr/bin/cmake --build /home/kong/my_ws/build/ydlidar_ros2_driver -- -j8 -l8
[0.329s] Invoking command in '/home/kong/my_ws/build/ydlidar_ros2_driver': CMAKE_PREFIX_PATH=${CMAKE_PREFIX_PATH}:/home/kong/my_ws/install/ros2_aruco:/home/kong/my_ws/install/nav2_simple_commander:/home/kong/my_ws/install/my_tf2_package:/home/kong/my_ws/install/my_docking:/home/kong/my_ws/install/my_aruco_to_goal_pose_pkg:/opt/ros/humble /usr/bin/cmake --install /home/kong/my_ws/build/ydlidar_ros2_driver
[0.353s] -- Install configuration: ""
[0.353s] -- Up-to-date: /home/kong/my_ws/install/ydlidar_ros2_driver/lib/ydlidar_ros2_driver/ydlidar_ros2_driver_node
[0.353s] -- Up-to-date: /home/kong/my_ws/install/ydlidar_ros2_driver/lib/ydlidar_ros2_driver/ydlidar_ros2_driver_client
[0.353s] -- Up-to-date: /home/kong/my_ws/install/ydlidar_ros2_driver/share/ydlidar_ros2_driver/launch
[0.353s] -- Up-to-date: /home/kong/my_ws/install/ydlidar_ros2_driver/share/ydlidar_ros2_driver/launch/ydlidar.py
[0.353s] -- Up-to-date: /home/kong/my_ws/install/ydlidar_ros2_driver/share/ydlidar_ros2_driver/launch/ydlidar_launch_view.py
[0.353s] -- Up-to-date: /home/kong/my_ws/install/ydlidar_ros2_driver/share/ydlidar_ros2_driver/launch/ydlidar_launch.py
[0.353s] -- Up-to-date: /home/kong/my_ws/install/ydlidar_ros2_driver/share/ydlidar_ros2_driver/params
[0.353s] -- Up-to-date: /home/kong/my_ws/install/ydlidar_ros2_driver/share/ydlidar_ros2_driver/params/G1.yaml
[0.353s] -- Up-to-date: /home/kong/my_ws/install/ydlidar_ros2_driver/share/ydlidar_ros2_driver/params/TminiPro.yaml
[0.353s] -- Up-to-date: /home/kong/my_ws/install/ydlidar_ros2_driver/share/ydlidar_ros2_driver/params/ydlidar.yaml
[0.353s] -- Up-to-date: /home/kong/my_ws/install/ydlidar_ros2_driver/share/ydlidar_ros2_driver/params/X4.yaml
[0.353s] -- Up-to-date: /home/kong/my_ws/install/ydlidar_ros2_driver/share/ydlidar_ros2_driver/params/TG.yaml
[0.354s] -- Up-to-date: /home/kong/my_ws/install/ydlidar_ros2_driver/share/ydlidar_ros2_driver/params/X4-Pro.yaml
[0.354s] -- Up-to-date: /home/kong/my_ws/install/ydlidar_ros2_driver/share/ydlidar_ros2_driver/params/G2.yaml
[0.354s] -- Up-to-date: /home/kong/my_ws/install/ydlidar_ros2_driver/share/ydlidar_ros2_driver/params/G6.yaml
[0.354s] -- Up-to-date: /home/kong/my_ws/install/ydlidar_ros2_driver/share/ydlidar_ros2_driver/params/X2.yaml
[0.354s] -- Up-to-date: /home/kong/my_ws/install/ydlidar_ros2_driver/share/ydlidar_ros2_driver/startup
[0.354s] -- Up-to-date: /home/kong/my_ws/install/ydlidar_ros2_driver/share/ydlidar_ros2_driver/startup/initenv.sh
[0.354s] -- Up-to-date: /home/kong/my_ws/install/ydlidar_ros2_driver/share/ydlidar_ros2_driver/config
[0.354s] -- Up-to-date: /home/kong/my_ws/install/ydlidar_ros2_driver/share/ydlidar_ros2_driver/config/ydlidar.rviz
[0.354s] -- Up-to-date: /home/kong/my_ws/install/ydlidar_ros2_driver/share/ament_index/resource_index/package_run_dependencies/ydlidar_ros2_driver
[0.354s] -- Up-to-date: /home/kong/my_ws/install/ydlidar_ros2_driver/share/ament_index/resource_index/parent_prefix_path/ydlidar_ros2_driver
[0.354s] -- Up-to-date: /home/kong/my_ws/install/ydlidar_ros2_driver/share/ydlidar_ros2_driver/environment/ament_prefix_path.sh
[0.354s] -- Up-to-date: /home/kong/my_ws/install/ydlidar_ros2_driver/share/ydlidar_ros2_driver/environment/ament_prefix_path.dsv
[0.354s] -- Up-to-date: /home/kong/my_ws/install/ydlidar_ros2_driver/share/ydlidar_ros2_driver/environment/path.sh
[0.354s] -- Up-to-date: /home/kong/my_ws/install/ydlidar_ros2_driver/share/ydlidar_ros2_driver/environment/path.dsv
[0.354s] -- Up-to-date: /home/kong/my_ws/install/ydlidar_ros2_driver/share/ydlidar_ros2_driver/local_setup.bash
[0.355s] -- Up-to-date: /home/kong/my_ws/install/ydlidar_ros2_driver/share/ydlidar_ros2_driver/local_setup.sh
[0.355s] -- Up-to-date: /home/kong/my_ws/install/ydlidar_ros2_driver/share/ydlidar_ros2_driver/local_setup.zsh
[0.355s] -- Up-to-date: /home/kong/my_ws/install/ydlidar_ros2_driver/share/ydlidar_ros2_driver/local_setup.dsv
[0.355s] -- Installing: /home/kong/my_ws/install/ydlidar_ros2_driver/share/ydlidar_ros2_driver/package.dsv
[0.356s] -- Up-to-date: /home/kong/my_ws/install/ydlidar_ros2_driver/share/ament_index/resource_index/packages/ydlidar_ros2_driver
[0.356s] -- Up-to-date: /home/kong/my_ws/install/ydlidar_ros2_driver/share/ydlidar_ros2_driver/cmake/ydlidar_ros2_driverConfig.cmake
[0.356s] -- Up-to-date: /home/kong/my_ws/install/ydlidar_ros2_driver/share/ydlidar_ros2_driver/cmake/ydlidar_ros2_driverConfig-version.cmake
[0.356s] -- Up-to-date: /home/kong/my_ws/install/ydlidar_ros2_driver/share/ydlidar_ros2_driver/package.xml
[0.364s] Invoked command in '/home/kong/my_ws/build/ydlidar_ros2_driver' returned '0': CMAKE_PREFIX_PATH=${CMAKE_PREFIX_PATH}:/home/kong/my_ws/install/ros2_aruco:/home/kong/my_ws/install/nav2_simple_commander:/home/kong/my_ws/install/my_tf2_package:/home/kong/my_ws/install/my_docking:/home/kong/my_ws/install/my_aruco_to_goal_pose_pkg:/opt/ros/humble /usr/bin/cmake --install /home/kong/my_ws/build/ydlidar_ros2_driver
