[1.601s] Invoking command in '/home/kong/my_ws/src/ros2_aruco/ros2_aruco': PYTHONPATH=/home/kong/my_ws/build/ros2_aruco/prefix_override:/home/kong/my_ws/install/ros2_aruco/lib/python3.10/site-packages:${PYTHONPATH} /usr/bin/python3 -W ignore:setup.py install is deprecated setup.py egg_info --egg-base ../../../build/ros2_aruco build --build-base /home/kong/my_ws/build/ros2_aruco/build install --record /home/kong/my_ws/build/ros2_aruco/install.log --single-version-externally-managed install_data
[7.622s] running egg_info
[7.622s] creating ../../../build/ros2_aruco/ros2_aruco.egg-info
[7.623s] writing ../../../build/ros2_aruco/ros2_aruco.egg-info/PKG-INFO
[7.623s] writing dependency_links to ../../../build/ros2_aruco/ros2_aruco.egg-info/dependency_links.txt
[7.623s] writing entry points to ../../../build/ros2_aruco/ros2_aruco.egg-info/entry_points.txt
[7.623s] writing requirements to ../../../build/ros2_aruco/ros2_aruco.egg-info/requires.txt
[7.623s] writing top-level names to ../../../build/ros2_aruco/ros2_aruco.egg-info/top_level.txt
[7.624s] writing manifest file '../../../build/ros2_aruco/ros2_aruco.egg-info/SOURCES.txt'
[7.624s] reading manifest file '../../../build/ros2_aruco/ros2_aruco.egg-info/SOURCES.txt'
[7.624s] writing manifest file '../../../build/ros2_aruco/ros2_aruco.egg-info/SOURCES.txt'
[7.624s] running build
[7.624s] running build_py
[7.624s] creating /home/kong/my_ws/build/ros2_aruco/build
[7.624s] creating /home/kong/my_ws/build/ros2_aruco/build/lib
[7.624s] creating /home/kong/my_ws/build/ros2_aruco/build/lib/ros2_aruco
[7.624s] copying ros2_aruco/aruco_generate_marker.py -> /home/kong/my_ws/build/ros2_aruco/build/lib/ros2_aruco
[7.624s] copying ros2_aruco/__init__.py -> /home/kong/my_ws/build/ros2_aruco/build/lib/ros2_aruco
[7.624s] copying ros2_aruco/aruco_node.py -> /home/kong/my_ws/build/ros2_aruco/build/lib/ros2_aruco
[7.624s] running install
[7.624s] running install_lib
[7.624s] creating /home/kong/my_ws/install/ros2_aruco/lib/python3.10/site-packages/ros2_aruco
[7.624s] copying /home/kong/my_ws/build/ros2_aruco/build/lib/ros2_aruco/aruco_generate_marker.py -> /home/kong/my_ws/install/ros2_aruco/lib/python3.10/site-packages/ros2_aruco
[7.624s] copying /home/kong/my_ws/build/ros2_aruco/build/lib/ros2_aruco/__init__.py -> /home/kong/my_ws/install/ros2_aruco/lib/python3.10/site-packages/ros2_aruco
[7.637s] copying /home/kong/my_ws/build/ros2_aruco/build/lib/ros2_aruco/aruco_node.py -> /home/kong/my_ws/install/ros2_aruco/lib/python3.10/site-packages/ros2_aruco
[7.637s] byte-compiling /home/kong/my_ws/install/ros2_aruco/lib/python3.10/site-packages/ros2_aruco/aruco_generate_marker.py to aruco_generate_marker.cpython-310.pyc
[7.637s] byte-compiling /home/kong/my_ws/install/ros2_aruco/lib/python3.10/site-packages/ros2_aruco/__init__.py to __init__.cpython-310.pyc
[7.637s] byte-compiling /home/kong/my_ws/install/ros2_aruco/lib/python3.10/site-packages/ros2_aruco/aruco_node.py to aruco_node.cpython-310.pyc
[7.637s] running install_data
[7.638s] creating /home/kong/my_ws/install/ros2_aruco/share/ament_index
[7.638s] creating /home/kong/my_ws/install/ros2_aruco/share/ament_index/resource_index
[7.638s] creating /home/kong/my_ws/install/ros2_aruco/share/ament_index/resource_index/packages
[7.638s] copying resource/ros2_aruco -> /home/kong/my_ws/install/ros2_aruco/share/ament_index/resource_index/packages
[7.638s] copying package.xml -> /home/kong/my_ws/install/ros2_aruco/share/ros2_aruco
[7.638s] creating /home/kong/my_ws/install/ros2_aruco/share/ros2_aruco/launch
[7.638s] copying launch/aruco_recognition.launch.py -> /home/kong/my_ws/install/ros2_aruco/share/ros2_aruco/launch
[7.638s] creating /home/kong/my_ws/install/ros2_aruco/share/ros2_aruco/config
[7.638s] copying config/aruco_parameters.yaml -> /home/kong/my_ws/install/ros2_aruco/share/ros2_aruco/config
[7.638s] running install_egg_info
[7.638s] Copying ../../../build/ros2_aruco/ros2_aruco.egg-info to /home/kong/my_ws/install/ros2_aruco/lib/python3.10/site-packages/ros2_aruco-0.1.0-py3.10.egg-info
[7.638s] running install_scripts
[7.638s] Installing aruco_generate_marker script to /home/kong/my_ws/install/ros2_aruco/lib/ros2_aruco
[7.638s] Installing aruco_node script to /home/kong/my_ws/install/ros2_aruco/lib/ros2_aruco
[7.638s] writing list of installed files to '/home/kong/my_ws/build/ros2_aruco/install.log'
[7.651s] Invoked command in '/home/kong/my_ws/src/ros2_aruco/ros2_aruco' returned '0': PYTHONPATH=/home/kong/my_ws/build/ros2_aruco/prefix_override:/home/kong/my_ws/install/ros2_aruco/lib/python3.10/site-packages:${PYTHONPATH} /usr/bin/python3 -W ignore:setup.py install is deprecated setup.py egg_info --egg-base ../../../build/ros2_aruco build --build-base /home/kong/my_ws/build/ros2_aruco/build install --record /home/kong/my_ws/build/ros2_aruco/install.log --single-version-externally-managed install_data
