[1.266s] Invoking command in '/home/kong/my_ws/src/my_aruco_to_goal_pose_pkg': PYTHONPATH=/home/kong/my_ws/build/my_aruco_to_goal_pose_pkg/prefix_override:/home/kong/my_ws/install/my_aruco_to_goal_pose_pkg/lib/python3.10/site-packages:${PYTHONPATH} /usr/bin/python3 -W ignore:setup.py install is deprecated setup.py egg_info --egg-base ../../build/my_aruco_to_goal_pose_pkg build --build-base /home/kong/my_ws/build/my_aruco_to_goal_pose_pkg/build install --record /home/kong/my_ws/build/my_aruco_to_goal_pose_pkg/install.log --single-version-externally-managed install_data
[1.543s] running egg_info
[1.544s] creating ../../build/my_aruco_to_goal_pose_pkg/my_aruco_to_goal_pose_pkg.egg-info
[1.544s] writing ../../build/my_aruco_to_goal_pose_pkg/my_aruco_to_goal_pose_pkg.egg-info/PKG-INFO
[1.544s] writing dependency_links to ../../build/my_aruco_to_goal_pose_pkg/my_aruco_to_goal_pose_pkg.egg-info/dependency_links.txt
[1.544s] writing entry points to ../../build/my_aruco_to_goal_pose_pkg/my_aruco_to_goal_pose_pkg.egg-info/entry_points.txt
[1.544s] writing requirements to ../../build/my_aruco_to_goal_pose_pkg/my_aruco_to_goal_pose_pkg.egg-info/requires.txt
[1.545s] writing top-level names to ../../build/my_aruco_to_goal_pose_pkg/my_aruco_to_goal_pose_pkg.egg-info/top_level.txt
[1.545s] writing manifest file '../../build/my_aruco_to_goal_pose_pkg/my_aruco_to_goal_pose_pkg.egg-info/SOURCES.txt'
[1.548s] reading manifest file '../../build/my_aruco_to_goal_pose_pkg/my_aruco_to_goal_pose_pkg.egg-info/SOURCES.txt'
[1.549s] writing manifest file '../../build/my_aruco_to_goal_pose_pkg/my_aruco_to_goal_pose_pkg.egg-info/SOURCES.txt'
[1.549s] running build
[1.549s] running build_py
[1.550s] creating /home/kong/my_ws/build/my_aruco_to_goal_pose_pkg/build
[1.550s] creating /home/kong/my_ws/build/my_aruco_to_goal_pose_pkg/build/lib
[1.550s] creating /home/kong/my_ws/build/my_aruco_to_goal_pose_pkg/build/lib/my_aruco_to_goal_pose_pkg
[1.550s] copying my_aruco_to_goal_pose_pkg/aruco_sub_goal_pose_pub.py -> /home/kong/my_ws/build/my_aruco_to_goal_pose_pkg/build/lib/my_aruco_to_goal_pose_pkg
[1.551s] copying my_aruco_to_goal_pose_pkg/__init__.py -> /home/kong/my_ws/build/my_aruco_to_goal_pose_pkg/build/lib/my_aruco_to_goal_pose_pkg
[1.551s] running install
[1.552s] running install_lib
[1.553s] creating /home/kong/my_ws/install/my_aruco_to_goal_pose_pkg/lib/python3.10/site-packages/my_aruco_to_goal_pose_pkg
[1.553s] copying /home/kong/my_ws/build/my_aruco_to_goal_pose_pkg/build/lib/my_aruco_to_goal_pose_pkg/aruco_sub_goal_pose_pub.py -> /home/kong/my_ws/install/my_aruco_to_goal_pose_pkg/lib/python3.10/site-packages/my_aruco_to_goal_pose_pkg
[1.554s] copying /home/kong/my_ws/build/my_aruco_to_goal_pose_pkg/build/lib/my_aruco_to_goal_pose_pkg/__init__.py -> /home/kong/my_ws/install/my_aruco_to_goal_pose_pkg/lib/python3.10/site-packages/my_aruco_to_goal_pose_pkg
[1.554s] byte-compiling /home/kong/my_ws/install/my_aruco_to_goal_pose_pkg/lib/python3.10/site-packages/my_aruco_to_goal_pose_pkg/aruco_sub_goal_pose_pub.py to aruco_sub_goal_pose_pub.cpython-310.pyc
[1.556s] byte-compiling /home/kong/my_ws/install/my_aruco_to_goal_pose_pkg/lib/python3.10/site-packages/my_aruco_to_goal_pose_pkg/__init__.py to __init__.cpython-310.pyc
[1.556s] running install_data
[1.556s] creating /home/kong/my_ws/install/my_aruco_to_goal_pose_pkg/share/ament_index
[1.557s] creating /home/kong/my_ws/install/my_aruco_to_goal_pose_pkg/share/ament_index/resource_index
[1.557s] creating /home/kong/my_ws/install/my_aruco_to_goal_pose_pkg/share/ament_index/resource_index/packages
[1.557s] copying resource/my_aruco_to_goal_pose_pkg -> /home/kong/my_ws/install/my_aruco_to_goal_pose_pkg/share/ament_index/resource_index/packages
[1.557s] copying package.xml -> /home/kong/my_ws/install/my_aruco_to_goal_pose_pkg/share/my_aruco_to_goal_pose_pkg
[1.557s] running install_egg_info
[1.560s] Copying ../../build/my_aruco_to_goal_pose_pkg/my_aruco_to_goal_pose_pkg.egg-info to /home/kong/my_ws/install/my_aruco_to_goal_pose_pkg/lib/python3.10/site-packages/my_aruco_to_goal_pose_pkg-0.0.0-py3.10.egg-info
[1.561s] running install_scripts
[1.587s] Installing aruco_sub_goal_pose_pub script to /home/kong/my_ws/install/my_aruco_to_goal_pose_pkg/lib/my_aruco_to_goal_pose_pkg
[1.587s] writing list of installed files to '/home/kong/my_ws/build/my_aruco_to_goal_pose_pkg/install.log'
[1.632s] Invoked command in '/home/kong/my_ws/src/my_aruco_to_goal_pose_pkg' returned '0': PYTHONPATH=/home/kong/my_ws/build/my_aruco_to_goal_pose_pkg/prefix_override:/home/kong/my_ws/install/my_aruco_to_goal_pose_pkg/lib/python3.10/site-packages:${PYTHONPATH} /usr/bin/python3 -W ignore:setup.py install is deprecated setup.py egg_info --egg-base ../../build/my_aruco_to_goal_pose_pkg build --build-base /home/kong/my_ws/build/my_aruco_to_goal_pose_pkg/build install --record /home/kong/my_ws/build/my_aruco_to_goal_pose_pkg/install.log --single-version-externally-managed install_data
