[0.057s] Invoking command in '/home/kong/my_ws/build/teleop_twist_joy': CMAKE_PREFIX_PATH=${CMAKE_PREFIX_PATH}:/home/kong/install/ros2_aruco:/home/kong/install/my_tf2_package:/home/kong/install/my_docking:/home/kong/install/my_aruco_to_goal_pose_pkg:/home/kong/my_ws/install/ros2_aruco:/home/kong/my_ws/install/nav2_simple_commander:/home/kong/my_ws/install/my_tf2_package:/home/kong/my_ws/install/my_docking:/home/kong/my_ws/install/my_aruco_to_goal_pose_pkg:/opt/ros/humble /usr/bin/cmake /home/kong/my_ws/src/teleop_twist_joy -DCMAKE_INSTALL_PREFIX=/home/kong/my_ws/install/teleop_twist_joy
[0.594s] -- The C compiler identification is GNU 11.4.0
[0.594s] -- The CXX compiler identification is GNU 11.4.0
[0.594s] -- Detecting C compiler ABI info
[0.767s] -- Detecting C compiler ABI info - done
[0.777s] -- Check for working C compiler: /usr/bin/cc - skipped
[0.777s] -- Detecting C compile features
[0.778s] -- Detecting C compile features - done
[0.788s] -- Detecting CXX compiler ABI info
[1.183s] -- Detecting CXX compiler ABI info - done
[1.195s] -- Check for working CXX compiler: /usr/bin/c++ - skipped
[1.200s] -- Detecting CXX compile features
[1.203s] -- Detecting CXX compile features - done
[1.211s] -- Found ament_cmake: 1.3.8 (/opt/ros/humble/share/ament_cmake/cmake)
[1.857s] -- Found Python3: /usr/bin/python3 (found version "3.10.12") found components: Interpreter 
[2.212s] -- Found geometry_msgs: 4.2.3 (/opt/ros/humble/share/geometry_msgs/cmake)
[2.401s] -- Found rosidl_generator_c: 3.1.5 (/opt/ros/humble/share/rosidl_generator_c/cmake)
[2.427s] -- Found rosidl_adapter: 3.1.5 (/opt/ros/humble/share/rosidl_adapter/cmake)
[2.469s] -- Found rosidl_generator_cpp: 3.1.5 (/opt/ros/humble/share/rosidl_generator_cpp/cmake)
[2.536s] -- Using all available rosidl_typesupport_c: rosidl_typesupport_fastrtps_c;rosidl_typesupport_introspection_c
[2.620s] -- Using all available rosidl_typesupport_cpp: rosidl_typesupport_fastrtps_cpp;rosidl_typesupport_introspection_cpp
[3.102s] -- Found rclcpp: 16.0.8 (/opt/ros/humble/share/rclcpp/cmake)
[3.418s] -- Found rmw_implementation_cmake: 6.1.1 (/opt/ros/humble/share/rmw_implementation_cmake/cmake)
[3.439s] -- Found rmw_fastrtps_cpp: 6.2.6 (/opt/ros/humble/share/rmw_fastrtps_cpp/cmake)
[4.259s] -- Found OpenSSL: /usr/lib/x86_64-linux-gnu/libcrypto.so (found version "3.0.2")  
[4.410s] -- Found FastRTPS: /opt/ros/humble/include  
[4.693s] -- Using RMW implementation 'rmw_fastrtps_cpp' as default
[4.770s] -- Looking for pthread.h
[5.283s] -- Looking for pthread.h - found
[5.284s] -- Performing Test CMAKE_HAVE_LIBC_PTHREAD
[5.800s] -- Performing Test CMAKE_HAVE_LIBC_PTHREAD - Success
[5.806s] -- Found Threads: TRUE  
[6.222s] -- Found rclcpp_components: 16.0.8 (/opt/ros/humble/share/rclcpp_components/cmake)
[6.351s] -- Found sensor_msgs: 4.2.3 (/opt/ros/humble/share/sensor_msgs/cmake)
[6.529s] -- Performing Test COMPILER_HAS_HIDDEN_VISIBILITY
[6.853s] -- Performing Test COMPILER_HAS_HIDDEN_VISIBILITY - Success
[6.854s] -- Performing Test COMPILER_HAS_HIDDEN_INLINE_VISIBILITY
[7.090s] -- Performing Test COMPILER_HAS_HIDDEN_INLINE_VISIBILITY - Success
[7.090s] -- Performing Test COMPILER_HAS_DEPRECATED_ATTR
[7.337s] -- Performing Test COMPILER_HAS_DEPRECATED_ATTR - Success
[7.344s] -- Found ament_lint_auto: 0.12.10 (/opt/ros/humble/share/ament_lint_auto/cmake)
[7.567s] -- Found python_cmake_module: 0.10.0 (/opt/ros/humble/share/python_cmake_module/cmake)
[7.629s] -- Found PythonInterp: /usr/bin/python3 (found suitable version "3.10.12", minimum required is "3.6") 
[7.640s] -- Found PythonLibs: /usr/lib/x86_64-linux-gnu/libpython3.10.so (found suitable version "3.10.12", minimum required is "3.5") 
[7.640s] -- Using PYTHON_EXECUTABLE: /usr/bin/python3
[7.640s] -- Using PYTHON_INCLUDE_DIRS: /usr/include/python3.10
[7.640s] -- Using PYTHON_LIBRARIES: /usr/lib/x86_64-linux-gnu/libpython3.10.so
[7.712s] -- Found PythonExtra: .so  
[7.766s] -- Added test 'cppcheck' to perform static code analysis on C / C++ code
[7.766s] -- Configured cppcheck include dirs: $<BUILD_INTERFACE:/home/kong/my_ws/src/teleop_twist_joy/include>
[7.766s] -- Configured cppcheck exclude dirs and/or files: 
[7.768s] -- Added test 'flake8' to check Python code syntax and style conventions
[7.776s] -- Added test 'lint_cmake' to check CMake code style
[7.781s] -- Added test 'pep257' to check Python code against some of the docstring style conventions in PEP 257
[7.783s] -- Added test 'xmllint' to check XML markup files
[7.789s] -- Configuring done
[7.819s] -- Generating done
[7.821s] -- Build files have been written to: /home/kong/my_ws/build/teleop_twist_joy
[7.853s] Invoked command in '/home/kong/my_ws/build/teleop_twist_joy' returned '0': CMAKE_PREFIX_PATH=${CMAKE_PREFIX_PATH}:/home/kong/install/ros2_aruco:/home/kong/install/my_tf2_package:/home/kong/install/my_docking:/home/kong/install/my_aruco_to_goal_pose_pkg:/home/kong/my_ws/install/ros2_aruco:/home/kong/my_ws/install/nav2_simple_commander:/home/kong/my_ws/install/my_tf2_package:/home/kong/my_ws/install/my_docking:/home/kong/my_ws/install/my_aruco_to_goal_pose_pkg:/opt/ros/humble /usr/bin/cmake /home/kong/my_ws/src/teleop_twist_joy -DCMAKE_INSTALL_PREFIX=/home/kong/my_ws/install/teleop_twist_joy
[7.854s] Invoking command in '/home/kong/my_ws/build/teleop_twist_joy': CMAKE_PREFIX_PATH=${CMAKE_PREFIX_PATH}:/home/kong/install/ros2_aruco:/home/kong/install/my_tf2_package:/home/kong/install/my_docking:/home/kong/install/my_aruco_to_goal_pose_pkg:/home/kong/my_ws/install/ros2_aruco:/home/kong/my_ws/install/nav2_simple_commander:/home/kong/my_ws/install/my_tf2_package:/home/kong/my_ws/install/my_docking:/home/kong/my_ws/install/my_aruco_to_goal_pose_pkg:/opt/ros/humble /usr/bin/cmake --build /home/kong/my_ws/build/teleop_twist_joy -- -j8 -l8
[11.020s] [ 25%] [32mBuilding CXX object CMakeFiles/teleop_twist_joy.dir/src/teleop_twist_joy.cpp.o[0m
[27.349s] [ 50%] [32m[1mLinking CXX shared library libteleop_twist_joy.so[0m
[28.356s] [ 50%] Built target teleop_twist_joy
[28.406s] [ 75%] [32mBuilding CXX object CMakeFiles/teleop_twist_joy_node.dir/src/teleop_node.cpp.o[0m
[33.237s] [100%] [32m[1mLinking CXX executable teleop_node[0m
[33.681s] [100%] Built target teleop_twist_joy_node
[33.702s] Invoked command in '/home/kong/my_ws/build/teleop_twist_joy' returned '0': CMAKE_PREFIX_PATH=${CMAKE_PREFIX_PATH}:/home/kong/install/ros2_aruco:/home/kong/install/my_tf2_package:/home/kong/install/my_docking:/home/kong/install/my_aruco_to_goal_pose_pkg:/home/kong/my_ws/install/ros2_aruco:/home/kong/my_ws/install/nav2_simple_commander:/home/kong/my_ws/install/my_tf2_package:/home/kong/my_ws/install/my_docking:/home/kong/my_ws/install/my_aruco_to_goal_pose_pkg:/opt/ros/humble /usr/bin/cmake --build /home/kong/my_ws/build/teleop_twist_joy -- -j8 -l8
[34.077s] Invoking command in '/home/kong/my_ws/build/teleop_twist_joy': CMAKE_PREFIX_PATH=${CMAKE_PREFIX_PATH}:/home/kong/install/ros2_aruco:/home/kong/install/my_tf2_package:/home/kong/install/my_docking:/home/kong/install/my_aruco_to_goal_pose_pkg:/home/kong/my_ws/install/ros2_aruco:/home/kong/my_ws/install/nav2_simple_commander:/home/kong/my_ws/install/my_tf2_package:/home/kong/my_ws/install/my_docking:/home/kong/my_ws/install/my_aruco_to_goal_pose_pkg:/opt/ros/humble /usr/bin/cmake --install /home/kong/my_ws/build/teleop_twist_joy
[34.110s] -- Install configuration: ""
[34.111s] -- Installing: /home/kong/my_ws/install/teleop_twist_joy/lib/libteleop_twist_joy.so
[34.128s] -- Set runtime path of "/home/kong/my_ws/install/teleop_twist_joy/lib/libteleop_twist_joy.so" to ""
[34.128s] -- Installing: /home/kong/my_ws/install/teleop_twist_joy/lib/teleop_twist_joy/teleop_node
[34.128s] -- Set runtime path of "/home/kong/my_ws/install/teleop_twist_joy/lib/teleop_twist_joy/teleop_node" to ""
[34.128s] -- Installing: /home/kong/my_ws/install/teleop_twist_joy/include/teleop_twist_joy
[34.129s] -- Installing: /home/kong/my_ws/install/teleop_twist_joy/include/teleop_twist_joy/teleop_twist_joy
[34.129s] -- Installing: /home/kong/my_ws/install/teleop_twist_joy/include/teleop_twist_joy/teleop_twist_joy/teleop_twist_joy.hpp
[34.129s] -- Installing: /home/kong/my_ws/install/teleop_twist_joy/include/teleop_twist_joy/teleop_twist_joy/teleop_twist_joy_export.h
[34.129s] -- Installing: /home/kong/my_ws/install/teleop_twist_joy/share/teleop_twist_joy/launch
[34.129s] -- Installing: /home/kong/my_ws/install/teleop_twist_joy/share/teleop_twist_joy/launch/teleop-launch.py
[34.129s] -- Installing: /home/kong/my_ws/install/teleop_twist_joy/share/teleop_twist_joy/config
[34.129s] -- Installing: /home/kong/my_ws/install/teleop_twist_joy/share/teleop_twist_joy/config/xbox.config.yaml
[34.129s] -- Installing: /home/kong/my_ws/install/teleop_twist_joy/share/teleop_twist_joy/config/xd3.config.yaml
[34.129s] -- Installing: /home/kong/my_ws/install/teleop_twist_joy/share/teleop_twist_joy/config/atk3.config.yaml
[34.129s] -- Installing: /home/kong/my_ws/install/teleop_twist_joy/share/teleop_twist_joy/config/ps3.config.yaml
[34.130s] -- Installing: /home/kong/my_ws/install/teleop_twist_joy/share/teleop_twist_joy/config/ps3-holonomic.config.yaml
[34.130s] -- Installing: /home/kong/my_ws/install/teleop_twist_joy/share/teleop_twist_joy/environment/library_path.sh
[34.130s] -- Installing: /home/kong/my_ws/install/teleop_twist_joy/share/teleop_twist_joy/environment/library_path.dsv
[34.130s] -- Installing: /home/kong/my_ws/install/teleop_twist_joy/share/ament_index/resource_index/package_run_dependencies/teleop_twist_joy
[34.130s] -- Installing: /home/kong/my_ws/install/teleop_twist_joy/share/ament_index/resource_index/parent_prefix_path/teleop_twist_joy
[34.130s] -- Installing: /home/kong/my_ws/install/teleop_twist_joy/share/teleop_twist_joy/environment/ament_prefix_path.sh
[34.130s] -- Installing: /home/kong/my_ws/install/teleop_twist_joy/share/teleop_twist_joy/environment/ament_prefix_path.dsv
[34.131s] -- Installing: /home/kong/my_ws/install/teleop_twist_joy/share/teleop_twist_joy/environment/path.sh
[34.131s] -- Installing: /home/kong/my_ws/install/teleop_twist_joy/share/teleop_twist_joy/environment/path.dsv
[34.138s] -- Installing: /home/kong/my_ws/install/teleop_twist_joy/share/teleop_twist_joy/local_setup.bash
[34.138s] -- Installing: /home/kong/my_ws/install/teleop_twist_joy/share/teleop_twist_joy/local_setup.sh
[34.139s] -- Installing: /home/kong/my_ws/install/teleop_twist_joy/share/teleop_twist_joy/local_setup.zsh
[34.139s] -- Installing: /home/kong/my_ws/install/teleop_twist_joy/share/teleop_twist_joy/local_setup.dsv
[34.140s] -- Installing: /home/kong/my_ws/install/teleop_twist_joy/share/teleop_twist_joy/package.dsv
[34.140s] -- Installing: /home/kong/my_ws/install/teleop_twist_joy/share/ament_index/resource_index/packages/teleop_twist_joy
[34.141s] -- Installing: /home/kong/my_ws/install/teleop_twist_joy/share/ament_index/resource_index/rclcpp_components/teleop_twist_joy
[34.141s] -- Installing: /home/kong/my_ws/install/teleop_twist_joy/share/teleop_twist_joy/cmake/export_teleop_twist_joyExport.cmake
[34.141s] -- Installing: /home/kong/my_ws/install/teleop_twist_joy/share/teleop_twist_joy/cmake/export_teleop_twist_joyExport-noconfig.cmake
[34.142s] -- Installing: /home/kong/my_ws/install/teleop_twist_joy/share/teleop_twist_joy/cmake/ament_cmake_export_include_directories-extras.cmake
[34.146s] -- Installing: /home/kong/my_ws/install/teleop_twist_joy/share/teleop_twist_joy/cmake/ament_cmake_export_libraries-extras.cmake
[34.146s] -- Installing: /home/kong/my_ws/install/teleop_twist_joy/share/teleop_twist_joy/cmake/ament_cmake_export_targets-extras.cmake
[34.147s] -- Installing: /home/kong/my_ws/install/teleop_twist_joy/share/teleop_twist_joy/cmake/teleop_twist_joyConfig.cmake
[34.147s] -- Installing: /home/kong/my_ws/install/teleop_twist_joy/share/teleop_twist_joy/cmake/teleop_twist_joyConfig-version.cmake
[34.154s] -- Installing: /home/kong/my_ws/install/teleop_twist_joy/share/teleop_twist_joy/package.xml
[34.161s] Invoked command in '/home/kong/my_ws/build/teleop_twist_joy' returned '0': CMAKE_PREFIX_PATH=${CMAKE_PREFIX_PATH}:/home/kong/install/ros2_aruco:/home/kong/install/my_tf2_package:/home/kong/install/my_docking:/home/kong/install/my_aruco_to_goal_pose_pkg:/home/kong/my_ws/install/ros2_aruco:/home/kong/my_ws/install/nav2_simple_commander:/home/kong/my_ws/install/my_tf2_package:/home/kong/my_ws/install/my_docking:/home/kong/my_ws/install/my_aruco_to_goal_pose_pkg:/opt/ros/humble /usr/bin/cmake --install /home/kong/my_ws/build/teleop_twist_joy
