[0.038s] Invoking command in '/home/kong/my_ws/build/odrive_demo_description': CMAKE_PREFIX_PATH=${CMAKE_PREFIX_PATH}:/home/kong/my_ws/install/ros2_aruco:/home/kong/my_ws/install/nav2_simple_commander:/home/kong/my_ws/install/my_tf2_package:/home/kong/my_ws/install/my_docking:/home/kong/my_ws/install/my_aruco_to_goal_pose_pkg:/opt/ros/humble /usr/bin/cmake --build /home/kong/my_ws/build/odrive_demo_description -- -j8 -l8
[0.594s] Invoked command in '/home/kong/my_ws/build/odrive_demo_description' returned '0': CMAKE_PREFIX_PATH=${CMAKE_PREFIX_PATH}:/home/kong/my_ws/install/ros2_aruco:/home/kong/my_ws/install/nav2_simple_commander:/home/kong/my_ws/install/my_tf2_package:/home/kong/my_ws/install/my_docking:/home/kong/my_ws/install/my_aruco_to_goal_pose_pkg:/opt/ros/humble /usr/bin/cmake --build /home/kong/my_ws/build/odrive_demo_description -- -j8 -l8
[0.663s] Invoking command in '/home/kong/my_ws/build/odrive_demo_description': CMAKE_PREFIX_PATH=${CMAKE_PREFIX_PATH}:/home/kong/my_ws/install/ros2_aruco:/home/kong/my_ws/install/nav2_simple_commander:/home/kong/my_ws/install/my_tf2_package:/home/kong/my_ws/install/my_docking:/home/kong/my_ws/install/my_aruco_to_goal_pose_pkg:/opt/ros/humble /usr/bin/cmake --install /home/kong/my_ws/build/odrive_demo_description
[0.676s] -- Install configuration: ""
[0.676s] -- Up-to-date: /home/kong/my_ws/install/odrive_demo_description/share/odrive_demo_description/urdf
[0.676s] -- Up-to-date: /home/kong/my_ws/install/odrive_demo_description/share/odrive_demo_description/urdf/odrive_diffbot.urdf.xacro
[0.676s] -- Up-to-date: /home/kong/my_ws/install/odrive_demo_description/share/odrive_demo_description/urdf/odrive.ros2_control.xacro
[0.676s] -- Up-to-date: /home/kong/my_ws/install/odrive_demo_description/share/odrive_demo_description/urdf/odrive.urdf.xacro
[0.676s] -- Up-to-date: /home/kong/my_ws/install/odrive_demo_description/share/ament_index/resource_index/package_run_dependencies/odrive_demo_description
[0.676s] -- Up-to-date: /home/kong/my_ws/install/odrive_demo_description/share/ament_index/resource_index/parent_prefix_path/odrive_demo_description
[0.676s] -- Up-to-date: /home/kong/my_ws/install/odrive_demo_description/share/odrive_demo_description/environment/ament_prefix_path.sh
[0.676s] -- Up-to-date: /home/kong/my_ws/install/odrive_demo_description/share/odrive_demo_description/environment/ament_prefix_path.dsv
[0.677s] -- Up-to-date: /home/kong/my_ws/install/odrive_demo_description/share/odrive_demo_description/environment/path.sh
[0.677s] -- Up-to-date: /home/kong/my_ws/install/odrive_demo_description/share/odrive_demo_description/environment/path.dsv
[0.677s] -- Up-to-date: /home/kong/my_ws/install/odrive_demo_description/share/odrive_demo_description/local_setup.bash
[0.677s] -- Up-to-date: /home/kong/my_ws/install/odrive_demo_description/share/odrive_demo_description/local_setup.sh
[0.677s] -- Up-to-date: /home/kong/my_ws/install/odrive_demo_description/share/odrive_demo_description/local_setup.zsh
[0.677s] -- Up-to-date: /home/kong/my_ws/install/odrive_demo_description/share/odrive_demo_description/local_setup.dsv
[0.677s] -- Installing: /home/kong/my_ws/install/odrive_demo_description/share/odrive_demo_description/package.dsv
[0.678s] -- Up-to-date: /home/kong/my_ws/install/odrive_demo_description/share/ament_index/resource_index/packages/odrive_demo_description
[0.678s] -- Up-to-date: /home/kong/my_ws/install/odrive_demo_description/share/odrive_demo_description/cmake/odrive_demo_descriptionConfig.cmake
[0.678s] -- Up-to-date: /home/kong/my_ws/install/odrive_demo_description/share/odrive_demo_description/cmake/odrive_demo_descriptionConfig-version.cmake
[0.678s] -- Up-to-date: /home/kong/my_ws/install/odrive_demo_description/share/odrive_demo_description/package.xml
[0.685s] Invoked command in '/home/kong/my_ws/build/odrive_demo_description' returned '0': CMAKE_PREFIX_PATH=${CMAKE_PREFIX_PATH}:/home/kong/my_ws/install/ros2_aruco:/home/kong/my_ws/install/nav2_simple_commander:/home/kong/my_ws/install/my_tf2_package:/home/kong/my_ws/install/my_docking:/home/kong/my_ws/install/my_aruco_to_goal_pose_pkg:/opt/ros/humble /usr/bin/cmake --install /home/kong/my_ws/build/odrive_demo_description
