[0.044s] Invoking command in '/home/kong/my_ws/build/my_slam_package': CMAKE_PREFIX_PATH=${CMAKE_PREFIX_PATH}:/home/kong/my_ws/install/ros2_aruco:/home/kong/my_ws/install/nav2_simple_commander:/home/kong/my_ws/install/my_tf2_package:/home/kong/my_ws/install/my_docking:/home/kong/my_ws/install/my_aruco_to_goal_pose_pkg:/opt/ros/humble /usr/bin/cmake --build /home/kong/my_ws/build/my_slam_package -- -j8 -l8
[0.112s] Invoked command in '/home/kong/my_ws/build/my_slam_package' returned '0': CMAKE_PREFIX_PATH=${CMAKE_PREFIX_PATH}:/home/kong/my_ws/install/ros2_aruco:/home/kong/my_ws/install/nav2_simple_commander:/home/kong/my_ws/install/my_tf2_package:/home/kong/my_ws/install/my_docking:/home/kong/my_ws/install/my_aruco_to_goal_pose_pkg:/opt/ros/humble /usr/bin/cmake --build /home/kong/my_ws/build/my_slam_package -- -j8 -l8
[0.199s] Invoking command in '/home/kong/my_ws/build/my_slam_package': CMAKE_PREFIX_PATH=${CMAKE_PREFIX_PATH}:/home/kong/my_ws/install/ros2_aruco:/home/kong/my_ws/install/nav2_simple_commander:/home/kong/my_ws/install/my_tf2_package:/home/kong/my_ws/install/my_docking:/home/kong/my_ws/install/my_aruco_to_goal_pose_pkg:/opt/ros/humble /usr/bin/cmake --install /home/kong/my_ws/build/my_slam_package
[0.222s] -- Install configuration: ""
[0.222s] -- Up-to-date: /home/kong/my_ws/install/my_slam_package/share/my_slam_package/launch
[0.222s] -- Up-to-date: /home/kong/my_ws/install/my_slam_package/share/my_slam_package/launch/my_robot.launch.py
[0.222s] -- Up-to-date: /home/kong/my_ws/install/my_slam_package/share/my_slam_package/launch/localization_without_grid.launch.py
[0.222s] -- Up-to-date: /home/kong/my_ws/install/my_slam_package/share/my_slam_package/urdf
[0.222s] -- Up-to-date: /home/kong/my_ws/install/my_slam_package/share/my_slam_package/urdf/my_robot.urdf
[0.222s] -- Up-to-date: /home/kong/my_ws/install/my_slam_package/share/my_slam_package/lua
[0.223s] -- Up-to-date: /home/kong/my_ws/install/my_slam_package/share/my_slam_package/lua/my_robot.lua
[0.223s] -- Up-to-date: /home/kong/my_ws/install/my_slam_package/share/ament_index/resource_index/package_run_dependencies/my_slam_package
[0.223s] -- Up-to-date: /home/kong/my_ws/install/my_slam_package/share/ament_index/resource_index/parent_prefix_path/my_slam_package
[0.223s] -- Up-to-date: /home/kong/my_ws/install/my_slam_package/share/my_slam_package/environment/ament_prefix_path.sh
[0.223s] -- Up-to-date: /home/kong/my_ws/install/my_slam_package/share/my_slam_package/environment/ament_prefix_path.dsv
[0.223s] -- Up-to-date: /home/kong/my_ws/install/my_slam_package/share/my_slam_package/environment/path.sh
[0.223s] -- Up-to-date: /home/kong/my_ws/install/my_slam_package/share/my_slam_package/environment/path.dsv
[0.223s] -- Up-to-date: /home/kong/my_ws/install/my_slam_package/share/my_slam_package/local_setup.bash
[0.223s] -- Up-to-date: /home/kong/my_ws/install/my_slam_package/share/my_slam_package/local_setup.sh
[0.223s] -- Up-to-date: /home/kong/my_ws/install/my_slam_package/share/my_slam_package/local_setup.zsh
[0.223s] -- Up-to-date: /home/kong/my_ws/install/my_slam_package/share/my_slam_package/local_setup.dsv
[0.223s] -- Installing: /home/kong/my_ws/install/my_slam_package/share/my_slam_package/package.dsv
[0.223s] -- Up-to-date: /home/kong/my_ws/install/my_slam_package/share/ament_index/resource_index/packages/my_slam_package
[0.223s] -- Up-to-date: /home/kong/my_ws/install/my_slam_package/share/my_slam_package/cmake/my_slam_packageConfig.cmake
[0.224s] -- Up-to-date: /home/kong/my_ws/install/my_slam_package/share/my_slam_package/cmake/my_slam_packageConfig-version.cmake
[0.224s] -- Up-to-date: /home/kong/my_ws/install/my_slam_package/share/my_slam_package/package.xml
[0.239s] Invoked command in '/home/kong/my_ws/build/my_slam_package' returned '0': CMAKE_PREFIX_PATH=${CMAKE_PREFIX_PATH}:/home/kong/my_ws/install/ros2_aruco:/home/kong/my_ws/install/nav2_simple_commander:/home/kong/my_ws/install/my_tf2_package:/home/kong/my_ws/install/my_docking:/home/kong/my_ws/install/my_aruco_to_goal_pose_pkg:/opt/ros/humble /usr/bin/cmake --install /home/kong/my_ws/build/my_slam_package
