[0.056s] Invoking command in '/home/kong/my_ws/build/nav2_behavior_tree': CMAKE_PREFIX_PATH=/home/kong/my_ws/install/nav2_util:/home/kong/my_ws/install/nav2_msgs:/home/kong/my_ws/install/nav2_common:/home/kong/my_ws/install/ydlidar_ros2_driver:/home/kong/my_ws/install/usb_cam:/home/kong/my_ws/install/teleop_twist_joy:/home/kong/my_ws/install/nav2_system_tests:/home/kong/my_ws/install/nav2_bringup:/home/kong/my_ws/install/slam_toolbox:/home/kong/my_ws/install/ros2_aruco_interfaces:/home/kong/my_ws/install/realsense2_description:/home/kong/my_ws/install/realsense2_camera:/home/kong/my_ws/install/realsense2_camera_msgs:/home/kong/my_ws/install/odrive_ros2_control:/home/kong/my_ws/install/odrive_hardware_interface:/home/kong/my_ws/install/odrive_demo_bringup:/home/kong/my_ws/install/odrive_demo_description:/home/kong/my_ws/install/navigation2:/home/kong/my_ws/install/nav2_smoother:/home/kong/my_ws/install/nav2_graceful_controller:/home/kong/my_ws/install/nav2_dwb_controller:/home/kong/my_ws/install/nav2_controller:/home/kong/my_ws/install/dwb_plugins:/home/kong/my_ws/install/dwb_critics:/home/kong/my_ws/install/dwb_core:/home/kong/my_ws/install/nav_2d_utils:/home/kong/my_ws/install/dwb_msgs:/home/kong/my_ws/install/nav_2d_msgs:/home/kong/my_ws/install/nav2_waypoint_follower:/home/kong/my_ws/install/nav2_theta_star_planner:/home/kong/my_ws/install/nav2_smac_planner:/home/kong/my_ws/install/nav2_rotation_shim_controller:/home/kong/my_ws/install/nav2_regulated_pure_pursuit_controller:/home/kong/my_ws/install/nav2_planner:/home/kong/my_ws/install/nav2_navfn_planner:/home/kong/my_ws/install/nav2_mppi_controller:/home/kong/my_ws/install/nav2_constrained_smoother:/home/kong/my_ws/install/nav2_bt_navigator:/home/kong/my_ws/install/nav2_behaviors:/home/kong/my_ws/install/nav2_core:/home/kong/my_ws/install/nav2_collision_monitor:/home/kong/my_ws/install/costmap_queue:/home/kong/my_ws/install/nav2_costmap_2d:/home/kong/my_ws/install/nav2_voxel_grid:/home/kong/my_ws/install/nav2_velocity_smoother:/home/kong/my_ws/install/nav2_rviz_plugins:/home/kong/my_ws/install/nav2_map_server:/home/kong/my_ws/install/nav2_lifecycle_manager:/home/kong/my_ws/install/nav2_behavior_tree:/home/kong/my_ws/install/nav2_amcl:/home/kong/my_ws/install/my_slam_package:/home/kong/my_ws/install/my_bot_description:/home/kong/my_ws/install/ros2_aruco:/home/kong/my_ws/install/nav2_simple_commander:/home/kong/my_ws/install/my_tf2_package:/home/kong/my_ws/install/my_docking:/home/kong/my_ws/install/my_aruco_to_goal_pose_pkg:/opt/ros/humble LD_LIBRARY_PATH=/home/kong/my_ws/install/nav2_util/lib:/home/kong/my_ws/install/nav2_msgs/lib:/home/kong/my_ws/install/usb_cam/lib:/home/kong/my_ws/install/teleop_twist_joy/lib:/home/kong/my_ws/install/slam_toolbox/lib:/home/kong/my_ws/install/ros2_aruco_interfaces/lib:/home/kong/my_ws/install/realsense2_camera/lib:/home/kong/my_ws/install/realsense2_camera_msgs/lib:/home/kong/my_ws/install/odrive_hardware_interface/lib:/home/kong/my_ws/install/nav2_smoother/lib:/home/kong/my_ws/install/nav2_graceful_controller/lib:/home/kong/my_ws/install/nav2_controller/lib:/home/kong/my_ws/install/dwb_plugins/lib:/home/kong/my_ws/install/dwb_critics/lib:/home/kong/my_ws/install/dwb_core/lib:/home/kong/my_ws/install/nav_2d_utils/lib:/home/kong/my_ws/install/dwb_msgs/lib:/home/kong/my_ws/install/nav_2d_msgs/lib:/home/kong/my_ws/install/nav2_waypoint_follower/lib:/home/kong/my_ws/install/nav2_theta_star_planner/lib:/home/kong/my_ws/install/nav2_smac_planner/lib:/home/kong/my_ws/install/nav2_rotation_shim_controller/lib:/home/kong/my_ws/install/nav2_regulated_pure_pursuit_controller/lib:/home/kong/my_ws/install/nav2_planner/lib:/home/kong/my_ws/install/nav2_navfn_planner/lib:/home/kong/my_ws/install/nav2_mppi_controller/lib:/home/kong/my_ws/install/nav2_constrained_smoother/lib:/home/kong/my_ws/install/nav2_bt_navigator/lib:/home/kong/my_ws/install/nav2_behaviors/lib:/home/kong/my_ws/install/nav2_collision_monitor/lib:/home/kong/my_ws/install/costmap_queue/lib:/home/kong/my_ws/install/nav2_costmap_2d/lib:/home/kong/my_ws/install/nav2_voxel_grid/lib:/home/kong/my_ws/install/nav2_velocity_smoother/lib:/home/kong/my_ws/install/nav2_rviz_plugins/lib:/home/kong/my_ws/install/nav2_map_server/lib:/home/kong/my_ws/install/nav2_lifecycle_manager/lib:/home/kong/my_ws/install/nav2_behavior_tree/lib:/home/kong/my_ws/install/nav2_amcl/lib:/usr/lib/x86_64-linux-gnu/gazebo-11/plugins:/opt/ros/humble/opt/rviz_ogre_vendor/lib:/opt/ros/humble/lib/x86_64-linux-gnu:/opt/ros/humble/lib /usr/bin/cmake --build /home/kong/my_ws/build/nav2_behavior_tree -- -j8 -l8
[0.178s] [35m[1mConsolidate compiler generated dependencies of target nav2_behavior_tree[0m
[0.210s] [35m[1mConsolidate compiler generated dependencies of target nav2_back_up_cancel_bt_node[0m
[0.220s] [35m[1mConsolidate compiler generated dependencies of target nav2_wait_cancel_bt_node[0m
[0.236s] [35m[1mConsolidate compiler generated dependencies of target nav2_compute_path_through_poses_action_bt_node[0m
[0.243s] [35m[1mConsolidate compiler generated dependencies of target nav2_spin_cancel_bt_node[0m
[0.243s] [35m[1mConsolidate compiler generated dependencies of target nav2_compute_path_to_pose_action_bt_node[0m
[0.247s] [35m[1mConsolidate compiler generated dependencies of target nav2_controller_cancel_bt_node[0m
[0.257s] [  1%] Built target nav2_behavior_tree
[0.263s] [35m[1mConsolidate compiler generated dependencies of target nav2_assisted_teleop_cancel_bt_node[0m
[0.280s] [  2%] Built target nav2_back_up_cancel_bt_node
[0.371s] [  3%] Built target nav2_wait_cancel_bt_node
[0.382s] [  4%] Built target nav2_compute_path_through_poses_action_bt_node
[0.384s] [  5%] Built target nav2_compute_path_to_pose_action_bt_node
[0.397s] [  6%] Built target nav2_controller_cancel_bt_node
[0.399s] [  7%] Built target nav2_spin_cancel_bt_node
[0.400s] [  8%] Built target nav2_assisted_teleop_cancel_bt_node
[0.439s] [35m[1mConsolidate compiler generated dependencies of target nav2_drive_on_heading_cancel_bt_node[0m
[0.458s] [35m[1mConsolidate compiler generated dependencies of target nav2_follow_path_action_bt_node[0m
[0.478s] [35m[1mConsolidate compiler generated dependencies of target nav2_drive_on_heading_bt_node[0m
[0.478s] [35m[1mConsolidate compiler generated dependencies of target nav2_back_up_action_bt_node[0m
[0.482s] [35m[1mConsolidate compiler generated dependencies of target nav2_smooth_path_action_bt_node[0m
[0.484s] [35m[1mConsolidate compiler generated dependencies of target nav2_spin_action_bt_node[0m
[0.501s] [35m[1mConsolidate compiler generated dependencies of target nav2_wait_action_bt_node[0m
[0.550s] [35m[1mConsolidate compiler generated dependencies of target nav2_assisted_teleop_action_bt_node[0m
[0.554s] [  9%] Built target nav2_back_up_action_bt_node
[0.557s] [ 10%] Built target nav2_drive_on_heading_cancel_bt_node
[0.561s] [ 11%] Built target nav2_follow_path_action_bt_node
[0.562s] [ 12%] Built target nav2_smooth_path_action_bt_node
[0.573s] [ 13%] Built target nav2_drive_on_heading_bt_node
[0.594s] [ 14%] Built target nav2_assisted_teleop_action_bt_node
[0.602s] [ 15%] Built target nav2_wait_action_bt_node
[0.602s] [ 16%] Built target nav2_spin_action_bt_node
[0.622s] [35m[1mConsolidate compiler generated dependencies of target nav2_clear_costmap_service_bt_node[0m
[0.626s] [35m[1mConsolidate compiler generated dependencies of target nav2_transform_available_condition_bt_node[0m
[0.642s] [35m[1mConsolidate compiler generated dependencies of target nav2_goal_reached_condition_bt_node[0m
[0.642s] [35m[1mConsolidate compiler generated dependencies of target nav2_goal_updated_condition_bt_node[0m
[0.643s] [35m[1mConsolidate compiler generated dependencies of target nav2_globally_updated_goal_condition_bt_node[0m
[0.658s] [35m[1mConsolidate compiler generated dependencies of target nav2_is_stuck_condition_bt_node[0m
[0.662s] [35m[1mConsolidate compiler generated dependencies of target nav2_time_expired_condition_bt_node[0m
[0.666s] [35m[1mConsolidate compiler generated dependencies of target nav2_is_path_valid_condition_bt_node[0m
[0.730s] [ 17%] Built target nav2_clear_costmap_service_bt_node
[0.738s] [ 18%] Built target nav2_goal_reached_condition_bt_node
[0.742s] [ 19%] Built target nav2_transform_available_condition_bt_node
[0.746s] [ 20%] Built target nav2_is_stuck_condition_bt_node
[0.748s] [ 21%] Built target nav2_globally_updated_goal_condition_bt_node
[0.755s] [ 22%] Built target nav2_goal_updated_condition_bt_node
[0.757s] [ 23%] Built target nav2_is_path_valid_condition_bt_node
[0.774s] [ 24%] Built target nav2_time_expired_condition_bt_node
[0.790s] [35m[1mConsolidate compiler generated dependencies of target nav2_path_expiring_timer_condition[0m
[0.790s] [35m[1mConsolidate compiler generated dependencies of target nav2_distance_traveled_condition_bt_node[0m
[0.794s] [35m[1mConsolidate compiler generated dependencies of target nav2_initial_pose_received_condition_bt_node[0m
[0.802s] [35m[1mConsolidate compiler generated dependencies of target nav2_distance_controller_bt_node[0m
[0.803s] [35m[1mConsolidate compiler generated dependencies of target nav2_is_battery_low_condition_bt_node[0m
[0.817s] [35m[1mConsolidate compiler generated dependencies of target nav2_rate_controller_bt_node[0m
[0.830s] [35m[1mConsolidate compiler generated dependencies of target nav2_is_battery_charging_condition_bt_node[0m
[0.851s] [ 25%] Built target nav2_distance_traveled_condition_bt_node
[0.851s] [ 26%] Built target nav2_path_expiring_timer_condition
[0.852s] [35m[1mConsolidate compiler generated dependencies of target nav2_reinitialize_global_localization_service_bt_node[0m
[0.856s] [ 27%] Built target nav2_rate_controller_bt_node
[0.869s] [ 28%] Built target nav2_is_battery_low_condition_bt_node
[0.871s] [ 29%] Built target nav2_initial_pose_received_condition_bt_node
[0.872s] [ 30%] Built target nav2_distance_controller_bt_node
[0.882s] [ 31%] Built target nav2_is_battery_charging_condition_bt_node
[0.891s] [ 32%] Built target nav2_reinitialize_global_localization_service_bt_node
[0.893s] [35m[1mConsolidate compiler generated dependencies of target nav2_speed_controller_bt_node[0m
[0.898s] [35m[1mConsolidate compiler generated dependencies of target nav2_truncate_path_local_action_bt_node[0m
[0.906s] [35m[1mConsolidate compiler generated dependencies of target nav2_goal_updater_node_bt_node[0m
[0.910s] [35m[1mConsolidate compiler generated dependencies of target nav2_truncate_path_action_bt_node[0m
[0.930s] [35m[1mConsolidate compiler generated dependencies of target nav2_path_longer_on_approach_bt_node[0m
[0.933s] [35m[1mConsolidate compiler generated dependencies of target nav2_recovery_node_bt_node[0m
[0.937s] [35m[1mConsolidate compiler generated dependencies of target nav2_navigate_to_pose_action_bt_node[0m
[0.958s] [ 33%] Built target nav2_speed_controller_bt_node
[0.982s] [ 36%] Built target nav2_truncate_path_action_bt_node
[0.982s] [ 36%] Built target nav2_truncate_path_local_action_bt_node
[0.982s] [ 36%] Built target nav2_goal_updater_node_bt_node
[0.995s] [ 37%] Built target nav2_path_longer_on_approach_bt_node
[1.004s] [ 38%] Built target nav2_navigate_to_pose_action_bt_node
[1.012s] [ 39%] Built target nav2_recovery_node_bt_node
[1.022s] [35m[1mConsolidate compiler generated dependencies of target nav2_pipeline_sequence_bt_node[0m
[1.025s] [35m[1mConsolidate compiler generated dependencies of target nav2_remove_passed_goals_action_bt_node[0m
[1.026s] [35m[1mConsolidate compiler generated dependencies of target nav2_navigate_through_poses_action_bt_node[0m
[1.026s] [35m[1mConsolidate compiler generated dependencies of target nav2_single_trigger_bt_node[0m
[1.026s] [35m[1mConsolidate compiler generated dependencies of target nav2_round_robin_node_bt_node[0m
[1.049s] [35m[1mConsolidate compiler generated dependencies of target nav2_planner_selector_bt_node[0m
[1.065s] [35m[1mConsolidate compiler generated dependencies of target nav2_controller_selector_bt_node[0m
[1.065s] [35m[1mConsolidate compiler generated dependencies of target nav2_smoother_selector_bt_node[0m
[1.076s] [ 40%] Built target nav2_pipeline_sequence_bt_node
[1.081s] [ 41%] Built target nav2_single_trigger_bt_node
[1.088s] [ 42%] Built target nav2_navigate_through_poses_action_bt_node
[1.094s] [ 43%] Built target nav2_remove_passed_goals_action_bt_node
[1.096s] [ 44%] Built target nav2_round_robin_node_bt_node
[1.101s] [ 45%] Built target nav2_planner_selector_bt_node
[1.112s] [ 46%] Built target nav2_controller_selector_bt_node
[1.114s] [ 47%] Built target nav2_smoother_selector_bt_node
[1.119s] [35m[1mConsolidate compiler generated dependencies of target nav2_goal_checker_selector_bt_node[0m
[1.122s] [35m[1mConsolidate compiler generated dependencies of target nav2_progress_checker_selector_bt_node[0m
[1.133s] [35m[1mConsolidate compiler generated dependencies of target gtest_main[0m
[1.136s] [35m[1mConsolidate compiler generated dependencies of target nav2_goal_updated_controller_bt_node[0m
[1.139s] [35m[1mConsolidate compiler generated dependencies of target gtest[0m
[1.151s] [ 48%] Built target nav2_goal_checker_selector_bt_node
[1.151s] [ 48%] Built target nav2_progress_checker_selector_bt_node
[1.163s] [ 49%] Built target gtest_main
[1.164s] [ 50%] Built target nav2_goal_updated_controller_bt_node
[1.166s] [ 50%] Built target gtest
[1.191s] [35m[1mConsolidate compiler generated dependencies of target test_condition_distance_traveled[0m
[1.193s] [35m[1mConsolidate compiler generated dependencies of target test_condition_time_expired[0m
[1.195s] [35m[1mConsolidate compiler generated dependencies of target test_condition_goal_updated[0m
[1.198s] [35m[1mConsolidate compiler generated dependencies of target test_condition_path_expiring_timer[0m
[1.203s] [35m[1mConsolidate compiler generated dependencies of target test_condition_goal_reached[0m
[1.205s] [35m[1mConsolidate compiler generated dependencies of target test_bt_conversions[0m
[1.214s] [35m[1mConsolidate compiler generated dependencies of target test_condition_initial_pose_received[0m
[1.220s] [35m[1mConsolidate compiler generated dependencies of target test_condition_globally_updated_goal[0m
[1.239s] [ 51%] Built target test_condition_goal_updated
[1.244s] [ 53%] Built target test_condition_time_expired
[1.244s] [ 53%] Built target test_bt_conversions
[1.254s] [ 54%] Built target test_condition_distance_traveled
[1.256s] [ 55%] Built target test_condition_path_expiring_timer
[1.259s] [ 56%] Built target test_condition_initial_pose_received
[1.266s] [ 57%] Built target test_condition_goal_reached
[1.267s] [ 58%] Built target test_condition_globally_updated_goal
[1.279s] [35m[1mConsolidate compiler generated dependencies of target test_condition_transform_available[0m
[1.288s] [35m[1mConsolidate compiler generated dependencies of target test_condition_is_stuck[0m
[1.288s] [35m[1mConsolidate compiler generated dependencies of target test_condition_is_battery_low[0m
[1.303s] [35m[1mConsolidate compiler generated dependencies of target test_condition_is_battery_charging[0m
[1.304s] [35m[1mConsolidate compiler generated dependencies of target test_decorator_distance_controller[0m
[1.308s] [35m[1mConsolidate compiler generated dependencies of target test_condition_is_path_valid[0m
[1.322s] [ 59%] Built target test_condition_transform_available
[1.324s] [35m[1mConsolidate compiler generated dependencies of target test_decorator_speed_controller[0m
[1.332s] [ 60%] Built target test_condition_is_stuck
[1.335s] [ 61%] Built target test_condition_is_battery_low
[1.340s] [35m[1mConsolidate compiler generated dependencies of target test_decorator_rate_controller[0m
[1.347s] [ 62%] Built target test_condition_is_battery_charging
[1.362s] [35m[1mConsolidate compiler generated dependencies of target test_goal_updater_node[0m
[1.364s] [ 63%] Built target test_decorator_distance_controller
[1.368s] [ 65%] Built target test_decorator_speed_controller
[1.368s] [ 65%] Built target test_condition_is_path_valid
[1.381s] [ 66%] Built target test_decorator_rate_controller
[1.382s] [35m[1mConsolidate compiler generated dependencies of target test_single_trigger_node[0m
[1.393s] [35m[1mConsolidate compiler generated dependencies of target test_control_recovery_node[0m
[1.400s] [ 67%] Built target test_goal_updater_node
[1.401s] [35m[1mConsolidate compiler generated dependencies of target test_control_pipeline_sequence[0m
[1.402s] [35m[1mConsolidate compiler generated dependencies of target test_goal_updated_controller[0m
[1.410s] [35m[1mConsolidate compiler generated dependencies of target test_decorator_path_longer_on_approach[0m
[1.421s] [35m[1mConsolidate compiler generated dependencies of target test_bt_action_node[0m
[1.435s] [ 68%] Built target test_single_trigger_node
[1.446s] [35m[1mConsolidate compiler generated dependencies of target test_control_round_robin_node[0m
[1.446s] [ 69%] Built target test_control_recovery_node
[1.446s] [ 70%] Built target test_control_pipeline_sequence
[1.461s] [ 71%] Built target test_goal_updated_controller
[1.463s] [ 72%] Built target test_bt_action_node
[1.464s] [ 73%] Built target test_decorator_path_longer_on_approach
[1.488s] [35m[1mConsolidate compiler generated dependencies of target test_action_wait_action[0m
[1.497s] [35m[1mConsolidate compiler generated dependencies of target test_action_back_up_action[0m
[1.502s] [35m[1mConsolidate compiler generated dependencies of target test_action_spin_action[0m
[1.509s] [35m[1mConsolidate compiler generated dependencies of target test_action_drive_on_heading[0m
[1.509s] [35m[1mConsolidate compiler generated dependencies of target test_action_controller_cancel_action[0m
[1.513s] [ 74%] Built target test_control_round_robin_node
[1.515s] [35m[1mConsolidate compiler generated dependencies of target test_action_wait_cancel_action[0m
[1.525s] [35m[1mConsolidate compiler generated dependencies of target test_action_assisted_teleop_action[0m
[1.531s] [ 75%] Built target test_action_wait_action
[1.542s] [ 76%] Built target test_action_back_up_action
[1.589s] [ 77%] Built target test_action_spin_action
[1.591s] [ 78%] Built target test_action_drive_on_heading
[1.603s] [ 79%] Built target test_action_controller_cancel_action
[1.605s] [ 80%] Built target test_action_assisted_teleop_action
[1.606s] [ 81%] Built target test_action_wait_cancel_action
[1.620s] [35m[1mConsolidate compiler generated dependencies of target test_action_spin_cancel_action[0m
[1.638s] [35m[1mConsolidate compiler generated dependencies of target test_action_assisted_teleop_cancel_action[0m
[1.641s] [35m[1mConsolidate compiler generated dependencies of target test_action_clear_costmap_service[0m
[1.648s] [35m[1mConsolidate compiler generated dependencies of target test_action_drive_on_heading_cancel_action[0m
[1.671s] [35m[1mConsolidate compiler generated dependencies of target test_action_reinitialize_global_localization_service[0m
[1.673s] [35m[1mConsolidate compiler generated dependencies of target test_action_compute_path_through_poses_action[0m
[1.680s] [35m[1mConsolidate compiler generated dependencies of target test_action_compute_path_to_pose_action[0m
[1.680s] [ 81%] Built target test_action_spin_cancel_action
[1.682s] [35m[1mConsolidate compiler generated dependencies of target test_action_back_up_cancel_action[0m
[1.740s] [ 82%] Built target test_action_drive_on_heading_cancel_action
[1.756s] [ 83%] Built target test_action_back_up_cancel_action
[1.757s] [ 85%] Built target test_action_clear_costmap_service
[1.757s] [ 85%] Built target test_action_compute_path_through_poses_action
[1.757s] [ 86%] Built target test_action_reinitialize_global_localization_service
[1.770s] [ 87%] Built target test_action_assisted_teleop_cancel_action
[1.783s] [ 88%] Built target test_action_compute_path_to_pose_action
[1.799s] [35m[1mConsolidate compiler generated dependencies of target test_action_smooth_path_action[0m
[1.811s] [35m[1mConsolidate compiler generated dependencies of target test_action_follow_path_action[0m
[1.822s] [35m[1mConsolidate compiler generated dependencies of target test_action_navigate_to_pose_action[0m
[1.826s] [35m[1mConsolidate compiler generated dependencies of target test_remove_passed_goals_action[0m
[1.836s] [35m[1mConsolidate compiler generated dependencies of target test_truncate_path_action[0m
[1.843s] [35m[1mConsolidate compiler generated dependencies of target test_truncate_path_local_action[0m
[1.846s] [35m[1mConsolidate compiler generated dependencies of target test_action_navigate_through_poses_action[0m
[1.859s] [35m[1mConsolidate compiler generated dependencies of target test_planner_selector_node[0m
[1.892s] [ 89%] Built target test_action_smooth_path_action
[1.912s] [ 90%] Built target test_action_follow_path_action
[1.928s] [ 91%] Built target test_remove_passed_goals_action
[1.930s] [ 92%] Built target test_action_navigate_to_pose_action
[1.935s] [ 93%] Built target test_action_navigate_through_poses_action
[1.938s] [ 94%] Built target test_truncate_path_action
[1.948s] [ 95%] Built target test_truncate_path_local_action
[1.966s] [ 96%] Built target test_planner_selector_node
[1.985s] [35m[1mConsolidate compiler generated dependencies of target test_goal_checker_selector_node[0m
[1.989s] [35m[1mConsolidate compiler generated dependencies of target test_smoother_selector_node[0m
[2.006s] [35m[1mConsolidate compiler generated dependencies of target test_controller_selector_node[0m
[2.024s] [35m[1mConsolidate compiler generated dependencies of target test_progress_checker_selector_node[0m
[2.057s] [ 97%] Built target test_goal_checker_selector_node
[2.070s] [ 98%] Built target test_smoother_selector_node
[2.085s] [ 99%] Built target test_controller_selector_node
[2.096s] [100%] Built target test_progress_checker_selector_node
[2.138s] Invoked command in '/home/kong/my_ws/build/nav2_behavior_tree' returned '0': CMAKE_PREFIX_PATH=/home/kong/my_ws/install/nav2_util:/home/kong/my_ws/install/nav2_msgs:/home/kong/my_ws/install/nav2_common:/home/kong/my_ws/install/ydlidar_ros2_driver:/home/kong/my_ws/install/usb_cam:/home/kong/my_ws/install/teleop_twist_joy:/home/kong/my_ws/install/nav2_system_tests:/home/kong/my_ws/install/nav2_bringup:/home/kong/my_ws/install/slam_toolbox:/home/kong/my_ws/install/ros2_aruco_interfaces:/home/kong/my_ws/install/realsense2_description:/home/kong/my_ws/install/realsense2_camera:/home/kong/my_ws/install/realsense2_camera_msgs:/home/kong/my_ws/install/odrive_ros2_control:/home/kong/my_ws/install/odrive_hardware_interface:/home/kong/my_ws/install/odrive_demo_bringup:/home/kong/my_ws/install/odrive_demo_description:/home/kong/my_ws/install/navigation2:/home/kong/my_ws/install/nav2_smoother:/home/kong/my_ws/install/nav2_graceful_controller:/home/kong/my_ws/install/nav2_dwb_controller:/home/kong/my_ws/install/nav2_controller:/home/kong/my_ws/install/dwb_plugins:/home/kong/my_ws/install/dwb_critics:/home/kong/my_ws/install/dwb_core:/home/kong/my_ws/install/nav_2d_utils:/home/kong/my_ws/install/dwb_msgs:/home/kong/my_ws/install/nav_2d_msgs:/home/kong/my_ws/install/nav2_waypoint_follower:/home/kong/my_ws/install/nav2_theta_star_planner:/home/kong/my_ws/install/nav2_smac_planner:/home/kong/my_ws/install/nav2_rotation_shim_controller:/home/kong/my_ws/install/nav2_regulated_pure_pursuit_controller:/home/kong/my_ws/install/nav2_planner:/home/kong/my_ws/install/nav2_navfn_planner:/home/kong/my_ws/install/nav2_mppi_controller:/home/kong/my_ws/install/nav2_constrained_smoother:/home/kong/my_ws/install/nav2_bt_navigator:/home/kong/my_ws/install/nav2_behaviors:/home/kong/my_ws/install/nav2_core:/home/kong/my_ws/install/nav2_collision_monitor:/home/kong/my_ws/install/costmap_queue:/home/kong/my_ws/install/nav2_costmap_2d:/home/kong/my_ws/install/nav2_voxel_grid:/home/kong/my_ws/install/nav2_velocity_smoother:/home/kong/my_ws/install/nav2_rviz_plugins:/home/kong/my_ws/install/nav2_map_server:/home/kong/my_ws/install/nav2_lifecycle_manager:/home/kong/my_ws/install/nav2_behavior_tree:/home/kong/my_ws/install/nav2_amcl:/home/kong/my_ws/install/my_slam_package:/home/kong/my_ws/install/my_bot_description:/home/kong/my_ws/install/ros2_aruco:/home/kong/my_ws/install/nav2_simple_commander:/home/kong/my_ws/install/my_tf2_package:/home/kong/my_ws/install/my_docking:/home/kong/my_ws/install/my_aruco_to_goal_pose_pkg:/opt/ros/humble LD_LIBRARY_PATH=/home/kong/my_ws/install/nav2_util/lib:/home/kong/my_ws/install/nav2_msgs/lib:/home/kong/my_ws/install/usb_cam/lib:/home/kong/my_ws/install/teleop_twist_joy/lib:/home/kong/my_ws/install/slam_toolbox/lib:/home/kong/my_ws/install/ros2_aruco_interfaces/lib:/home/kong/my_ws/install/realsense2_camera/lib:/home/kong/my_ws/install/realsense2_camera_msgs/lib:/home/kong/my_ws/install/odrive_hardware_interface/lib:/home/kong/my_ws/install/nav2_smoother/lib:/home/kong/my_ws/install/nav2_graceful_controller/lib:/home/kong/my_ws/install/nav2_controller/lib:/home/kong/my_ws/install/dwb_plugins/lib:/home/kong/my_ws/install/dwb_critics/lib:/home/kong/my_ws/install/dwb_core/lib:/home/kong/my_ws/install/nav_2d_utils/lib:/home/kong/my_ws/install/dwb_msgs/lib:/home/kong/my_ws/install/nav_2d_msgs/lib:/home/kong/my_ws/install/nav2_waypoint_follower/lib:/home/kong/my_ws/install/nav2_theta_star_planner/lib:/home/kong/my_ws/install/nav2_smac_planner/lib:/home/kong/my_ws/install/nav2_rotation_shim_controller/lib:/home/kong/my_ws/install/nav2_regulated_pure_pursuit_controller/lib:/home/kong/my_ws/install/nav2_planner/lib:/home/kong/my_ws/install/nav2_navfn_planner/lib:/home/kong/my_ws/install/nav2_mppi_controller/lib:/home/kong/my_ws/install/nav2_constrained_smoother/lib:/home/kong/my_ws/install/nav2_bt_navigator/lib:/home/kong/my_ws/install/nav2_behaviors/lib:/home/kong/my_ws/install/nav2_collision_monitor/lib:/home/kong/my_ws/install/costmap_queue/lib:/home/kong/my_ws/install/nav2_costmap_2d/lib:/home/kong/my_ws/install/nav2_voxel_grid/lib:/home/kong/my_ws/install/nav2_velocity_smoother/lib:/home/kong/my_ws/install/nav2_rviz_plugins/lib:/home/kong/my_ws/install/nav2_map_server/lib:/home/kong/my_ws/install/nav2_lifecycle_manager/lib:/home/kong/my_ws/install/nav2_behavior_tree/lib:/home/kong/my_ws/install/nav2_amcl/lib:/usr/lib/x86_64-linux-gnu/gazebo-11/plugins:/opt/ros/humble/opt/rviz_ogre_vendor/lib:/opt/ros/humble/lib/x86_64-linux-gnu:/opt/ros/humble/lib /usr/bin/cmake --build /home/kong/my_ws/build/nav2_behavior_tree -- -j8 -l8
[2.924s] Invoking command in '/home/kong/my_ws/build/nav2_behavior_tree': CMAKE_PREFIX_PATH=/home/kong/my_ws/install/nav2_util:/home/kong/my_ws/install/nav2_msgs:/home/kong/my_ws/install/nav2_common:/home/kong/my_ws/install/ydlidar_ros2_driver:/home/kong/my_ws/install/usb_cam:/home/kong/my_ws/install/teleop_twist_joy:/home/kong/my_ws/install/nav2_system_tests:/home/kong/my_ws/install/nav2_bringup:/home/kong/my_ws/install/slam_toolbox:/home/kong/my_ws/install/ros2_aruco_interfaces:/home/kong/my_ws/install/realsense2_description:/home/kong/my_ws/install/realsense2_camera:/home/kong/my_ws/install/realsense2_camera_msgs:/home/kong/my_ws/install/odrive_ros2_control:/home/kong/my_ws/install/odrive_hardware_interface:/home/kong/my_ws/install/odrive_demo_bringup:/home/kong/my_ws/install/odrive_demo_description:/home/kong/my_ws/install/navigation2:/home/kong/my_ws/install/nav2_smoother:/home/kong/my_ws/install/nav2_graceful_controller:/home/kong/my_ws/install/nav2_dwb_controller:/home/kong/my_ws/install/nav2_controller:/home/kong/my_ws/install/dwb_plugins:/home/kong/my_ws/install/dwb_critics:/home/kong/my_ws/install/dwb_core:/home/kong/my_ws/install/nav_2d_utils:/home/kong/my_ws/install/dwb_msgs:/home/kong/my_ws/install/nav_2d_msgs:/home/kong/my_ws/install/nav2_waypoint_follower:/home/kong/my_ws/install/nav2_theta_star_planner:/home/kong/my_ws/install/nav2_smac_planner:/home/kong/my_ws/install/nav2_rotation_shim_controller:/home/kong/my_ws/install/nav2_regulated_pure_pursuit_controller:/home/kong/my_ws/install/nav2_planner:/home/kong/my_ws/install/nav2_navfn_planner:/home/kong/my_ws/install/nav2_mppi_controller:/home/kong/my_ws/install/nav2_constrained_smoother:/home/kong/my_ws/install/nav2_bt_navigator:/home/kong/my_ws/install/nav2_behaviors:/home/kong/my_ws/install/nav2_core:/home/kong/my_ws/install/nav2_collision_monitor:/home/kong/my_ws/install/costmap_queue:/home/kong/my_ws/install/nav2_costmap_2d:/home/kong/my_ws/install/nav2_voxel_grid:/home/kong/my_ws/install/nav2_velocity_smoother:/home/kong/my_ws/install/nav2_rviz_plugins:/home/kong/my_ws/install/nav2_map_server:/home/kong/my_ws/install/nav2_lifecycle_manager:/home/kong/my_ws/install/nav2_behavior_tree:/home/kong/my_ws/install/nav2_amcl:/home/kong/my_ws/install/my_slam_package:/home/kong/my_ws/install/my_bot_description:/home/kong/my_ws/install/ros2_aruco:/home/kong/my_ws/install/nav2_simple_commander:/home/kong/my_ws/install/my_tf2_package:/home/kong/my_ws/install/my_docking:/home/kong/my_ws/install/my_aruco_to_goal_pose_pkg:/opt/ros/humble LD_LIBRARY_PATH=/home/kong/my_ws/install/nav2_util/lib:/home/kong/my_ws/install/nav2_msgs/lib:/home/kong/my_ws/install/usb_cam/lib:/home/kong/my_ws/install/teleop_twist_joy/lib:/home/kong/my_ws/install/slam_toolbox/lib:/home/kong/my_ws/install/ros2_aruco_interfaces/lib:/home/kong/my_ws/install/realsense2_camera/lib:/home/kong/my_ws/install/realsense2_camera_msgs/lib:/home/kong/my_ws/install/odrive_hardware_interface/lib:/home/kong/my_ws/install/nav2_smoother/lib:/home/kong/my_ws/install/nav2_graceful_controller/lib:/home/kong/my_ws/install/nav2_controller/lib:/home/kong/my_ws/install/dwb_plugins/lib:/home/kong/my_ws/install/dwb_critics/lib:/home/kong/my_ws/install/dwb_core/lib:/home/kong/my_ws/install/nav_2d_utils/lib:/home/kong/my_ws/install/dwb_msgs/lib:/home/kong/my_ws/install/nav_2d_msgs/lib:/home/kong/my_ws/install/nav2_waypoint_follower/lib:/home/kong/my_ws/install/nav2_theta_star_planner/lib:/home/kong/my_ws/install/nav2_smac_planner/lib:/home/kong/my_ws/install/nav2_rotation_shim_controller/lib:/home/kong/my_ws/install/nav2_regulated_pure_pursuit_controller/lib:/home/kong/my_ws/install/nav2_planner/lib:/home/kong/my_ws/install/nav2_navfn_planner/lib:/home/kong/my_ws/install/nav2_mppi_controller/lib:/home/kong/my_ws/install/nav2_constrained_smoother/lib:/home/kong/my_ws/install/nav2_bt_navigator/lib:/home/kong/my_ws/install/nav2_behaviors/lib:/home/kong/my_ws/install/nav2_collision_monitor/lib:/home/kong/my_ws/install/costmap_queue/lib:/home/kong/my_ws/install/nav2_costmap_2d/lib:/home/kong/my_ws/install/nav2_voxel_grid/lib:/home/kong/my_ws/install/nav2_velocity_smoother/lib:/home/kong/my_ws/install/nav2_rviz_plugins/lib:/home/kong/my_ws/install/nav2_map_server/lib:/home/kong/my_ws/install/nav2_lifecycle_manager/lib:/home/kong/my_ws/install/nav2_behavior_tree/lib:/home/kong/my_ws/install/nav2_amcl/lib:/usr/lib/x86_64-linux-gnu/gazebo-11/plugins:/opt/ros/humble/opt/rviz_ogre_vendor/lib:/opt/ros/humble/lib/x86_64-linux-gnu:/opt/ros/humble/lib /usr/bin/cmake --install /home/kong/my_ws/build/nav2_behavior_tree
[2.939s] -- Install configuration: "Release"
[2.939s] -- Up-to-date: /home/kong/my_ws/install/nav2_behavior_tree/lib/libnav2_behavior_tree.so
[2.939s] -- Up-to-date: /home/kong/my_ws/install/nav2_behavior_tree/lib/libnav2_compute_path_to_pose_action_bt_node.so
[2.940s] -- Up-to-date: /home/kong/my_ws/install/nav2_behavior_tree/lib/libnav2_compute_path_through_poses_action_bt_node.so
[2.940s] -- Up-to-date: /home/kong/my_ws/install/nav2_behavior_tree/lib/libnav2_controller_cancel_bt_node.so
[2.941s] -- Up-to-date: /home/kong/my_ws/install/nav2_behavior_tree/lib/libnav2_wait_cancel_bt_node.so
[2.941s] -- Up-to-date: /home/kong/my_ws/install/nav2_behavior_tree/lib/libnav2_spin_cancel_bt_node.so
[2.942s] -- Up-to-date: /home/kong/my_ws/install/nav2_behavior_tree/lib/libnav2_back_up_cancel_bt_node.so
[2.942s] -- Up-to-date: /home/kong/my_ws/install/nav2_behavior_tree/lib/libnav2_assisted_teleop_cancel_bt_node.so
[2.943s] -- Up-to-date: /home/kong/my_ws/install/nav2_behavior_tree/lib/libnav2_drive_on_heading_cancel_bt_node.so
[2.944s] -- Up-to-date: /home/kong/my_ws/install/nav2_behavior_tree/lib/libnav2_smooth_path_action_bt_node.so
[2.944s] -- Up-to-date: /home/kong/my_ws/install/nav2_behavior_tree/lib/libnav2_follow_path_action_bt_node.so
[2.944s] -- Up-to-date: /home/kong/my_ws/install/nav2_behavior_tree/lib/libnav2_back_up_action_bt_node.so
[2.947s] -- Up-to-date: /home/kong/my_ws/install/nav2_behavior_tree/lib/libnav2_drive_on_heading_bt_node.so
[2.947s] -- Up-to-date: /home/kong/my_ws/install/nav2_behavior_tree/lib/libnav2_spin_action_bt_node.so
[2.947s] -- Up-to-date: /home/kong/my_ws/install/nav2_behavior_tree/lib/libnav2_wait_action_bt_node.so
[2.948s] -- Up-to-date: /home/kong/my_ws/install/nav2_behavior_tree/lib/libnav2_assisted_teleop_action_bt_node.so
[2.949s] -- Up-to-date: /home/kong/my_ws/install/nav2_behavior_tree/lib/libnav2_clear_costmap_service_bt_node.so
[2.949s] -- Up-to-date: /home/kong/my_ws/install/nav2_behavior_tree/lib/libnav2_is_stuck_condition_bt_node.so
[2.950s] -- Up-to-date: /home/kong/my_ws/install/nav2_behavior_tree/lib/libnav2_transform_available_condition_bt_node.so
[2.950s] -- Up-to-date: /home/kong/my_ws/install/nav2_behavior_tree/lib/libnav2_goal_reached_condition_bt_node.so
[2.951s] -- Up-to-date: /home/kong/my_ws/install/nav2_behavior_tree/lib/libnav2_globally_updated_goal_condition_bt_node.so
[2.951s] -- Up-to-date: /home/kong/my_ws/install/nav2_behavior_tree/lib/libnav2_goal_updated_condition_bt_node.so
[2.952s] -- Up-to-date: /home/kong/my_ws/install/nav2_behavior_tree/lib/libnav2_is_path_valid_condition_bt_node.so
[2.952s] -- Up-to-date: /home/kong/my_ws/install/nav2_behavior_tree/lib/libnav2_time_expired_condition_bt_node.so
[2.953s] -- Up-to-date: /home/kong/my_ws/install/nav2_behavior_tree/lib/libnav2_path_expiring_timer_condition.so
[2.953s] -- Up-to-date: /home/kong/my_ws/install/nav2_behavior_tree/lib/libnav2_distance_traveled_condition_bt_node.so
[2.954s] -- Up-to-date: /home/kong/my_ws/install/nav2_behavior_tree/lib/libnav2_initial_pose_received_condition_bt_node.so
[2.954s] -- Up-to-date: /home/kong/my_ws/install/nav2_behavior_tree/lib/libnav2_is_battery_charging_condition_bt_node.so
[2.955s] -- Up-to-date: /home/kong/my_ws/install/nav2_behavior_tree/lib/libnav2_is_battery_low_condition_bt_node.so
[2.956s] -- Up-to-date: /home/kong/my_ws/install/nav2_behavior_tree/lib/libnav2_reinitialize_global_localization_service_bt_node.so
[2.956s] -- Up-to-date: /home/kong/my_ws/install/nav2_behavior_tree/lib/libnav2_rate_controller_bt_node.so
[2.957s] -- Up-to-date: /home/kong/my_ws/install/nav2_behavior_tree/lib/libnav2_distance_controller_bt_node.so
[2.957s] -- Up-to-date: /home/kong/my_ws/install/nav2_behavior_tree/lib/libnav2_speed_controller_bt_node.so
[2.958s] -- Up-to-date: /home/kong/my_ws/install/nav2_behavior_tree/lib/libnav2_truncate_path_action_bt_node.so
[2.958s] -- Up-to-date: /home/kong/my_ws/install/nav2_behavior_tree/lib/libnav2_truncate_path_local_action_bt_node.so
[2.959s] -- Up-to-date: /home/kong/my_ws/install/nav2_behavior_tree/lib/libnav2_goal_updater_node_bt_node.so
[2.960s] -- Up-to-date: /home/kong/my_ws/install/nav2_behavior_tree/lib/libnav2_path_longer_on_approach_bt_node.so
[2.960s] -- Up-to-date: /home/kong/my_ws/install/nav2_behavior_tree/lib/libnav2_recovery_node_bt_node.so
[2.961s] -- Up-to-date: /home/kong/my_ws/install/nav2_behavior_tree/lib/libnav2_navigate_to_pose_action_bt_node.so
[2.961s] -- Up-to-date: /home/kong/my_ws/install/nav2_behavior_tree/lib/libnav2_navigate_through_poses_action_bt_node.so
[2.962s] -- Up-to-date: /home/kong/my_ws/install/nav2_behavior_tree/lib/libnav2_remove_passed_goals_action_bt_node.so
[2.962s] -- Up-to-date: /home/kong/my_ws/install/nav2_behavior_tree/lib/libnav2_pipeline_sequence_bt_node.so
[2.963s] -- Up-to-date: /home/kong/my_ws/install/nav2_behavior_tree/lib/libnav2_round_robin_node_bt_node.so
[2.963s] -- Up-to-date: /home/kong/my_ws/install/nav2_behavior_tree/lib/libnav2_single_trigger_bt_node.so
[2.964s] -- Up-to-date: /home/kong/my_ws/install/nav2_behavior_tree/lib/libnav2_planner_selector_bt_node.so
[2.964s] -- Up-to-date: /home/kong/my_ws/install/nav2_behavior_tree/lib/libnav2_controller_selector_bt_node.so
[2.965s] -- Up-to-date: /home/kong/my_ws/install/nav2_behavior_tree/lib/libnav2_smoother_selector_bt_node.so
[2.965s] -- Up-to-date: /home/kong/my_ws/install/nav2_behavior_tree/lib/libnav2_goal_checker_selector_bt_node.so
[2.966s] -- Up-to-date: /home/kong/my_ws/install/nav2_behavior_tree/lib/libnav2_progress_checker_selector_bt_node.so
[2.967s] -- Up-to-date: /home/kong/my_ws/install/nav2_behavior_tree/lib/libnav2_goal_updated_controller_bt_node.so
[2.967s] -- Up-to-date: /home/kong/my_ws/install/nav2_behavior_tree/include/
[2.967s] -- Up-to-date: /home/kong/my_ws/install/nav2_behavior_tree/include//nav2_behavior_tree
[2.967s] -- Up-to-date: /home/kong/my_ws/install/nav2_behavior_tree/include//nav2_behavior_tree/bt_action_server.hpp
[2.967s] -- Up-to-date: /home/kong/my_ws/install/nav2_behavior_tree/include//nav2_behavior_tree/bt_action_server_impl.hpp
[2.967s] -- Up-to-date: /home/kong/my_ws/install/nav2_behavior_tree/include//nav2_behavior_tree/bt_action_node.hpp
[2.967s] -- Up-to-date: /home/kong/my_ws/install/nav2_behavior_tree/include//nav2_behavior_tree/bt_cancel_action_node.hpp
[2.967s] -- Up-to-date: /home/kong/my_ws/install/nav2_behavior_tree/include//nav2_behavior_tree/plugins
[2.967s] -- Up-to-date: /home/kong/my_ws/install/nav2_behavior_tree/include//nav2_behavior_tree/plugins/decorator
[2.967s] -- Up-to-date: /home/kong/my_ws/install/nav2_behavior_tree/include//nav2_behavior_tree/plugins/decorator/single_trigger_node.hpp
[2.967s] -- Up-to-date: /home/kong/my_ws/install/nav2_behavior_tree/include//nav2_behavior_tree/plugins/decorator/distance_controller.hpp
[2.967s] -- Up-to-date: /home/kong/my_ws/install/nav2_behavior_tree/include//nav2_behavior_tree/plugins/decorator/goal_updated_controller.hpp
[2.968s] -- Up-to-date: /home/kong/my_ws/install/nav2_behavior_tree/include//nav2_behavior_tree/plugins/decorator/rate_controller.hpp
[2.968s] -- Up-to-date: /home/kong/my_ws/install/nav2_behavior_tree/include//nav2_behavior_tree/plugins/decorator/path_longer_on_approach.hpp
[2.968s] -- Up-to-date: /home/kong/my_ws/install/nav2_behavior_tree/include//nav2_behavior_tree/plugins/decorator/goal_updater_node.hpp
[2.968s] -- Up-to-date: /home/kong/my_ws/install/nav2_behavior_tree/include//nav2_behavior_tree/plugins/decorator/speed_controller.hpp
[2.968s] -- Up-to-date: /home/kong/my_ws/install/nav2_behavior_tree/include//nav2_behavior_tree/plugins/condition
[2.968s] -- Up-to-date: /home/kong/my_ws/install/nav2_behavior_tree/include//nav2_behavior_tree/plugins/condition/goal_reached_condition.hpp
[2.968s] -- Up-to-date: /home/kong/my_ws/install/nav2_behavior_tree/include//nav2_behavior_tree/plugins/condition/globally_updated_goal_condition.hpp
[2.968s] -- Up-to-date: /home/kong/my_ws/install/nav2_behavior_tree/include//nav2_behavior_tree/plugins/condition/path_expiring_timer_condition.hpp
[2.968s] -- Up-to-date: /home/kong/my_ws/install/nav2_behavior_tree/include//nav2_behavior_tree/plugins/condition/distance_traveled_condition.hpp
[2.968s] -- Up-to-date: /home/kong/my_ws/install/nav2_behavior_tree/include//nav2_behavior_tree/plugins/condition/time_expired_condition.hpp
[2.968s] -- Up-to-date: /home/kong/my_ws/install/nav2_behavior_tree/include//nav2_behavior_tree/plugins/condition/transform_available_condition.hpp
[2.968s] -- Up-to-date: /home/kong/my_ws/install/nav2_behavior_tree/include//nav2_behavior_tree/plugins/condition/goal_updated_condition.hpp
[2.968s] -- Up-to-date: /home/kong/my_ws/install/nav2_behavior_tree/include//nav2_behavior_tree/plugins/condition/is_path_valid_condition.hpp
[2.968s] -- Up-to-date: /home/kong/my_ws/install/nav2_behavior_tree/include//nav2_behavior_tree/plugins/condition/initial_pose_received_condition.hpp
[2.968s] -- Up-to-date: /home/kong/my_ws/install/nav2_behavior_tree/include//nav2_behavior_tree/plugins/condition/is_battery_charging_condition.hpp
[2.968s] -- Up-to-date: /home/kong/my_ws/install/nav2_behavior_tree/include//nav2_behavior_tree/plugins/condition/is_battery_low_condition.hpp
[2.968s] -- Up-to-date: /home/kong/my_ws/install/nav2_behavior_tree/include//nav2_behavior_tree/plugins/condition/is_stuck_condition.hpp
[2.968s] -- Up-to-date: /home/kong/my_ws/install/nav2_behavior_tree/include//nav2_behavior_tree/plugins/control
[2.969s] -- Up-to-date: /home/kong/my_ws/install/nav2_behavior_tree/include//nav2_behavior_tree/plugins/control/round_robin_node.hpp
[2.969s] -- Up-to-date: /home/kong/my_ws/install/nav2_behavior_tree/include//nav2_behavior_tree/plugins/control/recovery_node.hpp
[2.969s] -- Up-to-date: /home/kong/my_ws/install/nav2_behavior_tree/include//nav2_behavior_tree/plugins/control/pipeline_sequence.hpp
[2.969s] -- Up-to-date: /home/kong/my_ws/install/nav2_behavior_tree/include//nav2_behavior_tree/plugins/action
[2.969s] -- Up-to-date: /home/kong/my_ws/install/nav2_behavior_tree/include//nav2_behavior_tree/plugins/action/compute_path_through_poses_action.hpp
[2.969s] -- Up-to-date: /home/kong/my_ws/install/nav2_behavior_tree/include//nav2_behavior_tree/plugins/action/follow_path_action.hpp
[2.969s] -- Up-to-date: /home/kong/my_ws/install/nav2_behavior_tree/include//nav2_behavior_tree/plugins/action/truncate_path_local_action.hpp
[2.969s] -- Up-to-date: /home/kong/my_ws/install/nav2_behavior_tree/include//nav2_behavior_tree/plugins/action/assisted_teleop_cancel_node.hpp
[2.969s] -- Up-to-date: /home/kong/my_ws/install/nav2_behavior_tree/include//nav2_behavior_tree/plugins/action/navigate_to_pose_action.hpp
[2.969s] -- Up-to-date: /home/kong/my_ws/install/nav2_behavior_tree/include//nav2_behavior_tree/plugins/action/drive_on_heading_action.hpp
[2.969s] -- Up-to-date: /home/kong/my_ws/install/nav2_behavior_tree/include//nav2_behavior_tree/plugins/action/spin_action.hpp
[2.969s] -- Up-to-date: /home/kong/my_ws/install/nav2_behavior_tree/include//nav2_behavior_tree/plugins/action/clear_costmap_service.hpp
[2.969s] -- Up-to-date: /home/kong/my_ws/install/nav2_behavior_tree/include//nav2_behavior_tree/plugins/action/compute_path_to_pose_action.hpp
[2.970s] -- Up-to-date: /home/kong/my_ws/install/nav2_behavior_tree/include//nav2_behavior_tree/plugins/action/back_up_action.hpp
[2.970s] -- Up-to-date: /home/kong/my_ws/install/nav2_behavior_tree/include//nav2_behavior_tree/plugins/action/remove_passed_goals_action.hpp
[2.970s] -- Up-to-date: /home/kong/my_ws/install/nav2_behavior_tree/include//nav2_behavior_tree/plugins/action/spin_cancel_node.hpp
[2.970s] -- Up-to-date: /home/kong/my_ws/install/nav2_behavior_tree/include//nav2_behavior_tree/plugins/action/wait_action.hpp
[2.970s] -- Up-to-date: /home/kong/my_ws/install/nav2_behavior_tree/include//nav2_behavior_tree/plugins/action/assisted_teleop_action.hpp
[2.970s] -- Up-to-date: /home/kong/my_ws/install/nav2_behavior_tree/include//nav2_behavior_tree/plugins/action/progress_checker_selector_node.hpp
[2.970s] -- Up-to-date: /home/kong/my_ws/install/nav2_behavior_tree/include//nav2_behavior_tree/plugins/action/wait_cancel_node.hpp
[2.970s] -- Up-to-date: /home/kong/my_ws/install/nav2_behavior_tree/include//nav2_behavior_tree/plugins/action/smoother_selector_node.hpp
[2.970s] -- Up-to-date: /home/kong/my_ws/install/nav2_behavior_tree/include//nav2_behavior_tree/plugins/action/controller_selector_node.hpp
[2.970s] -- Up-to-date: /home/kong/my_ws/install/nav2_behavior_tree/include//nav2_behavior_tree/plugins/action/planner_selector_node.hpp
[2.970s] -- Up-to-date: /home/kong/my_ws/install/nav2_behavior_tree/include//nav2_behavior_tree/plugins/action/back_up_cancel_node.hpp
[2.970s] -- Up-to-date: /home/kong/my_ws/install/nav2_behavior_tree/include//nav2_behavior_tree/plugins/action/drive_on_heading_cancel_node.hpp
[2.970s] -- Up-to-date: /home/kong/my_ws/install/nav2_behavior_tree/include//nav2_behavior_tree/plugins/action/reinitialize_global_localization_service.hpp
[2.970s] -- Up-to-date: /home/kong/my_ws/install/nav2_behavior_tree/include//nav2_behavior_tree/plugins/action/navigate_through_poses_action.hpp
[2.971s] -- Up-to-date: /home/kong/my_ws/install/nav2_behavior_tree/include//nav2_behavior_tree/plugins/action/truncate_path_action.hpp
[2.971s] -- Up-to-date: /home/kong/my_ws/install/nav2_behavior_tree/include//nav2_behavior_tree/plugins/action/smooth_path_action.hpp
[2.971s] -- Up-to-date: /home/kong/my_ws/install/nav2_behavior_tree/include//nav2_behavior_tree/plugins/action/goal_checker_selector_node.hpp
[2.971s] -- Up-to-date: /home/kong/my_ws/install/nav2_behavior_tree/include//nav2_behavior_tree/plugins/action/controller_cancel_node.hpp
[2.971s] -- Up-to-date: /home/kong/my_ws/install/nav2_behavior_tree/include//nav2_behavior_tree/bt_conversions.hpp
[2.971s] -- Up-to-date: /home/kong/my_ws/install/nav2_behavior_tree/include//nav2_behavior_tree/bt_service_node.hpp
[2.971s] -- Up-to-date: /home/kong/my_ws/install/nav2_behavior_tree/include//nav2_behavior_tree/ros_topic_logger.hpp
[2.971s] -- Up-to-date: /home/kong/my_ws/install/nav2_behavior_tree/include//nav2_behavior_tree/behavior_tree_engine.hpp
[2.971s] -- Up-to-date: /home/kong/my_ws/install/nav2_behavior_tree/share/nav2_behavior_tree/nav2_tree_nodes.xml
[2.971s] -- Up-to-date: /home/kong/my_ws/install/nav2_behavior_tree/share/nav2_behavior_tree/environment/library_path.sh
[2.971s] -- Up-to-date: /home/kong/my_ws/install/nav2_behavior_tree/share/nav2_behavior_tree/environment/library_path.dsv
[2.971s] -- Up-to-date: /home/kong/my_ws/install/nav2_behavior_tree/share/ament_index/resource_index/package_run_dependencies/nav2_behavior_tree
[2.972s] -- Up-to-date: /home/kong/my_ws/install/nav2_behavior_tree/share/ament_index/resource_index/parent_prefix_path/nav2_behavior_tree
[2.972s] -- Up-to-date: /home/kong/my_ws/install/nav2_behavior_tree/share/nav2_behavior_tree/environment/ament_prefix_path.sh
[2.972s] -- Up-to-date: /home/kong/my_ws/install/nav2_behavior_tree/share/nav2_behavior_tree/environment/ament_prefix_path.dsv
[2.972s] -- Up-to-date: /home/kong/my_ws/install/nav2_behavior_tree/share/nav2_behavior_tree/environment/path.sh
[2.972s] -- Up-to-date: /home/kong/my_ws/install/nav2_behavior_tree/share/nav2_behavior_tree/environment/path.dsv
[2.972s] -- Up-to-date: /home/kong/my_ws/install/nav2_behavior_tree/share/nav2_behavior_tree/local_setup.bash
[2.972s] -- Up-to-date: /home/kong/my_ws/install/nav2_behavior_tree/share/nav2_behavior_tree/local_setup.sh
[2.972s] -- Up-to-date: /home/kong/my_ws/install/nav2_behavior_tree/share/nav2_behavior_tree/local_setup.zsh
[2.972s] -- Up-to-date: /home/kong/my_ws/install/nav2_behavior_tree/share/nav2_behavior_tree/local_setup.dsv
[2.972s] -- Installing: /home/kong/my_ws/install/nav2_behavior_tree/share/nav2_behavior_tree/package.dsv
[2.972s] -- Up-to-date: /home/kong/my_ws/install/nav2_behavior_tree/share/ament_index/resource_index/packages/nav2_behavior_tree
[2.972s] -- Up-to-date: /home/kong/my_ws/install/nav2_behavior_tree/share/nav2_behavior_tree/cmake/ament_cmake_export_include_directories-extras.cmake
[2.972s] -- Up-to-date: /home/kong/my_ws/install/nav2_behavior_tree/share/nav2_behavior_tree/cmake/ament_cmake_export_libraries-extras.cmake
[2.972s] -- Up-to-date: /home/kong/my_ws/install/nav2_behavior_tree/share/nav2_behavior_tree/cmake/ament_cmake_export_dependencies-extras.cmake
[2.972s] -- Up-to-date: /home/kong/my_ws/install/nav2_behavior_tree/share/nav2_behavior_tree/cmake/nav2_behavior_treeConfig.cmake
[2.973s] -- Up-to-date: /home/kong/my_ws/install/nav2_behavior_tree/share/nav2_behavior_tree/cmake/nav2_behavior_treeConfig-version.cmake
[2.973s] -- Up-to-date: /home/kong/my_ws/install/nav2_behavior_tree/share/nav2_behavior_tree/package.xml
[2.975s] Invoked command in '/home/kong/my_ws/build/nav2_behavior_tree' returned '0': CMAKE_PREFIX_PATH=/home/kong/my_ws/install/nav2_util:/home/kong/my_ws/install/nav2_msgs:/home/kong/my_ws/install/nav2_common:/home/kong/my_ws/install/ydlidar_ros2_driver:/home/kong/my_ws/install/usb_cam:/home/kong/my_ws/install/teleop_twist_joy:/home/kong/my_ws/install/nav2_system_tests:/home/kong/my_ws/install/nav2_bringup:/home/kong/my_ws/install/slam_toolbox:/home/kong/my_ws/install/ros2_aruco_interfaces:/home/kong/my_ws/install/realsense2_description:/home/kong/my_ws/install/realsense2_camera:/home/kong/my_ws/install/realsense2_camera_msgs:/home/kong/my_ws/install/odrive_ros2_control:/home/kong/my_ws/install/odrive_hardware_interface:/home/kong/my_ws/install/odrive_demo_bringup:/home/kong/my_ws/install/odrive_demo_description:/home/kong/my_ws/install/navigation2:/home/kong/my_ws/install/nav2_smoother:/home/kong/my_ws/install/nav2_graceful_controller:/home/kong/my_ws/install/nav2_dwb_controller:/home/kong/my_ws/install/nav2_controller:/home/kong/my_ws/install/dwb_plugins:/home/kong/my_ws/install/dwb_critics:/home/kong/my_ws/install/dwb_core:/home/kong/my_ws/install/nav_2d_utils:/home/kong/my_ws/install/dwb_msgs:/home/kong/my_ws/install/nav_2d_msgs:/home/kong/my_ws/install/nav2_waypoint_follower:/home/kong/my_ws/install/nav2_theta_star_planner:/home/kong/my_ws/install/nav2_smac_planner:/home/kong/my_ws/install/nav2_rotation_shim_controller:/home/kong/my_ws/install/nav2_regulated_pure_pursuit_controller:/home/kong/my_ws/install/nav2_planner:/home/kong/my_ws/install/nav2_navfn_planner:/home/kong/my_ws/install/nav2_mppi_controller:/home/kong/my_ws/install/nav2_constrained_smoother:/home/kong/my_ws/install/nav2_bt_navigator:/home/kong/my_ws/install/nav2_behaviors:/home/kong/my_ws/install/nav2_core:/home/kong/my_ws/install/nav2_collision_monitor:/home/kong/my_ws/install/costmap_queue:/home/kong/my_ws/install/nav2_costmap_2d:/home/kong/my_ws/install/nav2_voxel_grid:/home/kong/my_ws/install/nav2_velocity_smoother:/home/kong/my_ws/install/nav2_rviz_plugins:/home/kong/my_ws/install/nav2_map_server:/home/kong/my_ws/install/nav2_lifecycle_manager:/home/kong/my_ws/install/nav2_behavior_tree:/home/kong/my_ws/install/nav2_amcl:/home/kong/my_ws/install/my_slam_package:/home/kong/my_ws/install/my_bot_description:/home/kong/my_ws/install/ros2_aruco:/home/kong/my_ws/install/nav2_simple_commander:/home/kong/my_ws/install/my_tf2_package:/home/kong/my_ws/install/my_docking:/home/kong/my_ws/install/my_aruco_to_goal_pose_pkg:/opt/ros/humble LD_LIBRARY_PATH=/home/kong/my_ws/install/nav2_util/lib:/home/kong/my_ws/install/nav2_msgs/lib:/home/kong/my_ws/install/usb_cam/lib:/home/kong/my_ws/install/teleop_twist_joy/lib:/home/kong/my_ws/install/slam_toolbox/lib:/home/kong/my_ws/install/ros2_aruco_interfaces/lib:/home/kong/my_ws/install/realsense2_camera/lib:/home/kong/my_ws/install/realsense2_camera_msgs/lib:/home/kong/my_ws/install/odrive_hardware_interface/lib:/home/kong/my_ws/install/nav2_smoother/lib:/home/kong/my_ws/install/nav2_graceful_controller/lib:/home/kong/my_ws/install/nav2_controller/lib:/home/kong/my_ws/install/dwb_plugins/lib:/home/kong/my_ws/install/dwb_critics/lib:/home/kong/my_ws/install/dwb_core/lib:/home/kong/my_ws/install/nav_2d_utils/lib:/home/kong/my_ws/install/dwb_msgs/lib:/home/kong/my_ws/install/nav_2d_msgs/lib:/home/kong/my_ws/install/nav2_waypoint_follower/lib:/home/kong/my_ws/install/nav2_theta_star_planner/lib:/home/kong/my_ws/install/nav2_smac_planner/lib:/home/kong/my_ws/install/nav2_rotation_shim_controller/lib:/home/kong/my_ws/install/nav2_regulated_pure_pursuit_controller/lib:/home/kong/my_ws/install/nav2_planner/lib:/home/kong/my_ws/install/nav2_navfn_planner/lib:/home/kong/my_ws/install/nav2_mppi_controller/lib:/home/kong/my_ws/install/nav2_constrained_smoother/lib:/home/kong/my_ws/install/nav2_bt_navigator/lib:/home/kong/my_ws/install/nav2_behaviors/lib:/home/kong/my_ws/install/nav2_collision_monitor/lib:/home/kong/my_ws/install/costmap_queue/lib:/home/kong/my_ws/install/nav2_costmap_2d/lib:/home/kong/my_ws/install/nav2_voxel_grid/lib:/home/kong/my_ws/install/nav2_velocity_smoother/lib:/home/kong/my_ws/install/nav2_rviz_plugins/lib:/home/kong/my_ws/install/nav2_map_server/lib:/home/kong/my_ws/install/nav2_lifecycle_manager/lib:/home/kong/my_ws/install/nav2_behavior_tree/lib:/home/kong/my_ws/install/nav2_amcl/lib:/usr/lib/x86_64-linux-gnu/gazebo-11/plugins:/opt/ros/humble/opt/rviz_ogre_vendor/lib:/opt/ros/humble/lib/x86_64-linux-gnu:/opt/ros/humble/lib /usr/bin/cmake --install /home/kong/my_ws/build/nav2_behavior_tree
