[1.588s] Invoking command in '/home/kong/my_ws/src/my_docking': PYTHONPATH=/home/kong/my_ws/build/my_docking/prefix_override:/home/kong/my_ws/install/my_docking/lib/python3.10/site-packages:${PYTHONPATH} /usr/bin/python3 -W ignore:setup.py install is deprecated setup.py egg_info --egg-base ../../build/my_docking build --build-base /home/kong/my_ws/build/my_docking/build install --record /home/kong/my_ws/build/my_docking/install.log --single-version-externally-managed install_data
[1.871s] running egg_info
[1.872s] writing ../../build/my_docking/my_docking.egg-info/PKG-INFO
[1.872s] writing dependency_links to ../../build/my_docking/my_docking.egg-info/dependency_links.txt
[1.872s] writing entry points to ../../build/my_docking/my_docking.egg-info/entry_points.txt
[1.873s] writing requirements to ../../build/my_docking/my_docking.egg-info/requires.txt
[1.873s] writing top-level names to ../../build/my_docking/my_docking.egg-info/top_level.txt
[1.876s] reading manifest file '../../build/my_docking/my_docking.egg-info/SOURCES.txt'
[1.877s] writing manifest file '../../build/my_docking/my_docking.egg-info/SOURCES.txt'
[1.877s] running build
[1.877s] running build_py
[1.877s] running install
[1.878s] running install_lib
[1.879s] running install_data
[1.879s] running install_egg_info
[1.882s] removing '/home/kong/my_ws/install/my_docking/lib/python3.10/site-packages/my_docking-0.0.0-py3.10.egg-info' (and everything under it)
[1.888s] Copying ../../build/my_docking/my_docking.egg-info to /home/kong/my_ws/install/my_docking/lib/python3.10/site-packages/my_docking-0.0.0-py3.10.egg-info
[1.894s] running install_scripts
[1.944s] Installing docking script to /home/kong/my_ws/install/my_docking/lib/my_docking
[1.944s] writing list of installed files to '/home/kong/my_ws/build/my_docking/install.log'
[1.988s] Invoked command in '/home/kong/my_ws/src/my_docking' returned '0': PYTHONPATH=/home/kong/my_ws/build/my_docking/prefix_override:/home/kong/my_ws/install/my_docking/lib/python3.10/site-packages:${PYTHONPATH} /usr/bin/python3 -W ignore:setup.py install is deprecated setup.py egg_info --egg-base ../../build/my_docking build --build-base /home/kong/my_ws/build/my_docking/build install --record /home/kong/my_ws/build/my_docking/install.log --single-version-externally-managed install_data
