[0.499s] Invoking command in '/home/kong/my_ws/src/my_docking': PYTHONPATH=/home/kong/my_ws/build/my_docking/prefix_override:/home/kong/my_ws/install/my_docking/lib/python3.10/site-packages:${PYTHONPATH} /usr/bin/python3 -W ignore:setup.py install is deprecated setup.py egg_info --egg-base ../../build/my_docking build --build-base /home/kong/my_ws/build/my_docking/build install --record /home/kong/my_ws/build/my_docking/install.log --single-version-externally-managed install_data
[0.663s] running egg_info
[0.663s] writing ../../build/my_docking/my_docking.egg-info/PKG-INFO
[0.663s] writing dependency_links to ../../build/my_docking/my_docking.egg-info/dependency_links.txt
[0.663s] writing entry points to ../../build/my_docking/my_docking.egg-info/entry_points.txt
[0.664s] writing requirements to ../../build/my_docking/my_docking.egg-info/requires.txt
[0.664s] writing top-level names to ../../build/my_docking/my_docking.egg-info/top_level.txt
[0.665s] reading manifest file '../../build/my_docking/my_docking.egg-info/SOURCES.txt'
[0.665s] writing manifest file '../../build/my_docking/my_docking.egg-info/SOURCES.txt'
[0.666s] running build
[0.666s] running build_py
[0.666s] running install
[0.666s] running install_lib
[0.667s] running install_data
[0.667s] running install_egg_info
[0.668s] removing '/home/kong/my_ws/install/my_docking/lib/python3.10/site-packages/my_docking-0.0.0-py3.10.egg-info' (and everything under it)
[0.668s] Copying ../../build/my_docking/my_docking.egg-info to /home/kong/my_ws/install/my_docking/lib/python3.10/site-packages/my_docking-0.0.0-py3.10.egg-info
[0.668s] running install_scripts
[0.683s] Installing docking script to /home/kong/my_ws/install/my_docking/lib/my_docking
[0.683s] writing list of installed files to '/home/kong/my_ws/build/my_docking/install.log'
[0.700s] Invoked command in '/home/kong/my_ws/src/my_docking' returned '0': PYTHONPATH=/home/kong/my_ws/build/my_docking/prefix_override:/home/kong/my_ws/install/my_docking/lib/python3.10/site-packages:${PYTHONPATH} /usr/bin/python3 -W ignore:setup.py install is deprecated setup.py egg_info --egg-base ../../build/my_docking build --build-base /home/kong/my_ws/build/my_docking/build install --record /home/kong/my_ws/build/my_docking/install.log --single-version-externally-managed install_data
