[0.033s] Invoking command in '/home/kong/my_ws/build/nav2_common': CMAKE_PREFIX_PATH=${CMAKE_PREFIX_PATH}:/home/kong/install/ros2_aruco:/home/kong/install/my_tf2_package:/home/kong/install/my_docking:/home/kong/install/my_aruco_to_goal_pose_pkg:/home/kong/my_ws/install/ros2_aruco:/home/kong/my_ws/install/nav2_simple_commander:/home/kong/my_ws/install/my_tf2_package:/home/kong/my_ws/install/my_docking:/home/kong/my_ws/install/my_aruco_to_goal_pose_pkg:/opt/ros/humble /usr/bin/cmake /home/kong/my_ws/src/navigation2/nav2_common -DCMAKE_INSTALL_PREFIX=/home/kong/my_ws/install/nav2_common
[0.328s] -- Found ament_cmake_core: 1.3.8 (/opt/ros/humble/share/ament_cmake_core/cmake)
[0.328s] -- Found Python3: /usr/bin/python3 (found version "3.10.12") found components: Interpreter 
[0.364s] -- Found ament_cmake_python: 1.3.8 (/opt/ros/humble/share/ament_cmake_python/cmake)
[0.566s] -- Configuring done
[0.570s] -- Generating done
[0.570s] -- Build files have been written to: /home/kong/my_ws/build/nav2_common
[0.644s] Invoked command in '/home/kong/my_ws/build/nav2_common' returned '0': CMAKE_PREFIX_PATH=${CMAKE_PREFIX_PATH}:/home/kong/install/ros2_aruco:/home/kong/install/my_tf2_package:/home/kong/install/my_docking:/home/kong/install/my_aruco_to_goal_pose_pkg:/home/kong/my_ws/install/ros2_aruco:/home/kong/my_ws/install/nav2_simple_commander:/home/kong/my_ws/install/my_tf2_package:/home/kong/my_ws/install/my_docking:/home/kong/my_ws/install/my_aruco_to_goal_pose_pkg:/opt/ros/humble /usr/bin/cmake /home/kong/my_ws/src/navigation2/nav2_common -DCMAKE_INSTALL_PREFIX=/home/kong/my_ws/install/nav2_common
[0.645s] Invoking command in '/home/kong/my_ws/build/nav2_common': CMAKE_PREFIX_PATH=${CMAKE_PREFIX_PATH}:/home/kong/install/ros2_aruco:/home/kong/install/my_tf2_package:/home/kong/install/my_docking:/home/kong/install/my_aruco_to_goal_pose_pkg:/home/kong/my_ws/install/ros2_aruco:/home/kong/my_ws/install/nav2_simple_commander:/home/kong/my_ws/install/my_tf2_package:/home/kong/my_ws/install/my_docking:/home/kong/my_ws/install/my_aruco_to_goal_pose_pkg:/opt/ros/humble /usr/bin/cmake --build /home/kong/my_ws/build/nav2_common -- -j8 -l8
[0.739s] Built target ament_cmake_python_copy_nav2_common
[1.090s] running egg_info
[1.090s] creating nav2_common.egg-info
[1.090s] writing nav2_common.egg-info/PKG-INFO
[1.090s] writing dependency_links to nav2_common.egg-info/dependency_links.txt
[1.090s] writing top-level names to nav2_common.egg-info/top_level.txt
[1.090s] writing manifest file 'nav2_common.egg-info/SOURCES.txt'
[1.090s] reading manifest file 'nav2_common.egg-info/SOURCES.txt'
[1.090s] writing manifest file 'nav2_common.egg-info/SOURCES.txt'
[1.135s] Built target ament_cmake_python_build_nav2_common_egg
[1.150s] Invoked command in '/home/kong/my_ws/build/nav2_common' returned '0': CMAKE_PREFIX_PATH=${CMAKE_PREFIX_PATH}:/home/kong/install/ros2_aruco:/home/kong/install/my_tf2_package:/home/kong/install/my_docking:/home/kong/install/my_aruco_to_goal_pose_pkg:/home/kong/my_ws/install/ros2_aruco:/home/kong/my_ws/install/nav2_simple_commander:/home/kong/my_ws/install/my_tf2_package:/home/kong/my_ws/install/my_docking:/home/kong/my_ws/install/my_aruco_to_goal_pose_pkg:/opt/ros/humble /usr/bin/cmake --build /home/kong/my_ws/build/nav2_common -- -j8 -l8
[1.271s] Invoking command in '/home/kong/my_ws/build/nav2_common': CMAKE_PREFIX_PATH=${CMAKE_PREFIX_PATH}:/home/kong/install/ros2_aruco:/home/kong/install/my_tf2_package:/home/kong/install/my_docking:/home/kong/install/my_aruco_to_goal_pose_pkg:/home/kong/my_ws/install/ros2_aruco:/home/kong/my_ws/install/nav2_simple_commander:/home/kong/my_ws/install/my_tf2_package:/home/kong/my_ws/install/my_docking:/home/kong/my_ws/install/my_aruco_to_goal_pose_pkg:/opt/ros/humble /usr/bin/cmake --install /home/kong/my_ws/build/nav2_common
[1.284s] -- Install configuration: ""
[1.285s] -- Installing: /home/kong/my_ws/install/nav2_common/share/nav2_common/environment/pythonpath.sh
[1.285s] -- Installing: /home/kong/my_ws/install/nav2_common/share/nav2_common/environment/pythonpath.dsv
[1.285s] -- Installing: /home/kong/my_ws/install/nav2_common/local/lib/python3.10/dist-packages/nav2_common-1.1.14-py3.10.egg-info
[1.285s] -- Installing: /home/kong/my_ws/install/nav2_common/local/lib/python3.10/dist-packages/nav2_common-1.1.14-py3.10.egg-info/dependency_links.txt
[1.285s] -- Installing: /home/kong/my_ws/install/nav2_common/local/lib/python3.10/dist-packages/nav2_common-1.1.14-py3.10.egg-info/PKG-INFO
[1.285s] -- Installing: /home/kong/my_ws/install/nav2_common/local/lib/python3.10/dist-packages/nav2_common-1.1.14-py3.10.egg-info/top_level.txt
[1.285s] -- Installing: /home/kong/my_ws/install/nav2_common/local/lib/python3.10/dist-packages/nav2_common-1.1.14-py3.10.egg-info/SOURCES.txt
[1.285s] -- Installing: /home/kong/my_ws/install/nav2_common/local/lib/python3.10/dist-packages/nav2_common
[1.285s] -- Installing: /home/kong/my_ws/install/nav2_common/local/lib/python3.10/dist-packages/nav2_common/__init__.py
[1.285s] -- Installing: /home/kong/my_ws/install/nav2_common/local/lib/python3.10/dist-packages/nav2_common/launch
[1.285s] -- Installing: /home/kong/my_ws/install/nav2_common/local/lib/python3.10/dist-packages/nav2_common/launch/replace_string.py
[1.285s] -- Installing: /home/kong/my_ws/install/nav2_common/local/lib/python3.10/dist-packages/nav2_common/launch/has_node_params.py
[1.285s] -- Installing: /home/kong/my_ws/install/nav2_common/local/lib/python3.10/dist-packages/nav2_common/launch/parse_multirobot_pose.py
[1.285s] -- Installing: /home/kong/my_ws/install/nav2_common/local/lib/python3.10/dist-packages/nav2_common/launch/__init__.py
[1.285s] -- Installing: /home/kong/my_ws/install/nav2_common/local/lib/python3.10/dist-packages/nav2_common/launch/rewritten_yaml.py
[1.337s] Listing '/home/kong/my_ws/install/nav2_common/local/lib/python3.10/dist-packages/nav2_common'...
[1.337s] Compiling '/home/kong/my_ws/install/nav2_common/local/lib/python3.10/dist-packages/nav2_common/__init__.py'...
[1.337s] Listing '/home/kong/my_ws/install/nav2_common/local/lib/python3.10/dist-packages/nav2_common/launch'...
[1.337s] Compiling '/home/kong/my_ws/install/nav2_common/local/lib/python3.10/dist-packages/nav2_common/launch/__init__.py'...
[1.337s] Compiling '/home/kong/my_ws/install/nav2_common/local/lib/python3.10/dist-packages/nav2_common/launch/has_node_params.py'...
[1.337s] Compiling '/home/kong/my_ws/install/nav2_common/local/lib/python3.10/dist-packages/nav2_common/launch/parse_multirobot_pose.py'...
[1.337s] Compiling '/home/kong/my_ws/install/nav2_common/local/lib/python3.10/dist-packages/nav2_common/launch/replace_string.py'...
[1.337s] Compiling '/home/kong/my_ws/install/nav2_common/local/lib/python3.10/dist-packages/nav2_common/launch/rewritten_yaml.py'...
[1.342s] -- Installing: /home/kong/my_ws/install/nav2_common/share/ament_index/resource_index/package_run_dependencies/nav2_common
[1.343s] -- Installing: /home/kong/my_ws/install/nav2_common/share/ament_index/resource_index/parent_prefix_path/nav2_common
[1.343s] -- Installing: /home/kong/my_ws/install/nav2_common/share/nav2_common/environment/ament_prefix_path.sh
[1.343s] -- Installing: /home/kong/my_ws/install/nav2_common/share/nav2_common/environment/ament_prefix_path.dsv
[1.343s] -- Installing: /home/kong/my_ws/install/nav2_common/share/nav2_common/environment/path.sh
[1.344s] -- Installing: /home/kong/my_ws/install/nav2_common/share/nav2_common/environment/path.dsv
[1.344s] -- Installing: /home/kong/my_ws/install/nav2_common/share/nav2_common/local_setup.bash
[1.344s] -- Installing: /home/kong/my_ws/install/nav2_common/share/nav2_common/local_setup.sh
[1.344s] -- Installing: /home/kong/my_ws/install/nav2_common/share/nav2_common/local_setup.zsh
[1.345s] -- Installing: /home/kong/my_ws/install/nav2_common/share/nav2_common/local_setup.dsv
[1.345s] -- Installing: /home/kong/my_ws/install/nav2_common/share/nav2_common/package.dsv
[1.345s] -- Installing: /home/kong/my_ws/install/nav2_common/share/ament_index/resource_index/packages/nav2_common
[1.346s] -- Installing: /home/kong/my_ws/install/nav2_common/share/nav2_common/cmake/nav2_common-extras.cmake
[1.346s] -- Installing: /home/kong/my_ws/install/nav2_common/share/nav2_common/cmake/nav2_commonConfig.cmake
[1.346s] -- Installing: /home/kong/my_ws/install/nav2_common/share/nav2_common/cmake/nav2_commonConfig-version.cmake
[1.346s] -- Installing: /home/kong/my_ws/install/nav2_common/share/nav2_common/package.xml
[1.347s] -- Up-to-date: /home/kong/my_ws/install/nav2_common/share/nav2_common/cmake
[1.347s] -- Installing: /home/kong/my_ws/install/nav2_common/share/nav2_common/cmake/nav2_package.cmake
[1.354s] Invoked command in '/home/kong/my_ws/build/nav2_common' returned '0': CMAKE_PREFIX_PATH=${CMAKE_PREFIX_PATH}:/home/kong/install/ros2_aruco:/home/kong/install/my_tf2_package:/home/kong/install/my_docking:/home/kong/install/my_aruco_to_goal_pose_pkg:/home/kong/my_ws/install/ros2_aruco:/home/kong/my_ws/install/nav2_simple_commander:/home/kong/my_ws/install/my_tf2_package:/home/kong/my_ws/install/my_docking:/home/kong/my_ws/install/my_aruco_to_goal_pose_pkg:/opt/ros/humble /usr/bin/cmake --install /home/kong/my_ws/build/nav2_common
