[0.159s] Invoking command in '/home/kong/my_ws/build/nav2_behaviors': CMAKE_PREFIX_PATH=/home/kong/my_ws/install/nav2_core:/home/kong/my_ws/install/nav2_costmap_2d:/home/kong/my_ws/install/nav2_behavior_tree:/home/kong/my_ws/install/nav2_util:/home/kong/my_ws/install/nav2_voxel_grid:/home/kong/my_ws/install/nav2_msgs:/home/kong/my_ws/install/nav2_common:/home/kong/install/ydlidar_ros2_driver:/home/kong/install/usb_cam:/home/kong/install/teleop_twist_joy:/home/kong/install/ros2_aruco_interfaces:/home/kong/install/realsense2_description:/home/kong/install/realsense2_camera_msgs:/home/kong/install/odrive_ros2_control:/home/kong/install/odrive_hardware_interface:/home/kong/install/odrive_demo_bringup:/home/kong/install/odrive_demo_description:/home/kong/install/dwb_msgs:/home/kong/install/nav_2d_msgs:/home/kong/install/nav2_voxel_grid:/home/kong/install/nav2_common:/home/kong/install/my_slam_package:/home/kong/install/my_bot_description:/home/kong/my_ws/install/ydlidar_ros2_driver:/home/kong/my_ws/install/usb_cam:/home/kong/my_ws/install/teleop_twist_joy:/home/kong/my_ws/install/nav2_system_tests:/home/kong/my_ws/install/nav2_bringup:/home/kong/my_ws/install/slam_toolbox:/home/kong/my_ws/install/ros2_aruco_interfaces:/home/kong/my_ws/install/realsense2_description:/home/kong/my_ws/install/realsense2_camera:/home/kong/my_ws/install/realsense2_camera_msgs:/home/kong/my_ws/install/odrive_ros2_control:/home/kong/my_ws/install/odrive_hardware_interface:/home/kong/my_ws/install/odrive_demo_bringup:/home/kong/my_ws/install/odrive_demo_description:/home/kong/my_ws/install/navigation2:/home/kong/my_ws/install/nav2_smoother:/home/kong/my_ws/install/nav2_graceful_controller:/home/kong/my_ws/install/nav2_dwb_controller:/home/kong/my_ws/install/nav2_controller:/home/kong/my_ws/install/dwb_plugins:/home/kong/my_ws/install/dwb_critics:/home/kong/my_ws/install/dwb_core:/home/kong/my_ws/install/nav_2d_utils:/home/kong/my_ws/install/dwb_msgs:/home/kong/my_ws/install/nav_2d_msgs:/home/kong/my_ws/install/nav2_waypoint_follower:/home/kong/my_ws/install/nav2_theta_star_planner:/home/kong/my_ws/install/nav2_smac_planner:/home/kong/my_ws/install/nav2_rotation_shim_controller:/home/kong/my_ws/install/nav2_regulated_pure_pursuit_controller:/home/kong/my_ws/install/nav2_planner:/home/kong/my_ws/install/nav2_navfn_planner:/home/kong/my_ws/install/nav2_mppi_controller:/home/kong/my_ws/install/nav2_constrained_smoother:/home/kong/my_ws/install/nav2_bt_navigator:/home/kong/my_ws/install/nav2_behaviors:/home/kong/my_ws/install/nav2_collision_monitor:/home/kong/my_ws/install/costmap_queue:/home/kong/my_ws/install/nav2_velocity_smoother:/home/kong/my_ws/install/nav2_rviz_plugins:/home/kong/my_ws/install/nav2_map_server:/home/kong/my_ws/install/nav2_lifecycle_manager:/home/kong/my_ws/install/nav2_amcl:/home/kong/my_ws/install/my_slam_package:/home/kong/my_ws/install/my_bot_description:/home/kong/install/ros2_aruco:/home/kong/install/my_tf2_package:/home/kong/install/my_docking:/home/kong/install/my_aruco_to_goal_pose_pkg:/home/kong/my_ws/install/ros2_aruco:/home/kong/my_ws/install/nav2_simple_commander:/home/kong/my_ws/install/my_tf2_package:/home/kong/my_ws/install/my_docking:/home/kong/my_ws/install/my_aruco_to_goal_pose_pkg:/opt/ros/humble LD_LIBRARY_PATH=/home/kong/my_ws/install/nav2_costmap_2d/lib:/home/kong/my_ws/install/nav2_behavior_tree/lib:/home/kong/my_ws/install/nav2_util/lib:/home/kong/my_ws/install/nav2_voxel_grid/lib:/home/kong/my_ws/install/nav2_msgs/lib:/home/kong/install/usb_cam/lib:/home/kong/install/teleop_twist_joy/lib:/home/kong/install/ros2_aruco_interfaces/lib:/home/kong/install/realsense2_camera_msgs/lib:/home/kong/install/odrive_hardware_interface/lib:/home/kong/install/dwb_msgs/lib:/home/kong/install/nav_2d_msgs/lib:/home/kong/install/nav2_voxel_grid/lib:/home/kong/my_ws/install/usb_cam/lib:/home/kong/my_ws/install/teleop_twist_joy/lib:/home/kong/my_ws/install/slam_toolbox/lib:/home/kong/my_ws/install/ros2_aruco_interfaces/lib:/home/kong/my_ws/install/realsense2_camera/lib:/home/kong/my_ws/install/realsense2_camera_msgs/lib:/home/kong/my_ws/install/odrive_hardware_interface/lib:/home/kong/my_ws/install/nav2_smoother/lib:/home/kong/my_ws/install/nav2_graceful_controller/lib:/home/kong/my_ws/install/nav2_controller/lib:/home/kong/my_ws/install/dwb_plugins/lib:/home/kong/my_ws/install/dwb_critics/lib:/home/kong/my_ws/install/dwb_core/lib:/home/kong/my_ws/install/nav_2d_utils/lib:/home/kong/my_ws/install/dwb_msgs/lib:/home/kong/my_ws/install/nav_2d_msgs/lib:/home/kong/my_ws/install/nav2_waypoint_follower/lib:/home/kong/my_ws/install/nav2_theta_star_planner/lib:/home/kong/my_ws/install/nav2_smac_planner/lib:/home/kong/my_ws/install/nav2_rotation_shim_controller/lib:/home/kong/my_ws/install/nav2_regulated_pure_pursuit_controller/lib:/home/kong/my_ws/install/nav2_planner/lib:/home/kong/my_ws/install/nav2_navfn_planner/lib:/home/kong/my_ws/install/nav2_mppi_controller/lib:/home/kong/my_ws/install/nav2_constrained_smoother/lib:/home/kong/my_ws/install/nav2_bt_navigator/lib:/home/kong/my_ws/install/nav2_behaviors/lib:/home/kong/my_ws/install/nav2_collision_monitor/lib:/home/kong/my_ws/install/costmap_queue/lib:/home/kong/my_ws/install/nav2_velocity_smoother/lib:/home/kong/my_ws/install/nav2_rviz_plugins/lib:/home/kong/my_ws/install/nav2_map_server/lib:/home/kong/my_ws/install/nav2_lifecycle_manager/lib:/home/kong/my_ws/install/nav2_amcl/lib:/usr/lib/x86_64-linux-gnu/gazebo-11/plugins:/opt/ros/humble/opt/rviz_ogre_vendor/lib:/opt/ros/humble/lib/x86_64-linux-gnu:/opt/ros/humble/lib /usr/bin/cmake /home/kong/my_ws/src/navigation2/nav2_behaviors -DCMAKE_INSTALL_PREFIX=/home/kong/my_ws/install/nav2_behaviors
[0.436s] -- The C compiler identification is GNU 11.4.0
[0.691s] -- The CXX compiler identification is GNU 11.4.0
[0.726s] -- Detecting C compiler ABI info
[1.014s] -- Detecting C compiler ABI info - done
[1.027s] -- Check for working C compiler: /usr/bin/cc - skipped
[1.028s] -- Detecting C compile features
[1.030s] -- Detecting C compile features - done
[1.035s] -- Detecting CXX compiler ABI info
[1.381s] -- Detecting CXX compiler ABI info - done
[1.395s] -- Check for working CXX compiler: /usr/bin/c++ - skipped
[1.396s] -- Detecting CXX compile features
[1.398s] -- Detecting CXX compile features - done
[1.412s] -- Found ament_cmake: 1.3.8 (/opt/ros/humble/share/ament_cmake/cmake)
[1.979s] -- Found Python3: /usr/bin/python3 (found version "3.10.12") found components: Interpreter 
[2.448s] -- Found nav2_common: 1.1.14 (/home/kong/my_ws/install/nav2_common/share/nav2_common/cmake)
[2.457s] -- Found rclcpp: 16.0.8 (/opt/ros/humble/share/rclcpp/cmake)
[2.611s] -- Found rosidl_generator_c: 3.1.5 (/opt/ros/humble/share/rosidl_generator_c/cmake)
[2.635s] -- Found rosidl_adapter: 3.1.5 (/opt/ros/humble/share/rosidl_adapter/cmake)
[2.666s] -- Found rosidl_generator_cpp: 3.1.5 (/opt/ros/humble/share/rosidl_generator_cpp/cmake)
[2.721s] -- Using all available rosidl_typesupport_c: rosidl_typesupport_fastrtps_c;rosidl_typesupport_introspection_c
[2.818s] -- Using all available rosidl_typesupport_cpp: rosidl_typesupport_fastrtps_cpp;rosidl_typesupport_introspection_cpp
[3.109s] -- Found rmw_implementation_cmake: 6.1.1 (/opt/ros/humble/share/rmw_implementation_cmake/cmake)
[3.132s] -- Found rmw_fastrtps_cpp: 6.2.6 (/opt/ros/humble/share/rmw_fastrtps_cpp/cmake)
[3.532s] -- Found OpenSSL: /usr/lib/x86_64-linux-gnu/libcrypto.so (found version "3.0.2")  
[3.643s] -- Found FastRTPS: /opt/ros/humble/include  
[3.782s] -- Using RMW implementation 'rmw_fastrtps_cpp' as default
[3.816s] -- Looking for pthread.h
[4.094s] -- Looking for pthread.h - found
[4.094s] -- Performing Test CMAKE_HAVE_LIBC_PTHREAD
[4.574s] -- Performing Test CMAKE_HAVE_LIBC_PTHREAD - Success
[4.576s] -- Found Threads: TRUE  
[5.006s] -- Found rclcpp_action: 16.0.8 (/opt/ros/humble/share/rclcpp_action/cmake)
[5.274s] -- Found rclcpp_lifecycle: 16.0.8 (/opt/ros/humble/share/rclcpp_lifecycle/cmake)
[5.410s] -- Found rclcpp_components: 16.0.8 (/opt/ros/humble/share/rclcpp_components/cmake)
[5.594s] -- Found nav2_behavior_tree: 1.1.14 (/home/kong/my_ws/install/nav2_behavior_tree/share/nav2_behavior_tree/cmake)
[7.088s] -- Found eigen3_cmake_module: 0.1.1 (/opt/ros/humble/share/eigen3_cmake_module/cmake)
[7.090s] -- Found Eigen3: TRUE (found version "3.4.0") 
[7.090s] -- Ensuring Eigen3 include directory is part of orocos-kdl CMake target
[9.116s] -- Found nav2_costmap_2d: 1.1.14 (/home/kong/my_ws/install/nav2_costmap_2d/share/nav2_costmap_2d/cmake)
[11.305s] -- Found nav2_core: 1.1.14 (/home/kong/my_ws/install/nav2_core/share/nav2_core/cmake)
[12.507s] -- Setting build type to Release as none was specified.
[75.098s] -- Found ament_lint_auto: 0.12.10 (/opt/ros/humble/share/ament_lint_auto/cmake)
[75.343s] -- Found gtest sources under '/opt/ros/humble/src/gtest_vendor': C++ tests using 'Google Test' will be built
[82.358s] -- Added test 'copyright' to check source files copyright and LICENSE
[82.371s] -- Added test 'cppcheck' to perform static code analysis on C / C++ code
[82.375s] -- Configured cppcheck include dirs: /home/kong/my_ws/src/navigation2/nav2_behaviors/include
[82.375s] -- Configured cppcheck exclude dirs and/or files: 
[82.379s] -- Added test 'cpplint' to check C / C++ code against the Google style
[82.379s] -- Configured cpplint exclude dirs and/or files: 
[82.382s] -- Added test 'lint_cmake' to check CMake code style
[82.387s] -- Added test 'uncrustify' to check C / C++ code style
[82.387s] -- Configured uncrustify additional arguments: 
[82.390s] -- Added test 'xmllint' to check XML markup files
[82.397s] -- Configuring done
[83.073s] -- Generating done
[83.078s] -- Build files have been written to: /home/kong/my_ws/build/nav2_behaviors
[83.109s] Invoked command in '/home/kong/my_ws/build/nav2_behaviors' returned '0': CMAKE_PREFIX_PATH=/home/kong/my_ws/install/nav2_core:/home/kong/my_ws/install/nav2_costmap_2d:/home/kong/my_ws/install/nav2_behavior_tree:/home/kong/my_ws/install/nav2_util:/home/kong/my_ws/install/nav2_voxel_grid:/home/kong/my_ws/install/nav2_msgs:/home/kong/my_ws/install/nav2_common:/home/kong/install/ydlidar_ros2_driver:/home/kong/install/usb_cam:/home/kong/install/teleop_twist_joy:/home/kong/install/ros2_aruco_interfaces:/home/kong/install/realsense2_description:/home/kong/install/realsense2_camera_msgs:/home/kong/install/odrive_ros2_control:/home/kong/install/odrive_hardware_interface:/home/kong/install/odrive_demo_bringup:/home/kong/install/odrive_demo_description:/home/kong/install/dwb_msgs:/home/kong/install/nav_2d_msgs:/home/kong/install/nav2_voxel_grid:/home/kong/install/nav2_common:/home/kong/install/my_slam_package:/home/kong/install/my_bot_description:/home/kong/my_ws/install/ydlidar_ros2_driver:/home/kong/my_ws/install/usb_cam:/home/kong/my_ws/install/teleop_twist_joy:/home/kong/my_ws/install/nav2_system_tests:/home/kong/my_ws/install/nav2_bringup:/home/kong/my_ws/install/slam_toolbox:/home/kong/my_ws/install/ros2_aruco_interfaces:/home/kong/my_ws/install/realsense2_description:/home/kong/my_ws/install/realsense2_camera:/home/kong/my_ws/install/realsense2_camera_msgs:/home/kong/my_ws/install/odrive_ros2_control:/home/kong/my_ws/install/odrive_hardware_interface:/home/kong/my_ws/install/odrive_demo_bringup:/home/kong/my_ws/install/odrive_demo_description:/home/kong/my_ws/install/navigation2:/home/kong/my_ws/install/nav2_smoother:/home/kong/my_ws/install/nav2_graceful_controller:/home/kong/my_ws/install/nav2_dwb_controller:/home/kong/my_ws/install/nav2_controller:/home/kong/my_ws/install/dwb_plugins:/home/kong/my_ws/install/dwb_critics:/home/kong/my_ws/install/dwb_core:/home/kong/my_ws/install/nav_2d_utils:/home/kong/my_ws/install/dwb_msgs:/home/kong/my_ws/install/nav_2d_msgs:/home/kong/my_ws/install/nav2_waypoint_follower:/home/kong/my_ws/install/nav2_theta_star_planner:/home/kong/my_ws/install/nav2_smac_planner:/home/kong/my_ws/install/nav2_rotation_shim_controller:/home/kong/my_ws/install/nav2_regulated_pure_pursuit_controller:/home/kong/my_ws/install/nav2_planner:/home/kong/my_ws/install/nav2_navfn_planner:/home/kong/my_ws/install/nav2_mppi_controller:/home/kong/my_ws/install/nav2_constrained_smoother:/home/kong/my_ws/install/nav2_bt_navigator:/home/kong/my_ws/install/nav2_behaviors:/home/kong/my_ws/install/nav2_collision_monitor:/home/kong/my_ws/install/costmap_queue:/home/kong/my_ws/install/nav2_velocity_smoother:/home/kong/my_ws/install/nav2_rviz_plugins:/home/kong/my_ws/install/nav2_map_server:/home/kong/my_ws/install/nav2_lifecycle_manager:/home/kong/my_ws/install/nav2_amcl:/home/kong/my_ws/install/my_slam_package:/home/kong/my_ws/install/my_bot_description:/home/kong/install/ros2_aruco:/home/kong/install/my_tf2_package:/home/kong/install/my_docking:/home/kong/install/my_aruco_to_goal_pose_pkg:/home/kong/my_ws/install/ros2_aruco:/home/kong/my_ws/install/nav2_simple_commander:/home/kong/my_ws/install/my_tf2_package:/home/kong/my_ws/install/my_docking:/home/kong/my_ws/install/my_aruco_to_goal_pose_pkg:/opt/ros/humble LD_LIBRARY_PATH=/home/kong/my_ws/install/nav2_costmap_2d/lib:/home/kong/my_ws/install/nav2_behavior_tree/lib:/home/kong/my_ws/install/nav2_util/lib:/home/kong/my_ws/install/nav2_voxel_grid/lib:/home/kong/my_ws/install/nav2_msgs/lib:/home/kong/install/usb_cam/lib:/home/kong/install/teleop_twist_joy/lib:/home/kong/install/ros2_aruco_interfaces/lib:/home/kong/install/realsense2_camera_msgs/lib:/home/kong/install/odrive_hardware_interface/lib:/home/kong/install/dwb_msgs/lib:/home/kong/install/nav_2d_msgs/lib:/home/kong/install/nav2_voxel_grid/lib:/home/kong/my_ws/install/usb_cam/lib:/home/kong/my_ws/install/teleop_twist_joy/lib:/home/kong/my_ws/install/slam_toolbox/lib:/home/kong/my_ws/install/ros2_aruco_interfaces/lib:/home/kong/my_ws/install/realsense2_camera/lib:/home/kong/my_ws/install/realsense2_camera_msgs/lib:/home/kong/my_ws/install/odrive_hardware_interface/lib:/home/kong/my_ws/install/nav2_smoother/lib:/home/kong/my_ws/install/nav2_graceful_controller/lib:/home/kong/my_ws/install/nav2_controller/lib:/home/kong/my_ws/install/dwb_plugins/lib:/home/kong/my_ws/install/dwb_critics/lib:/home/kong/my_ws/install/dwb_core/lib:/home/kong/my_ws/install/nav_2d_utils/lib:/home/kong/my_ws/install/dwb_msgs/lib:/home/kong/my_ws/install/nav_2d_msgs/lib:/home/kong/my_ws/install/nav2_waypoint_follower/lib:/home/kong/my_ws/install/nav2_theta_star_planner/lib:/home/kong/my_ws/install/nav2_smac_planner/lib:/home/kong/my_ws/install/nav2_rotation_shim_controller/lib:/home/kong/my_ws/install/nav2_regulated_pure_pursuit_controller/lib:/home/kong/my_ws/install/nav2_planner/lib:/home/kong/my_ws/install/nav2_navfn_planner/lib:/home/kong/my_ws/install/nav2_mppi_controller/lib:/home/kong/my_ws/install/nav2_constrained_smoother/lib:/home/kong/my_ws/install/nav2_bt_navigator/lib:/home/kong/my_ws/install/nav2_behaviors/lib:/home/kong/my_ws/install/nav2_collision_monitor/lib:/home/kong/my_ws/install/costmap_queue/lib:/home/kong/my_ws/install/nav2_velocity_smoother/lib:/home/kong/my_ws/install/nav2_rviz_plugins/lib:/home/kong/my_ws/install/nav2_map_server/lib:/home/kong/my_ws/install/nav2_lifecycle_manager/lib:/home/kong/my_ws/install/nav2_amcl/lib:/usr/lib/x86_64-linux-gnu/gazebo-11/plugins:/opt/ros/humble/opt/rviz_ogre_vendor/lib:/opt/ros/humble/lib/x86_64-linux-gnu:/opt/ros/humble/lib /usr/bin/cmake /home/kong/my_ws/src/navigation2/nav2_behaviors -DCMAKE_INSTALL_PREFIX=/home/kong/my_ws/install/nav2_behaviors
[83.110s] Invoking command in '/home/kong/my_ws/build/nav2_behaviors': CMAKE_PREFIX_PATH=/home/kong/my_ws/install/nav2_core:/home/kong/my_ws/install/nav2_costmap_2d:/home/kong/my_ws/install/nav2_behavior_tree:/home/kong/my_ws/install/nav2_util:/home/kong/my_ws/install/nav2_voxel_grid:/home/kong/my_ws/install/nav2_msgs:/home/kong/my_ws/install/nav2_common:/home/kong/install/ydlidar_ros2_driver:/home/kong/install/usb_cam:/home/kong/install/teleop_twist_joy:/home/kong/install/ros2_aruco_interfaces:/home/kong/install/realsense2_description:/home/kong/install/realsense2_camera_msgs:/home/kong/install/odrive_ros2_control:/home/kong/install/odrive_hardware_interface:/home/kong/install/odrive_demo_bringup:/home/kong/install/odrive_demo_description:/home/kong/install/dwb_msgs:/home/kong/install/nav_2d_msgs:/home/kong/install/nav2_voxel_grid:/home/kong/install/nav2_common:/home/kong/install/my_slam_package:/home/kong/install/my_bot_description:/home/kong/my_ws/install/ydlidar_ros2_driver:/home/kong/my_ws/install/usb_cam:/home/kong/my_ws/install/teleop_twist_joy:/home/kong/my_ws/install/nav2_system_tests:/home/kong/my_ws/install/nav2_bringup:/home/kong/my_ws/install/slam_toolbox:/home/kong/my_ws/install/ros2_aruco_interfaces:/home/kong/my_ws/install/realsense2_description:/home/kong/my_ws/install/realsense2_camera:/home/kong/my_ws/install/realsense2_camera_msgs:/home/kong/my_ws/install/odrive_ros2_control:/home/kong/my_ws/install/odrive_hardware_interface:/home/kong/my_ws/install/odrive_demo_bringup:/home/kong/my_ws/install/odrive_demo_description:/home/kong/my_ws/install/navigation2:/home/kong/my_ws/install/nav2_smoother:/home/kong/my_ws/install/nav2_graceful_controller:/home/kong/my_ws/install/nav2_dwb_controller:/home/kong/my_ws/install/nav2_controller:/home/kong/my_ws/install/dwb_plugins:/home/kong/my_ws/install/dwb_critics:/home/kong/my_ws/install/dwb_core:/home/kong/my_ws/install/nav_2d_utils:/home/kong/my_ws/install/dwb_msgs:/home/kong/my_ws/install/nav_2d_msgs:/home/kong/my_ws/install/nav2_waypoint_follower:/home/kong/my_ws/install/nav2_theta_star_planner:/home/kong/my_ws/install/nav2_smac_planner:/home/kong/my_ws/install/nav2_rotation_shim_controller:/home/kong/my_ws/install/nav2_regulated_pure_pursuit_controller:/home/kong/my_ws/install/nav2_planner:/home/kong/my_ws/install/nav2_navfn_planner:/home/kong/my_ws/install/nav2_mppi_controller:/home/kong/my_ws/install/nav2_constrained_smoother:/home/kong/my_ws/install/nav2_bt_navigator:/home/kong/my_ws/install/nav2_behaviors:/home/kong/my_ws/install/nav2_collision_monitor:/home/kong/my_ws/install/costmap_queue:/home/kong/my_ws/install/nav2_velocity_smoother:/home/kong/my_ws/install/nav2_rviz_plugins:/home/kong/my_ws/install/nav2_map_server:/home/kong/my_ws/install/nav2_lifecycle_manager:/home/kong/my_ws/install/nav2_amcl:/home/kong/my_ws/install/my_slam_package:/home/kong/my_ws/install/my_bot_description:/home/kong/install/ros2_aruco:/home/kong/install/my_tf2_package:/home/kong/install/my_docking:/home/kong/install/my_aruco_to_goal_pose_pkg:/home/kong/my_ws/install/ros2_aruco:/home/kong/my_ws/install/nav2_simple_commander:/home/kong/my_ws/install/my_tf2_package:/home/kong/my_ws/install/my_docking:/home/kong/my_ws/install/my_aruco_to_goal_pose_pkg:/opt/ros/humble LD_LIBRARY_PATH=/home/kong/my_ws/install/nav2_costmap_2d/lib:/home/kong/my_ws/install/nav2_behavior_tree/lib:/home/kong/my_ws/install/nav2_util/lib:/home/kong/my_ws/install/nav2_voxel_grid/lib:/home/kong/my_ws/install/nav2_msgs/lib:/home/kong/install/usb_cam/lib:/home/kong/install/teleop_twist_joy/lib:/home/kong/install/ros2_aruco_interfaces/lib:/home/kong/install/realsense2_camera_msgs/lib:/home/kong/install/odrive_hardware_interface/lib:/home/kong/install/dwb_msgs/lib:/home/kong/install/nav_2d_msgs/lib:/home/kong/install/nav2_voxel_grid/lib:/home/kong/my_ws/install/usb_cam/lib:/home/kong/my_ws/install/teleop_twist_joy/lib:/home/kong/my_ws/install/slam_toolbox/lib:/home/kong/my_ws/install/ros2_aruco_interfaces/lib:/home/kong/my_ws/install/realsense2_camera/lib:/home/kong/my_ws/install/realsense2_camera_msgs/lib:/home/kong/my_ws/install/odrive_hardware_interface/lib:/home/kong/my_ws/install/nav2_smoother/lib:/home/kong/my_ws/install/nav2_graceful_controller/lib:/home/kong/my_ws/install/nav2_controller/lib:/home/kong/my_ws/install/dwb_plugins/lib:/home/kong/my_ws/install/dwb_critics/lib:/home/kong/my_ws/install/dwb_core/lib:/home/kong/my_ws/install/nav_2d_utils/lib:/home/kong/my_ws/install/dwb_msgs/lib:/home/kong/my_ws/install/nav_2d_msgs/lib:/home/kong/my_ws/install/nav2_waypoint_follower/lib:/home/kong/my_ws/install/nav2_theta_star_planner/lib:/home/kong/my_ws/install/nav2_smac_planner/lib:/home/kong/my_ws/install/nav2_rotation_shim_controller/lib:/home/kong/my_ws/install/nav2_regulated_pure_pursuit_controller/lib:/home/kong/my_ws/install/nav2_planner/lib:/home/kong/my_ws/install/nav2_navfn_planner/lib:/home/kong/my_ws/install/nav2_mppi_controller/lib:/home/kong/my_ws/install/nav2_constrained_smoother/lib:/home/kong/my_ws/install/nav2_bt_navigator/lib:/home/kong/my_ws/install/nav2_behaviors/lib:/home/kong/my_ws/install/nav2_collision_monitor/lib:/home/kong/my_ws/install/costmap_queue/lib:/home/kong/my_ws/install/nav2_velocity_smoother/lib:/home/kong/my_ws/install/nav2_rviz_plugins/lib:/home/kong/my_ws/install/nav2_map_server/lib:/home/kong/my_ws/install/nav2_lifecycle_manager/lib:/home/kong/my_ws/install/nav2_amcl/lib:/usr/lib/x86_64-linux-gnu/gazebo-11/plugins:/opt/ros/humble/opt/rviz_ogre_vendor/lib:/opt/ros/humble/lib/x86_64-linux-gnu:/opt/ros/humble/lib /usr/bin/cmake --build /home/kong/my_ws/build/nav2_behaviors -- -j8 -l8
[95.886s] [  5%] [32mBuilding CXX object CMakeFiles/nav2_spin_behavior.dir/plugins/spin.cpp.o[0m
[96.991s] [ 10%] [32m[1mLinking CXX shared library libnav2_spin_behavior.so[0m
[97.619s] [ 10%] Built target nav2_spin_behavior
[97.664s] [ 15%] [32mBuilding CXX object gtest/CMakeFiles/gtest.dir/src/gtest-all.cc.o[0m
[108.300s] [ 20%] [32m[1mLinking CXX static library libgtest.a[0m
[108.378s] [ 20%] Built target gtest
[108.426s] [ 25%] [32mBuilding CXX object gtest/CMakeFiles/gtest_main.dir/src/gtest_main.cc.o[0m
[109.959s] [ 30%] [32m[1mLinking CXX static library libgtest_main.a[0m
[110.054s] [ 30%] Built target gtest_main
[110.122s] [ 35%] [32mBuilding CXX object CMakeFiles/behavior_server_core.dir/src/behavior_server.cpp.o[0m
[128.566s] [ 40%] [32m[1mLinking CXX shared library libbehavior_server_core.so[0m
[129.371s] [ 40%] Built target behavior_server_core
[129.448s] [ 45%] [32mBuilding CXX object test/CMakeFiles/test_behaviors.dir/test_behaviors.cpp.o[0m
[147.614s] [ 50%] [32m[1mLinking CXX executable test_behaviors[0m
[148.466s] [ 50%] Built target test_behaviors
[148.527s] [ 55%] [32mBuilding CXX object CMakeFiles/behavior_server.dir/src/main.cpp.o[0m
[154.904s] [ 60%] [32m[1mLinking CXX executable behavior_server[0m
[155.422s] [ 60%] Built target behavior_server
[155.481s] [ 65%] [32mBuilding CXX object CMakeFiles/nav2_assisted_teleop_behavior.dir/plugins/assisted_teleop.cpp.o[0m
[180.422s] [ 70%] [32m[1mLinking CXX shared library libnav2_assisted_teleop_behavior.so[0m
[181.314s] [ 70%] Built target nav2_assisted_teleop_behavior
[181.376s] [ 75%] [32mBuilding CXX object CMakeFiles/nav2_back_up_behavior.dir/plugins/back_up.cpp.o[0m
[197.951s] [ 80%] [32m[1mLinking CXX shared library libnav2_back_up_behavior.so[0m
[198.741s] [ 80%] Built target nav2_back_up_behavior
[198.808s] [ 85%] [32mBuilding CXX object CMakeFiles/nav2_drive_on_heading_behavior.dir/plugins/drive_on_heading.cpp.o[0m
[213.192s] [ 90%] [32m[1mLinking CXX shared library libnav2_drive_on_heading_behavior.so[0m
[214.017s] [ 90%] Built target nav2_drive_on_heading_behavior
[214.211s] [ 95%] [32mBuilding CXX object CMakeFiles/nav2_wait_behavior.dir/plugins/wait.cpp.o[0m
[228.044s] [100%] [32m[1mLinking CXX shared library libnav2_wait_behavior.so[0m
[228.691s] [100%] Built target nav2_wait_behavior
[228.716s] Invoked command in '/home/kong/my_ws/build/nav2_behaviors' returned '0': CMAKE_PREFIX_PATH=/home/kong/my_ws/install/nav2_core:/home/kong/my_ws/install/nav2_costmap_2d:/home/kong/my_ws/install/nav2_behavior_tree:/home/kong/my_ws/install/nav2_util:/home/kong/my_ws/install/nav2_voxel_grid:/home/kong/my_ws/install/nav2_msgs:/home/kong/my_ws/install/nav2_common:/home/kong/install/ydlidar_ros2_driver:/home/kong/install/usb_cam:/home/kong/install/teleop_twist_joy:/home/kong/install/ros2_aruco_interfaces:/home/kong/install/realsense2_description:/home/kong/install/realsense2_camera_msgs:/home/kong/install/odrive_ros2_control:/home/kong/install/odrive_hardware_interface:/home/kong/install/odrive_demo_bringup:/home/kong/install/odrive_demo_description:/home/kong/install/dwb_msgs:/home/kong/install/nav_2d_msgs:/home/kong/install/nav2_voxel_grid:/home/kong/install/nav2_common:/home/kong/install/my_slam_package:/home/kong/install/my_bot_description:/home/kong/my_ws/install/ydlidar_ros2_driver:/home/kong/my_ws/install/usb_cam:/home/kong/my_ws/install/teleop_twist_joy:/home/kong/my_ws/install/nav2_system_tests:/home/kong/my_ws/install/nav2_bringup:/home/kong/my_ws/install/slam_toolbox:/home/kong/my_ws/install/ros2_aruco_interfaces:/home/kong/my_ws/install/realsense2_description:/home/kong/my_ws/install/realsense2_camera:/home/kong/my_ws/install/realsense2_camera_msgs:/home/kong/my_ws/install/odrive_ros2_control:/home/kong/my_ws/install/odrive_hardware_interface:/home/kong/my_ws/install/odrive_demo_bringup:/home/kong/my_ws/install/odrive_demo_description:/home/kong/my_ws/install/navigation2:/home/kong/my_ws/install/nav2_smoother:/home/kong/my_ws/install/nav2_graceful_controller:/home/kong/my_ws/install/nav2_dwb_controller:/home/kong/my_ws/install/nav2_controller:/home/kong/my_ws/install/dwb_plugins:/home/kong/my_ws/install/dwb_critics:/home/kong/my_ws/install/dwb_core:/home/kong/my_ws/install/nav_2d_utils:/home/kong/my_ws/install/dwb_msgs:/home/kong/my_ws/install/nav_2d_msgs:/home/kong/my_ws/install/nav2_waypoint_follower:/home/kong/my_ws/install/nav2_theta_star_planner:/home/kong/my_ws/install/nav2_smac_planner:/home/kong/my_ws/install/nav2_rotation_shim_controller:/home/kong/my_ws/install/nav2_regulated_pure_pursuit_controller:/home/kong/my_ws/install/nav2_planner:/home/kong/my_ws/install/nav2_navfn_planner:/home/kong/my_ws/install/nav2_mppi_controller:/home/kong/my_ws/install/nav2_constrained_smoother:/home/kong/my_ws/install/nav2_bt_navigator:/home/kong/my_ws/install/nav2_behaviors:/home/kong/my_ws/install/nav2_collision_monitor:/home/kong/my_ws/install/costmap_queue:/home/kong/my_ws/install/nav2_velocity_smoother:/home/kong/my_ws/install/nav2_rviz_plugins:/home/kong/my_ws/install/nav2_map_server:/home/kong/my_ws/install/nav2_lifecycle_manager:/home/kong/my_ws/install/nav2_amcl:/home/kong/my_ws/install/my_slam_package:/home/kong/my_ws/install/my_bot_description:/home/kong/install/ros2_aruco:/home/kong/install/my_tf2_package:/home/kong/install/my_docking:/home/kong/install/my_aruco_to_goal_pose_pkg:/home/kong/my_ws/install/ros2_aruco:/home/kong/my_ws/install/nav2_simple_commander:/home/kong/my_ws/install/my_tf2_package:/home/kong/my_ws/install/my_docking:/home/kong/my_ws/install/my_aruco_to_goal_pose_pkg:/opt/ros/humble LD_LIBRARY_PATH=/home/kong/my_ws/install/nav2_costmap_2d/lib:/home/kong/my_ws/install/nav2_behavior_tree/lib:/home/kong/my_ws/install/nav2_util/lib:/home/kong/my_ws/install/nav2_voxel_grid/lib:/home/kong/my_ws/install/nav2_msgs/lib:/home/kong/install/usb_cam/lib:/home/kong/install/teleop_twist_joy/lib:/home/kong/install/ros2_aruco_interfaces/lib:/home/kong/install/realsense2_camera_msgs/lib:/home/kong/install/odrive_hardware_interface/lib:/home/kong/install/dwb_msgs/lib:/home/kong/install/nav_2d_msgs/lib:/home/kong/install/nav2_voxel_grid/lib:/home/kong/my_ws/install/usb_cam/lib:/home/kong/my_ws/install/teleop_twist_joy/lib:/home/kong/my_ws/install/slam_toolbox/lib:/home/kong/my_ws/install/ros2_aruco_interfaces/lib:/home/kong/my_ws/install/realsense2_camera/lib:/home/kong/my_ws/install/realsense2_camera_msgs/lib:/home/kong/my_ws/install/odrive_hardware_interface/lib:/home/kong/my_ws/install/nav2_smoother/lib:/home/kong/my_ws/install/nav2_graceful_controller/lib:/home/kong/my_ws/install/nav2_controller/lib:/home/kong/my_ws/install/dwb_plugins/lib:/home/kong/my_ws/install/dwb_critics/lib:/home/kong/my_ws/install/dwb_core/lib:/home/kong/my_ws/install/nav_2d_utils/lib:/home/kong/my_ws/install/dwb_msgs/lib:/home/kong/my_ws/install/nav_2d_msgs/lib:/home/kong/my_ws/install/nav2_waypoint_follower/lib:/home/kong/my_ws/install/nav2_theta_star_planner/lib:/home/kong/my_ws/install/nav2_smac_planner/lib:/home/kong/my_ws/install/nav2_rotation_shim_controller/lib:/home/kong/my_ws/install/nav2_regulated_pure_pursuit_controller/lib:/home/kong/my_ws/install/nav2_planner/lib:/home/kong/my_ws/install/nav2_navfn_planner/lib:/home/kong/my_ws/install/nav2_mppi_controller/lib:/home/kong/my_ws/install/nav2_constrained_smoother/lib:/home/kong/my_ws/install/nav2_bt_navigator/lib:/home/kong/my_ws/install/nav2_behaviors/lib:/home/kong/my_ws/install/nav2_collision_monitor/lib:/home/kong/my_ws/install/costmap_queue/lib:/home/kong/my_ws/install/nav2_velocity_smoother/lib:/home/kong/my_ws/install/nav2_rviz_plugins/lib:/home/kong/my_ws/install/nav2_map_server/lib:/home/kong/my_ws/install/nav2_lifecycle_manager/lib:/home/kong/my_ws/install/nav2_amcl/lib:/usr/lib/x86_64-linux-gnu/gazebo-11/plugins:/opt/ros/humble/opt/rviz_ogre_vendor/lib:/opt/ros/humble/lib/x86_64-linux-gnu:/opt/ros/humble/lib /usr/bin/cmake --build /home/kong/my_ws/build/nav2_behaviors -- -j8 -l8
[228.985s] Invoking command in '/home/kong/my_ws/build/nav2_behaviors': CMAKE_PREFIX_PATH=/home/kong/my_ws/install/nav2_core:/home/kong/my_ws/install/nav2_costmap_2d:/home/kong/my_ws/install/nav2_behavior_tree:/home/kong/my_ws/install/nav2_util:/home/kong/my_ws/install/nav2_voxel_grid:/home/kong/my_ws/install/nav2_msgs:/home/kong/my_ws/install/nav2_common:/home/kong/install/ydlidar_ros2_driver:/home/kong/install/usb_cam:/home/kong/install/teleop_twist_joy:/home/kong/install/ros2_aruco_interfaces:/home/kong/install/realsense2_description:/home/kong/install/realsense2_camera_msgs:/home/kong/install/odrive_ros2_control:/home/kong/install/odrive_hardware_interface:/home/kong/install/odrive_demo_bringup:/home/kong/install/odrive_demo_description:/home/kong/install/dwb_msgs:/home/kong/install/nav_2d_msgs:/home/kong/install/nav2_voxel_grid:/home/kong/install/nav2_common:/home/kong/install/my_slam_package:/home/kong/install/my_bot_description:/home/kong/my_ws/install/ydlidar_ros2_driver:/home/kong/my_ws/install/usb_cam:/home/kong/my_ws/install/teleop_twist_joy:/home/kong/my_ws/install/nav2_system_tests:/home/kong/my_ws/install/nav2_bringup:/home/kong/my_ws/install/slam_toolbox:/home/kong/my_ws/install/ros2_aruco_interfaces:/home/kong/my_ws/install/realsense2_description:/home/kong/my_ws/install/realsense2_camera:/home/kong/my_ws/install/realsense2_camera_msgs:/home/kong/my_ws/install/odrive_ros2_control:/home/kong/my_ws/install/odrive_hardware_interface:/home/kong/my_ws/install/odrive_demo_bringup:/home/kong/my_ws/install/odrive_demo_description:/home/kong/my_ws/install/navigation2:/home/kong/my_ws/install/nav2_smoother:/home/kong/my_ws/install/nav2_graceful_controller:/home/kong/my_ws/install/nav2_dwb_controller:/home/kong/my_ws/install/nav2_controller:/home/kong/my_ws/install/dwb_plugins:/home/kong/my_ws/install/dwb_critics:/home/kong/my_ws/install/dwb_core:/home/kong/my_ws/install/nav_2d_utils:/home/kong/my_ws/install/dwb_msgs:/home/kong/my_ws/install/nav_2d_msgs:/home/kong/my_ws/install/nav2_waypoint_follower:/home/kong/my_ws/install/nav2_theta_star_planner:/home/kong/my_ws/install/nav2_smac_planner:/home/kong/my_ws/install/nav2_rotation_shim_controller:/home/kong/my_ws/install/nav2_regulated_pure_pursuit_controller:/home/kong/my_ws/install/nav2_planner:/home/kong/my_ws/install/nav2_navfn_planner:/home/kong/my_ws/install/nav2_mppi_controller:/home/kong/my_ws/install/nav2_constrained_smoother:/home/kong/my_ws/install/nav2_bt_navigator:/home/kong/my_ws/install/nav2_behaviors:/home/kong/my_ws/install/nav2_collision_monitor:/home/kong/my_ws/install/costmap_queue:/home/kong/my_ws/install/nav2_velocity_smoother:/home/kong/my_ws/install/nav2_rviz_plugins:/home/kong/my_ws/install/nav2_map_server:/home/kong/my_ws/install/nav2_lifecycle_manager:/home/kong/my_ws/install/nav2_amcl:/home/kong/my_ws/install/my_slam_package:/home/kong/my_ws/install/my_bot_description:/home/kong/install/ros2_aruco:/home/kong/install/my_tf2_package:/home/kong/install/my_docking:/home/kong/install/my_aruco_to_goal_pose_pkg:/home/kong/my_ws/install/ros2_aruco:/home/kong/my_ws/install/nav2_simple_commander:/home/kong/my_ws/install/my_tf2_package:/home/kong/my_ws/install/my_docking:/home/kong/my_ws/install/my_aruco_to_goal_pose_pkg:/opt/ros/humble LD_LIBRARY_PATH=/home/kong/my_ws/install/nav2_costmap_2d/lib:/home/kong/my_ws/install/nav2_behavior_tree/lib:/home/kong/my_ws/install/nav2_util/lib:/home/kong/my_ws/install/nav2_voxel_grid/lib:/home/kong/my_ws/install/nav2_msgs/lib:/home/kong/install/usb_cam/lib:/home/kong/install/teleop_twist_joy/lib:/home/kong/install/ros2_aruco_interfaces/lib:/home/kong/install/realsense2_camera_msgs/lib:/home/kong/install/odrive_hardware_interface/lib:/home/kong/install/dwb_msgs/lib:/home/kong/install/nav_2d_msgs/lib:/home/kong/install/nav2_voxel_grid/lib:/home/kong/my_ws/install/usb_cam/lib:/home/kong/my_ws/install/teleop_twist_joy/lib:/home/kong/my_ws/install/slam_toolbox/lib:/home/kong/my_ws/install/ros2_aruco_interfaces/lib:/home/kong/my_ws/install/realsense2_camera/lib:/home/kong/my_ws/install/realsense2_camera_msgs/lib:/home/kong/my_ws/install/odrive_hardware_interface/lib:/home/kong/my_ws/install/nav2_smoother/lib:/home/kong/my_ws/install/nav2_graceful_controller/lib:/home/kong/my_ws/install/nav2_controller/lib:/home/kong/my_ws/install/dwb_plugins/lib:/home/kong/my_ws/install/dwb_critics/lib:/home/kong/my_ws/install/dwb_core/lib:/home/kong/my_ws/install/nav_2d_utils/lib:/home/kong/my_ws/install/dwb_msgs/lib:/home/kong/my_ws/install/nav_2d_msgs/lib:/home/kong/my_ws/install/nav2_waypoint_follower/lib:/home/kong/my_ws/install/nav2_theta_star_planner/lib:/home/kong/my_ws/install/nav2_smac_planner/lib:/home/kong/my_ws/install/nav2_rotation_shim_controller/lib:/home/kong/my_ws/install/nav2_regulated_pure_pursuit_controller/lib:/home/kong/my_ws/install/nav2_planner/lib:/home/kong/my_ws/install/nav2_navfn_planner/lib:/home/kong/my_ws/install/nav2_mppi_controller/lib:/home/kong/my_ws/install/nav2_constrained_smoother/lib:/home/kong/my_ws/install/nav2_bt_navigator/lib:/home/kong/my_ws/install/nav2_behaviors/lib:/home/kong/my_ws/install/nav2_collision_monitor/lib:/home/kong/my_ws/install/costmap_queue/lib:/home/kong/my_ws/install/nav2_velocity_smoother/lib:/home/kong/my_ws/install/nav2_rviz_plugins/lib:/home/kong/my_ws/install/nav2_map_server/lib:/home/kong/my_ws/install/nav2_lifecycle_manager/lib:/home/kong/my_ws/install/nav2_amcl/lib:/usr/lib/x86_64-linux-gnu/gazebo-11/plugins:/opt/ros/humble/opt/rviz_ogre_vendor/lib:/opt/ros/humble/lib/x86_64-linux-gnu:/opt/ros/humble/lib /usr/bin/cmake --install /home/kong/my_ws/build/nav2_behaviors
[241.990s] -- Install configuration: "Release"
[241.990s] -- Installing: /home/kong/my_ws/install/nav2_behaviors/share/nav2_behaviors/behavior_plugin.xml
[241.991s] -- Installing: /home/kong/my_ws/install/nav2_behaviors/lib/libbehavior_server_core.so
[241.991s] -- Set runtime path of "/home/kong/my_ws/install/nav2_behaviors/lib/libbehavior_server_core.so" to ""
[241.991s] -- Installing: /home/kong/my_ws/install/nav2_behaviors/lib/libnav2_spin_behavior.so
[241.991s] -- Set runtime path of "/home/kong/my_ws/install/nav2_behaviors/lib/libnav2_spin_behavior.so" to ""
[241.991s] -- Installing: /home/kong/my_ws/install/nav2_behaviors/lib/libnav2_wait_behavior.so
[241.991s] -- Set runtime path of "/home/kong/my_ws/install/nav2_behaviors/lib/libnav2_wait_behavior.so" to ""
[241.991s] -- Installing: /home/kong/my_ws/install/nav2_behaviors/lib/libnav2_assisted_teleop_behavior.so
[241.991s] -- Set runtime path of "/home/kong/my_ws/install/nav2_behaviors/lib/libnav2_assisted_teleop_behavior.so" to ""
[241.991s] -- Installing: /home/kong/my_ws/install/nav2_behaviors/lib/libnav2_drive_on_heading_behavior.so
[241.991s] -- Set runtime path of "/home/kong/my_ws/install/nav2_behaviors/lib/libnav2_drive_on_heading_behavior.so" to ""
[241.991s] -- Installing: /home/kong/my_ws/install/nav2_behaviors/lib/libnav2_back_up_behavior.so
[241.991s] -- Set runtime path of "/home/kong/my_ws/install/nav2_behaviors/lib/libnav2_back_up_behavior.so" to ""
[241.991s] -- Installing: /home/kong/my_ws/install/nav2_behaviors/lib/nav2_behaviors/behavior_server
[241.991s] -- Set runtime path of "/home/kong/my_ws/install/nav2_behaviors/lib/nav2_behaviors/behavior_server" to ""
[241.992s] -- Installing: /home/kong/my_ws/install/nav2_behaviors/include/
[241.992s] -- Installing: /home/kong/my_ws/install/nav2_behaviors/include//nav2_behaviors
[241.992s] -- Installing: /home/kong/my_ws/install/nav2_behaviors/include//nav2_behaviors/timed_behavior.hpp
[241.992s] -- Installing: /home/kong/my_ws/install/nav2_behaviors/include//nav2_behaviors/plugins
[241.992s] -- Installing: /home/kong/my_ws/install/nav2_behaviors/include//nav2_behaviors/plugins/spin.hpp
[241.992s] -- Installing: /home/kong/my_ws/install/nav2_behaviors/include//nav2_behaviors/plugins/assisted_teleop.hpp
[241.992s] -- Installing: /home/kong/my_ws/install/nav2_behaviors/include//nav2_behaviors/plugins/back_up.hpp
[241.992s] -- Installing: /home/kong/my_ws/install/nav2_behaviors/include//nav2_behaviors/plugins/drive_on_heading.hpp
[241.992s] -- Installing: /home/kong/my_ws/install/nav2_behaviors/include//nav2_behaviors/plugins/wait.hpp
[241.992s] -- Installing: /home/kong/my_ws/install/nav2_behaviors/include//nav2_behaviors/behavior_server.hpp
[241.992s] -- Up-to-date: /home/kong/my_ws/install/nav2_behaviors/share/nav2_behaviors/behavior_plugin.xml
[241.992s] -- Installing: /home/kong/my_ws/install/nav2_behaviors/share/nav2_behaviors/plugins/
[241.992s] -- Installing: /home/kong/my_ws/install/nav2_behaviors/share/nav2_behaviors/plugins//spin.cpp
[241.993s] -- Installing: /home/kong/my_ws/install/nav2_behaviors/share/nav2_behaviors/plugins//back_up.cpp
[241.993s] -- Installing: /home/kong/my_ws/install/nav2_behaviors/share/nav2_behaviors/plugins//wait.cpp
[241.993s] -- Installing: /home/kong/my_ws/install/nav2_behaviors/share/nav2_behaviors/plugins//assisted_teleop.cpp
[241.993s] -- Installing: /home/kong/my_ws/install/nav2_behaviors/share/nav2_behaviors/plugins//drive_on_heading.cpp
[241.993s] -- Installing: /home/kong/my_ws/install/nav2_behaviors/share/nav2_behaviors/environment/library_path.sh
[241.993s] -- Installing: /home/kong/my_ws/install/nav2_behaviors/share/nav2_behaviors/environment/library_path.dsv
[241.993s] -- Installing: /home/kong/my_ws/install/nav2_behaviors/share/ament_index/resource_index/package_run_dependencies/nav2_behaviors
[241.993s] -- Installing: /home/kong/my_ws/install/nav2_behaviors/share/ament_index/resource_index/parent_prefix_path/nav2_behaviors
[241.993s] -- Installing: /home/kong/my_ws/install/nav2_behaviors/share/nav2_behaviors/environment/ament_prefix_path.sh
[241.993s] -- Installing: /home/kong/my_ws/install/nav2_behaviors/share/nav2_behaviors/environment/ament_prefix_path.dsv
[241.993s] -- Installing: /home/kong/my_ws/install/nav2_behaviors/share/nav2_behaviors/environment/path.sh
[241.993s] -- Installing: /home/kong/my_ws/install/nav2_behaviors/share/nav2_behaviors/environment/path.dsv
[241.993s] -- Installing: /home/kong/my_ws/install/nav2_behaviors/share/nav2_behaviors/local_setup.bash
[241.994s] -- Installing: /home/kong/my_ws/install/nav2_behaviors/share/nav2_behaviors/local_setup.sh
[241.994s] -- Installing: /home/kong/my_ws/install/nav2_behaviors/share/nav2_behaviors/local_setup.zsh
[241.994s] -- Installing: /home/kong/my_ws/install/nav2_behaviors/share/nav2_behaviors/local_setup.dsv
[241.994s] -- Installing: /home/kong/my_ws/install/nav2_behaviors/share/nav2_behaviors/package.dsv
[241.994s] -- Installing: /home/kong/my_ws/install/nav2_behaviors/share/ament_index/resource_index/packages/nav2_behaviors
[241.994s] -- Installing: /home/kong/my_ws/install/nav2_behaviors/share/ament_index/resource_index/nav2_core__pluginlib__plugin/nav2_behaviors
[241.994s] -- Installing: /home/kong/my_ws/install/nav2_behaviors/share/ament_index/resource_index/rclcpp_components/nav2_behaviors
[241.994s] -- Installing: /home/kong/my_ws/install/nav2_behaviors/share/nav2_behaviors/cmake/ament_cmake_export_include_directories-extras.cmake
[241.994s] -- Installing: /home/kong/my_ws/install/nav2_behaviors/share/nav2_behaviors/cmake/ament_cmake_export_libraries-extras.cmake
[241.994s] -- Installing: /home/kong/my_ws/install/nav2_behaviors/share/nav2_behaviors/cmake/ament_cmake_export_dependencies-extras.cmake
[241.994s] -- Installing: /home/kong/my_ws/install/nav2_behaviors/share/nav2_behaviors/cmake/nav2_behaviorsConfig.cmake
[241.994s] -- Installing: /home/kong/my_ws/install/nav2_behaviors/share/nav2_behaviors/cmake/nav2_behaviorsConfig-version.cmake
[241.994s] -- Installing: /home/kong/my_ws/install/nav2_behaviors/share/nav2_behaviors/package.xml
[242.012s] Invoked command in '/home/kong/my_ws/build/nav2_behaviors' returned '0': CMAKE_PREFIX_PATH=/home/kong/my_ws/install/nav2_core:/home/kong/my_ws/install/nav2_costmap_2d:/home/kong/my_ws/install/nav2_behavior_tree:/home/kong/my_ws/install/nav2_util:/home/kong/my_ws/install/nav2_voxel_grid:/home/kong/my_ws/install/nav2_msgs:/home/kong/my_ws/install/nav2_common:/home/kong/install/ydlidar_ros2_driver:/home/kong/install/usb_cam:/home/kong/install/teleop_twist_joy:/home/kong/install/ros2_aruco_interfaces:/home/kong/install/realsense2_description:/home/kong/install/realsense2_camera_msgs:/home/kong/install/odrive_ros2_control:/home/kong/install/odrive_hardware_interface:/home/kong/install/odrive_demo_bringup:/home/kong/install/odrive_demo_description:/home/kong/install/dwb_msgs:/home/kong/install/nav_2d_msgs:/home/kong/install/nav2_voxel_grid:/home/kong/install/nav2_common:/home/kong/install/my_slam_package:/home/kong/install/my_bot_description:/home/kong/my_ws/install/ydlidar_ros2_driver:/home/kong/my_ws/install/usb_cam:/home/kong/my_ws/install/teleop_twist_joy:/home/kong/my_ws/install/nav2_system_tests:/home/kong/my_ws/install/nav2_bringup:/home/kong/my_ws/install/slam_toolbox:/home/kong/my_ws/install/ros2_aruco_interfaces:/home/kong/my_ws/install/realsense2_description:/home/kong/my_ws/install/realsense2_camera:/home/kong/my_ws/install/realsense2_camera_msgs:/home/kong/my_ws/install/odrive_ros2_control:/home/kong/my_ws/install/odrive_hardware_interface:/home/kong/my_ws/install/odrive_demo_bringup:/home/kong/my_ws/install/odrive_demo_description:/home/kong/my_ws/install/navigation2:/home/kong/my_ws/install/nav2_smoother:/home/kong/my_ws/install/nav2_graceful_controller:/home/kong/my_ws/install/nav2_dwb_controller:/home/kong/my_ws/install/nav2_controller:/home/kong/my_ws/install/dwb_plugins:/home/kong/my_ws/install/dwb_critics:/home/kong/my_ws/install/dwb_core:/home/kong/my_ws/install/nav_2d_utils:/home/kong/my_ws/install/dwb_msgs:/home/kong/my_ws/install/nav_2d_msgs:/home/kong/my_ws/install/nav2_waypoint_follower:/home/kong/my_ws/install/nav2_theta_star_planner:/home/kong/my_ws/install/nav2_smac_planner:/home/kong/my_ws/install/nav2_rotation_shim_controller:/home/kong/my_ws/install/nav2_regulated_pure_pursuit_controller:/home/kong/my_ws/install/nav2_planner:/home/kong/my_ws/install/nav2_navfn_planner:/home/kong/my_ws/install/nav2_mppi_controller:/home/kong/my_ws/install/nav2_constrained_smoother:/home/kong/my_ws/install/nav2_bt_navigator:/home/kong/my_ws/install/nav2_behaviors:/home/kong/my_ws/install/nav2_collision_monitor:/home/kong/my_ws/install/costmap_queue:/home/kong/my_ws/install/nav2_velocity_smoother:/home/kong/my_ws/install/nav2_rviz_plugins:/home/kong/my_ws/install/nav2_map_server:/home/kong/my_ws/install/nav2_lifecycle_manager:/home/kong/my_ws/install/nav2_amcl:/home/kong/my_ws/install/my_slam_package:/home/kong/my_ws/install/my_bot_description:/home/kong/install/ros2_aruco:/home/kong/install/my_tf2_package:/home/kong/install/my_docking:/home/kong/install/my_aruco_to_goal_pose_pkg:/home/kong/my_ws/install/ros2_aruco:/home/kong/my_ws/install/nav2_simple_commander:/home/kong/my_ws/install/my_tf2_package:/home/kong/my_ws/install/my_docking:/home/kong/my_ws/install/my_aruco_to_goal_pose_pkg:/opt/ros/humble LD_LIBRARY_PATH=/home/kong/my_ws/install/nav2_costmap_2d/lib:/home/kong/my_ws/install/nav2_behavior_tree/lib:/home/kong/my_ws/install/nav2_util/lib:/home/kong/my_ws/install/nav2_voxel_grid/lib:/home/kong/my_ws/install/nav2_msgs/lib:/home/kong/install/usb_cam/lib:/home/kong/install/teleop_twist_joy/lib:/home/kong/install/ros2_aruco_interfaces/lib:/home/kong/install/realsense2_camera_msgs/lib:/home/kong/install/odrive_hardware_interface/lib:/home/kong/install/dwb_msgs/lib:/home/kong/install/nav_2d_msgs/lib:/home/kong/install/nav2_voxel_grid/lib:/home/kong/my_ws/install/usb_cam/lib:/home/kong/my_ws/install/teleop_twist_joy/lib:/home/kong/my_ws/install/slam_toolbox/lib:/home/kong/my_ws/install/ros2_aruco_interfaces/lib:/home/kong/my_ws/install/realsense2_camera/lib:/home/kong/my_ws/install/realsense2_camera_msgs/lib:/home/kong/my_ws/install/odrive_hardware_interface/lib:/home/kong/my_ws/install/nav2_smoother/lib:/home/kong/my_ws/install/nav2_graceful_controller/lib:/home/kong/my_ws/install/nav2_controller/lib:/home/kong/my_ws/install/dwb_plugins/lib:/home/kong/my_ws/install/dwb_critics/lib:/home/kong/my_ws/install/dwb_core/lib:/home/kong/my_ws/install/nav_2d_utils/lib:/home/kong/my_ws/install/dwb_msgs/lib:/home/kong/my_ws/install/nav_2d_msgs/lib:/home/kong/my_ws/install/nav2_waypoint_follower/lib:/home/kong/my_ws/install/nav2_theta_star_planner/lib:/home/kong/my_ws/install/nav2_smac_planner/lib:/home/kong/my_ws/install/nav2_rotation_shim_controller/lib:/home/kong/my_ws/install/nav2_regulated_pure_pursuit_controller/lib:/home/kong/my_ws/install/nav2_planner/lib:/home/kong/my_ws/install/nav2_navfn_planner/lib:/home/kong/my_ws/install/nav2_mppi_controller/lib:/home/kong/my_ws/install/nav2_constrained_smoother/lib:/home/kong/my_ws/install/nav2_bt_navigator/lib:/home/kong/my_ws/install/nav2_behaviors/lib:/home/kong/my_ws/install/nav2_collision_monitor/lib:/home/kong/my_ws/install/costmap_queue/lib:/home/kong/my_ws/install/nav2_velocity_smoother/lib:/home/kong/my_ws/install/nav2_rviz_plugins/lib:/home/kong/my_ws/install/nav2_map_server/lib:/home/kong/my_ws/install/nav2_lifecycle_manager/lib:/home/kong/my_ws/install/nav2_amcl/lib:/usr/lib/x86_64-linux-gnu/gazebo-11/plugins:/opt/ros/humble/opt/rviz_ogre_vendor/lib:/opt/ros/humble/lib/x86_64-linux-gnu:/opt/ros/humble/lib /usr/bin/cmake --install /home/kong/my_ws/build/nav2_behaviors
